[info] welcome to sbt 1.8.0 (Oracle Corporation Java 9.0.4)
[info] loading global plugins from /Users/y3536zha/.sbt/1.0/plugins
[info] loading settings for project scala_flexible_type_with_test_script-build-build from build.sbt ...
[info] loading project definition from /Users/y3536zha/Desktop/scala_explicit/scala_flexible_type_with_test_script/project/project
[info] loading settings for project scala_flexible_type_with_test_script-build from build.sbt,plugins.sbt ...
[info] loading project definition from /Users/y3536zha/Desktop/scala_explicit/scala_flexible_type_with_test_script/project
[info] loading settings for project scala3 from build.sbt ...
[info] resolving key references (31394 settings) ...
[info] set current project to scala3 (in build file:/Users/y3536zha/Desktop/scala_explicit/scala_flexible_type_with_test_script/)
SLF4J: No SLF4J providers were found.
SLF4J: Defaulting to no-operation (NOP) logger implementation
SLF4J: See https://www.slf4j.org/codes.html#noProviders for further details.
SLF4J: Class path contains SLF4J bindings targeting slf4j-api versions 1.7.x or earlier.
SLF4J: Ignoring binding found at [jar:file:/Users/y3536zha/.sbt/boot/scala-2.12.17/org.scala-sbt/sbt/1.8.0/log4j-slf4j-impl-2.17.1.jar!/org/slf4j/impl/StaticLoggerBinder.class]
SLF4J: See https://www.slf4j.org/codes.html#ignoredBindings for an explanation.
[info] Wrote /Users/y3536zha/Desktop/scala_explicit/scala_flexible_type_with_test_script/interfaces/target/scala3-interfaces-3.3.1-RC1-bin-SNAPSHOT.pom
[info] Wrote /Users/y3536zha/Desktop/scala_explicit/scala_flexible_type_with_test_script/library/../out/bootstrap/scala3-library-bootstrapped/scala-3.3.1-RC1-bin-SNAPSHOT-nonbootstrapped/scala3-library_3-3.3.1-RC1-bin-SNAPSHOT.pom
[info] Wrote /Users/y3536zha/Desktop/scala_explicit/scala_flexible_type_with_test_script/library-js/../out/bootstrap/scala3-library-bootstrappedJS/scala-3.3.1-RC1-bin-SNAPSHOT-nonbootstrapped/scala3-library_sjs1_3-3.3.1-RC1-bin-SNAPSHOT.pom
[info] Wrote /Users/y3536zha/Desktop/scala_explicit/scala_flexible_type_with_test_script/tasty-inspector/../out/bootstrap/scala3-tasty-inspector/scala-3.3.1-RC1-bin-SNAPSHOT-nonbootstrapped/scala3-tasty-inspector_3-3.3.1-RC1-bin-SNAPSHOT.pom
[info] Wrote /Users/y3536zha/Desktop/scala_explicit/scala_flexible_type_with_test_script/tasty/../out/bootstrap/tasty-core-bootstrapped/scala-3.3.1-RC1-bin-SNAPSHOT-nonbootstrapped/tasty-core_3-3.3.1-RC1-bin-SNAPSHOT.pom
[info] Wrote /Users/y3536zha/Desktop/scala_explicit/scala_flexible_type_with_test_script/compiler/../out/bootstrap/scala3-compiler-bootstrapped/scala-3.3.1-RC1-bin-SNAPSHOT-nonbootstrapped/scala3-compiler_3-3.3.1-RC1-bin-SNAPSHOT.pom
[info] Wrote /Users/y3536zha/Desktop/scala_explicit/scala_flexible_type_with_test_script/sbt-community-build/target/scala-2.12/sbt-1.0/sbt-community-build-0.1.0-SNAPSHOT.pom
[info] Wrote /Users/y3536zha/Desktop/scala_explicit/scala_flexible_type_with_test_script/scaladoc/../out/bootstrap/scaladoc/scala-3.3.1-RC1-bin-SNAPSHOT-nonbootstrapped/scaladoc_3-3.3.1-RC1-bin-SNAPSHOT.pom
[info] Wrote /Users/y3536zha/Desktop/scala_explicit/scala_flexible_type_with_test_script/sbt-bridge/src/target/scala3-sbt-bridge-3.3.1-RC1-bin-SNAPSHOT.pom
[info] :: delivering :: ch.epfl.lamp#sbt-community-build;0.1.0-SNAPSHOT :: 0.1.0-SNAPSHOT :: integration :: Wed Jun 14 01:39:21 EDT 2023
[info] 	delivering ivy file to /Users/y3536zha/Desktop/scala_explicit/scala_flexible_type_with_test_script/sbt-community-build/target/scala-2.12/sbt-1.0/ivy-0.1.0-SNAPSHOT.xml
[info] 	published sbt-community-build to /Users/y3536zha/.ivy2/local/ch.epfl.lamp/sbt-community-build/scala_2.12/sbt_1.0/0.1.0-SNAPSHOT/poms/sbt-community-build.pom
[info] 	published sbt-community-build to /Users/y3536zha/.ivy2/local/ch.epfl.lamp/sbt-community-build/scala_2.12/sbt_1.0/0.1.0-SNAPSHOT/jars/sbt-community-build.jar
[info] 	published sbt-community-build to /Users/y3536zha/.ivy2/local/ch.epfl.lamp/sbt-community-build/scala_2.12/sbt_1.0/0.1.0-SNAPSHOT/srcs/sbt-community-build-sources.jar
[info] 	published sbt-community-build to /Users/y3536zha/.ivy2/local/ch.epfl.lamp/sbt-community-build/scala_2.12/sbt_1.0/0.1.0-SNAPSHOT/docs/sbt-community-build-javadoc.jar
[info] 	published ivy to /Users/y3536zha/.ivy2/local/ch.epfl.lamp/sbt-community-build/scala_2.12/sbt_1.0/0.1.0-SNAPSHOT/ivys/ivy.xml
[info] :: delivering :: org.scala-lang#scala3-interfaces;3.3.1-RC1-bin-SNAPSHOT :: 3.3.1-RC1-bin-SNAPSHOT :: integration :: Wed Jun 14 01:39:21 EDT 2023
[info] 	delivering ivy file to /Users/y3536zha/Desktop/scala_explicit/scala_flexible_type_with_test_script/interfaces/target/ivy-3.3.1-RC1-bin-SNAPSHOT.xml
[info] 	published scala3-interfaces to /Users/y3536zha/.ivy2/local/org.scala-lang/scala3-interfaces/3.3.1-RC1-bin-SNAPSHOT/poms/scala3-interfaces.pom
[info] 	published scala3-interfaces to /Users/y3536zha/.ivy2/local/org.scala-lang/scala3-interfaces/3.3.1-RC1-bin-SNAPSHOT/jars/scala3-interfaces.jar
[info] 	published scala3-interfaces to /Users/y3536zha/.ivy2/local/org.scala-lang/scala3-interfaces/3.3.1-RC1-bin-SNAPSHOT/srcs/scala3-interfaces-sources.jar
[info] 	published scala3-interfaces to /Users/y3536zha/.ivy2/local/org.scala-lang/scala3-interfaces/3.3.1-RC1-bin-SNAPSHOT/docs/scala3-interfaces-javadoc.jar
[info] 	published ivy to /Users/y3536zha/.ivy2/local/org.scala-lang/scala3-interfaces/3.3.1-RC1-bin-SNAPSHOT/ivys/ivy.xml
[info] :: delivering :: org.scala-lang#scala3-sbt-bridge;3.3.1-RC1-bin-SNAPSHOT :: 3.3.1-RC1-bin-SNAPSHOT :: integration :: Wed Jun 14 01:39:24 EDT 2023
[info] 	delivering ivy file to /Users/y3536zha/Desktop/scala_explicit/scala_flexible_type_with_test_script/sbt-bridge/src/target/ivy-3.3.1-RC1-bin-SNAPSHOT.xml
[info] 	published scala3-sbt-bridge to /Users/y3536zha/.ivy2/local/org.scala-lang/scala3-sbt-bridge/3.3.1-RC1-bin-SNAPSHOT/poms/scala3-sbt-bridge.pom
[info] 	published scala3-sbt-bridge to /Users/y3536zha/.ivy2/local/org.scala-lang/scala3-sbt-bridge/3.3.1-RC1-bin-SNAPSHOT/jars/scala3-sbt-bridge.jar
[info] 	published scala3-sbt-bridge to /Users/y3536zha/.ivy2/local/org.scala-lang/scala3-sbt-bridge/3.3.1-RC1-bin-SNAPSHOT/srcs/scala3-sbt-bridge-sources.jar
[info] 	published scala3-sbt-bridge to /Users/y3536zha/.ivy2/local/org.scala-lang/scala3-sbt-bridge/3.3.1-RC1-bin-SNAPSHOT/docs/scala3-sbt-bridge-javadoc.jar
[info] 	published ivy to /Users/y3536zha/.ivy2/local/org.scala-lang/scala3-sbt-bridge/3.3.1-RC1-bin-SNAPSHOT/ivys/ivy.xml
[info] :: delivering :: org.scala-lang#tasty-core_3;3.3.1-RC1-bin-SNAPSHOT :: 3.3.1-RC1-bin-SNAPSHOT :: integration :: Wed Jun 14 01:39:28 EDT 2023
[info] 	delivering ivy file to /Users/y3536zha/Desktop/scala_explicit/scala_flexible_type_with_test_script/out/bootstrap/tasty-core-bootstrapped/scala-3.3.1-RC1-bin-SNAPSHOT-nonbootstrapped/ivy-3.3.1-RC1-bin-SNAPSHOT.xml
[info] 	published tasty-core_3 to /Users/y3536zha/.ivy2/local/org.scala-lang/tasty-core_3/3.3.1-RC1-bin-SNAPSHOT/poms/tasty-core_3.pom
[info] 	published tasty-core_3 to /Users/y3536zha/.ivy2/local/org.scala-lang/tasty-core_3/3.3.1-RC1-bin-SNAPSHOT/jars/tasty-core_3.jar
[info] 	published tasty-core_3 to /Users/y3536zha/.ivy2/local/org.scala-lang/tasty-core_3/3.3.1-RC1-bin-SNAPSHOT/srcs/tasty-core_3-sources.jar
[info] 	published tasty-core_3 to /Users/y3536zha/.ivy2/local/org.scala-lang/tasty-core_3/3.3.1-RC1-bin-SNAPSHOT/docs/tasty-core_3-javadoc.jar
[info] 	published ivy to /Users/y3536zha/.ivy2/local/org.scala-lang/tasty-core_3/3.3.1-RC1-bin-SNAPSHOT/ivys/ivy.xml
[info] Main Scala API documentation to /Users/y3536zha/Desktop/scala_explicit/scala_flexible_type_with_test_script/library/../out/bootstrap/scala3-library-bootstrapped/scala-3.3.1-RC1-bin-SNAPSHOT-nonbootstrapped/api...
[info] Main Scala API documentation to /Users/y3536zha/Desktop/scala_explicit/scala_flexible_type_with_test_script/library-js/../out/bootstrap/scala3-library-bootstrappedJS/scala-3.3.1-RC1-bin-SNAPSHOT-nonbootstrapped/api...
[info] :: delivering :: org.scala-lang#scala3-tasty-inspector_3;3.3.1-RC1-bin-SNAPSHOT :: 3.3.1-RC1-bin-SNAPSHOT :: integration :: Wed Jun 14 01:39:29 EDT 2023
[info] 	delivering ivy file to /Users/y3536zha/Desktop/scala_explicit/scala_flexible_type_with_test_script/out/bootstrap/scala3-tasty-inspector/scala-3.3.1-RC1-bin-SNAPSHOT-nonbootstrapped/ivy-3.3.1-RC1-bin-SNAPSHOT.xml
[info] 	published scala3-tasty-inspector_3 to /Users/y3536zha/.ivy2/local/org.scala-lang/scala3-tasty-inspector_3/3.3.1-RC1-bin-SNAPSHOT/poms/scala3-tasty-inspector_3.pom
[info] 	published scala3-tasty-inspector_3 to /Users/y3536zha/.ivy2/local/org.scala-lang/scala3-tasty-inspector_3/3.3.1-RC1-bin-SNAPSHOT/jars/scala3-tasty-inspector_3.jar
[info] 	published scala3-tasty-inspector_3 to /Users/y3536zha/.ivy2/local/org.scala-lang/scala3-tasty-inspector_3/3.3.1-RC1-bin-SNAPSHOT/srcs/scala3-tasty-inspector_3-sources.jar
[info] 	published scala3-tasty-inspector_3 to /Users/y3536zha/.ivy2/local/org.scala-lang/scala3-tasty-inspector_3/3.3.1-RC1-bin-SNAPSHOT/docs/scala3-tasty-inspector_3-javadoc.jar
[info] 	published ivy to /Users/y3536zha/.ivy2/local/org.scala-lang/scala3-tasty-inspector_3/3.3.1-RC1-bin-SNAPSHOT/ivys/ivy.xml
[info] :: delivering :: org.scala-lang#scaladoc_3;3.3.1-RC1-bin-SNAPSHOT :: 3.3.1-RC1-bin-SNAPSHOT :: integration :: Wed Jun 14 01:39:29 EDT 2023
[info] 	delivering ivy file to /Users/y3536zha/Desktop/scala_explicit/scala_flexible_type_with_test_script/out/bootstrap/scaladoc/scala-3.3.1-RC1-bin-SNAPSHOT-nonbootstrapped/ivy-3.3.1-RC1-bin-SNAPSHOT.xml
[info] 	published scaladoc_3 to /Users/y3536zha/.ivy2/local/org.scala-lang/scaladoc_3/3.3.1-RC1-bin-SNAPSHOT/poms/scaladoc_3.pom
[info] 	published scaladoc_3 to /Users/y3536zha/.ivy2/local/org.scala-lang/scaladoc_3/3.3.1-RC1-bin-SNAPSHOT/jars/scaladoc_3.jar
[info] 	published scaladoc_3 to /Users/y3536zha/.ivy2/local/org.scala-lang/scaladoc_3/3.3.1-RC1-bin-SNAPSHOT/srcs/scaladoc_3-sources.jar
[info] 	published scaladoc_3 to /Users/y3536zha/.ivy2/local/org.scala-lang/scaladoc_3/3.3.1-RC1-bin-SNAPSHOT/docs/scaladoc_3-javadoc.jar
[info] 	published ivy to /Users/y3536zha/.ivy2/local/org.scala-lang/scaladoc_3/3.3.1-RC1-bin-SNAPSHOT/ivys/ivy.xml
[warn] bad option '-project-version 3.3.1-RC1-bin-SNAPSHOT' was ignored
[warn] Setting -skip-by-regex set to .+\.internal($|\..+) redundantly
[warn] Setting -skip-by-regex set to .+\.internal($|\..+) redundantly
[warn] Setting -skip-by-regex set to .+\.impl($|\..+) redundantly
[warn] Setting -skip-by-regex set to .+\.impl($|\..+) redundantly
[warn] Setting -skip-by-id set to scala.runtime.stdLibPatches redundantly
[warn] Flag -project-logo set repeatedly
[warn] Setting -skip-by-id set to scala.runtime.MatchCase redundantly
[warn] bad option '-project-logo docs/_assets/images/logo.svg' was ignored
[warn] Setting -social-links set to github::https://github.com/lampepfl/dotty redundantly
[warn] Setting -social-links set to github::https://github.com/lampepfl/dotty redundantly
[warn] Setting -social-links set to discord::https://discord.com/invite/scala redundantly
[warn] Setting -social-links set to discord::https://discord.com/invite/scala redundantly
[warn] Setting -social-links set to twitter::https://twitter.com/scala_lang redundantly
[warn] Setting -social-links set to twitter::https://twitter.com/scala_lang redundantly
[warn] Setting -skip-by-id set to scala.runtime.stdLibPatches redundantly
[warn] bad option '-project-footer "Copyright (c) 2002-2023, LAMP/EPFL"' was ignored
[warn] Setting -skip-by-id set to scala.runtime.MatchCase redundantly
[warn] bad option '-default-template static-site-main' was ignored
[warn] Flag -project-footer set repeatedly
[warn] Flag -author set repeatedly
[warn] Flag -author set repeatedly
[warn] Flag -groups set repeatedly
[warn] Flag -default-template set repeatedly
[warn] Setting -external-mappings set to .*scala/.*::scaladoc3::https://dotty.epfl.ch/api/ redundantly
[warn] Setting -external-mappings set to .*java/.*::javadoc::https://docs.oracle.com/javase/8/docs/api/ redundantly
[warn] bad option '-project-version 3.3.1-RC1-bin-SNAPSHOT' was ignored
[warn] Setting -skip-by-regex set to .+\.internal($|\..+) redundantly
[warn] Flag -groups set repeatedly
[warn] Setting -skip-by-regex set to .+\.impl($|\..+) redundantly
[warn] Setting -skip-by-id set to scala.runtime.stdLibPatches redundantly
[warn] Setting -skip-by-id set to scala.runtime.MatchCase redundantly
[warn] bad option '-project-logo docs/_assets/images/logo.svg' was ignored
[warn] Setting -social-links set to github::https://github.com/lampepfl/dotty redundantly
[warn] Setting -social-links set to discord::https://discord.com/invite/scala redundantly
[warn] Setting -social-links set to twitter::https://twitter.com/scala_lang redundantly
[warn] bad option '-project-footer "Copyright (c) 2002-2023, LAMP/EPFL"' was ignored
[warn] bad option '-default-template static-site-main' was ignored
[warn] Flag -author set repeatedly
[warn] Flag -groups set repeatedly
[info] Skipping unused scalacOptions: -Werror, -Yno-experimental, -Yexplicit-nulls
[info] Skipping unused scalacOptions: -Werror, -Yno-experimental, -Yexplicit-nulls
[info] :: delivering :: org.scala-lang#scala3-compiler_3;3.3.1-RC1-bin-SNAPSHOT :: 3.3.1-RC1-bin-SNAPSHOT :: integration :: Wed Jun 14 01:39:32 EDT 2023
[info] 	delivering ivy file to /Users/y3536zha/Desktop/scala_explicit/scala_flexible_type_with_test_script/out/bootstrap/scala3-compiler-bootstrapped/scala-3.3.1-RC1-bin-SNAPSHOT-nonbootstrapped/ivy-3.3.1-RC1-bin-SNAPSHOT.xml
[info] 	published scala3-compiler_3 to /Users/y3536zha/.ivy2/local/org.scala-lang/scala3-compiler_3/3.3.1-RC1-bin-SNAPSHOT/poms/scala3-compiler_3.pom
[info] 	published scala3-compiler_3 to /Users/y3536zha/.ivy2/local/org.scala-lang/scala3-compiler_3/3.3.1-RC1-bin-SNAPSHOT/jars/scala3-compiler_3.jar
[info] 	published scala3-compiler_3 to /Users/y3536zha/.ivy2/local/org.scala-lang/scala3-compiler_3/3.3.1-RC1-bin-SNAPSHOT/srcs/scala3-compiler_3-sources.jar
[info] 	published scala3-compiler_3 to /Users/y3536zha/.ivy2/local/org.scala-lang/scala3-compiler_3/3.3.1-RC1-bin-SNAPSHOT/docs/scala3-compiler_3-javadoc.jar
[info] 	published ivy to /Users/y3536zha/.ivy2/local/org.scala-lang/scala3-compiler_3/3.3.1-RC1-bin-SNAPSHOT/ivys/ivy.xml
[warn] -- Warning: library/src/scala/util/FromDigits.scala:21:6 -----------------------
[warn] -- Warning: library/src/scala/util/FromDigits.scala:21:6 -----------------------
[warn] 21 |  def fromDigits(digits: String): T
[warn] 21 |  def fromDigits(digits: String): T
[warn]    |      ^
[warn]    |      ^
[warn]    |      No DRI found for query: MalformedNumber
[warn]    |      No DRI found for query: MalformedNumber
[error] -- [E069] Naming Error: /Users/y3536zha/Desktop/scala_explicit/scala_flexible_type_with_test_script/library/src/scala/IArray.scala:13:7 
[error] 13 |object IArray:
[error]    |       ^
[error]    |object IArray cannot have the same name as object IArray in package scala -- cannot define object member with the same name as a object member in self reference _.
[error]    |(Note: this can be resolved by using another name)
[error] -- [E069] Naming Error: /Users/y3536zha/Desktop/scala_explicit/scala_flexible_type_with_test_script/library/src/scala/IArray.scala:13:7 
[error] 13 |object IArray:
[error]    |       ^
[error]    |object IArray cannot have the same name as object IArray in package scala -- cannot define object member with the same name as a object member in self reference _.
[error]    |(Note: this can be resolved by using another name)
[warn] 14 warnings found
[warn] 28 warnings found
[error] one error found
[error] one error found
[info] :: delivering :: org.scala-lang#scala3-library_3;3.3.1-RC1-bin-SNAPSHOT :: 3.3.1-RC1-bin-SNAPSHOT :: integration :: Wed Jun 14 01:39:56 EDT 2023
[info] 	delivering ivy file to /Users/y3536zha/Desktop/scala_explicit/scala_flexible_type_with_test_script/out/bootstrap/scala3-library-bootstrapped/scala-3.3.1-RC1-bin-SNAPSHOT-nonbootstrapped/ivy-3.3.1-RC1-bin-SNAPSHOT.xml
[info] :: delivering :: org.scala-lang#scala3-library_sjs1_3;3.3.1-RC1-bin-SNAPSHOT :: 3.3.1-RC1-bin-SNAPSHOT :: integration :: Wed Jun 14 01:39:56 EDT 2023
[info] 	delivering ivy file to /Users/y3536zha/Desktop/scala_explicit/scala_flexible_type_with_test_script/out/bootstrap/scala3-library-bootstrappedJS/scala-3.3.1-RC1-bin-SNAPSHOT-nonbootstrapped/ivy-3.3.1-RC1-bin-SNAPSHOT.xml
[info] 	published scala3-library_3 to /Users/y3536zha/.ivy2/local/org.scala-lang/scala3-library_3/3.3.1-RC1-bin-SNAPSHOT/poms/scala3-library_3.pom
[info] 	published scala3-library_3 to /Users/y3536zha/.ivy2/local/org.scala-lang/scala3-library_3/3.3.1-RC1-bin-SNAPSHOT/jars/scala3-library_3.jar
[info] 	published scala3-library_3 to /Users/y3536zha/.ivy2/local/org.scala-lang/scala3-library_3/3.3.1-RC1-bin-SNAPSHOT/srcs/scala3-library_3-sources.jar
[info] 	published scala3-library_3 to /Users/y3536zha/.ivy2/local/org.scala-lang/scala3-library_3/3.3.1-RC1-bin-SNAPSHOT/docs/scala3-library_3-javadoc.jar
[info] 	published ivy to /Users/y3536zha/.ivy2/local/org.scala-lang/scala3-library_3/3.3.1-RC1-bin-SNAPSHOT/ivys/ivy.xml
[info] 	published scala3-library_sjs1_3 to /Users/y3536zha/.ivy2/local/org.scala-lang/scala3-library_sjs1_3/3.3.1-RC1-bin-SNAPSHOT/poms/scala3-library_sjs1_3.pom
[info] 	published scala3-library_sjs1_3 to /Users/y3536zha/.ivy2/local/org.scala-lang/scala3-library_sjs1_3/3.3.1-RC1-bin-SNAPSHOT/jars/scala3-library_sjs1_3.jar
[info] 	published scala3-library_sjs1_3 to /Users/y3536zha/.ivy2/local/org.scala-lang/scala3-library_sjs1_3/3.3.1-RC1-bin-SNAPSHOT/srcs/scala3-library_sjs1_3-sources.jar
[info] 	published scala3-library_sjs1_3 to /Users/y3536zha/.ivy2/local/org.scala-lang/scala3-library_sjs1_3/3.3.1-RC1-bin-SNAPSHOT/docs/scala3-library_sjs1_3-javadoc.jar
[info] 	published ivy to /Users/y3536zha/.ivy2/local/org.scala-lang/scala3-library_sjs1_3/3.3.1-RC1-bin-SNAPSHOT/ivys/ivy.xml
[info] waiting for lock on /Users/y3536zha/.ivy2/.sbt.ivy.lock to be available...
[info] Test run dotty.communitybuild.CommunityBuildTestA started
[info] Test run dotty.communitybuild.CommunityBuildTestA finished: 0 failed, 0 ignored, 0 total, 0.001s
[info] Test run dotty.communitybuild.CommunityBuildTestC started
[info] Test dotty.communitybuild.CommunityBuildTestC.oslib started
[32m[STARTING os-lib][0m
[32mPublishing utest[0m
[32m./mill -i -D dottyVersion=3.3.1-RC1-bin-SNAPSHOT utest.jvm[3.3.1-RC1-bin-SNAPSHOT].publishLocal[0m
Compiling /Users/y3536zha/Desktop/scala_explicit/scala_flexible_type_with_test_script/community-build/community-projects/utest/build.sc
[1/58] utest.jvm[3.3.1-RC1-bin-SNAPSHOT].resources 
[1A[2K[9999D[2/58] utest.jvm[3.3.1-RC1-bin-SNAPSHOT].scalaVersion 
[1A[2K[9999D[4/58] mill.scalalib.ZincWorkerModule.worker 
[1A[2K[9999D[5/58] utest.jvm[3.3.1-RC1-bin-SNAPSHOT].upstreamCompileOutput 
[1A[2K[9999D[6/58] utest.jvm[3.3.1-RC1-bin-SNAPSHOT].sources.overridden.mill.scalalib.JavaModule.sources 
[1A[2K[9999D[7/58] utest.jvm[3.3.1-RC1-bin-SNAPSHOT].sources.overridden.mill.scalalib.CrossScalaModule.sources 
[1A[2K[9999D[8/58] utest.jvm[3.3.1-RC1-bin-SNAPSHOT].sources 
[1A[2K[9999D[9/58] utest.jvm[3.3.1-RC1-bin-SNAPSHOT].generatedSources 
[1A[2K[9999D[10/58] utest.jvm[3.3.1-RC1-bin-SNAPSHOT].allSources 
[1A[2K[9999D[11/58] utest.jvm[3.3.1-RC1-bin-SNAPSHOT].allSourceFiles 
[1A[2K[9999D[12/58] utest.jvm[3.3.1-RC1-bin-SNAPSHOT].transitiveLocalClasspath 
[1A[2K[9999D[13/58] utest.jvm[3.3.1-RC1-bin-SNAPSHOT].unmanagedClasspath 
[1A[2K[9999D[14/58] utest.jvm[3.3.1-RC1-bin-SNAPSHOT].platformSuffix 
[1A[2K[9999D[15/58] utest.jvm[3.3.1-RC1-bin-SNAPSHOT].compileIvyDeps 
[1A[2K[9999D[16/58] utest.jvm[3.3.1-RC1-bin-SNAPSHOT].transitiveCompileIvyDeps 
[1A[2K[9999D[17/58] utest.jvm[3.3.1-RC1-bin-SNAPSHOT].ivyDeps 
[1A[2K[9999D[18/58] utest.jvm[3.3.1-RC1-bin-SNAPSHOT].mandatoryIvyDeps.overridden.mill.scalalib.JavaModule.mandatoryIvyDeps 
[1A[2K[9999D[19/58] utest.jvm[3.3.1-RC1-bin-SNAPSHOT].scalaOrganization 
[1A[2K[9999D[20/58] utest.jvm[3.3.1-RC1-bin-SNAPSHOT].scalaLibraryIvyDeps 
[1A[2K[9999D[21/58] utest.jvm[3.3.1-RC1-bin-SNAPSHOT].mandatoryIvyDeps 
[1A[2K[9999D[22/58] utest.jvm[3.3.1-RC1-bin-SNAPSHOT].transitiveIvyDeps 
[1A[2K[9999D[23/58] utest.jvm[3.3.1-RC1-bin-SNAPSHOT].resolvedIvyDeps 
[1A[2K[9999D[24/58] utest.jvm[3.3.1-RC1-bin-SNAPSHOT].compileClasspath 
[1A[2K[9999D[25/58] utest.jvm[3.3.1-RC1-bin-SNAPSHOT].javacOptions 
[1A[2K[9999D[26/58] utest.jvm[3.3.1-RC1-bin-SNAPSHOT].mandatoryScalacOptions 
[1A[2K[9999D[27/58] utest.jvm[3.3.1-RC1-bin-SNAPSHOT].scalacPluginIvyDeps 
[1A[2K[9999D[28/58] utest.jvm[3.3.1-RC1-bin-SNAPSHOT].enablePluginScalacOptions 
[1A[2K[9999D[29/58] utest.jvm[3.3.1-RC1-bin-SNAPSHOT].scalacOptions 
[1A[2K[9999D[30/58] utest.jvm[3.3.1-RC1-bin-SNAPSHOT].allScalacOptions 
[1A[2K[9999D[31/58] utest.jvm[3.3.1-RC1-bin-SNAPSHOT].scalaCompilerClasspath 
[1A[2K[9999D[32/58] utest.jvm[3.3.1-RC1-bin-SNAPSHOT].scalacPluginClasspath 
[1A[2K[9999D[33/58] utest.jvm[3.3.1-RC1-bin-SNAPSHOT].compile 
[1A[2K[9999D[34/58] utest.jvm[3.3.1-RC1-bin-SNAPSHOT].localClasspath 
[1A[2K[9999D[35/58] utest.jvm[3.3.1-RC1-bin-SNAPSHOT].artifactName 
[1A[2K[9999D[36/58] utest.jvm[3.3.1-RC1-bin-SNAPSHOT].pomSettings 
[1A[2K[9999D[37/58] utest.jvm[3.3.1-RC1-bin-SNAPSHOT].mainClass 
[1A[2K[9999D[38/58] utest.jvm[3.3.1-RC1-bin-SNAPSHOT].finalMainClassOpt 
[1A[2K[9999D[39/58] utest.jvm[3.3.1-RC1-bin-SNAPSHOT].manifest.overridden.mill.scalalib.JavaModule.manifest 
[1A[2K[9999D[40/58] utest.jvm[3.3.1-RC1-bin-SNAPSHOT].manifest.overridden.mill.scalalib.ScalaModule.manifest 
[1A[2K[9999D[41/58] de.tobiasroeser.mill.vcs.version.VcsVersion.vcsState.overridden.de.tobiasroeser.mill.vcs.version.VcsVersion.vcsState 
fatal: no tag exactly matches 'eae17c7a4d0d63bab1406ca75791d3cb6394233d'
[1A[2K[9999D[42/58] de.tobiasroeser.mill.vcs.version.VcsVersion.vcsState 
[1A[2K[9999D[43/58] utest.jvm[3.3.1-RC1-bin-SNAPSHOT].publishVersion 
[1A[2K[9999D[44/58] utest.jvm[3.3.1-RC1-bin-SNAPSHOT].manifest 
[1A[2K[9999D[45/58] utest.jvm[3.3.1-RC1-bin-SNAPSHOT].jar 
[1A[2K[9999D[46/58] utest.jvm[3.3.1-RC1-bin-SNAPSHOT].sourceJar 
[1A[2K[9999D[47/58] utest.jvm[3.3.1-RC1-bin-SNAPSHOT].docJar 
[1A[2K[9999D[48/58] utest.jvm[3.3.1-RC1-bin-SNAPSHOT].crossFullScalaVersion 
[1A[2K[9999D[49/58] utest.jvm[3.3.1-RC1-bin-SNAPSHOT].artifactScalaVersion 
[1A[2K[9999D[50/58] utest.jvm[3.3.1-RC1-bin-SNAPSHOT].artifactSuffix 
[1A[2K[9999D[51/58] utest.jvm[3.3.1-RC1-bin-SNAPSHOT].artifactId 
[1A[2K[9999D[52/58] utest.jvm[3.3.1-RC1-bin-SNAPSHOT].artifactMetadata 
[1A[2K[9999D[53/58] utest.jvm[3.3.1-RC1-bin-SNAPSHOT].versionScheme 
[1A[2K[9999D[54/58] utest.jvm[3.3.1-RC1-bin-SNAPSHOT].publishProperties 
[1A[2K[9999D[55/58] utest.jvm[3.3.1-RC1-bin-SNAPSHOT].pom 
[1A[2K[9999D[56/58] utest.jvm[3.3.1-RC1-bin-SNAPSHOT].extraPublish 
[1A[2K[9999D[57/58] utest.jvm[3.3.1-RC1-bin-SNAPSHOT].ivy 
[1A[2K[9999D[58/58] utest.jvm[3.3.1-RC1-bin-SNAPSHOT].publishLocal 
Publishing Artifact(com.lihaoyi,utest_3,v0.6.8-204-eae17c) to ivy repo /Users/y3536zha/.ivy2/local
[32mPublishing sourcecode[0m
[32m./mill -i -D dottyVersion=3.3.1-RC1-bin-SNAPSHOT sourcecode.jvm[3.3.1-RC1-bin-SNAPSHOT].publishLocal[0m
Compiling /Users/y3536zha/Desktop/scala_explicit/scala_flexible_type_with_test_script/community-build/community-projects/sourcecode/build.sc
[1/64] sourcecode.jvm[3.3.1-RC1-bin-SNAPSHOT].resources 
[1A[2K[9999D[2/64] sourcecode.jvm[3.3.1-RC1-bin-SNAPSHOT].scalaVersion 
[1A[2K[9999D[4/64] mill.scalalib.ZincWorkerModule.worker 
[1A[2K[9999D[5/64] sourcecode.jvm[3.3.1-RC1-bin-SNAPSHOT].upstreamCompileOutput 
[1A[2K[9999D[6/64] sourcecode.jvm[3.3.1-RC1-bin-SNAPSHOT].sources.overridden.mill.scalalib.JavaModule.sources 
[1A[2K[9999D[7/64] sourcecode.jvm[3.3.1-RC1-bin-SNAPSHOT].sources.overridden.mill.scalalib.CrossScalaModule.sources 
[1A[2K[9999D[8/64] sourcecode.jvm[3.3.1-RC1-bin-SNAPSHOT].sources 
[1A[2K[9999D[9/64] sourcecode.jvm[3.3.1-RC1-bin-SNAPSHOT].generatedSources 
[1A[2K[9999D[10/64] sourcecode.jvm[3.3.1-RC1-bin-SNAPSHOT].allSources 
[1A[2K[9999D[11/64] sourcecode.jvm[3.3.1-RC1-bin-SNAPSHOT].allSourceFiles 
[1A[2K[9999D[12/64] sourcecode.jvm[3.3.1-RC1-bin-SNAPSHOT].transitiveLocalClasspath 
[1A[2K[9999D[13/64] sourcecode.jvm[3.3.1-RC1-bin-SNAPSHOT].unmanagedClasspath 
[1A[2K[9999D[14/64] sourcecode.jvm[3.3.1-RC1-bin-SNAPSHOT].platformSuffix 
[1A[2K[9999D[15/64] sourcecode.jvm[3.3.1-RC1-bin-SNAPSHOT].compileIvyDeps 
[1A[2K[9999D[16/64] sourcecode.jvm[3.3.1-RC1-bin-SNAPSHOT].transitiveCompileIvyDeps 
[1A[2K[9999D[17/64] sourcecode.jvm[3.3.1-RC1-bin-SNAPSHOT].ivyDeps 
[1A[2K[9999D[18/64] sourcecode.jvm[3.3.1-RC1-bin-SNAPSHOT].mandatoryIvyDeps.overridden.mill.scalalib.JavaModule.mandatoryIvyDeps 
[1A[2K[9999D[19/64] sourcecode.jvm[3.3.1-RC1-bin-SNAPSHOT].scalaOrganization 
[1A[2K[9999D[20/64] sourcecode.jvm[3.3.1-RC1-bin-SNAPSHOT].scalaLibraryIvyDeps 
[1A[2K[9999D[21/64] sourcecode.jvm[3.3.1-RC1-bin-SNAPSHOT].mandatoryIvyDeps 
[1A[2K[9999D[22/64] sourcecode.jvm[3.3.1-RC1-bin-SNAPSHOT].transitiveIvyDeps 
[1A[2K[9999D[23/64] sourcecode.jvm[3.3.1-RC1-bin-SNAPSHOT].resolvedIvyDeps 
[1A[2K[9999D[24/64] sourcecode.jvm[3.3.1-RC1-bin-SNAPSHOT].compileClasspath 
[1A[2K[9999D[25/64] sourcecode.jvm[3.3.1-RC1-bin-SNAPSHOT].javacOptions 
[1A[2K[9999D[26/64] sourcecode.jvm[3.3.1-RC1-bin-SNAPSHOT].mandatoryScalacOptions 
[1A[2K[9999D[27/64] sourcecode.jvm[3.3.1-RC1-bin-SNAPSHOT].scalacPluginIvyDeps 
[1A[2K[9999D[28/64] sourcecode.jvm[3.3.1-RC1-bin-SNAPSHOT].enablePluginScalacOptions 
[1A[2K[9999D[29/64] sourcecode.jvm[3.3.1-RC1-bin-SNAPSHOT].scalacOptions 
[1A[2K[9999D[30/64] sourcecode.jvm[3.3.1-RC1-bin-SNAPSHOT].allScalacOptions 
[1A[2K[9999D[31/64] sourcecode.jvm[3.3.1-RC1-bin-SNAPSHOT].scalaCompilerClasspath 
[1A[2K[9999D[32/64] sourcecode.jvm[3.3.1-RC1-bin-SNAPSHOT].scalacPluginClasspath 
[1A[2K[9999D[33/64] sourcecode.jvm[3.3.1-RC1-bin-SNAPSHOT].compile 
[info] compiling 1 Scala source to /Users/y3536zha/Desktop/scala_explicit/scala_flexible_type_with_test_script/community-build/community-projects/sourcecode/out/sourcecode/jvm/3.3.1-RC1-bin-SNAPSHOT/compile.dest/classes ...
[warn] there were 2 deprecation warnings; re-run with -deprecation for details
[warn] one warning found
[info] done compiling
[info] compiling 2 Scala sources to /Users/y3536zha/Desktop/scala_explicit/scala_flexible_type_with_test_script/community-build/community-projects/sourcecode/out/sourcecode/jvm/3.3.1-RC1-bin-SNAPSHOT/compile.dest/classes ...
[warn] there was 1 feature warning; re-run with -feature for details
[warn] there were 2 deprecation warnings; re-run with -deprecation for details
[warn] three warnings found
[info] done compiling
[34/64] sourcecode.jvm[3.3.1-RC1-bin-SNAPSHOT].localClasspath 
[1A[2K[9999D[35/64] sourcecode.jvm[3.3.1-RC1-bin-SNAPSHOT].artifactName 
[1A[2K[9999D[36/64] sourcecode.jvm[3.3.1-RC1-bin-SNAPSHOT].pomSettings 
[1A[2K[9999D[37/64] sourcecode.jvm[3.3.1-RC1-bin-SNAPSHOT].mainClass 
[1A[2K[9999D[38/64] sourcecode.jvm[3.3.1-RC1-bin-SNAPSHOT].finalMainClassOpt 
[1A[2K[9999D[39/64] sourcecode.jvm[3.3.1-RC1-bin-SNAPSHOT].manifest.overridden.mill.scalalib.JavaModule.manifest 
[1A[2K[9999D[40/64] sourcecode.jvm[3.3.1-RC1-bin-SNAPSHOT].manifest.overridden.mill.scalalib.ScalaModule.manifest 
[1A[2K[9999D[41/64] de.tobiasroeser.mill.vcs.version.VcsVersion.vcsState.overridden.de.tobiasroeser.mill.vcs.version.VcsVersion.vcsState 
fatal: no tag exactly matches '28b4f6c21fddeb33d694dc210f51b0535a2ada68'
[1A[2K[9999D[42/64] de.tobiasroeser.mill.vcs.version.VcsVersion.vcsState 
[1A[2K[9999D[43/64] sourcecode.jvm[3.3.1-RC1-bin-SNAPSHOT].publishVersion 
[1A[2K[9999D[44/64] sourcecode.jvm[3.3.1-RC1-bin-SNAPSHOT].manifest 
[1A[2K[9999D[45/64] sourcecode.jvm[3.3.1-RC1-bin-SNAPSHOT].jar 
[1A[2K[9999D[46/64] sourcecode.jvm[3.3.1-RC1-bin-SNAPSHOT].sourceJar 
[1A[2K[9999D[47/64] sourcecode.jvm[3.3.1-RC1-bin-SNAPSHOT].scalaDocClasspath 
[1A[2K[9999D[48/64] sourcecode.jvm[3.3.1-RC1-bin-SNAPSHOT].scalaDocPluginIvyDeps 
[1A[2K[9999D[49/64] sourcecode.jvm[3.3.1-RC1-bin-SNAPSHOT].enableScalaDocPluginScalacOptions 
[1A[2K[9999D[50/64] sourcecode.jvm[3.3.1-RC1-bin-SNAPSHOT].scalaDocOptions 
[1A[2K[9999D[51/64] sourcecode.jvm[3.3.1-RC1-bin-SNAPSHOT].docResources 
[1A[2K[9999D[52/64] sourcecode.jvm[3.3.1-RC1-bin-SNAPSHOT].docSources 
[1A[2K[9999D[53/64] sourcecode.jvm[3.3.1-RC1-bin-SNAPSHOT].docJar 
[1A[2K[9999D[54/64] sourcecode.jvm[3.3.1-RC1-bin-SNAPSHOT].crossFullScalaVersion 
[1A[2K[9999D[55/64] sourcecode.jvm[3.3.1-RC1-bin-SNAPSHOT].artifactScalaVersion 
[1A[2K[9999D[56/64] sourcecode.jvm[3.3.1-RC1-bin-SNAPSHOT].artifactSuffix 
[1A[2K[9999D[57/64] sourcecode.jvm[3.3.1-RC1-bin-SNAPSHOT].artifactId 
[1A[2K[9999D[58/64] sourcecode.jvm[3.3.1-RC1-bin-SNAPSHOT].artifactMetadata 
[1A[2K[9999D[59/64] sourcecode.jvm[3.3.1-RC1-bin-SNAPSHOT].versionScheme 
[1A[2K[9999D[60/64] sourcecode.jvm[3.3.1-RC1-bin-SNAPSHOT].publishProperties 
[1A[2K[9999D[61/64] sourcecode.jvm[3.3.1-RC1-bin-SNAPSHOT].pom 
[1A[2K[9999D[62/64] sourcecode.jvm[3.3.1-RC1-bin-SNAPSHOT].extraPublish 
[1A[2K[9999D[63/64] sourcecode.jvm[3.3.1-RC1-bin-SNAPSHOT].ivy 
[1A[2K[9999D[64/64] sourcecode.jvm[3.3.1-RC1-bin-SNAPSHOT].publishLocal 
Publishing Artifact(com.lihaoyi,sourcecode_3,v0.1.5-141-28b4f6) to ivy repo /Users/y3536zha/.ivy2/local
[32m[DEPENDENCIES DONE, NOW ACTUALLY RUNNING os-lib][0m
[32mBuilding os-lib with dotty-bootstrapped 3.3.1-RC1-bin-SNAPSHOT...[0m
[32m./mill -i -D dottyVersion=3.3.1-RC1-bin-SNAPSHOT os.jvm[3.3.1-RC1-bin-SNAPSHOT].test[0m
Compiling /Users/y3536zha/Desktop/scala_explicit/scala_flexible_type_with_test_script/community-build/community-projects/os-lib/build.sc
[1/70] os.jvm[3.3.1-RC1-bin-SNAPSHOT].test.runUseArgsFile 
[1A[2K[9999D[2/70] os.jvm[3.3.1-RC1-bin-SNAPSHOT].test.testUseArgsFile 
[1A[2K[9999D[3/70] os.jvm[3.3.1-RC1-bin-SNAPSHOT].test.forkArgs 
[1A[2K[9999D[4/70] os.jvm[3.3.1-RC1-bin-SNAPSHOT].test.testFramework 
[1A[2K[9999D[5/70] os.jvm[3.3.1-RC1-bin-SNAPSHOT].test.resources 
[1A[2K[9999D[6/70] os.jvm[3.3.1-RC1-bin-SNAPSHOT].scalaVersion 
[1A[2K[9999D[7/70] os.jvm[3.3.1-RC1-bin-SNAPSHOT].test.scalaVersion 
[1A[2K[9999D[8/70] mill.scalalib.ZincWorkerModule.classpath 
[1A[2K[9999D[9/70] mill.scalalib.ZincWorkerModule.worker 
[1A[2K[9999D[10/70] os.jvm[3.3.1-RC1-bin-SNAPSHOT].upstreamCompileOutput 
[1A[2K[9999D[11/70] os.jvm[3.3.1-RC1-bin-SNAPSHOT].sources 
[1A[2K[9999D[12/70] os.jvm[3.3.1-RC1-bin-SNAPSHOT].generatedSources 
[1A[2K[9999D[13/70] os.jvm[3.3.1-RC1-bin-SNAPSHOT].allSources 
[1A[2K[9999D[14/70] os.jvm[3.3.1-RC1-bin-SNAPSHOT].allSourceFiles 
[1A[2K[9999D[15/70] os.jvm[3.3.1-RC1-bin-SNAPSHOT].transitiveLocalClasspath 
[1A[2K[9999D[16/70] os.jvm[3.3.1-RC1-bin-SNAPSHOT].resources 
[1A[2K[9999D[17/70] os.jvm[3.3.1-RC1-bin-SNAPSHOT].unmanagedClasspath 
[1A[2K[9999D[18/70] os.jvm[3.3.1-RC1-bin-SNAPSHOT].platformSuffix 
[1A[2K[9999D[19/70] os.jvm[3.3.1-RC1-bin-SNAPSHOT].acyclicDep 
[1A[2K[9999D[20/70] os.jvm[3.3.1-RC1-bin-SNAPSHOT].transitiveCompileIvyDeps 
[1A[2K[9999D[21/70] os.jvm[3.3.1-RC1-bin-SNAPSHOT].ivyDeps 
[1A[2K[9999D[22/70] os.jvm[3.3.1-RC1-bin-SNAPSHOT].mandatoryIvyDeps.overridden.mill.scalalib.JavaModule.mandatoryIvyDeps 
[1A[2K[9999D[23/70] os.jvm[3.3.1-RC1-bin-SNAPSHOT].scalaOrganization 
[1A[2K[9999D[24/70] os.jvm[3.3.1-RC1-bin-SNAPSHOT].scalaLibraryIvyDeps 
[1A[2K[9999D[25/70] os.jvm[3.3.1-RC1-bin-SNAPSHOT].mandatoryIvyDeps 
[1A[2K[9999D[26/70] os.jvm[3.3.1-RC1-bin-SNAPSHOT].transitiveIvyDeps 
[1A[2K[9999D[27/70] os.jvm[3.3.1-RC1-bin-SNAPSHOT].resolvedIvyDeps 
[1A[2K[9999D[28/70] os.jvm[3.3.1-RC1-bin-SNAPSHOT].compileClasspath 
[1A[2K[9999D[29/70] os.jvm[3.3.1-RC1-bin-SNAPSHOT].javacOptions 
[1A[2K[9999D[30/70] os.jvm[3.3.1-RC1-bin-SNAPSHOT].mandatoryScalacOptions 
[1A[2K[9999D[31/70] os.jvm[3.3.1-RC1-bin-SNAPSHOT].enablePluginScalacOptions 
[1A[2K[9999D[32/70] os.jvm[3.3.1-RC1-bin-SNAPSHOT].scalacOptions 
[1A[2K[9999D[33/70] os.jvm[3.3.1-RC1-bin-SNAPSHOT].allScalacOptions 
[1A[2K[9999D[34/70] os.jvm[3.3.1-RC1-bin-SNAPSHOT].scalaCompilerClasspath 
[1A[2K[9999D[35/70] os.jvm[3.3.1-RC1-bin-SNAPSHOT].scalacPluginClasspath 
[1A[2K[9999D[36/70] os.jvm[3.3.1-RC1-bin-SNAPSHOT].compile 
[info] compiling 15 Scala sources to /Users/y3536zha/Desktop/scala_explicit/scala_flexible_type_with_test_script/community-build/community-projects/os-lib/out/os/jvm/3.3.1-RC1-bin-SNAPSHOT/compile.dest/classes ...
[error] ## Exception when compiling 15 sources to /Users/y3536zha/Desktop/scala_explicit/scala_flexible_type_with_test_script/community-build/community-projects/os-lib/out/os/jvm/3.3.1-RC1-bin-SNAPSHOT/compile.dest/classes
[error] java.lang.NoClassDefFoundError: dotty/tools/dotc/Run$
[error] dotty.tools.dotc.Driver.doCompile(Driver.scala:45)
[error] dotty.tools.xsbt.CompilerBridgeDriver.run(CompilerBridgeDriver.java:88)
[error] dotty.tools.xsbt.CompilerBridge.run(CompilerBridge.java:22)
[error] sbt.internal.inc.AnalyzingCompiler.compile(AnalyzingCompiler.scala:91)
[error] sbt.internal.inc.MixedAnalyzingCompiler.$anonfun$compile$7(MixedAnalyzingCompiler.scala:192)
[error] scala.runtime.java8.JFunction0$mcV$sp.apply(JFunction0$mcV$sp.scala:18)
[error] sbt.internal.inc.MixedAnalyzingCompiler.timed(MixedAnalyzingCompiler.scala:247)
[error] sbt.internal.inc.MixedAnalyzingCompiler.$anonfun$compile$4(MixedAnalyzingCompiler.scala:182)
[error] sbt.internal.inc.MixedAnalyzingCompiler.$anonfun$compile$4$adapted(MixedAnalyzingCompiler.scala:163)
[error] sbt.internal.inc.JarUtils$.withPreviousJar(JarUtils.scala:239)
[error] sbt.internal.inc.MixedAnalyzingCompiler.compileScala$1(MixedAnalyzingCompiler.scala:163)
[error] sbt.internal.inc.MixedAnalyzingCompiler.compile(MixedAnalyzingCompiler.scala:210)
[error] sbt.internal.inc.IncrementalCompilerImpl.$anonfun$compileInternal$1(IncrementalCompilerImpl.scala:528)
[error] sbt.internal.inc.IncrementalCompilerImpl.$anonfun$compileInternal$1$adapted(IncrementalCompilerImpl.scala:528)
[error] sbt.internal.inc.Incremental$.$anonfun$apply$5(Incremental.scala:177)
[error] sbt.internal.inc.Incremental$.$anonfun$apply$5$adapted(Incremental.scala:175)
[error] sbt.internal.inc.Incremental$$anon$2.run(Incremental.scala:461)
[error] sbt.internal.inc.IncrementalCommon$CycleState.next(IncrementalCommon.scala:116)
[error] sbt.internal.inc.IncrementalCommon$$anon$1.next(IncrementalCommon.scala:56)
[error] sbt.internal.inc.IncrementalCommon$$anon$1.next(IncrementalCommon.scala:52)
[error] sbt.internal.inc.IncrementalCommon.cycle(IncrementalCommon.scala:263)
[error] sbt.internal.inc.Incremental$.$anonfun$incrementalCompile$8(Incremental.scala:416)
[error] sbt.internal.inc.Incremental$.withClassfileManager(Incremental.scala:503)
[error] sbt.internal.inc.Incremental$.incrementalCompile(Incremental.scala:403)
[error] sbt.internal.inc.Incremental$.apply(Incremental.scala:169)
[error] sbt.internal.inc.IncrementalCompilerImpl.compileInternal(IncrementalCompilerImpl.scala:528)
[error] sbt.internal.inc.IncrementalCompilerImpl.$anonfun$compileIncrementally$1(IncrementalCompilerImpl.scala:482)
[error] sbt.internal.inc.IncrementalCompilerImpl.handleCompilationError(IncrementalCompilerImpl.scala:332)
[error] sbt.internal.inc.IncrementalCompilerImpl.compileIncrementally(IncrementalCompilerImpl.scala:420)
[error] sbt.internal.inc.IncrementalCompilerImpl.compile(IncrementalCompilerImpl.scala:137)
[error] mill.scalalib.worker.ZincWorkerImpl.compileInternal(ZincWorkerImpl.scala:545)
[error] mill.scalalib.worker.ZincWorkerImpl.$anonfun$compileMixed0$1(ZincWorkerImpl.scala:317)
[error] mill.api.FixSizedCache.withCachedValue(FixSizedCache.scala:66)
[error] mill.scalalib.worker.ZincWorkerImpl.withCompilers(ZincWorkerImpl.scala:399)
[error] mill.scalalib.worker.ZincWorkerImpl.compileMixed0(ZincWorkerImpl.scala:316)
[error] mill.scalalib.worker.ZincWorkerImpl.compileMixed(ZincWorkerImpl.scala:284)
[error] mill.scalalib.ScalaModule.$anonfun$compile$2(ScalaModule.scala:195)
[error] mill.define.Task$TraverseCtx.evaluate(Task.scala:380)
[error] mill.eval.Evaluator.$anonfun$evaluateGroup$13(Evaluator.scala:627)
[error] scala.util.DynamicVariable.withValue(DynamicVariable.scala:59)
[error] scala.Console$.withErr(Console.scala:193)
[error] mill.eval.Evaluator.$anonfun$evaluateGroup$12(Evaluator.scala:627)
[error] scala.util.DynamicVariable.withValue(DynamicVariable.scala:59)
[error] scala.Console$.withOut(Console.scala:164)
[error] mill.eval.Evaluator.$anonfun$evaluateGroup$11(Evaluator.scala:626)
[error] scala.util.DynamicVariable.withValue(DynamicVariable.scala:59)
[error] scala.Console$.withIn(Console.scala:227)
[error] mill.eval.Evaluator.$anonfun$evaluateGroup$8(Evaluator.scala:625)
[error] mill.eval.Evaluator.$anonfun$evaluateGroup$8$adapted(Evaluator.scala:586)
[error] scala.collection.immutable.Vector.foreach(Vector.scala:1856)
[error] mill.eval.Evaluator.evaluateGroup(Evaluator.scala:586)
[error] mill.eval.Evaluator.$anonfun$evaluateGroupCached$21(Evaluator.scala:478)
[error] scala.util.DynamicVariable.withValue(DynamicVariable.scala:59)
[error] mill.eval.Evaluator.evaluateGroupCached(Evaluator.scala:469)
[error] mill.eval.Evaluator.$anonfun$sequentialEvaluate$2(Evaluator.scala:202)
[error] scala.collection.IterableOnceOps.foreach(IterableOnce.scala:563)
[error] scala.collection.IterableOnceOps.foreach$(IterableOnce.scala:561)
[error] scala.collection.AbstractIterator.foreach(Iterator.scala:1293)
[error] mill.eval.Evaluator.sequentialEvaluate(Evaluator.scala:177)
[error] mill.eval.Evaluator.evaluate(Evaluator.scala:162)
[error] mill.main.RunScript$.evaluateNamed(RunScript.scala:364)
[error] mill.main.RunScript$.evaluate(RunScript.scala:349)
[error] mill.main.RunScript$.$anonfun$evaluateTasks$1(RunScript.scala:314)
[error] scala.util.Either.map(Either.scala:382)
[error] mill.main.RunScript$.evaluateTasks(RunScript.scala:312)
[error] mill.main.RunScript$.$anonfun$runScript$8(RunScript.scala:105)
[error] ammonite.util.Res$Success.flatMap(Res.scala:62)
[error] mill.main.RunScript$.runScript(RunScript.scala:104)
[error] mill.main.MainRunner.$anonfun$runScript$1(MainRunner.scala:119)
[error] mill.main.MainRunner.watchLoop2(MainRunner.scala:67)
[error] mill.main.MainRunner.runScript(MainRunner.scala:92)
[error] mill.MillMain$.main0(MillMain.scala:310)
[error] mill.MillMain$.main(MillMain.scala:52)
[error] mill.MillMain.main(MillMain.scala)
[error] java.base/jdk.internal.reflect.NativeMethodAccessorImpl.invoke0(Native Method)
[error] java.base/jdk.internal.reflect.NativeMethodAccessorImpl.invoke(Unknown Source)
[error] java.base/jdk.internal.reflect.DelegatingMethodAccessorImpl.invoke(Unknown Source)
[error] java.base/java.lang.reflect.Method.invoke(Unknown Source)
[error] mill.main.client.IsolatedMillMainLoader.runMain(IsolatedMillMainLoader.java:58)
[error] mill.main.client.MillClientMain.main(MillClientMain.java:67)
[error]            
Exception in thread "main" java.lang.reflect.InvocationTargetException
	at java.base/jdk.internal.reflect.NativeMethodAccessorImpl.invoke0(Native Method)
	at java.base/jdk.internal.reflect.NativeMethodAccessorImpl.invoke(Unknown Source)
	at java.base/jdk.internal.reflect.DelegatingMethodAccessorImpl.invoke(Unknown Source)
	at java.base/java.lang.reflect.Method.invoke(Unknown Source)
	at mill.main.client.IsolatedMillMainLoader.runMain(IsolatedMillMainLoader.java:58)
	at mill.main.client.MillClientMain.main(MillClientMain.java:67)
Caused by: java.lang.NoClassDefFoundError: dotty/tools/dotc/Run$
	at dotty.tools.dotc.Driver.doCompile(Driver.scala:45)
	at dotty.tools.xsbt.CompilerBridgeDriver.run(CompilerBridgeDriver.java:88)
	at dotty.tools.xsbt.CompilerBridge.run(CompilerBridge.java:22)
	at sbt.internal.inc.AnalyzingCompiler.compile(AnalyzingCompiler.scala:91)
	at sbt.internal.inc.MixedAnalyzingCompiler.$anonfun$compile$7(MixedAnalyzingCompiler.scala:192)
	at scala.runtime.java8.JFunction0$mcV$sp.apply(JFunction0$mcV$sp.scala:18)
	at sbt.internal.inc.MixedAnalyzingCompiler.timed(MixedAnalyzingCompiler.scala:247)
	at sbt.internal.inc.MixedAnalyzingCompiler.$anonfun$compile$4(MixedAnalyzingCompiler.scala:182)
	at sbt.internal.inc.MixedAnalyzingCompiler.$anonfun$compile$4$adapted(MixedAnalyzingCompiler.scala:163)
	at sbt.internal.inc.JarUtils$.withPreviousJar(JarUtils.scala:239)
	at sbt.internal.inc.MixedAnalyzingCompiler.compileScala$1(MixedAnalyzingCompiler.scala:163)
	at sbt.internal.inc.MixedAnalyzingCompiler.compile(MixedAnalyzingCompiler.scala:210)
	at sbt.internal.inc.IncrementalCompilerImpl.$anonfun$compileInternal$1(IncrementalCompilerImpl.scala:528)
	at sbt.internal.inc.IncrementalCompilerImpl.$anonfun$compileInternal$1$adapted(IncrementalCompilerImpl.scala:528)
	at sbt.internal.inc.Incremental$.$anonfun$apply$5(Incremental.scala:177)
	at sbt.internal.inc.Incremental$.$anonfun$apply$5$adapted(Incremental.scala:175)
	at sbt.internal.inc.Incremental$$anon$2.run(Incremental.scala:461)
	at sbt.internal.inc.IncrementalCommon$CycleState.next(IncrementalCommon.scala:116)
	at sbt.internal.inc.IncrementalCommon$$anon$1.next(IncrementalCommon.scala:56)
	at sbt.internal.inc.IncrementalCommon$$anon$1.next(IncrementalCommon.scala:52)
	at sbt.internal.inc.IncrementalCommon.cycle(IncrementalCommon.scala:263)
	at sbt.internal.inc.Incremental$.$anonfun$incrementalCompile$8(Incremental.scala:416)
	at sbt.internal.inc.Incremental$.withClassfileManager(Incremental.scala:503)
	at sbt.internal.inc.Incremental$.incrementalCompile(Incremental.scala:403)
	at sbt.internal.inc.Incremental$.apply(Incremental.scala:169)
	at sbt.internal.inc.IncrementalCompilerImpl.compileInternal(IncrementalCompilerImpl.scala:528)
	at sbt.internal.inc.IncrementalCompilerImpl.$anonfun$compileIncrementally$1(IncrementalCompilerImpl.scala:482)
	at sbt.internal.inc.IncrementalCompilerImpl.handleCompilationError(IncrementalCompilerImpl.scala:332)
	at sbt.internal.inc.IncrementalCompilerImpl.compileIncrementally(IncrementalCompilerImpl.scala:420)
	at sbt.internal.inc.IncrementalCompilerImpl.compile(IncrementalCompilerImpl.scala:137)
	at mill.scalalib.worker.ZincWorkerImpl.compileInternal(ZincWorkerImpl.scala:545)
	at mill.scalalib.worker.ZincWorkerImpl.$anonfun$compileMixed0$1(ZincWorkerImpl.scala:317)
	at mill.api.FixSizedCache.withCachedValue(FixSizedCache.scala:66)
	at mill.scalalib.worker.ZincWorkerImpl.withCompilers(ZincWorkerImpl.scala:399)
	at mill.scalalib.worker.ZincWorkerImpl.compileMixed0(ZincWorkerImpl.scala:316)
	at mill.scalalib.worker.ZincWorkerImpl.compileMixed(ZincWorkerImpl.scala:284)
	at mill.scalalib.ScalaModule.$anonfun$compile$2(ScalaModule.scala:195)
	at mill.define.Task$TraverseCtx.evaluate(Task.scala:380)
	at mill.eval.Evaluator.$anonfun$evaluateGroup$13(Evaluator.scala:627)
	at scala.util.DynamicVariable.withValue(DynamicVariable.scala:59)
	at scala.Console$.withErr(Console.scala:193)
	at mill.eval.Evaluator.$anonfun$evaluateGroup$12(Evaluator.scala:627)
	at scala.util.DynamicVariable.withValue(DynamicVariable.scala:59)
	at scala.Console$.withOut(Console.scala:164)
	at mill.eval.Evaluator.$anonfun$evaluateGroup$11(Evaluator.scala:626)
	at scala.util.DynamicVariable.withValue(DynamicVariable.scala:59)
	at scala.Console$.withIn(Console.scala:227)
	at mill.eval.Evaluator.$anonfun$evaluateGroup$8(Evaluator.scala:625)
	at mill.eval.Evaluator.$anonfun$evaluateGroup$8$adapted(Evaluator.scala:586)
	at scala.collection.immutable.Vector.foreach(Vector.scala:1856)
	at mill.eval.Evaluator.evaluateGroup(Evaluator.scala:586)
	at mill.eval.Evaluator.$anonfun$evaluateGroupCached$21(Evaluator.scala:478)
	at scala.util.DynamicVariable.withValue(DynamicVariable.scala:59)
	at mill.eval.Evaluator.evaluateGroupCached(Evaluator.scala:469)
	at mill.eval.Evaluator.$anonfun$sequentialEvaluate$2(Evaluator.scala:202)
	at scala.collection.IterableOnceOps.foreach(IterableOnce.scala:563)
	at scala.collection.IterableOnceOps.foreach$(IterableOnce.scala:561)
	at scala.collection.AbstractIterator.foreach(Iterator.scala:1293)
	at mill.eval.Evaluator.sequentialEvaluate(Evaluator.scala:177)
	at mill.eval.Evaluator.evaluate(Evaluator.scala:162)
	at mill.main.RunScript$.evaluateNamed(RunScript.scala:364)
	at mill.main.RunScript$.evaluate(RunScript.scala:349)
	at mill.main.RunScript$.$anonfun$evaluateTasks$1(RunScript.scala:314)
	at scala.util.Either.map(Either.scala:382)
	at mill.main.RunScript$.evaluateTasks(RunScript.scala:312)
	at mill.main.RunScript$.$anonfun$runScript$8(RunScript.scala:105)
	at ammonite.util.Res$Success.flatMap(Res.scala:62)
	at mill.main.RunScript$.runScript(RunScript.scala:104)
	at mill.main.MainRunner.$anonfun$runScript$1(MainRunner.scala:119)
	at mill.main.MainRunner.watchLoop2(MainRunner.scala:67)
	at mill.main.MainRunner.runScript(MainRunner.scala:92)
	at mill.MillMain$.main0(MillMain.scala:310)
	at mill.MillMain$.main(MillMain.scala:52)
	at mill.MillMain.main(MillMain.scala)
	... 6 more
Caused by: java.lang.ClassNotFoundException: dotty.tools.dotc.Run$
	at java.base/java.net.URLClassLoader$1.run(Unknown Source)
	at java.base/java.net.URLClassLoader$1.run(Unknown Source)
	at java.base/java.security.AccessController.doPrivileged(Native Method)
	at java.base/java.net.URLClassLoader.findClass(Unknown Source)
	at mill.api.ClassLoader$$anon$1.findClass(ClassLoader.scala:47)
	at java.base/java.lang.ClassLoader.loadClass(Unknown Source)
	at java.base/java.lang.ClassLoader.loadClass(Unknown Source)
	... 80 more
Caused by: java.util.zip.ZipException: ZipFile invalid LOC header (bad signature)
	at java.base/java.util.zip.ZipFile$ZipFileInputStream.initDataOffset(Unknown Source)
	at java.base/java.util.zip.ZipFile$ZipFileInputStream.read(Unknown Source)
	at java.base/java.util.zip.ZipFile$ZipFileInflaterInputStream.fill(Unknown Source)
	at java.base/java.util.zip.InflaterInputStream.read(Unknown Source)
	at java.base/jdk.internal.loader.Resource.getBytes(Unknown Source)
	at java.base/java.net.URLClassLoader.defineClass(Unknown Source)
	at java.base/java.net.URLClassLoader.access$100(Unknown Source)
	... 87 more
[32mRerunning tests in os-lib because of a previous run failure.[0m
[32m./mill -i -D dottyVersion=3.3.1-RC1-bin-SNAPSHOT os.jvm[3.3.1-RC1-bin-SNAPSHOT].test[0m
[5/70] os.jvm[3.3.1-RC1-bin-SNAPSHOT].test.resources 
[1A[2K[9999D[9/70] mill.scalalib.ZincWorkerModule.worker 
[1A[2K[9999D[11/70] os.jvm[3.3.1-RC1-bin-SNAPSHOT].sources 
[1A[2K[9999D[16/70] os.jvm[3.3.1-RC1-bin-SNAPSHOT].resources 
[1A[2K[9999D[36/70] os.jvm[3.3.1-RC1-bin-SNAPSHOT].compile 
[info] compiling 15 Scala sources to /Users/y3536zha/Desktop/scala_explicit/scala_flexible_type_with_test_script/community-build/community-projects/os-lib/out/os/jvm/3.3.1-RC1-bin-SNAPSHOT/compile.dest/classes ...
[warn] -- Warning: /Users/y3536zha/Desktop/scala_explicit/scala_flexible_type_with_test_script/community-build/community-projects/os-lib/os/src/GlobInterpolator.scala:7:40 
[warn] 7 |      val Seq(head, tail@_*) = parts.map(java.util.regex.Pattern.quote)
[warn]   |                               ^^^^^^^^^^^^^^^^^^^^^^^^^^^^^^^^^^^^^^^^
[warn]   |pattern's type String* does not match the right hand side expression's type String
[warn]   |
[warn]   |If the narrowing is intentional, this can be communicated by adding `: @unchecked` after the expression,
[warn]   |which may result in a MatchError at runtime.
[warn]   |This patch can be rewritten automatically under -rewrite -source 3.2-migration.
[warn] there were 14 deprecation warnings; re-run with -deprecation for details
[warn] two warnings found
[info] done compiling
[37/70] os.jvm[3.3.1-RC1-bin-SNAPSHOT].test.upstreamCompileOutput 
[1A[2K[9999D[38/70] os.jvm[3.3.1-RC1-bin-SNAPSHOT].test.sources 
[1A[2K[9999D[39/70] os.jvm[3.3.1-RC1-bin-SNAPSHOT].test.generatedSources 
[1A[2K[9999D[40/70] os.jvm[3.3.1-RC1-bin-SNAPSHOT].test.allSources 
[1A[2K[9999D[41/70] os.jvm[3.3.1-RC1-bin-SNAPSHOT].test.allSourceFiles 
[1A[2K[9999D[42/70] os.jvm[3.3.1-RC1-bin-SNAPSHOT].localClasspath 
[1A[2K[9999D[43/70] os.jvm[3.3.1-RC1-bin-SNAPSHOT].test.transitiveLocalClasspath 
[1A[2K[9999D[44/70] os.jvm[3.3.1-RC1-bin-SNAPSHOT].test.unmanagedClasspath 
[1A[2K[9999D[45/70] os.jvm[3.3.1-RC1-bin-SNAPSHOT].test.platformSuffix 
[1A[2K[9999D[46/70] os.jvm[3.3.1-RC1-bin-SNAPSHOT].test.compileIvyDeps 
[1A[2K[9999D[47/70] os.jvm[3.3.1-RC1-bin-SNAPSHOT].test.transitiveCompileIvyDeps 
[1A[2K[9999D[48/70] os.jvm[3.3.1-RC1-bin-SNAPSHOT].test.ivyDeps 
[1A[2K[9999D[49/70] os.jvm[3.3.1-RC1-bin-SNAPSHOT].test.mandatoryIvyDeps.overridden.mill.scalalib.JavaModule.mandatoryIvyDeps 
[1A[2K[9999D[50/70] os.jvm[3.3.1-RC1-bin-SNAPSHOT].test.scalaOrganization 
[1A[2K[9999D[51/70] os.jvm[3.3.1-RC1-bin-SNAPSHOT].test.scalaLibraryIvyDeps 
[1A[2K[9999D[52/70] os.jvm[3.3.1-RC1-bin-SNAPSHOT].test.mandatoryIvyDeps 
[1A[2K[9999D[53/70] os.jvm[3.3.1-RC1-bin-SNAPSHOT].test.transitiveIvyDeps 
[1A[2K[9999D[54/70] os.jvm[3.3.1-RC1-bin-SNAPSHOT].test.resolvedIvyDeps 
[1A[2K[9999D[55/70] os.jvm[3.3.1-RC1-bin-SNAPSHOT].test.compileClasspath 
[1A[2K[9999D[56/70] os.jvm[3.3.1-RC1-bin-SNAPSHOT].test.enablePluginScalacOptions 
[1A[2K[9999D[57/70] os.jvm[3.3.1-RC1-bin-SNAPSHOT].test.allScalacOptions 
[1A[2K[9999D[58/70] os.jvm[3.3.1-RC1-bin-SNAPSHOT].test.scalaCompilerClasspath 
[1A[2K[9999D[59/70] os.jvm[3.3.1-RC1-bin-SNAPSHOT].test.compile 
[info] compiling 15 Scala sources to /Users/y3536zha/Desktop/scala_explicit/scala_flexible_type_with_test_script/community-build/community-projects/os-lib/out/os/jvm/3.3.1-RC1-bin-SNAPSHOT/test/compile.dest/classes ...
java.lang.NoClassDefFoundError: dotty/tools/dotc/ast/TypedTreeInfo$closureDef$ while typechecking /Users/y3536zha/Desktop/scala_explicit/scala_flexible_type_with_test_script/community-build/community-projects/os-lib/os/test/src-jvm/ExampleTests.scala
[error] ## Exception when compiling 15 sources to /Users/y3536zha/Desktop/scala_explicit/scala_flexible_type_with_test_script/community-build/community-projects/os-lib/out/os/jvm/3.3.1-RC1-bin-SNAPSHOT/test/compile.dest/classes
[error] java.lang.NoClassDefFoundError: dotty/tools/dotc/Run$
[error] dotty.tools.dotc.Driver.doCompile(Driver.scala:45)
[error] dotty.tools.xsbt.CompilerBridgeDriver.run(CompilerBridgeDriver.java:88)
[error] dotty.tools.xsbt.CompilerBridge.run(CompilerBridge.java:22)
[error] sbt.internal.inc.AnalyzingCompiler.compile(AnalyzingCompiler.scala:91)
[error] sbt.internal.inc.MixedAnalyzingCompiler.$anonfun$compile$7(MixedAnalyzingCompiler.scala:192)
[error] scala.runtime.java8.JFunction0$mcV$sp.apply(JFunction0$mcV$sp.scala:18)
[error] sbt.internal.inc.MixedAnalyzingCompiler.timed(MixedAnalyzingCompiler.scala:247)
[error] sbt.internal.inc.MixedAnalyzingCompiler.$anonfun$compile$4(MixedAnalyzingCompiler.scala:182)
[error] sbt.internal.inc.MixedAnalyzingCompiler.$anonfun$compile$4$adapted(MixedAnalyzingCompiler.scala:163)
[error] sbt.internal.inc.JarUtils$.withPreviousJar(JarUtils.scala:239)
[error] sbt.internal.inc.MixedAnalyzingCompiler.compileScala$1(MixedAnalyzingCompiler.scala:163)
[error] sbt.internal.inc.MixedAnalyzingCompiler.compile(MixedAnalyzingCompiler.scala:210)
[error] sbt.internal.inc.IncrementalCompilerImpl.$anonfun$compileInternal$1(IncrementalCompilerImpl.scala:528)
[error] sbt.internal.inc.IncrementalCompilerImpl.$anonfun$compileInternal$1$adapted(IncrementalCompilerImpl.scala:528)
[error] sbt.internal.inc.Incremental$.$anonfun$apply$5(Incremental.scala:177)
[error] sbt.internal.inc.Incremental$.$anonfun$apply$5$adapted(Incremental.scala:175)
[error] sbt.internal.inc.Incremental$$anon$2.run(Incremental.scala:461)
[error] sbt.internal.inc.IncrementalCommon$CycleState.next(IncrementalCommon.scala:116)
[error] sbt.internal.inc.IncrementalCommon$$anon$1.next(IncrementalCommon.scala:56)
[error] sbt.internal.inc.IncrementalCommon$$anon$1.next(IncrementalCommon.scala:52)
[error] sbt.internal.inc.IncrementalCommon.cycle(IncrementalCommon.scala:263)
[error] sbt.internal.inc.Incremental$.$anonfun$incrementalCompile$8(Incremental.scala:416)
[error] sbt.internal.inc.Incremental$.withClassfileManager(Incremental.scala:503)
[error] sbt.internal.inc.Incremental$.incrementalCompile(Incremental.scala:403)
[error] sbt.internal.inc.Incremental$.apply(Incremental.scala:169)
[error] sbt.internal.inc.IncrementalCompilerImpl.compileInternal(IncrementalCompilerImpl.scala:528)
[error] sbt.internal.inc.IncrementalCompilerImpl.$anonfun$compileIncrementally$1(IncrementalCompilerImpl.scala:482)
[error] sbt.internal.inc.IncrementalCompilerImpl.handleCompilationError(IncrementalCompilerImpl.scala:332)
[error] sbt.internal.inc.IncrementalCompilerImpl.compileIncrementally(IncrementalCompilerImpl.scala:420)
[error] sbt.internal.inc.IncrementalCompilerImpl.compile(IncrementalCompilerImpl.scala:137)
[error] mill.scalalib.worker.ZincWorkerImpl.compileInternal(ZincWorkerImpl.scala:545)
[error] mill.scalalib.worker.ZincWorkerImpl.$anonfun$compileMixed0$1(ZincWorkerImpl.scala:317)
[error] mill.api.FixSizedCache.withCachedValue(FixSizedCache.scala:66)
[error] mill.scalalib.worker.ZincWorkerImpl.withCompilers(ZincWorkerImpl.scala:399)
[error] mill.scalalib.worker.ZincWorkerImpl.compileMixed0(ZincWorkerImpl.scala:316)
[error] mill.scalalib.worker.ZincWorkerImpl.compileMixed(ZincWorkerImpl.scala:284)
[error] mill.scalalib.ScalaModule.$anonfun$compile$2(ScalaModule.scala:195)
[error] mill.define.Task$TraverseCtx.evaluate(Task.scala:380)
[error] mill.eval.Evaluator.$anonfun$evaluateGroup$13(Evaluator.scala:627)
[error] scala.util.DynamicVariable.withValue(DynamicVariable.scala:59)
[error] scala.Console$.withErr(Console.scala:193)
[error] mill.eval.Evaluator.$anonfun$evaluateGroup$12(Evaluator.scala:627)
[error] scala.util.DynamicVariable.withValue(DynamicVariable.scala:59)
[error] scala.Console$.withOut(Console.scala:164)
[error] mill.eval.Evaluator.$anonfun$evaluateGroup$11(Evaluator.scala:626)
[error] scala.util.DynamicVariable.withValue(DynamicVariable.scala:59)
[error] scala.Console$.withIn(Console.scala:227)
[error] mill.eval.Evaluator.$anonfun$evaluateGroup$8(Evaluator.scala:625)
[error] mill.eval.Evaluator.$anonfun$evaluateGroup$8$adapted(Evaluator.scala:586)
[error] scala.collection.immutable.Vector.foreach(Vector.scala:1856)
[error] mill.eval.Evaluator.evaluateGroup(Evaluator.scala:586)
[error] mill.eval.Evaluator.$anonfun$evaluateGroupCached$21(Evaluator.scala:478)
[error] scala.util.DynamicVariable.withValue(DynamicVariable.scala:59)
[error] mill.eval.Evaluator.evaluateGroupCached(Evaluator.scala:469)
[error] mill.eval.Evaluator.$anonfun$sequentialEvaluate$2(Evaluator.scala:202)
[error] scala.collection.IterableOnceOps.foreach(IterableOnce.scala:563)
[error] scala.collection.IterableOnceOps.foreach$(IterableOnce.scala:561)
[error] scala.collection.AbstractIterator.foreach(Iterator.scala:1293)
[error] mill.eval.Evaluator.sequentialEvaluate(Evaluator.scala:177)
[error] mill.eval.Evaluator.evaluate(Evaluator.scala:162)
[error] mill.main.RunScript$.evaluateNamed(RunScript.scala:364)
[error] mill.main.RunScript$.evaluate(RunScript.scala:349)
[error] mill.main.RunScript$.$anonfun$evaluateTasks$1(RunScript.scala:314)
[error] scala.util.Either.map(Either.scala:382)
[error] mill.main.RunScript$.evaluateTasks(RunScript.scala:312)
[error] mill.main.RunScript$.$anonfun$runScript$8(RunScript.scala:105)
[error] ammonite.util.Res$Success.flatMap(Res.scala:62)
[error] mill.main.RunScript$.runScript(RunScript.scala:104)
[error] mill.main.MainRunner.$anonfun$runScript$1(MainRunner.scala:119)
[error] mill.main.MainRunner.watchLoop2(MainRunner.scala:67)
[error] mill.main.MainRunner.runScript(MainRunner.scala:92)
[error] mill.MillMain$.main0(MillMain.scala:310)
[error] mill.MillMain$.main(MillMain.scala:52)
[error] mill.MillMain.main(MillMain.scala)
[error] java.base/jdk.internal.reflect.NativeMethodAccessorImpl.invoke0(Native Method)
[error] java.base/jdk.internal.reflect.NativeMethodAccessorImpl.invoke(Unknown Source)
[error] java.base/jdk.internal.reflect.DelegatingMethodAccessorImpl.invoke(Unknown Source)
[error] java.base/java.lang.reflect.Method.invoke(Unknown Source)
[error] mill.main.client.IsolatedMillMainLoader.runMain(IsolatedMillMainLoader.java:58)
[error] mill.main.client.MillClientMain.main(MillClientMain.java:67)
[error]            
Exception in thread "main" java.lang.reflect.InvocationTargetException
	at java.base/jdk.internal.reflect.NativeMethodAccessorImpl.invoke0(Native Method)
	at java.base/jdk.internal.reflect.NativeMethodAccessorImpl.invoke(Unknown Source)
	at java.base/jdk.internal.reflect.DelegatingMethodAccessorImpl.invoke(Unknown Source)
	at java.base/java.lang.reflect.Method.invoke(Unknown Source)
	at mill.main.client.IsolatedMillMainLoader.runMain(IsolatedMillMainLoader.java:58)
	at mill.main.client.MillClientMain.main(MillClientMain.java:67)
Caused by: java.lang.NoClassDefFoundError: dotty/tools/dotc/Run$
	at dotty.tools.dotc.Driver.doCompile(Driver.scala:45)
	at dotty.tools.xsbt.CompilerBridgeDriver.run(CompilerBridgeDriver.java:88)
	at dotty.tools.xsbt.CompilerBridge.run(CompilerBridge.java:22)
	at sbt.internal.inc.AnalyzingCompiler.compile(AnalyzingCompiler.scala:91)
	at sbt.internal.inc.MixedAnalyzingCompiler.$anonfun$compile$7(MixedAnalyzingCompiler.scala:192)
	at scala.runtime.java8.JFunction0$mcV$sp.apply(JFunction0$mcV$sp.scala:18)
	at sbt.internal.inc.MixedAnalyzingCompiler.timed(MixedAnalyzingCompiler.scala:247)
	at sbt.internal.inc.MixedAnalyzingCompiler.$anonfun$compile$4(MixedAnalyzingCompiler.scala:182)
	at sbt.internal.inc.MixedAnalyzingCompiler.$anonfun$compile$4$adapted(MixedAnalyzingCompiler.scala:163)
	at sbt.internal.inc.JarUtils$.withPreviousJar(JarUtils.scala:239)
	at sbt.internal.inc.MixedAnalyzingCompiler.compileScala$1(MixedAnalyzingCompiler.scala:163)
	at sbt.internal.inc.MixedAnalyzingCompiler.compile(MixedAnalyzingCompiler.scala:210)
	at sbt.internal.inc.IncrementalCompilerImpl.$anonfun$compileInternal$1(IncrementalCompilerImpl.scala:528)
	at sbt.internal.inc.IncrementalCompilerImpl.$anonfun$compileInternal$1$adapted(IncrementalCompilerImpl.scala:528)
	at sbt.internal.inc.Incremental$.$anonfun$apply$5(Incremental.scala:177)
	at sbt.internal.inc.Incremental$.$anonfun$apply$5$adapted(Incremental.scala:175)
	at sbt.internal.inc.Incremental$$anon$2.run(Incremental.scala:461)
	at sbt.internal.inc.IncrementalCommon$CycleState.next(IncrementalCommon.scala:116)
	at sbt.internal.inc.IncrementalCommon$$anon$1.next(IncrementalCommon.scala:56)
	at sbt.internal.inc.IncrementalCommon$$anon$1.next(IncrementalCommon.scala:52)
	at sbt.internal.inc.IncrementalCommon.cycle(IncrementalCommon.scala:263)
	at sbt.internal.inc.Incremental$.$anonfun$incrementalCompile$8(Incremental.scala:416)
	at sbt.internal.inc.Incremental$.withClassfileManager(Incremental.scala:503)
	at sbt.internal.inc.Incremental$.incrementalCompile(Incremental.scala:403)
	at sbt.internal.inc.Incremental$.apply(Incremental.scala:169)
	at sbt.internal.inc.IncrementalCompilerImpl.compileInternal(IncrementalCompilerImpl.scala:528)
	at sbt.internal.inc.IncrementalCompilerImpl.$anonfun$compileIncrementally$1(IncrementalCompilerImpl.scala:482)
	at sbt.internal.inc.IncrementalCompilerImpl.handleCompilationError(IncrementalCompilerImpl.scala:332)
	at sbt.internal.inc.IncrementalCompilerImpl.compileIncrementally(IncrementalCompilerImpl.scala:420)
	at sbt.internal.inc.IncrementalCompilerImpl.compile(IncrementalCompilerImpl.scala:137)
	at mill.scalalib.worker.ZincWorkerImpl.compileInternal(ZincWorkerImpl.scala:545)
	at mill.scalalib.worker.ZincWorkerImpl.$anonfun$compileMixed0$1(ZincWorkerImpl.scala:317)
	at mill.api.FixSizedCache.withCachedValue(FixSizedCache.scala:66)
	at mill.scalalib.worker.ZincWorkerImpl.withCompilers(ZincWorkerImpl.scala:399)
	at mill.scalalib.worker.ZincWorkerImpl.compileMixed0(ZincWorkerImpl.scala:316)
	at mill.scalalib.worker.ZincWorkerImpl.compileMixed(ZincWorkerImpl.scala:284)
	at mill.scalalib.ScalaModule.$anonfun$compile$2(ScalaModule.scala:195)
	at mill.define.Task$TraverseCtx.evaluate(Task.scala:380)
	at mill.eval.Evaluator.$anonfun$evaluateGroup$13(Evaluator.scala:627)
	at scala.util.DynamicVariable.withValue(DynamicVariable.scala:59)
	at scala.Console$.withErr(Console.scala:193)
	at mill.eval.Evaluator.$anonfun$evaluateGroup$12(Evaluator.scala:627)
	at scala.util.DynamicVariable.withValue(DynamicVariable.scala:59)
	at scala.Console$.withOut(Console.scala:164)
	at mill.eval.Evaluator.$anonfun$evaluateGroup$11(Evaluator.scala:626)
	at scala.util.DynamicVariable.withValue(DynamicVariable.scala:59)
	at scala.Console$.withIn(Console.scala:227)
	at mill.eval.Evaluator.$anonfun$evaluateGroup$8(Evaluator.scala:625)
	at mill.eval.Evaluator.$anonfun$evaluateGroup$8$adapted(Evaluator.scala:586)
	at scala.collection.immutable.Vector.foreach(Vector.scala:1856)
	at mill.eval.Evaluator.evaluateGroup(Evaluator.scala:586)
	at mill.eval.Evaluator.$anonfun$evaluateGroupCached$21(Evaluator.scala:478)
	at scala.util.DynamicVariable.withValue(DynamicVariable.scala:59)
	at mill.eval.Evaluator.evaluateGroupCached(Evaluator.scala:469)
	at mill.eval.Evaluator.$anonfun$sequentialEvaluate$2(Evaluator.scala:202)
	at scala.collection.IterableOnceOps.foreach(IterableOnce.scala:563)
	at scala.collection.IterableOnceOps.foreach$(IterableOnce.scala:561)
	at scala.collection.AbstractIterator.foreach(Iterator.scala:1293)
	at mill.eval.Evaluator.sequentialEvaluate(Evaluator.scala:177)
	at mill.eval.Evaluator.evaluate(Evaluator.scala:162)
	at mill.main.RunScript$.evaluateNamed(RunScript.scala:364)
	at mill.main.RunScript$.evaluate(RunScript.scala:349)
	at mill.main.RunScript$.$anonfun$evaluateTasks$1(RunScript.scala:314)
	at scala.util.Either.map(Either.scala:382)
	at mill.main.RunScript$.evaluateTasks(RunScript.scala:312)
	at mill.main.RunScript$.$anonfun$runScript$8(RunScript.scala:105)
	at ammonite.util.Res$Success.flatMap(Res.scala:62)
	at mill.main.RunScript$.runScript(RunScript.scala:104)
	at mill.main.MainRunner.$anonfun$runScript$1(MainRunner.scala:119)
	at mill.main.MainRunner.watchLoop2(MainRunner.scala:67)
	at mill.main.MainRunner.runScript(MainRunner.scala:92)
	at mill.MillMain$.main0(MillMain.scala:310)
	at mill.MillMain$.main(MillMain.scala:52)
	at mill.MillMain.main(MillMain.scala)
	... 6 more
Caused by: java.lang.ClassNotFoundException: dotty.tools.dotc.Run$
	at java.base/java.net.URLClassLoader$1.run(Unknown Source)
	at java.base/java.net.URLClassLoader$1.run(Unknown Source)
	at java.base/java.security.AccessController.doPrivileged(Native Method)
	at java.base/java.net.URLClassLoader.findClass(Unknown Source)
	at mill.api.ClassLoader$$anon$1.findClass(ClassLoader.scala:47)
	at java.base/java.lang.ClassLoader.loadClass(Unknown Source)
	at java.base/java.lang.ClassLoader.loadClass(Unknown Source)
	... 80 more
Caused by: java.util.zip.ZipException: ZipFile invalid LOC header (bad signature)
	at java.base/java.util.zip.ZipFile$ZipFileInputStream.initDataOffset(Unknown Source)
	at java.base/java.util.zip.ZipFile$ZipFileInputStream.read(Unknown Source)
	at java.base/java.util.zip.ZipFile$ZipFileInflaterInputStream.fill(Unknown Source)
	at java.base/java.util.zip.InflaterInputStream.read(Unknown Source)
	at java.base/jdk.internal.loader.Resource.getBytes(Unknown Source)
	at java.base/java.net.URLClassLoader.defineClass(Unknown Source)
	at java.base/java.net.URLClassLoader.access$100(Unknown Source)
	... 87 more
[32mRerunning tests in os-lib because of a previous run failure.[0m
[32m./mill -i -D dottyVersion=3.3.1-RC1-bin-SNAPSHOT os.jvm[3.3.1-RC1-bin-SNAPSHOT].test[0m
[5/70] os.jvm[3.3.1-RC1-bin-SNAPSHOT].test.resources 
[1A[2K[9999D[9/70] mill.scalalib.ZincWorkerModule.worker 
[1A[2K[9999D[11/70] os.jvm[3.3.1-RC1-bin-SNAPSHOT].sources 
[1A[2K[9999D[16/70] os.jvm[3.3.1-RC1-bin-SNAPSHOT].resources 
[1A[2K[9999D[38/70] os.jvm[3.3.1-RC1-bin-SNAPSHOT].test.sources 
[1A[2K[9999D[59/70] os.jvm[3.3.1-RC1-bin-SNAPSHOT].test.compile 
[info] compiling 15 Scala sources to /Users/y3536zha/Desktop/scala_explicit/scala_flexible_type_with_test_script/community-build/community-projects/os-lib/out/os/jvm/3.3.1-RC1-bin-SNAPSHOT/test/compile.dest/classes ...
[warn] -- [E129] Potential Issue Warning: /Users/y3536zha/Desktop/scala_explicit/scala_flexible_type_with_test_script/community-build/community-projects/os-lib/os/test/src-jvm/ExampleTests.scala:181:6 
[warn] 181 |      rel1: os.RelPath
[warn]     |      ^^^^^^^^^^^^^^^^
[warn]     |A pure expression does nothing in statement position; you may be omitting necessary parentheses
[warn]     |
[warn]     | longer explanation available when compiling with `-explain`
[warn] -- Warning: /Users/y3536zha/Desktop/scala_explicit/scala_flexible_type_with_test_script/community-build/community-projects/os-lib/os/test/src/PathTests.scala:270:60 
[warn] 270 |        val PathError.InvalidSegment("Main/.scala", msg1) = ex
[warn]     |                                                            ^^
[warn]     |pattern's type ("Main/.scala" : String) is more specialized than the right hand side expression's type String
[warn]     |
[warn]     |If the narrowing is intentional, this can be communicated by adding `: @unchecked` after the expression,
[warn]     |which may result in a MatchError at runtime.
[warn]     |This patch can be rewritten automatically under -rewrite -source 3.2-migration.
[warn] -- Warning: /Users/y3536zha/Desktop/scala_explicit/scala_flexible_type_with_test_script/community-build/community-projects/os-lib/os/test/src/PathTests.scala:276:51 
[warn] 276 |        val PathError.InvalidSegment("..", msg2) = ex2
[warn]     |                                                   ^^^
[warn]     |pattern's type (".." : String) is more specialized than the right hand side expression's type String
[warn]     |
[warn]     |If the narrowing is intentional, this can be communicated by adding `: @unchecked` after the expression,
[warn]     |which may result in a MatchError at runtime.
[warn]     |This patch can be rewritten automatically under -rewrite -source 3.2-migration.
[warn] -- Warning: /Users/y3536zha/Desktop/scala_explicit/scala_flexible_type_with_test_script/community-build/community-projects/os-lib/os/test/src/PathTests.scala:315:19 
[warn] 315 |        val a/b/c/d/"omg" = pwd/"A"/"B"/"C"/"D"/"omg"
[warn]     |            ^^^^^^^^^^^^^^^^^^^^^^^^^^^^^^^^^^^^^^^^^
[warn]     |pattern binding uses refutable extractor `os./`
[warn]     |
[warn]     |If this usage is intentional, this can be communicated by adding `: @unchecked` after the expression,
[warn]     |which may result in a MatchError at runtime.
[warn]     |This patch can be rewritten automatically under -rewrite -source 3.2-migration.
[warn] there were 2 deprecation warnings; re-run with -deprecation for details
[warn] 5 warnings found
[info] done compiling
[60/70] os.jvm[3.3.1-RC1-bin-SNAPSHOT].test.localClasspath 
[1A[2K[9999D[61/70] os.jvm[3.3.1-RC1-bin-SNAPSHOT].test.runIvyDeps 
[1A[2K[9999D[62/70] os.jvm[3.3.1-RC1-bin-SNAPSHOT].test.resolvedRunIvyDeps 
[1A[2K[9999D[63/70] os.jvm[3.3.1-RC1-bin-SNAPSHOT].test.upstreamAssemblyClasspath 
[1A[2K[9999D[64/70] os.jvm[3.3.1-RC1-bin-SNAPSHOT].test.runClasspath 
[1A[2K[9999D[65/70] mill.scalalib.ZincWorkerModule.scalalibClasspath 
[1A[2K[9999D[66/70] os.jvm[3.3.1-RC1-bin-SNAPSHOT].test.forkEnv.overridden.mill.scalalib.JavaModule.forkEnv 
[1A[2K[9999D[67/70] os.jvm[3.3.1-RC1-bin-SNAPSHOT].test.forkEnv.overridden.mill.scalalib.JavaModule.forkEnv 
[1A[2K[9999D[68/70] os.jvm[3.3.1-RC1-bin-SNAPSHOT].test.forkEnv 
[1A[2K[9999D[69/70] os.jvm[3.3.1-RC1-bin-SNAPSHOT].test.forkWorkingDir 
[1A[2K[9999D[70/70] os.jvm[3.3.1-RC1-bin-SNAPSHOT].test.test 
-------------------------------- Running Tests --------------------------------
[32m+[39m test.os.FilesystemPermissionsTests.perms.0 [2m69ms[0m  
[32m+[39m test.os.FilesystemPermissionsTests.owner.0 [2m7ms[0m  
[32m+[39m test.os.FilesystemPermissionsTests.group.0 [2m8ms[0m  
-------------------------------- Running Tests --------------------------------
/Users/y3536zha/Desktop/scala_explicit/scala_flexible_type_with_test_script/community-build/community-projects/os-lib/os/test/resources/test/File.txt
/Users/y3536zha/Desktop/scala_explicit/scala_flexible_type_with_test_script/community-build/community-projects/os-lib/os/test/resources/test/misc
/Users/y3536zha/Desktop/scala_explicit/scala_flexible_type_with_test_script/community-build/community-projects/os-lib/os/test/resources/test/misc/echo
/Users/y3536zha/Desktop/scala_explicit/scala_flexible_type_with_test_script/community-build/community-projects/os-lib/os/test/resources/test/misc/file-symlink
/Users/y3536zha/Desktop/scala_explicit/scala_flexible_type_with_test_script/community-build/community-projects/os-lib/os/test/resources/test/misc/broken-abs-symlink
/Users/y3536zha/Desktop/scala_explicit/scala_flexible_type_with_test_script/community-build/community-projects/os-lib/os/test/resources/test/misc/binary.png
/Users/y3536zha/Desktop/scala_explicit/scala_flexible_type_with_test_script/community-build/community-projects/os-lib/os/test/resources/test/misc/folder-symlink
/Users/y3536zha/Desktop/scala_explicit/scala_flexible_type_with_test_script/community-build/community-projects/os-lib/os/test/resources/test/misc/broken-symlink
/Users/y3536zha/Desktop/scala_explicit/scala_flexible_type_with_test_script/community-build/community-projects/os-lib/os/test/resources/test/misc/echo_with_wd
/Users/y3536zha/Desktop/scala_explicit/scala_flexible_type_with_test_script/community-build/community-projects/os-lib/os/test/resources/test/Multi Line.txt
/Users/y3536zha/Desktop/scala_explicit/scala_flexible_type_with_test_script/community-build/community-projects/os-lib/os/test/resources/test/folder2
/Users/y3536zha/Desktop/scala_explicit/scala_flexible_type_with_test_script/community-build/community-projects/os-lib/os/test/resources/test/folder2/nestedA
/Users/y3536zha/Desktop/scala_explicit/scala_flexible_type_with_test_script/community-build/community-projects/os-lib/os/test/resources/test/folder2/nestedA/a.txt
/Users/y3536zha/Desktop/scala_explicit/scala_flexible_type_with_test_script/community-build/community-projects/os-lib/os/test/resources/test/folder2/nestedB
/Users/y3536zha/Desktop/scala_explicit/scala_flexible_type_with_test_script/community-build/community-projects/os-lib/os/test/resources/test/folder2/nestedB/b.txt
/Users/y3536zha/Desktop/scala_explicit/scala_flexible_type_with_test_script/community-build/community-projects/os-lib/os/test/resources/test/os
/Users/y3536zha/Desktop/scala_explicit/scala_flexible_type_with_test_script/community-build/community-projects/os-lib/os/test/resources/test/os/folder
/Users/y3536zha/Desktop/scala_explicit/scala_flexible_type_with_test_script/community-build/community-projects/os-lib/os/test/resources/test/os/folder/file.txt
/Users/y3536zha/Desktop/scala_explicit/scala_flexible_type_with_test_script/community-build/community-projects/os-lib/os/test/resources/test/folder1
/Users/y3536zha/Desktop/scala_explicit/scala_flexible_type_with_test_script/community-build/community-projects/os-lib/os/test/resources/test/folder1/one.txt
[32m+[39m test.os.OpTestsJvmOnly.lsR [2m64ms[0m  
[32m+[39m test.os.OpTestsJvmOnly.lsRecPermissions [2m5ms[0m  
[32m+[39m test.os.OpTestsJvmOnly.readResource.positive.absolute [2m29ms[0m  
[32m+[39m test.os.OpTestsJvmOnly.readResource.positive.relative [2m2ms[0m  
[32m+[39m test.os.OpTestsJvmOnly.readResource.negative.0 [2m22ms[0m  [34mos.ResourceNotFoundException: mill.api.ClassLoader$$anon$1@be64738/folder/file.txt[39m
[32m+[39m test.os.OpTestsJvmOnly.readResource.negative.1 [2m2ms[0m  [34mos.ResourceNotFoundException: mill.api.ClassLoader$$anon$1@be64738:test.os.Testing/test/os/folder/file.txt[39m
[32m+[39m test.os.OpTestsJvmOnly.readResource.negative.2 [2m1ms[0m  [34mos.ResourceNotFoundException: mill.api.ClassLoader$$anon$1@be64738:test.os.OpTestsJvmOnly$/test/os/folder/file.txt[39m
[32m+[39m test.os.OpTestsJvmOnly.readResource.negative.3 [2m0ms[0m  [34mos.ResourceNotFoundException: mill.api.ClassLoader$$anon$1@be64738/folder/file.txt[39m
[32m+[39m test.os.OpTestsJvmOnly.Mutating.cp.basic [2m48ms[0m  
[32m+[39m test.os.OpTestsJvmOnly.Mutating.cp.deep [2m11ms[0m  
[32m+[39m test.os.OpTestsJvmOnly.Mutating.cp.merging [2m8ms[0m  
[32m+[39m test.os.OpTestsJvmOnly.Mutating.mv.basic [2m11ms[0m  
[32m+[39m test.os.OpTestsJvmOnly.Mutating.mv.shallow.partialMoves [2m29ms[0m  
[32m+[39m test.os.OpTestsJvmOnly.Mutating.mv.shallow.fullMoves [2m10ms[0m  [34mscala.MatchError: /Users/y3536zha/Desktop/scala_explicit/scala_flexible_type_with_test_script/community-build/community-projects/os-lib/out/scratch/test/moving2/py.A (of class os.Path)[39m
[32m+[39m test.os.OpTestsJvmOnly.Mutating.mv.deep.partialMoves [2m18ms[0m  
[32m+[39m test.os.OpTestsJvmOnly.Mutating.mv.deep.fullMoves [2m11ms[0m  
[32m+[39m test.os.OpTestsJvmOnly.Mutating.mkdirRm.singleFolder [2m6ms[0m  
[32m+[39m test.os.OpTestsJvmOnly.Mutating.mkdirRm.nestedFolders [2m5ms[0m  
[32m+[39m test.os.OpTestsJvmOnly.Mutating.readWrite.simple [2m4ms[0m  
[32m+[39m test.os.OpTestsJvmOnly.Mutating.readWrite.autoMkdir [2m4ms[0m  
[32m+[39m test.os.OpTestsJvmOnly.Mutating.readWrite.binary [2m7ms[0m  
[32m+[39m test.os.OpTestsJvmOnly.Mutating.readWrite.concatenating [2m10ms[0m  
[32m+[39m test.os.OpTestsJvmOnly.Mutating.readWrite.writeAppend [2m5ms[0m  
[32m+[39m test.os.OpTestsJvmOnly.Mutating.readWrite.writeOver [2m4ms[0m  
[32m+[39m test.os.OpTestsJvmOnly.Mutating.readWrite.charset [2m6ms[0m  
[32m+[39m test.os.OpTestsJvmOnly.Mutating.Failures.nonexistant.0 [2m3ms[0m  [34mjava.nio.file.NoSuchFileException: /Users/y3536zha/Desktop/scala_explicit/scala_flexible_type_with_test_script/community-build/community-projects/os-lib/out/scratch/test/failures/nonexistent[39m
[32m+[39m test.os.OpTestsJvmOnly.Mutating.Failures.nonexistant.1 [2m2ms[0m  [34mjava.nio.file.NoSuchFileException: /Users/y3536zha/Desktop/scala_explicit/scala_flexible_type_with_test_script/community-build/community-projects/os-lib/out/scratch/test/failures/nonexistent[39m
[32m+[39m test.os.OpTestsJvmOnly.Mutating.Failures.nonexistant.2 [2m1ms[0m  [34mjava.nio.file.NoSuchFileException: /Users/y3536zha/Desktop/scala_explicit/scala_flexible_type_with_test_script/community-build/community-projects/os-lib/out/scratch/test/failures/nonexistent[39m
[32m+[39m test.os.OpTestsJvmOnly.Mutating.Failures.nonexistant.3 [2m1ms[0m  [34mjava.nio.file.NoSuchFileException: /Users/y3536zha/Desktop/scala_explicit/scala_flexible_type_with_test_script/community-build/community-projects/os-lib/out/scratch/test/failures/nonexistent[39m
[32m+[39m test.os.OpTestsJvmOnly.Mutating.Failures.collisions.0 [2m3ms[0m  [34mjava.nio.file.FileAlreadyExistsException: /Users/y3536zha/Desktop/scala_explicit/scala_flexible_type_with_test_script/community-build/community-projects/os-lib/out/scratch/test/failures/folder[39m
[32m+[39m test.os.OpTestsJvmOnly.Mutating.Failures.collisions.1 [2m3ms[0m  [34mjava.nio.file.FileAlreadyExistsException: /Users/y3536zha/Desktop/scala_explicit/scala_flexible_type_with_test_script/community-build/community-projects/os-lib/out/scratch/test/failures/folder[39m
[32m+[39m test.os.OpTestsJvmOnly.Mutating.Failures.collisions.2 [2m3ms[0m  [34mjava.nio.file.FileAlreadyExistsException: /Users/y3536zha/Desktop/scala_explicit/scala_flexible_type_with_test_script/community-build/community-projects/os-lib/out/scratch/test/failures/file[39m
-------------------------------- Running Tests --------------------------------
  % Total    % Received % Xferd  Average Speed   Time    Time     Time  Current
                                 Dload  Upload   Total   Spent    Left  Speed
  0     0    0     0    0     0      0      0 --:--:-- --:--:-- --:--:--     0  0     0    0     0    0     0      0      0 --:--:-- --:--:-- --:--:--     0
100 53814  100 53814    0     0   115k      0 --:--:-- --:--:-- --:--:--  115k
[32m+[39m test.os.ExampleTests.splash [2m560ms[0m  
[32m+[39m test.os.ExampleTests.concatTxt [2m7ms[0m  
[32m+[39m test.os.ExampleTests.subprocessConcat [2m26ms[0m  
  % Total    % Received % Xferd  Average Speed   Time    Time     Time  Current
                                 Dload  Upload   Total   Spent    Left  Speed
  0     0    0     0    0     0      0      0 --:--:-- --:--:-- --:--:--     0  0     0    0     0    0     0      0      0 --:--:-- --:--:-- --:--:--     0
100 53814  100 53814    0     0   323k      0 --:--:-- --:--:-- --:--:--  323k
  % Total    % Received % Xferd  Average Speed   Time    Time     Time  Current
                                 Dload  Upload   Total   Spent    Left  Speed
  0     0    0     0    0     0      0      0 --:--:-- --:--:-- --:--:--     0  0     0    0     0    0     0      0      0 --:--:-- --:--:-- --:--:--     0
100 53814  100 53814    0     0   365k      0 --:--:-- --:--:-- --:--:--  365k
[32m+[39m test.os.ExampleTests.curlToTempFile [2m357ms[0m  
[32m+[39m test.os.ExampleTests.lineCount [2m12ms[0m  
[32m+[39m test.os.ExampleTests.largestThree [2m15ms[0m  
[32m+[39m test.os.ExampleTests.moveOut [2m9ms[0m  [34mArraySeq((), (), (), (), (), (), ())[39m
[32m+[39m test.os.ExampleTests.frequency [2m15ms[0m  [34mList((I,4), (Contents,3), (of,3), (nested,2), (am,2), (cow,2), (as,2), (barbecue,1), (weigh,1), (good,1), (look,1), (B,1), (much,1), (Hear,1), (moo,1), (the,1), (A,1), (And,1), (twice,1), (you,1), (contents,1), (folder,1), (on,1), (me,1), (file,1), (lols,1), (one,1))[39m
out/scratch/folder/thing/file
[32m+[39m test.os.ExampleTests.comparison [2m5ms[0m  
[32m+[39m test.os.ExampleTests.constructingPaths [2m0ms[0m  [34m/Users/y3536zha/Desktop/scala_explicit/scala_flexible_type_with_test_script/community-build[39m
[32m+[39m test.os.ExampleTests.newPath [2m0ms[0m  
[32m+[39m test.os.ExampleTests.relPaths [2m1ms[0m  [34mfolder/file[39m
[32m+[39m test.os.ExampleTests.subPaths [2m1ms[0m  [34mjava.lang.IllegalArgumentException: requirement failed[39m
[32m+[39m test.os.ExampleTests.relSubPathEquality [2m1ms[0m  
[32m+[39m test.os.ExampleTests.relPathCombine [2m0ms[0m  
[32m+[39m test.os.ExampleTests.subPathCombine [2m1ms[0m  
[32m+[39m test.os.ExampleTests.pathUp [2m0ms[0m  
[32m+[39m test.os.ExampleTests.relPathUp [2m0ms[0m  
[32m+[39m test.os.ExampleTests.relPathUp [2m0ms[0m  
[32m+[39m test.os.ExampleTests.canonical [2m0ms[0m  
[32m+[39m test.os.ExampleTests.findWc [2m11ms[0m  
[32m+[39m test.os.ExampleTests.Source code line length does not exceed 100 [2m66ms[0m  
[32m+[39m test.os.ExampleTests.rename [2m0ms[0m  
[32m+[39m test.os.ExampleTests.allSubpathsResolveCorrectly [2m70ms[0m  
-------------------------------- Running Tests --------------------------------
[32m+[39m test.os.ReadingWritingTests.read.0 [2m9ms[0m  
[32m+[39m test.os.ReadingWritingTests.read.inputStream.0 [2m7ms[0m  
[32m+[39m test.os.ReadingWritingTests.read.bytes.0 [2m7ms[0m  
[32m+[39m test.os.ReadingWritingTests.read.chunks.0 [2m8ms[0m  
[32m+[39m test.os.ReadingWritingTests.read.lines.0 [2m8ms[0m  
I am cow
Hear me moo
I weigh twice as much as you
And I look good on the barbecue
[32m+[39m test.os.ReadingWritingTests.read.lines.stream.0 [2m9ms[0m  
[32m+[39m test.os.ReadingWritingTests.write.0 [2m11ms[0m  
[32m+[39m test.os.ReadingWritingTests.write.append.0 [2m9ms[0m  
[32m+[39m test.os.ReadingWritingTests.write.over.0 [2m8ms[0m  
[32m+[39m test.os.ReadingWritingTests.write.inputStream.0 [2m7ms[0m  
[32m+[39m test.os.ReadingWritingTests.truncate.0 [2m9ms[0m  
-------------------------------- Running Tests --------------------------------
[32m+[39m test.os.OpTests.ls [2m2ms[0m  
[32m+[39m test.os.OpTests.rm [2m1ms[0m  [34mjava.nio.file.NoSuchFileException: /Users/y3536zha/Desktop/scala_explicit/scala_flexible_type_with_test_script/community-build/community-projects/os-lib/out/scratch/nonexistent[39m
-------------------------------- Running Tests --------------------------------
[32m+[39m test.os.ListingWalkingTests.list.0 [2m11ms[0m  
/Users/y3536zha/Desktop/scala_explicit/scala_flexible_type_with_test_script/community-build/community-projects/os-lib/out/scratch/ListingWalkingTests/tests/list/stream/0/folder2/nestedA
/Users/y3536zha/Desktop/scala_explicit/scala_flexible_type_with_test_script/community-build/community-projects/os-lib/out/scratch/ListingWalkingTests/tests/list/stream/0/folder2/nestedB
[32m+[39m test.os.ListingWalkingTests.list.stream.0 [2m8ms[0m  
[32m+[39m test.os.ListingWalkingTests.walk.0 [2m10ms[0m  
[32m+[39m test.os.ListingWalkingTests.walk.attrs.0 [2m12ms[0m  
[32m+[39m test.os.ListingWalkingTests.walk.stream.0 [2m19ms[0m  
[32m+[39m test.os.ListingWalkingTests.walk.stream.attrs.0 [2m13ms[0m  
-------------------------------- Running Tests --------------------------------
[32m+[39m test.os.ManipulatingFilesFoldersTests.exists.0 [2m9ms[0m  
[32m+[39m test.os.ManipulatingFilesFoldersTests.move.0 [2m10ms[0m  
[32m+[39m test.os.ManipulatingFilesFoldersTests.move.matching.0 [2m13ms[0m  
[32m+[39m test.os.ManipulatingFilesFoldersTests.move.into.0 [2m12ms[0m  
[32m+[39m test.os.ManipulatingFilesFoldersTests.move.over.0 [2m10ms[0m  
[32m+[39m test.os.ManipulatingFilesFoldersTests.copy.0 [2m20ms[0m  
[32m+[39m test.os.ManipulatingFilesFoldersTests.copy.into.0 [2m7ms[0m  
[32m+[39m test.os.ManipulatingFilesFoldersTests.copy.over.0 [2m17ms[0m  
[32m+[39m test.os.ManipulatingFilesFoldersTests.copy.symlinks [2m10ms[0m  
[32m+[39m test.os.ManipulatingFilesFoldersTests.makeDir.0 [2m8ms[0m  
[32m+[39m test.os.ManipulatingFilesFoldersTests.makeDir.all.0 [2m6ms[0m  
[32m+[39m test.os.ManipulatingFilesFoldersTests.remove.0 [2m6ms[0m  
[32m+[39m test.os.ManipulatingFilesFoldersTests.remove.link.0 [2m6ms[0m  
[32m+[39m test.os.ManipulatingFilesFoldersTests.remove.all.0 [2m12ms[0m  
[32m+[39m test.os.ManipulatingFilesFoldersTests.remove.all.link.0 [2m7ms[0m  
[32m+[39m test.os.ManipulatingFilesFoldersTests.hardlink.0 [2m13ms[0m  
[32m+[39m test.os.ManipulatingFilesFoldersTests.symlink.0 [2m9ms[0m  
[32m+[39m test.os.ManipulatingFilesFoldersTests.followLink.0 [2m11ms[0m  
[32m+[39m test.os.ManipulatingFilesFoldersTests.readLink.0 [2m7ms[0m  
[32m+[39m test.os.ManipulatingFilesFoldersTests.temp.0 [2m9ms[0m  
[32m+[39m test.os.ManipulatingFilesFoldersTests.temp.dir.0 [2m9ms[0m  
-------------------------------- Running Tests --------------------------------
[32m+[39m test.os.PathTestsJvmOnly.construction.symlinks.nestedSymlinks [2m7ms[0m  
[32m+[39m test.os.PathTestsJvmOnly.construction.symlinks.danglingSymlink [2m5ms[0m  
-------------------------------- Running Tests --------------------------------
[32m+[39m test.os.PathTests.Basic.Transformers [2m4ms[0m  
[32m+[39m test.os.PathTests.Basic.BasePath.baseName [2m1ms[0m  
[32m+[39m test.os.PathTests.Basic.BasePath.ext [2m0ms[0m  
[32m+[39m test.os.PathTests.Basic.BasePath.emptyExt [2m0ms[0m  
[32m+[39m test.os.PathTests.Basic.BasePath.emptyLast [2m2ms[0m  
[32m+[39m test.os.PathTests.Basic.RelPath.Constructors.Symbol [2m1ms[0m  
[32m+[39m test.os.PathTests.Basic.RelPath.Constructors.String [2m0ms[0m  
[32m+[39m test.os.PathTests.Basic.RelPath.Constructors.Combos.ArrayString [2m8ms[0m  
[32m+[39m test.os.PathTests.Basic.RelPath.Constructors.Combos.ArraySymbol [2m0ms[0m  
[32m+[39m test.os.PathTests.Basic.RelPath.Constructors.Combos.SeqString [2m0ms[0m  
[32m+[39m test.os.PathTests.Basic.RelPath.Constructors.Combos.SeqSymbol [2m0ms[0m  
[32m+[39m test.os.PathTests.Basic.RelPath.Constructors.Combos.SeqSeqSeqSymbol [2m1ms[0m  
[32m+[39m test.os.PathTests.Basic.RelPath.Relativize.0 [2m1ms[0m  
[32m+[39m test.os.PathTests.Basic.RelPath.Relativize.1 [2m0ms[0m  
[32m+[39m test.os.PathTests.Basic.RelPath.Relativize.2 [2m0ms[0m  
[32m+[39m test.os.PathTests.Basic.RelPath.Relativize.3 [2m0ms[0m  
[32m+[39m test.os.PathTests.Basic.RelPath.Relativize.4 [2m0ms[0m  
[32m+[39m test.os.PathTests.Basic.RelPath.Relativize.5 [2m1ms[0m  [34mos.PathError$NoRelativePath: Can't relativize relative paths omg/bbq from ../omg/bbq[39m
[32m+[39m test.os.PathTests.Basic.SubPath.Constructors.Symbol [2m2ms[0m  
[32m+[39m test.os.PathTests.Basic.SubPath.Constructors.String [2m0ms[0m  
[32m+[39m test.os.PathTests.Basic.SubPath.Constructors.Combos.ArrayString [2m1ms[0m  
[32m+[39m test.os.PathTests.Basic.SubPath.Constructors.Combos.ArraySymbol [2m0ms[0m  
[32m+[39m test.os.PathTests.Basic.SubPath.Constructors.Combos.SeqString [2m0ms[0m  
[32m+[39m test.os.PathTests.Basic.SubPath.Constructors.Combos.SeqSymbol [2m0ms[0m  
[32m+[39m test.os.PathTests.Basic.SubPath.Constructors.Combos.SeqSeqSeqSymbol [2m1ms[0m  
[32m+[39m test.os.PathTests.Basic.SubPath.Relativize.0 [2m1ms[0m  
[32m+[39m test.os.PathTests.Basic.SubPath.Relativize.1 [2m0ms[0m  
[32m+[39m test.os.PathTests.Basic.SubPath.Relativize.2 [2m0ms[0m  
[32m+[39m test.os.PathTests.Basic.SubPath.Relativize.3 [2m0ms[0m  
[32m+[39m test.os.PathTests.Basic.AbsPath.Constructor [2m0ms[0m  
[32m+[39m test.os.PathTests.Basic.AbsPath.Relativize.0 [2m1ms[0m  
[32m+[39m test.os.PathTests.Basic.AbsPath.Relativize.1 [2m0ms[0m  
[32m+[39m test.os.PathTests.Basic.AbsPath.Relativize.2 [2m0ms[0m  
[32m+[39m test.os.PathTests.Basic.AbsPath.Relativize.3 [2m1ms[0m  
[32m+[39m test.os.PathTests.Basic.AbsPath.Relativize.4 [2m1ms[0m  [34mos.PathError$NoRelativePath: Can't relativize relative paths omg/bbq from ../omg/bbq[39m
[32m+[39m test.os.PathTests.Basic.Ups.RelativeUps [2m1ms[0m  
[32m+[39m test.os.PathTests.Basic.Ups.AbsoluteUps [2m0ms[0m  [34mos.PathError$AbsolutePathOutsideRoot$: The path created has enough ..s that it would start outside the root directory[39m
[32m+[39m test.os.PathTests.Basic.Ups.RootUpBreak [2m1ms[0m  [34mos.PathError$AbsolutePathOutsideRoot$: The path created has enough ..s that it would start outside the root directory[39m
[32m+[39m test.os.PathTests.Basic.Comparison.Relative [2m5ms[0m  
[32m+[39m test.os.PathTests.Basic.Comparison.Absolute [2m0ms[0m  
[32m+[39m test.os.PathTests.Basic.Comparison.Invalid [2m4ms[0m 
  [34mType("omg"/"wtf" > root/"omg"/"wtf"[39m
  [34m     ^,value / is not a member of String, but could be made available as an extension method.[39m
  [34m
One of the following imports might make progress towards fixing the problem:[39m
  [34m
  import math.Fractional.Implicits.infixFractionalOps[39m
  [34m  import math.Integral.Implicits.infixIntegralOps[39m
  [34m  import sourcecode.Text.generate[39m
  [34m
)[39m
[32m+[39m test.os.PathTests.Errors.InvalidChars [2m5ms[0m  
[32m+[39m test.os.PathTests.Errors.InvalidSegments [2m1ms[0m  [34mos.PathError$InvalidSegment: [..] is not a valid path segment. OS-Lib does not allow [..] as a path segment If you are dealing with path-strings coming from external sources, use the Path(...) or RelPath(...) constructor calls to convert them. If you want to use the `..` segment manually to represent going up one level in the path, use the `up` segment from `os.up` e.g. an external path foo/bar/../baz translates into 'foo/'bar/up/'baz.[39m
[32m+[39m test.os.PathTests.Errors.EmptySegment [2m1ms[0m  [34mos.PathError$InvalidSegment: [..] is not a valid path segment. OS-Lib does not allow [..] as a path segment If you are dealing with path-strings coming from external sources, use the Path(...) or RelPath(...) constructor calls to convert them. If you want to use the `..` segment manually to represent going up one level in the path, use the `up` segment from `os.up` e.g. an external path foo/bar/../baz translates into 'foo/'bar/up/'baz.[39m
[32m+[39m test.os.PathTests.Errors.CannotRelativizeAbsAndRel [2m0ms[0m  
[32m+[39m test.os.PathTests.Errors.InvalidCasts [2m3ms[0m  
[32m+[39m test.os.PathTests.Errors.Pollution [2m0ms[0m 
  [34mType( "omg".ext[39m
  [34m       ^,value ext is not a member of String, but could be made available as an extension method.[39m
  [34m
The following import might make progress towards fixing the problem:[39m
  [34m
  import sourcecode.Text.generate[39m
  [34m
)[39m
[32m+[39m test.os.PathTests.Extractors.paths [2m0ms[0m  
[32m+[39m test.os.PathTests.sorting.0 [2m0ms[0m  
[32m+[39m test.os.PathTests.sorting.1 [2m0ms[0m  
[32m+[39m test.os.PathTests.sorting.2 [2m0ms[0m  
[32m+[39m test.os.PathTests.construction.success [2m1ms[0m  
[32m+[39m test.os.PathTests.construction.basepath [2m0ms[0m  
[32m+[39m test.os.PathTests.construction.based [2m0ms[0m  
[32m+[39m test.os.PathTests.construction.failure [2m1ms[0m  
-------------------------------- Running Tests --------------------------------
[32m+[39m test.os.SubprocessTests.lines [2m20ms[0m  
[32m+[39m test.os.SubprocessTests.string [2m14ms[0m  
[32m+[39m test.os.SubprocessTests.bytes [2m12ms[0m  
[32m+[39m test.os.SubprocessTests.chained [2m72ms[0m  
[32m+[39m test.os.SubprocessTests.basicList [2m13ms[0m  
[32m+[39m test.os.SubprocessTests.listMixAndMatch [2m12ms[0m  
[32m+[39m test.os.SubprocessTests.failures [2m19ms[0m  
[32m+[39m test.os.SubprocessTests.filebased [2m25ms[0m  
[32m+[39m test.os.SubprocessTests.filebased2 [2m19ms[0m  
[32m+[39m test.os.SubprocessTests.charSequence [2m12ms[0m  
[32m+[39m test.os.SubprocessTests.envArgs [2m49ms[0m  
[32m+[39m test.os.SubprocessTests.multiChunk.bashC [2m10ms[0m  
[32m+[39m test.os.SubprocessTests.multiChunk.jarTf [2m220ms[0m  
[32m+[39m test.os.SubprocessTests.workingDirectory [2m18ms[0m  
[32m+[39m test.os.SubprocessTests.customWorkingDir [2m12ms[0m  
[32m+[39m test.os.SubprocessTests.fileCustomWorkingDir [2m7ms[0m  
-------------------------------- Running Tests --------------------------------
ls: doesnt-exist: No such file or directory
[32m+[39m test.os.SpawningSubprocessesTests.proc.call.0 [2m79ms[0m  
[32m+[39m test.os.SpawningSubprocessesTests.proc.call.1 [2m2014ms[0m  
[32m+[39m test.os.SpawningSubprocessesTests.proc.stream.0 [2m18ms[0m  
[32m+[39m test.os.SpawningSubprocessesTests.proc.stream.1 [2m19ms[0m  
[32m+[39m test.os.SpawningSubprocessesTests.proc.spawn.0 [2m16ms[0m  
[32m+[39m test.os.SpawningSubprocessesTests.proc.spawn callback.0 [2m16ms[0m  
-------------------------------- Running Tests --------------------------------
[32m+[39m test.os.FilesystemMetadataTests.stat.0 [2m8ms[0m  
[32m+[39m test.os.FilesystemMetadataTests.isFile.0 [2m5ms[0m  
[32m+[39m test.os.FilesystemMetadataTests.isDir.0 [2m5ms[0m  
[32m+[39m test.os.FilesystemMetadataTests.isLink.0 [2m5ms[0m  
[32m+[39m test.os.FilesystemMetadataTests.size.0 [2m6ms[0m  
[32m+[39m test.os.FilesystemMetadataTests.mtime.0 [2m10ms[0m  
[32m[SUCCESS os-lib][0m
[32m[os-lib DONE RUNNING][0m
[info] Test run dotty.communitybuild.CommunityBuildTestC finished: 0 failed, 0 ignored, 1 total, 138.93s
[info] Test run dotty.communitybuild.CommunityBuildTestB started
[info] Test run dotty.communitybuild.CommunityBuildTestB finished: 0 failed, 0 ignored, 0 total, 0.0s
[info] Passed: Total 1, Failed 0, Errors 0, Passed 1
[success] Total time: 184 s (03:04), completed Jun 14, 2023, 1:42:23 AM
