[info] welcome to sbt 1.8.0 (Oracle Corporation Java 9.0.4)
[info] loading global plugins from /Users/y3536zha/.sbt/1.0/plugins
[info] loading settings for project scala_flexible_type_with_test_script-build-build from build.sbt ...
[info] loading project definition from /Users/y3536zha/Desktop/scala_explicit_unsafe/scala_flexible_type_with_test_script/project/project
[info] loading settings for project scala_flexible_type_with_test_script-build from build.sbt,plugins.sbt ...
[info] loading project definition from /Users/y3536zha/Desktop/scala_explicit_unsafe/scala_flexible_type_with_test_script/project
[info] loading settings for project scala3 from build.sbt ...
[info] resolving key references (31394 settings) ...
[info] set current project to scala3 (in build file:/Users/y3536zha/Desktop/scala_explicit_unsafe/scala_flexible_type_with_test_script/)
SLF4J: No SLF4J providers were found.
SLF4J: Defaulting to no-operation (NOP) logger implementation
SLF4J: See https://www.slf4j.org/codes.html#noProviders for further details.
SLF4J: Class path contains SLF4J bindings targeting slf4j-api versions 1.7.x or earlier.
SLF4J: Ignoring binding found at [jar:file:/Users/y3536zha/.sbt/boot/scala-2.12.17/org.scala-sbt/sbt/1.8.0/log4j-slf4j-impl-2.17.1.jar!/org/slf4j/impl/StaticLoggerBinder.class]
SLF4J: See https://www.slf4j.org/codes.html#ignoredBindings for an explanation.
[info] Wrote /Users/y3536zha/Desktop/scala_explicit_unsafe/scala_flexible_type_with_test_script/interfaces/target/scala3-interfaces-3.3.1-RC1-bin-SNAPSHOT.pom
[info] Wrote /Users/y3536zha/Desktop/scala_explicit_unsafe/scala_flexible_type_with_test_script/library/../out/bootstrap/scala3-library-bootstrapped/scala-3.3.1-RC1-bin-SNAPSHOT-nonbootstrapped/scala3-library_3-3.3.1-RC1-bin-SNAPSHOT.pom
[info] Wrote /Users/y3536zha/Desktop/scala_explicit_unsafe/scala_flexible_type_with_test_script/library-js/../out/bootstrap/scala3-library-bootstrappedJS/scala-3.3.1-RC1-bin-SNAPSHOT-nonbootstrapped/scala3-library_sjs1_3-3.3.1-RC1-bin-SNAPSHOT.pom
[info] Wrote /Users/y3536zha/Desktop/scala_explicit_unsafe/scala_flexible_type_with_test_script/sbt-community-build/target/scala-2.12/sbt-1.0/sbt-community-build-0.1.0-SNAPSHOT.pom
[info] Wrote /Users/y3536zha/Desktop/scala_explicit_unsafe/scala_flexible_type_with_test_script/tasty/../out/bootstrap/tasty-core-bootstrapped/scala-3.3.1-RC1-bin-SNAPSHOT-nonbootstrapped/tasty-core_3-3.3.1-RC1-bin-SNAPSHOT.pom
[info] Wrote /Users/y3536zha/Desktop/scala_explicit_unsafe/scala_flexible_type_with_test_script/compiler/../out/bootstrap/scala3-compiler-bootstrapped/scala-3.3.1-RC1-bin-SNAPSHOT-nonbootstrapped/scala3-compiler_3-3.3.1-RC1-bin-SNAPSHOT.pom
[info] Wrote /Users/y3536zha/Desktop/scala_explicit_unsafe/scala_flexible_type_with_test_script/tasty-inspector/../out/bootstrap/scala3-tasty-inspector/scala-3.3.1-RC1-bin-SNAPSHOT-nonbootstrapped/scala3-tasty-inspector_3-3.3.1-RC1-bin-SNAPSHOT.pom
[info] Wrote /Users/y3536zha/Desktop/scala_explicit_unsafe/scala_flexible_type_with_test_script/sbt-bridge/src/target/scala3-sbt-bridge-3.3.1-RC1-bin-SNAPSHOT.pom
[info] Wrote /Users/y3536zha/Desktop/scala_explicit_unsafe/scala_flexible_type_with_test_script/scaladoc/../out/bootstrap/scaladoc/scala-3.3.1-RC1-bin-SNAPSHOT-nonbootstrapped/scaladoc_3-3.3.1-RC1-bin-SNAPSHOT.pom
[info] :: delivering :: org.scala-lang#scala3-interfaces;3.3.1-RC1-bin-SNAPSHOT :: 3.3.1-RC1-bin-SNAPSHOT :: integration :: Wed Jun 14 03:28:39 EDT 2023
[info] 	delivering ivy file to /Users/y3536zha/Desktop/scala_explicit_unsafe/scala_flexible_type_with_test_script/interfaces/target/ivy-3.3.1-RC1-bin-SNAPSHOT.xml
[info] 	published scala3-interfaces to /Users/y3536zha/.ivy2/local/org.scala-lang/scala3-interfaces/3.3.1-RC1-bin-SNAPSHOT/poms/scala3-interfaces.pom
[info] 	published scala3-interfaces to /Users/y3536zha/.ivy2/local/org.scala-lang/scala3-interfaces/3.3.1-RC1-bin-SNAPSHOT/jars/scala3-interfaces.jar
[info] 	published scala3-interfaces to /Users/y3536zha/.ivy2/local/org.scala-lang/scala3-interfaces/3.3.1-RC1-bin-SNAPSHOT/srcs/scala3-interfaces-sources.jar
[info] 	published scala3-interfaces to /Users/y3536zha/.ivy2/local/org.scala-lang/scala3-interfaces/3.3.1-RC1-bin-SNAPSHOT/docs/scala3-interfaces-javadoc.jar
[info] 	published ivy to /Users/y3536zha/.ivy2/local/org.scala-lang/scala3-interfaces/3.3.1-RC1-bin-SNAPSHOT/ivys/ivy.xml
[info] :: delivering :: ch.epfl.lamp#sbt-community-build;0.1.0-SNAPSHOT :: 0.1.0-SNAPSHOT :: integration :: Wed Jun 14 03:28:39 EDT 2023
[info] 	delivering ivy file to /Users/y3536zha/Desktop/scala_explicit_unsafe/scala_flexible_type_with_test_script/sbt-community-build/target/scala-2.12/sbt-1.0/ivy-0.1.0-SNAPSHOT.xml
[info] 	published sbt-community-build to /Users/y3536zha/.ivy2/local/ch.epfl.lamp/sbt-community-build/scala_2.12/sbt_1.0/0.1.0-SNAPSHOT/poms/sbt-community-build.pom
[info] 	published sbt-community-build to /Users/y3536zha/.ivy2/local/ch.epfl.lamp/sbt-community-build/scala_2.12/sbt_1.0/0.1.0-SNAPSHOT/jars/sbt-community-build.jar
[info] 	published sbt-community-build to /Users/y3536zha/.ivy2/local/ch.epfl.lamp/sbt-community-build/scala_2.12/sbt_1.0/0.1.0-SNAPSHOT/srcs/sbt-community-build-sources.jar
[info] 	published sbt-community-build to /Users/y3536zha/.ivy2/local/ch.epfl.lamp/sbt-community-build/scala_2.12/sbt_1.0/0.1.0-SNAPSHOT/docs/sbt-community-build-javadoc.jar
[info] 	published ivy to /Users/y3536zha/.ivy2/local/ch.epfl.lamp/sbt-community-build/scala_2.12/sbt_1.0/0.1.0-SNAPSHOT/ivys/ivy.xml
[info] :: delivering :: org.scala-lang#scala3-sbt-bridge;3.3.1-RC1-bin-SNAPSHOT :: 3.3.1-RC1-bin-SNAPSHOT :: integration :: Wed Jun 14 03:28:42 EDT 2023
[info] 	delivering ivy file to /Users/y3536zha/Desktop/scala_explicit_unsafe/scala_flexible_type_with_test_script/sbt-bridge/src/target/ivy-3.3.1-RC1-bin-SNAPSHOT.xml
[info] 	published scala3-sbt-bridge to /Users/y3536zha/.ivy2/local/org.scala-lang/scala3-sbt-bridge/3.3.1-RC1-bin-SNAPSHOT/poms/scala3-sbt-bridge.pom
[info] 	published scala3-sbt-bridge to /Users/y3536zha/.ivy2/local/org.scala-lang/scala3-sbt-bridge/3.3.1-RC1-bin-SNAPSHOT/jars/scala3-sbt-bridge.jar
[info] 	published scala3-sbt-bridge to /Users/y3536zha/.ivy2/local/org.scala-lang/scala3-sbt-bridge/3.3.1-RC1-bin-SNAPSHOT/srcs/scala3-sbt-bridge-sources.jar
[info] 	published scala3-sbt-bridge to /Users/y3536zha/.ivy2/local/org.scala-lang/scala3-sbt-bridge/3.3.1-RC1-bin-SNAPSHOT/docs/scala3-sbt-bridge-javadoc.jar
[info] 	published ivy to /Users/y3536zha/.ivy2/local/org.scala-lang/scala3-sbt-bridge/3.3.1-RC1-bin-SNAPSHOT/ivys/ivy.xml
[info] :: delivering :: org.scala-lang#tasty-core_3;3.3.1-RC1-bin-SNAPSHOT :: 3.3.1-RC1-bin-SNAPSHOT :: integration :: Wed Jun 14 03:28:49 EDT 2023
[info] 	delivering ivy file to /Users/y3536zha/Desktop/scala_explicit_unsafe/scala_flexible_type_with_test_script/out/bootstrap/tasty-core-bootstrapped/scala-3.3.1-RC1-bin-SNAPSHOT-nonbootstrapped/ivy-3.3.1-RC1-bin-SNAPSHOT.xml
[info] 	published tasty-core_3 to /Users/y3536zha/.ivy2/local/org.scala-lang/tasty-core_3/3.3.1-RC1-bin-SNAPSHOT/poms/tasty-core_3.pom
[info] 	published tasty-core_3 to /Users/y3536zha/.ivy2/local/org.scala-lang/tasty-core_3/3.3.1-RC1-bin-SNAPSHOT/jars/tasty-core_3.jar
[info] 	published tasty-core_3 to /Users/y3536zha/.ivy2/local/org.scala-lang/tasty-core_3/3.3.1-RC1-bin-SNAPSHOT/srcs/tasty-core_3-sources.jar
[info] 	published tasty-core_3 to /Users/y3536zha/.ivy2/local/org.scala-lang/tasty-core_3/3.3.1-RC1-bin-SNAPSHOT/docs/tasty-core_3-javadoc.jar
[info] 	published ivy to /Users/y3536zha/.ivy2/local/org.scala-lang/tasty-core_3/3.3.1-RC1-bin-SNAPSHOT/ivys/ivy.xml
[info] Main Scala API documentation to /Users/y3536zha/Desktop/scala_explicit_unsafe/scala_flexible_type_with_test_script/library-js/../out/bootstrap/scala3-library-bootstrappedJS/scala-3.3.1-RC1-bin-SNAPSHOT-nonbootstrapped/api...
[info] Main Scala API documentation to /Users/y3536zha/Desktop/scala_explicit_unsafe/scala_flexible_type_with_test_script/library/../out/bootstrap/scala3-library-bootstrapped/scala-3.3.1-RC1-bin-SNAPSHOT-nonbootstrapped/api...
[info] waiting for lock on /Users/y3536zha/.ivy2/.sbt.ivy.lock to be available...
[info] :: delivering :: org.scala-lang#scala3-tasty-inspector_3;3.3.1-RC1-bin-SNAPSHOT :: 3.3.1-RC1-bin-SNAPSHOT :: integration :: Wed Jun 14 03:28:50 EDT 2023
[info] 	delivering ivy file to /Users/y3536zha/Desktop/scala_explicit_unsafe/scala_flexible_type_with_test_script/out/bootstrap/scala3-tasty-inspector/scala-3.3.1-RC1-bin-SNAPSHOT-nonbootstrapped/ivy-3.3.1-RC1-bin-SNAPSHOT.xml
[info] :: delivering :: org.scala-lang#scaladoc_3;3.3.1-RC1-bin-SNAPSHOT :: 3.3.1-RC1-bin-SNAPSHOT :: integration :: Wed Jun 14 03:28:50 EDT 2023
[info] 	delivering ivy file to /Users/y3536zha/Desktop/scala_explicit_unsafe/scala_flexible_type_with_test_script/out/bootstrap/scaladoc/scala-3.3.1-RC1-bin-SNAPSHOT-nonbootstrapped/ivy-3.3.1-RC1-bin-SNAPSHOT.xml
[info] 	published scala3-tasty-inspector_3 to /Users/y3536zha/.ivy2/local/org.scala-lang/scala3-tasty-inspector_3/3.3.1-RC1-bin-SNAPSHOT/poms/scala3-tasty-inspector_3.pom
[info] 	published scala3-tasty-inspector_3 to /Users/y3536zha/.ivy2/local/org.scala-lang/scala3-tasty-inspector_3/3.3.1-RC1-bin-SNAPSHOT/jars/scala3-tasty-inspector_3.jar
[info] 	published scala3-tasty-inspector_3 to /Users/y3536zha/.ivy2/local/org.scala-lang/scala3-tasty-inspector_3/3.3.1-RC1-bin-SNAPSHOT/srcs/scala3-tasty-inspector_3-sources.jar
[info] 	published scala3-tasty-inspector_3 to /Users/y3536zha/.ivy2/local/org.scala-lang/scala3-tasty-inspector_3/3.3.1-RC1-bin-SNAPSHOT/docs/scala3-tasty-inspector_3-javadoc.jar
[info] 	published ivy to /Users/y3536zha/.ivy2/local/org.scala-lang/scala3-tasty-inspector_3/3.3.1-RC1-bin-SNAPSHOT/ivys/ivy.xml
[info] 	published scaladoc_3 to /Users/y3536zha/.ivy2/local/org.scala-lang/scaladoc_3/3.3.1-RC1-bin-SNAPSHOT/poms/scaladoc_3.pom
[info] 	published scaladoc_3 to /Users/y3536zha/.ivy2/local/org.scala-lang/scaladoc_3/3.3.1-RC1-bin-SNAPSHOT/jars/scaladoc_3.jar
[info] 	published scaladoc_3 to /Users/y3536zha/.ivy2/local/org.scala-lang/scaladoc_3/3.3.1-RC1-bin-SNAPSHOT/srcs/scaladoc_3-sources.jar
[info] 	published scaladoc_3 to /Users/y3536zha/.ivy2/local/org.scala-lang/scaladoc_3/3.3.1-RC1-bin-SNAPSHOT/docs/scaladoc_3-javadoc.jar
[info] 	published ivy to /Users/y3536zha/.ivy2/local/org.scala-lang/scaladoc_3/3.3.1-RC1-bin-SNAPSHOT/ivys/ivy.xml
[warn] bad option '-project-version 3.3.1-RC1-bin-SNAPSHOT' was ignored
[warn] Setting -skip-by-regex set to .+\.internal($|\..+) redundantly
[warn] Setting -skip-by-regex set to .+\.impl($|\..+) redundantly
[warn] Setting -skip-by-regex set to .+\.internal($|\..+) redundantly
[warn] Flag -project-logo set repeatedly
[warn] Setting -skip-by-regex set to .+\.impl($|\..+) redundantly
[warn] Setting -social-links set to github::https://github.com/lampepfl/dotty redundantly
[warn] Setting -skip-by-id set to scala.runtime.stdLibPatches redundantly
[warn] Setting -social-links set to discord::https://discord.com/invite/scala redundantly
[warn] Setting -skip-by-id set to scala.runtime.MatchCase redundantly
[warn] Setting -social-links set to twitter::https://twitter.com/scala_lang redundantly
[warn] Setting -skip-by-id set to scala.runtime.stdLibPatches redundantly
[warn] bad option '-project-logo docs/_assets/images/logo.svg' was ignored
[warn] Setting -skip-by-id set to scala.runtime.MatchCase redundantly
[warn] Setting -social-links set to github::https://github.com/lampepfl/dotty redundantly
[warn] Flag -project-footer set repeatedly
[warn] Setting -social-links set to discord::https://discord.com/invite/scala redundantly
[warn] Flag -author set repeatedly
[warn] Setting -social-links set to twitter::https://twitter.com/scala_lang redundantly
[warn] Flag -groups set repeatedly
[warn] bad option '-project-footer "Copyright (c) 2002-2023, LAMP/EPFL"' was ignored
[warn] Flag -default-template set repeatedly
[warn] bad option '-default-template static-site-main' was ignored
[warn] Setting -external-mappings set to .*scala/.*::scaladoc3::https://dotty.epfl.ch/api/ redundantly
[warn] Flag -author set repeatedly
[warn] Setting -external-mappings set to .*java/.*::javadoc::https://docs.oracle.com/javase/8/docs/api/ redundantly
[warn] Flag -groups set repeatedly
[warn] bad option '-project-version 3.3.1-RC1-bin-SNAPSHOT' was ignored
[warn] Setting -skip-by-regex set to .+\.internal($|\..+) redundantly
[warn] Setting -skip-by-regex set to .+\.impl($|\..+) redundantly
[warn] Setting -skip-by-id set to scala.runtime.stdLibPatches redundantly
[warn] Setting -skip-by-id set to scala.runtime.MatchCase redundantly
[warn] bad option '-project-logo docs/_assets/images/logo.svg' was ignored
[warn] Setting -social-links set to github::https://github.com/lampepfl/dotty redundantly
[warn] Setting -social-links set to discord::https://discord.com/invite/scala redundantly
[warn] Setting -social-links set to twitter::https://twitter.com/scala_lang redundantly
[warn] bad option '-project-footer "Copyright (c) 2002-2023, LAMP/EPFL"' was ignored
[warn] bad option '-default-template static-site-main' was ignored
[warn] Flag -author set repeatedly
[warn] Flag -groups set repeatedly
[info] Skipping unused scalacOptions: -Werror, -Yno-experimental, -Yexplicit-nulls
[info] Skipping unused scalacOptions: -Werror, -Yno-experimental, -Yexplicit-nulls
[info] waiting for lock on /Users/y3536zha/.ivy2/.sbt.ivy.lock to be available...
[info] :: delivering :: org.scala-lang#scala3-compiler_3;3.3.1-RC1-bin-SNAPSHOT :: 3.3.1-RC1-bin-SNAPSHOT :: integration :: Wed Jun 14 03:28:58 EDT 2023
[info] 	delivering ivy file to /Users/y3536zha/Desktop/scala_explicit_unsafe/scala_flexible_type_with_test_script/out/bootstrap/scala3-compiler-bootstrapped/scala-3.3.1-RC1-bin-SNAPSHOT-nonbootstrapped/ivy-3.3.1-RC1-bin-SNAPSHOT.xml
[info] 	published scala3-compiler_3 to /Users/y3536zha/.ivy2/local/org.scala-lang/scala3-compiler_3/3.3.1-RC1-bin-SNAPSHOT/poms/scala3-compiler_3.pom
[info] 	published scala3-compiler_3 to /Users/y3536zha/.ivy2/local/org.scala-lang/scala3-compiler_3/3.3.1-RC1-bin-SNAPSHOT/jars/scala3-compiler_3.jar
[info] 	published scala3-compiler_3 to /Users/y3536zha/.ivy2/local/org.scala-lang/scala3-compiler_3/3.3.1-RC1-bin-SNAPSHOT/srcs/scala3-compiler_3-sources.jar
[info] 	published scala3-compiler_3 to /Users/y3536zha/.ivy2/local/org.scala-lang/scala3-compiler_3/3.3.1-RC1-bin-SNAPSHOT/docs/scala3-compiler_3-javadoc.jar
[info] 	published ivy to /Users/y3536zha/.ivy2/local/org.scala-lang/scala3-compiler_3/3.3.1-RC1-bin-SNAPSHOT/ivys/ivy.xml
[warn] -- Warning: library/src/scala/util/FromDigits.scala:21:6 -----------------------
[warn] 21 |  def fromDigits(digits: String): T
[warn]    |      ^
[warn]    |      No DRI found for query: MalformedNumber
[warn] -- Warning: library/src/scala/util/FromDigits.scala:21:6 -----------------------
[warn] 21 |  def fromDigits(digits: String): T
[warn]    |      ^
[warn]    |      No DRI found for query: MalformedNumber
[error] -- [E069] Naming Error: /Users/y3536zha/Desktop/scala_explicit_unsafe/scala_flexible_type_with_test_script/library/src/scala/IArray.scala:13:7 
[error] 13 |object IArray:
[error] -- [E069] Naming Error: /Users/y3536zha/Desktop/scala_explicit_unsafe/scala_flexible_type_with_test_script/library/src/scala/IArray.scala:13:7 
[error] 13 |object IArray:
[error]    |       ^
[error]    |       ^
[error]    |object IArray cannot have the same name as object IArray in package scala -- cannot define object member with the same name as a object member in self reference _.
[error]    |object IArray cannot have the same name as object IArray in package scala -- cannot define object member with the same name as a object member in self reference _.
[error]    |(Note: this can be resolved by using another name)
[error]    |(Note: this can be resolved by using another name)
[warn] 28 warnings found
[error] one error found
[warn] 14 warnings found
[error] one error found
[info] waiting for lock on /Users/y3536zha/.ivy2/.sbt.ivy.lock to be available...
[info] :: delivering :: org.scala-lang#scala3-library_3;3.3.1-RC1-bin-SNAPSHOT :: 3.3.1-RC1-bin-SNAPSHOT :: integration :: Wed Jun 14 03:29:36 EDT 2023
[info] 	delivering ivy file to /Users/y3536zha/Desktop/scala_explicit_unsafe/scala_flexible_type_with_test_script/out/bootstrap/scala3-library-bootstrapped/scala-3.3.1-RC1-bin-SNAPSHOT-nonbootstrapped/ivy-3.3.1-RC1-bin-SNAPSHOT.xml
[info] waiting for lock on /Users/y3536zha/.ivy2/.sbt.ivy.lock to be available...
[info] :: delivering :: org.scala-lang#scala3-library_sjs1_3;3.3.1-RC1-bin-SNAPSHOT :: 3.3.1-RC1-bin-SNAPSHOT :: integration :: Wed Jun 14 03:29:36 EDT 2023
[info] 	delivering ivy file to /Users/y3536zha/Desktop/scala_explicit_unsafe/scala_flexible_type_with_test_script/out/bootstrap/scala3-library-bootstrappedJS/scala-3.3.1-RC1-bin-SNAPSHOT-nonbootstrapped/ivy-3.3.1-RC1-bin-SNAPSHOT.xml
[info] 	published scala3-library_3 to /Users/y3536zha/.ivy2/local/org.scala-lang/scala3-library_3/3.3.1-RC1-bin-SNAPSHOT/poms/scala3-library_3.pom
[info] 	published scala3-library_3 to /Users/y3536zha/.ivy2/local/org.scala-lang/scala3-library_3/3.3.1-RC1-bin-SNAPSHOT/jars/scala3-library_3.jar
[info] 	published scala3-library_3 to /Users/y3536zha/.ivy2/local/org.scala-lang/scala3-library_3/3.3.1-RC1-bin-SNAPSHOT/srcs/scala3-library_3-sources.jar
[info] 	published scala3-library_3 to /Users/y3536zha/.ivy2/local/org.scala-lang/scala3-library_3/3.3.1-RC1-bin-SNAPSHOT/docs/scala3-library_3-javadoc.jar
[info] 	published ivy to /Users/y3536zha/.ivy2/local/org.scala-lang/scala3-library_3/3.3.1-RC1-bin-SNAPSHOT/ivys/ivy.xml
[info] 	published scala3-library_sjs1_3 to /Users/y3536zha/.ivy2/local/org.scala-lang/scala3-library_sjs1_3/3.3.1-RC1-bin-SNAPSHOT/poms/scala3-library_sjs1_3.pom
[info] 	published scala3-library_sjs1_3 to /Users/y3536zha/.ivy2/local/org.scala-lang/scala3-library_sjs1_3/3.3.1-RC1-bin-SNAPSHOT/jars/scala3-library_sjs1_3.jar
[info] 	published scala3-library_sjs1_3 to /Users/y3536zha/.ivy2/local/org.scala-lang/scala3-library_sjs1_3/3.3.1-RC1-bin-SNAPSHOT/srcs/scala3-library_sjs1_3-sources.jar
[info] 	published scala3-library_sjs1_3 to /Users/y3536zha/.ivy2/local/org.scala-lang/scala3-library_sjs1_3/3.3.1-RC1-bin-SNAPSHOT/docs/scala3-library_sjs1_3-javadoc.jar
[info] 	published ivy to /Users/y3536zha/.ivy2/local/org.scala-lang/scala3-library_sjs1_3/3.3.1-RC1-bin-SNAPSHOT/ivys/ivy.xml
[info] Test run dotty.communitybuild.CommunityBuildTestA started
[info] Test run dotty.communitybuild.CommunityBuildTestA finished: 0 failed, 0 ignored, 0 total, 0.0s
[info] Test run dotty.communitybuild.CommunityBuildTestC started
[info] Test run dotty.communitybuild.CommunityBuildTestC finished: 0 failed, 0 ignored, 0 total, 0.0s
[info] Test run dotty.communitybuild.CommunityBuildTestB started
[info] Test dotty.communitybuild.CommunityBuildTestB.disciplineSpecs2 started
[32m[STARTING discipline-specs2][0m
[32mPublishing scalacheck[0m
[32msbt -sbt-version 1.8.0 -Dsbt.supershell=false -Ddotty.communitybuild.dir=/Users/y3536zha/Desktop/scala_explicit_unsafe/scala_flexible_type_with_test_script/community-build --addPluginSbtFile=/Users/y3536zha/Desktop/scala_explicit_unsafe/scala_flexible_type_with_test_script/community-build/sbt-injected-plugins clean; set Global/logLevel := Level.Error; set Global/updateOptions ~= (_.withLatestSnapshots(false)); set Global/scalacOptions ++= List("-Xcheck-macros","-Ysafe-init","-Yexplicit-nulls","-language:unsafeNulls");++3.3.1-RC1-bin-SNAPSHOT!; coreJVM/publishLocal;coreJS/publishLocal[0m
[info] waiting for lock on /Users/y3536zha/.sbt/boot/sbt.boot.lock to be available...
[info] welcome to sbt 1.8.0 (Oracle Corporation Java 9.0.4)
[info] loading global plugins from /Users/y3536zha/.sbt/1.0/plugins
[info] waiting for lock on /Users/y3536zha/.ivy2/.sbt.ivy.lock to be available...
[info] loading settings for project scalacheck-build from plugin.sbt,sbt-injected-plugins ...
[info] loading project definition from /Users/y3536zha/Desktop/scala_explicit_unsafe/scala_flexible_type_with_test_script/community-build/community-projects/scalacheck/project
[info] loading settings for project root from build.sbt ...
SLF4J: No SLF4J providers were found.
SLF4J: Defaulting to no-operation (NOP) logger implementation
SLF4J: See https://www.slf4j.org/codes.html#noProviders for further details.
SLF4J: Class path contains SLF4J bindings targeting slf4j-api versions 1.7.x or earlier.
SLF4J: Ignoring binding found at [jar:file:/Users/y3536zha/.sbt/boot/scala-2.12.17/org.scala-sbt/sbt/1.8.0/log4j-slf4j-impl-2.17.1.jar!/org/slf4j/impl/StaticLoggerBinder.class]
SLF4J: See https://www.slf4j.org/codes.html#ignoredBindings for an explanation.
[info] set current project to scalacheck (in build file:/Users/y3536zha/Desktop/scala_explicit_unsafe/scala_flexible_type_with_test_script/community-build/community-projects/scalacheck/)
[success] Total time: 0 s, completed Jun 14, 2023, 3:30:04 AM
[info] Defining Global / logLevel
[info] The new value will be used by Test / test / testListeners, Test / testOnly / testListeners and 64 others.
[info] 	Run `last` for details.
[info] Reapplying settings...
[info] set current project to scalacheck (in build file:/Users/y3536zha/Desktop/scala_explicit_unsafe/scala_flexible_type_with_test_script/community-build/community-projects/scalacheck/)
[info] Defining Global / updateOptions
[info] The new value will be used by bench / dependencyTreeIgnoreMissingUpdate / updateOptions, bench / ivyConfiguration and 21 others.
[info] 	Run `last` for details.
[info] Reapplying settings...
[info] set current project to scalacheck (in build file:/Users/y3536zha/Desktop/scala_explicit_unsafe/scala_flexible_type_with_test_script/community-build/community-projects/scalacheck/)
[info] Defining Global / scalacOptions
[info] The new value will be used by bench / scalacOptions, coreJS / scalacOptions and 5 others.
[info] 	Run `last` for details.
[info] Reapplying settings...
[info] set current project to scalacheck (in build file:/Users/y3536zha/Desktop/scala_explicit_unsafe/scala_flexible_type_with_test_script/community-build/community-projects/scalacheck/)
[info] Forcing Scala version to 3.3.1-RC1-bin-SNAPSHOT on all projects.
[info] Reapplying settings...
[info] Loading dependency tracking file /Users/y3536zha/Desktop/scala_explicit_unsafe/scala_flexible_type_with_test_script/community-build/dotty-community-build-deps
[info] Dependency tracking file /Users/y3536zha/Desktop/scala_explicit_unsafe/scala_flexible_type_with_test_script/community-build/dotty-community-build-deps does not exist
[info] set current project to scalacheck (in build file:/Users/y3536zha/Desktop/scala_explicit_unsafe/scala_flexible_type_with_test_script/community-build/community-projects/scalacheck/)
[success] Total time: 44 s, completed Jun 14, 2023, 3:30:53 AM
[info] waiting for lock on /Users/y3536zha/.ivy2/.sbt.ivy.lock to be available...
[info] waiting for lock on /Users/y3536zha/.ivy2/.sbt.ivy.lock to be available...
[success] Total time: 25 s, completed Jun 14, 2023, 3:31:19 AM
[32mPublishing discipline[0m
[32msbt -sbt-version 1.8.0 -Dsbt.supershell=false -Ddotty.communitybuild.dir=/Users/y3536zha/Desktop/scala_explicit_unsafe/scala_flexible_type_with_test_script/community-build --addPluginSbtFile=/Users/y3536zha/Desktop/scala_explicit_unsafe/scala_flexible_type_with_test_script/community-build/sbt-injected-plugins clean; set Global/logLevel := Level.Error; set Global/updateOptions ~= (_.withLatestSnapshots(false)); set Global/scalacOptions ++= List("-Xcheck-macros","-Yexplicit-nulls","-language:unsafeNulls");++3.3.1-RC1-bin-SNAPSHOT!; set every credentials := Nil;coreJVM/publishLocal;coreJS/publishLocal[0m
[info] welcome to sbt 1.8.0 (Oracle Corporation Java 9.0.4)
[info] loading global plugins from /Users/y3536zha/.sbt/1.0/plugins
[info] loading settings for project discipline-build from plugins.sbt,sbt-injected-plugins ...
[info] loading project definition from /Users/y3536zha/Desktop/scala_explicit_unsafe/scala_flexible_type_with_test_script/community-build/community-projects/discipline/project
[info] loading settings for project root from build.sbt ...
SLF4J: No SLF4J providers were found.
SLF4J: Defaulting to no-operation (NOP) logger implementation
SLF4J: See https://www.slf4j.org/codes.html#noProviders for further details.
SLF4J: Class path contains SLF4J bindings targeting slf4j-api versions 1.7.x or earlier.
SLF4J: Ignoring binding found at [jar:file:/Users/y3536zha/.sbt/boot/scala-2.12.17/org.scala-sbt/sbt/1.8.0/log4j-slf4j-impl-2.17.1.jar!/org/slf4j/impl/StaticLoggerBinder.class]
SLF4J: See https://www.slf4j.org/codes.html#ignoredBindings for an explanation.
[info] Loading dependency tracking file /Users/y3536zha/Desktop/scala_explicit_unsafe/scala_flexible_type_with_test_script/community-build/dotty-community-build-deps
[info] set scmInfo to https://github.com/dotty-staging/discipline
[info] set current project to discipline (in build file:/Users/y3536zha/Desktop/scala_explicit_unsafe/scala_flexible_type_with_test_script/community-build/community-projects/discipline/)
[success] Total time: 0 s, completed Jun 14, 2023, 3:31:38 AM
[info] Defining Global / logLevel
[info] The new value will be used by Test / test / testListeners, Test / testOnly / testListeners and 53 others.
[info] 	Run `last` for details.
[info] Reapplying settings...
[info] Loading dependency tracking file /Users/y3536zha/Desktop/scala_explicit_unsafe/scala_flexible_type_with_test_script/community-build/dotty-community-build-deps
[info] set scmInfo to https://github.com/dotty-staging/discipline
[info] set current project to discipline (in build file:/Users/y3536zha/Desktop/scala_explicit_unsafe/scala_flexible_type_with_test_script/community-build/community-projects/discipline/)
[info] Defining Global / updateOptions
[info] The new value will be used by coreJS / dependencyTreeIgnoreMissingUpdate / updateOptions, coreJS / ivyConfiguration and 18 others.
[info] 	Run `last` for details.
[info] Reapplying settings...
[info] Loading dependency tracking file /Users/y3536zha/Desktop/scala_explicit_unsafe/scala_flexible_type_with_test_script/community-build/dotty-community-build-deps
[info] set scmInfo to https://github.com/dotty-staging/discipline
[info] set current project to discipline (in build file:/Users/y3536zha/Desktop/scala_explicit_unsafe/scala_flexible_type_with_test_script/community-build/community-projects/discipline/)
[info] Defining Global / scalacOptions
[info] The new value will be used by coreJS / scalacOptions, coreJVM / scalacOptions and 4 others.
[info] 	Run `last` for details.
[info] Reapplying settings...
[info] Loading dependency tracking file /Users/y3536zha/Desktop/scala_explicit_unsafe/scala_flexible_type_with_test_script/community-build/dotty-community-build-deps
[info] set scmInfo to https://github.com/dotty-staging/discipline
[info] set current project to discipline (in build file:/Users/y3536zha/Desktop/scala_explicit_unsafe/scala_flexible_type_with_test_script/community-build/community-projects/discipline/)
[info] Forcing Scala version to 3.3.1-RC1-bin-SNAPSHOT on all projects.
[info] Reapplying settings...
[info] Loading dependency tracking file /Users/y3536zha/Desktop/scala_explicit_unsafe/scala_flexible_type_with_test_script/community-build/dotty-community-build-deps
[info] set scmInfo to https://github.com/dotty-staging/discipline
[info] set current project to discipline (in build file:/Users/y3536zha/Desktop/scala_explicit_unsafe/scala_flexible_type_with_test_script/community-build/community-projects/discipline/)
[info] Defining Global / credentials, coreJS / credentials and 5 others.
[info] The new values will be used by allCredentials, coreJS / allCredentials and 39 others.
[info] 	Run `last` for details.
[info] Reapplying settings...
[info] Loading dependency tracking file /Users/y3536zha/Desktop/scala_explicit_unsafe/scala_flexible_type_with_test_script/community-build/dotty-community-build-deps
[info] set scmInfo to https://github.com/dotty-staging/discipline
[info] set current project to discipline (in build file:/Users/y3536zha/Desktop/scala_explicit_unsafe/scala_flexible_type_with_test_script/community-build/community-projects/discipline/)
[success] Total time: 13 s, completed Jun 14, 2023, 3:31:57 AM
[success] Total time: 4 s, completed Jun 14, 2023, 3:32:01 AM
[32m[DEPENDENCIES DONE, NOW ACTUALLY RUNNING discipline-specs2][0m
[32mBuilding discipline-specs2 with dotty-bootstrapped 3.3.1-RC1-bin-SNAPSHOT...[0m
[32msbt -sbt-version 1.8.0 -Dsbt.supershell=false -Ddotty.communitybuild.dir=/Users/y3536zha/Desktop/scala_explicit_unsafe/scala_flexible_type_with_test_script/community-build --addPluginSbtFile=/Users/y3536zha/Desktop/scala_explicit_unsafe/scala_flexible_type_with_test_script/community-build/sbt-injected-plugins set Global/testOptions += Tests.Argument(TestFramework("munit.Framework"), "+l"); clean; set Global/logLevel := Level.Error; set Global/updateOptions ~= (_.withLatestSnapshots(false)); set Global/scalacOptions ++= List("-Xcheck-macros","-Yexplicit-nulls","-language:unsafeNulls");++3.3.1-RC1-bin-SNAPSHOT!; test[0m
[info] welcome to sbt 1.8.0 (Oracle Corporation Java 9.0.4)
[info] loading global plugins from /Users/y3536zha/.sbt/1.0/plugins
[info] loading settings for project discipline-specs2-build from plugins.sbt,sbt-injected-plugins ...
[info] loading project definition from /Users/y3536zha/Desktop/scala_explicit_unsafe/scala_flexible_type_with_test_script/community-build/community-projects/discipline-specs2/project
[info] loading settings for project root from build.sbt ...
SLF4J: No SLF4J providers were found.
SLF4J: Defaulting to no-operation (NOP) logger implementation
SLF4J: See https://www.slf4j.org/codes.html#noProviders for further details.
SLF4J: Class path contains SLF4J bindings targeting slf4j-api versions 1.7.x or earlier.
SLF4J: Ignoring binding found at [jar:file:/Users/y3536zha/.sbt/boot/scala-2.12.17/org.scala-sbt/sbt/1.8.0/log4j-slf4j-impl-2.17.1.jar!/org/slf4j/impl/StaticLoggerBinder.class]
SLF4J: See https://www.slf4j.org/codes.html#ignoredBindings for an explanation.
[info] set current project to root (in build file:/Users/y3536zha/Desktop/scala_explicit_unsafe/scala_flexible_type_with_test_script/community-build/community-projects/discipline-specs2/)
[info] Defining Global / testOptions
[info] The new value will be used by Test / test / testOptions, Test / testOnly / testOptions and 18 others.
[info] 	Run `last` for details.
[info] Reapplying settings...
[info] set current project to root (in build file:/Users/y3536zha/Desktop/scala_explicit_unsafe/scala_flexible_type_with_test_script/community-build/community-projects/discipline-specs2/)
[success] Total time: 0 s, completed Jun 14, 2023, 3:32:26 AM
[info] Defining Global / logLevel
[info] The new value will be used by Test / test / testListeners, Test / testOnly / testListeners and 53 others.
[info] 	Run `last` for details.
[info] Reapplying settings...
[info] set current project to root (in build file:/Users/y3536zha/Desktop/scala_explicit_unsafe/scala_flexible_type_with_test_script/community-build/community-projects/discipline-specs2/)
[info] Defining Global / updateOptions
[info] The new value will be used by coreJS / dependencyTreeIgnoreMissingUpdate / updateOptions, coreJS / ivyConfiguration and 18 others.
[info] 	Run `last` for details.
[info] Reapplying settings...
[info] set current project to root (in build file:/Users/y3536zha/Desktop/scala_explicit_unsafe/scala_flexible_type_with_test_script/community-build/community-projects/discipline-specs2/)
[info] Defining Global / scalacOptions
[info] The new value will be used by coreJS / scalacOptions, coreJVM / scalacOptions and 4 others.
[info] 	Run `last` for details.
[info] Reapplying settings...
[info] set current project to root (in build file:/Users/y3536zha/Desktop/scala_explicit_unsafe/scala_flexible_type_with_test_script/community-build/community-projects/discipline-specs2/)
[info] Forcing Scala version to 3.3.1-RC1-bin-SNAPSHOT on all projects.
[info] Reapplying settings...
[info] Loading dependency tracking file /Users/y3536zha/Desktop/scala_explicit_unsafe/scala_flexible_type_with_test_script/community-build/dotty-community-build-deps
[info] set current project to root (in build file:/Users/y3536zha/Desktop/scala_explicit_unsafe/scala_flexible_type_with_test_script/community-build/community-projects/discipline-specs2/)
unhandled exception while running genSJSIR on /Users/y3536zha/Desktop/scala_explicit_unsafe/scala_flexible_type_with_test_script/community-build/community-projects/discipline-specs2/core/src/test/scala/org/typelevel/discipline/laws.scala
[error] ## Exception when compiling 4 sources to /Users/y3536zha/Desktop/scala_explicit_unsafe/scala_flexible_type_with_test_script/community-build/community-projects/discipline-specs2/core/.js/target/scala-3.3.1-RC1-bin-SNAPSHOT/test-classes
[error] java.lang.NoClassDefFoundError: org/scalajs/ir/Types$ArrayTypeRef$
[error] dotty.tools.backend.sjs.JSEncoding$.toTypeRefInternal(JSEncoding.scala:371)
[error] dotty.tools.backend.sjs.JSEncoding$.toTypeRef(JSEncoding.scala:335)
[error] dotty.tools.backend.sjs.JSCodeGen.genJavaSeqLiteral(JSCodeGen.scala:3296)
[error] dotty.tools.backend.sjs.JSCodeGen.genStatOrExpr(JSCodeGen.scala:1921)
[error] dotty.tools.backend.sjs.JSCodeGen.genExpr(JSCodeGen.scala:1652)
[error] dotty.tools.backend.sjs.JSCodeGen.genActualArgs$$anonfun$1(JSCodeGen.scala:4234)
[error] scala.collection.immutable.List.map(List.scala:246)
[error] dotty.tools.backend.sjs.JSCodeGen.genActualArgs(JSCodeGen.scala:4234)
[error] dotty.tools.backend.sjs.JSCodeGen.genNormalApply(JSCodeGen.scala:3055)
[error] dotty.tools.backend.sjs.JSCodeGen.genApply(JSCodeGen.scala:2158)
[error] dotty.tools.backend.sjs.JSCodeGen.genStatOrExpr(JSCodeGen.scala:1778)
[error] dotty.tools.backend.sjs.JSCodeGen.genExpr(JSCodeGen.scala:1652)
[error] dotty.tools.backend.sjs.JSCodeGen.genActualArgs$$anonfun$1(JSCodeGen.scala:4234)
[error] scala.collection.immutable.List.map(List.scala:246)
[error] dotty.tools.backend.sjs.JSCodeGen.genActualArgs(JSCodeGen.scala:4234)
[error] dotty.tools.backend.sjs.JSCodeGen.genNormalApply(JSCodeGen.scala:3055)
[error] dotty.tools.backend.sjs.JSCodeGen.genApply(JSCodeGen.scala:2158)
[error] dotty.tools.backend.sjs.JSCodeGen.genStatOrExpr(JSCodeGen.scala:1778)
[error] dotty.tools.backend.sjs.JSCodeGen.genExpr(JSCodeGen.scala:1652)
[error] dotty.tools.backend.sjs.JSCodeGen.genTypeApply(JSCodeGen.scala:3279)
[error] dotty.tools.backend.sjs.JSCodeGen.genStatOrExpr(JSCodeGen.scala:1781)
[error] dotty.tools.backend.sjs.JSCodeGen.genExpr(JSCodeGen.scala:1652)
[error] dotty.tools.backend.sjs.JSCodeGen.genRhs$1(JSCodeGen.scala:1879)
[error] dotty.tools.backend.sjs.JSCodeGen.genStatOrExpr(JSCodeGen.scala:1911)
[error] dotty.tools.backend.sjs.JSCodeGen.genStat(JSCodeGen.scala:1630)
[error] dotty.tools.backend.sjs.JSCodeGen.$anonfun$46(JSCodeGen.scala:1860)
[error] scala.collection.immutable.List.map(List.scala:250)
[error] dotty.tools.backend.sjs.JSCodeGen.genStatOrExpr(JSCodeGen.scala:1860)
[error] dotty.tools.backend.sjs.JSCodeGen.genStat(JSCodeGen.scala:1630)
[error] dotty.tools.backend.sjs.JSCodeGen.genMethodWithCurrentLocalNameScope$$anonfun$1(JSCodeGen.scala:1542)
[error] dotty.tools.backend.sjs.JSCodeGen.withPerMethodBodyState$$anonfun$1(JSCodeGen.scala:106)
[error] dotty.tools.backend.sjs.ScopedVar$.withScopedVars(ScopedVar.scala:33)
[error] dotty.tools.backend.sjs.JSCodeGen.withPerMethodBodyState(JSCodeGen.scala:107)
[error] dotty.tools.backend.sjs.JSCodeGen.genMethodWithCurrentLocalNameScope(JSCodeGen.scala:1560)
[error] dotty.tools.backend.sjs.JSCodeGen.genMethod$$anonfun$1(JSCodeGen.scala:1414)
[error] dotty.tools.backend.sjs.ScopedVar$.withScopedVars(ScopedVar.scala:33)
[error] dotty.tools.backend.sjs.JSCodeGen.genMethod(JSCodeGen.scala:1415)
[error] dotty.tools.backend.sjs.JSCodeGen.genScalaClass$$anonfun$2(JSCodeGen.scala:375)
[error] scala.collection.immutable.List.foreach(List.scala:333)
[error] dotty.tools.backend.sjs.JSCodeGen.genScalaClass(JSCodeGen.scala:380)
[error] dotty.tools.backend.sjs.JSCodeGen.genCompilationUnit$$anonfun$3$$anonfun$1(JSCodeGen.scala:245)
[error] dotty.tools.backend.sjs.ScopedVar$.withScopedVars(ScopedVar.scala:33)
[error] dotty.tools.backend.sjs.JSCodeGen.genCompilationUnit$$anonfun$3(JSCodeGen.scala:249)
[error] scala.runtime.function.JProcedure1.apply(JProcedure1.java:15)
[error] scala.runtime.function.JProcedure1.apply(JProcedure1.java:10)
[error] scala.collection.immutable.List.foreach(List.scala:333)
[error] dotty.tools.backend.sjs.JSCodeGen.genCompilationUnit(JSCodeGen.scala:251)
[error] dotty.tools.backend.sjs.JSCodeGen.run(JSCodeGen.scala:163)
[error] dotty.tools.backend.sjs.GenSJSIR.run(GenSJSIR.scala:18)
[error] dotty.tools.dotc.core.Phases$Phase.runOn$$anonfun$1(Phases.scala:324)
[error] scala.collection.immutable.List.map(List.scala:246)
[error] dotty.tools.dotc.core.Phases$Phase.runOn(Phases.scala:328)
[error] dotty.tools.dotc.Run.runPhases$1$$anonfun$1(Run.scala:246)
[error] scala.runtime.function.JProcedure1.apply(JProcedure1.java:15)
[error] scala.runtime.function.JProcedure1.apply(JProcedure1.java:10)
[error] scala.collection.ArrayOps$.foreach$extension(ArrayOps.scala:1321)
[error] dotty.tools.dotc.Run.runPhases$1(Run.scala:262)
[error] dotty.tools.dotc.Run.compileUnits$$anonfun$1(Run.scala:270)
[error] dotty.tools.dotc.Run.compileUnits$$anonfun$adapted$1(Run.scala:279)
[error] dotty.tools.dotc.util.Stats$.maybeMonitored(Stats.scala:67)
[error] dotty.tools.dotc.Run.compileUnits(Run.scala:279)
[error] dotty.tools.dotc.Run.compileSources(Run.scala:194)
[error] dotty.tools.dotc.Run.compile(Run.scala:179)
[error] dotty.tools.dotc.Driver.doCompile(Driver.scala:37)
[error] dotty.tools.xsbt.CompilerBridgeDriver.run(CompilerBridgeDriver.java:88)
[error] dotty.tools.xsbt.CompilerBridge.run(CompilerBridge.java:22)
[error] sbt.internal.inc.AnalyzingCompiler.compile(AnalyzingCompiler.scala:91)
[error] sbt.internal.inc.MixedAnalyzingCompiler.$anonfun$compile$7(MixedAnalyzingCompiler.scala:193)
[error] scala.runtime.java8.JFunction0$mcV$sp.apply(JFunction0$mcV$sp.java:23)
[error] sbt.internal.inc.MixedAnalyzingCompiler.timed(MixedAnalyzingCompiler.scala:248)
[error] sbt.internal.inc.MixedAnalyzingCompiler.$anonfun$compile$4(MixedAnalyzingCompiler.scala:183)
[error] sbt.internal.inc.MixedAnalyzingCompiler.$anonfun$compile$4$adapted(MixedAnalyzingCompiler.scala:163)
[error] sbt.internal.inc.JarUtils$.withPreviousJar(JarUtils.scala:239)
[error] sbt.internal.inc.MixedAnalyzingCompiler.compileScala$1(MixedAnalyzingCompiler.scala:163)
[error] sbt.internal.inc.MixedAnalyzingCompiler.compile(MixedAnalyzingCompiler.scala:211)
[error] sbt.internal.inc.IncrementalCompilerImpl.$anonfun$compileInternal$1(IncrementalCompilerImpl.scala:534)
[error] sbt.internal.inc.IncrementalCompilerImpl.$anonfun$compileInternal$1$adapted(IncrementalCompilerImpl.scala:534)
[error] sbt.internal.inc.Incremental$.$anonfun$apply$5(Incremental.scala:179)
[error] sbt.internal.inc.Incremental$.$anonfun$apply$5$adapted(Incremental.scala:177)
[error] sbt.internal.inc.Incremental$$anon$2.run(Incremental.scala:463)
[error] sbt.internal.inc.IncrementalCommon$CycleState.next(IncrementalCommon.scala:116)
[error] sbt.internal.inc.IncrementalCommon$$anon$1.next(IncrementalCommon.scala:56)
[error] sbt.internal.inc.IncrementalCommon$$anon$1.next(IncrementalCommon.scala:52)
[error] sbt.internal.inc.IncrementalCommon.cycle(IncrementalCommon.scala:263)
[error] sbt.internal.inc.Incremental$.$anonfun$incrementalCompile$8(Incremental.scala:418)
[error] sbt.internal.inc.Incremental$.withClassfileManager(Incremental.scala:506)
[error] sbt.internal.inc.Incremental$.incrementalCompile(Incremental.scala:405)
[error] sbt.internal.inc.Incremental$.apply(Incremental.scala:171)
[error] sbt.internal.inc.IncrementalCompilerImpl.compileInternal(IncrementalCompilerImpl.scala:534)
[error] sbt.internal.inc.IncrementalCompilerImpl.$anonfun$compileIncrementally$1(IncrementalCompilerImpl.scala:488)
[error] sbt.internal.inc.IncrementalCompilerImpl.handleCompilationError(IncrementalCompilerImpl.scala:332)
[error] sbt.internal.inc.IncrementalCompilerImpl.compileIncrementally(IncrementalCompilerImpl.scala:425)
[error] sbt.internal.inc.IncrementalCompilerImpl.compile(IncrementalCompilerImpl.scala:137)
[error] sbt.Defaults$.compileIncrementalTaskImpl(Defaults.scala:2363)
[error] sbt.Defaults$.$anonfun$compileIncrementalTask$2(Defaults.scala:2313)
[error] sbt.internal.server.BspCompileTask$.$anonfun$compute$1(BspCompileTask.scala:30)
[error] sbt.internal.io.Retry$.apply(Retry.scala:46)
[error] sbt.internal.io.Retry$.apply(Retry.scala:28)
[error] sbt.internal.io.Retry$.apply(Retry.scala:23)
[error] sbt.internal.server.BspCompileTask$.compute(BspCompileTask.scala:30)
[error] sbt.Defaults$.$anonfun$compileIncrementalTask$1(Defaults.scala:2311)
[error] scala.Function1.$anonfun$compose$1(Function1.scala:49)
[error] sbt.internal.util.$tilde$greater.$anonfun$$u2219$1(TypeFunctions.scala:62)
[error] sbt.std.Transform$$anon$4.work(Transform.scala:68)
[error] sbt.Execute.$anonfun$submit$2(Execute.scala:282)
[error] sbt.internal.util.ErrorHandling$.wideConvert(ErrorHandling.scala:23)
[error] sbt.Execute.work(Execute.scala:291)
[error] sbt.Execute.$anonfun$submit$1(Execute.scala:282)
[error] sbt.ConcurrentRestrictions$$anon$4.$anonfun$submitValid$1(ConcurrentRestrictions.scala:265)
[error] sbt.CompletionService$$anon$2.call(CompletionService.scala:64)
[error] java.base/java.util.concurrent.FutureTask.run(Unknown Source)
[error] java.base/java.util.concurrent.Executors$RunnableAdapter.call(Unknown Source)
[error] java.base/java.util.concurrent.FutureTask.run(Unknown Source)
[error] java.base/java.util.concurrent.ThreadPoolExecutor.runWorker(Unknown Source)
[error] java.base/java.util.concurrent.ThreadPoolExecutor$Worker.run(Unknown Source)
[error] java.base/java.lang.Thread.run(Unknown Source)
[error]            
[error] java.lang.NoClassDefFoundError: org/scalajs/ir/Types$ArrayTypeRef$
[error] 	at dotty.tools.backend.sjs.JSEncoding$.toTypeRefInternal(JSEncoding.scala:371)
[error] 	at dotty.tools.backend.sjs.JSEncoding$.toTypeRef(JSEncoding.scala:335)
[error] 	at dotty.tools.backend.sjs.JSCodeGen.genJavaSeqLiteral(JSCodeGen.scala:3296)
[error] 	at dotty.tools.backend.sjs.JSCodeGen.genStatOrExpr(JSCodeGen.scala:1921)
[error] 	at dotty.tools.backend.sjs.JSCodeGen.genExpr(JSCodeGen.scala:1652)
[error] 	at dotty.tools.backend.sjs.JSCodeGen.genActualArgs$$anonfun$1(JSCodeGen.scala:4234)
[error] 	at scala.collection.immutable.List.map(List.scala:246)
[error] 	at dotty.tools.backend.sjs.JSCodeGen.genActualArgs(JSCodeGen.scala:4234)
[error] 	at dotty.tools.backend.sjs.JSCodeGen.genNormalApply(JSCodeGen.scala:3055)
[error] 	at dotty.tools.backend.sjs.JSCodeGen.genApply(JSCodeGen.scala:2158)
[error] 	at dotty.tools.backend.sjs.JSCodeGen.genStatOrExpr(JSCodeGen.scala:1778)
[error] 	at dotty.tools.backend.sjs.JSCodeGen.genExpr(JSCodeGen.scala:1652)
[error] 	at dotty.tools.backend.sjs.JSCodeGen.genActualArgs$$anonfun$1(JSCodeGen.scala:4234)
[error] 	at scala.collection.immutable.List.map(List.scala:246)
[error] 	at dotty.tools.backend.sjs.JSCodeGen.genActualArgs(JSCodeGen.scala:4234)
[error] 	at dotty.tools.backend.sjs.JSCodeGen.genNormalApply(JSCodeGen.scala:3055)
[error] 	at dotty.tools.backend.sjs.JSCodeGen.genApply(JSCodeGen.scala:2158)
[error] 	at dotty.tools.backend.sjs.JSCodeGen.genStatOrExpr(JSCodeGen.scala:1778)
[error] 	at dotty.tools.backend.sjs.JSCodeGen.genExpr(JSCodeGen.scala:1652)
[error] 	at dotty.tools.backend.sjs.JSCodeGen.genTypeApply(JSCodeGen.scala:3279)
[error] 	at dotty.tools.backend.sjs.JSCodeGen.genStatOrExpr(JSCodeGen.scala:1781)
[error] 	at dotty.tools.backend.sjs.JSCodeGen.genExpr(JSCodeGen.scala:1652)
[error] 	at dotty.tools.backend.sjs.JSCodeGen.genRhs$1(JSCodeGen.scala:1879)
[error] 	at dotty.tools.backend.sjs.JSCodeGen.genStatOrExpr(JSCodeGen.scala:1911)
[error] 	at dotty.tools.backend.sjs.JSCodeGen.genStat(JSCodeGen.scala:1630)
[error] 	at dotty.tools.backend.sjs.JSCodeGen.$anonfun$46(JSCodeGen.scala:1860)
[error] 	at scala.collection.immutable.List.map(List.scala:250)
[error] 	at dotty.tools.backend.sjs.JSCodeGen.genStatOrExpr(JSCodeGen.scala:1860)
[error] 	at dotty.tools.backend.sjs.JSCodeGen.genStat(JSCodeGen.scala:1630)
[error] 	at dotty.tools.backend.sjs.JSCodeGen.genMethodWithCurrentLocalNameScope$$anonfun$1(JSCodeGen.scala:1542)
[error] 	at dotty.tools.backend.sjs.JSCodeGen.withPerMethodBodyState$$anonfun$1(JSCodeGen.scala:106)
[error] 	at dotty.tools.backend.sjs.ScopedVar$.withScopedVars(ScopedVar.scala:33)
[error] 	at dotty.tools.backend.sjs.JSCodeGen.withPerMethodBodyState(JSCodeGen.scala:107)
[error] 	at dotty.tools.backend.sjs.JSCodeGen.genMethodWithCurrentLocalNameScope(JSCodeGen.scala:1560)
[error] 	at dotty.tools.backend.sjs.JSCodeGen.genMethod$$anonfun$1(JSCodeGen.scala:1414)
[error] 	at dotty.tools.backend.sjs.ScopedVar$.withScopedVars(ScopedVar.scala:33)
[error] 	at dotty.tools.backend.sjs.JSCodeGen.genMethod(JSCodeGen.scala:1415)
[error] 	at dotty.tools.backend.sjs.JSCodeGen.genScalaClass$$anonfun$2(JSCodeGen.scala:375)
[error] 	at scala.collection.immutable.List.foreach(List.scala:333)
[error] 	at dotty.tools.backend.sjs.JSCodeGen.genScalaClass(JSCodeGen.scala:380)
[error] 	at dotty.tools.backend.sjs.JSCodeGen.genCompilationUnit$$anonfun$3$$anonfun$1(JSCodeGen.scala:245)
[error] 	at dotty.tools.backend.sjs.ScopedVar$.withScopedVars(ScopedVar.scala:33)
[error] 	at dotty.tools.backend.sjs.JSCodeGen.genCompilationUnit$$anonfun$3(JSCodeGen.scala:249)
[error] 	at scala.runtime.function.JProcedure1.apply(JProcedure1.java:15)
[error] 	at scala.runtime.function.JProcedure1.apply(JProcedure1.java:10)
[error] 	at scala.collection.immutable.List.foreach(List.scala:333)
[error] 	at dotty.tools.backend.sjs.JSCodeGen.genCompilationUnit(JSCodeGen.scala:251)
[error] 	at dotty.tools.backend.sjs.JSCodeGen.run(JSCodeGen.scala:163)
[error] 	at dotty.tools.backend.sjs.GenSJSIR.run(GenSJSIR.scala:18)
[error] 	at dotty.tools.dotc.core.Phases$Phase.runOn$$anonfun$1(Phases.scala:324)
[error] 	at scala.collection.immutable.List.map(List.scala:246)
[error] 	at dotty.tools.dotc.core.Phases$Phase.runOn(Phases.scala:328)
[error] 	at dotty.tools.dotc.Run.runPhases$1$$anonfun$1(Run.scala:246)
[error] 	at scala.runtime.function.JProcedure1.apply(JProcedure1.java:15)
[error] 	at scala.runtime.function.JProcedure1.apply(JProcedure1.java:10)
[error] 	at scala.collection.ArrayOps$.foreach$extension(ArrayOps.scala:1321)
[error] 	at dotty.tools.dotc.Run.runPhases$1(Run.scala:262)
[error] 	at dotty.tools.dotc.Run.compileUnits$$anonfun$1(Run.scala:270)
[error] 	at dotty.tools.dotc.Run.compileUnits$$anonfun$adapted$1(Run.scala:279)
[error] 	at dotty.tools.dotc.util.Stats$.maybeMonitored(Stats.scala:67)
[error] 	at dotty.tools.dotc.Run.compileUnits(Run.scala:279)
[error] 	at dotty.tools.dotc.Run.compileSources(Run.scala:194)
[error] 	at dotty.tools.dotc.Run.compile(Run.scala:179)
[error] 	at dotty.tools.dotc.Driver.doCompile(Driver.scala:37)
[error] 	at dotty.tools.xsbt.CompilerBridgeDriver.run(CompilerBridgeDriver.java:88)
[error] 	at dotty.tools.xsbt.CompilerBridge.run(CompilerBridge.java:22)
[error] 	at sbt.internal.inc.AnalyzingCompiler.compile(AnalyzingCompiler.scala:91)
[error] 	at sbt.internal.inc.MixedAnalyzingCompiler.$anonfun$compile$7(MixedAnalyzingCompiler.scala:193)
[error] 	at scala.runtime.java8.JFunction0$mcV$sp.apply(JFunction0$mcV$sp.java:23)
[error] 	at sbt.internal.inc.MixedAnalyzingCompiler.timed(MixedAnalyzingCompiler.scala:248)
[error] 	at sbt.internal.inc.MixedAnalyzingCompiler.$anonfun$compile$4(MixedAnalyzingCompiler.scala:183)
[error] 	at sbt.internal.inc.MixedAnalyzingCompiler.$anonfun$compile$4$adapted(MixedAnalyzingCompiler.scala:163)
[error] 	at sbt.internal.inc.JarUtils$.withPreviousJar(JarUtils.scala:239)
[error] 	at sbt.internal.inc.MixedAnalyzingCompiler.compileScala$1(MixedAnalyzingCompiler.scala:163)
[error] 	at sbt.internal.inc.MixedAnalyzingCompiler.compile(MixedAnalyzingCompiler.scala:211)
[error] 	at sbt.internal.inc.IncrementalCompilerImpl.$anonfun$compileInternal$1(IncrementalCompilerImpl.scala:534)
[error] 	at sbt.internal.inc.IncrementalCompilerImpl.$anonfun$compileInternal$1$adapted(IncrementalCompilerImpl.scala:534)
[error] 	at sbt.internal.inc.Incremental$.$anonfun$apply$5(Incremental.scala:179)
[error] 	at sbt.internal.inc.Incremental$.$anonfun$apply$5$adapted(Incremental.scala:177)
[error] 	at sbt.internal.inc.Incremental$$anon$2.run(Incremental.scala:463)
[error] 	at sbt.internal.inc.IncrementalCommon$CycleState.next(IncrementalCommon.scala:116)
[error] 	at sbt.internal.inc.IncrementalCommon$$anon$1.next(IncrementalCommon.scala:56)
[error] 	at sbt.internal.inc.IncrementalCommon$$anon$1.next(IncrementalCommon.scala:52)
[error] 	at sbt.internal.inc.IncrementalCommon.cycle(IncrementalCommon.scala:263)
[error] 	at sbt.internal.inc.Incremental$.$anonfun$incrementalCompile$8(Incremental.scala:418)
[error] 	at sbt.internal.inc.Incremental$.withClassfileManager(Incremental.scala:506)
[error] 	at sbt.internal.inc.Incremental$.incrementalCompile(Incremental.scala:405)
[error] 	at sbt.internal.inc.Incremental$.apply(Incremental.scala:171)
[error] 	at sbt.internal.inc.IncrementalCompilerImpl.compileInternal(IncrementalCompilerImpl.scala:534)
[error] 	at sbt.internal.inc.IncrementalCompilerImpl.$anonfun$compileIncrementally$1(IncrementalCompilerImpl.scala:488)
[error] 	at sbt.internal.inc.IncrementalCompilerImpl.handleCompilationError(IncrementalCompilerImpl.scala:332)
[error] 	at sbt.internal.inc.IncrementalCompilerImpl.compileIncrementally(IncrementalCompilerImpl.scala:425)
[error] 	at sbt.internal.inc.IncrementalCompilerImpl.compile(IncrementalCompilerImpl.scala:137)
[error] 	at sbt.Defaults$.compileIncrementalTaskImpl(Defaults.scala:2363)
[error] 	at sbt.Defaults$.$anonfun$compileIncrementalTask$2(Defaults.scala:2313)
[error] 	at sbt.internal.server.BspCompileTask$.$anonfun$compute$1(BspCompileTask.scala:30)
[error] 	at sbt.internal.io.Retry$.apply(Retry.scala:46)
[error] 	at sbt.internal.io.Retry$.apply(Retry.scala:28)
[error] 	at sbt.internal.io.Retry$.apply(Retry.scala:23)
[error] 	at sbt.internal.server.BspCompileTask$.compute(BspCompileTask.scala:30)
[error] 	at sbt.Defaults$.$anonfun$compileIncrementalTask$1(Defaults.scala:2311)
[error] 	at scala.Function1.$anonfun$compose$1(Function1.scala:49)
[error] 	at sbt.internal.util.$tilde$greater.$anonfun$$u2219$1(TypeFunctions.scala:62)
[error] 	at sbt.std.Transform$$anon$4.work(Transform.scala:68)
[error] 	at sbt.Execute.$anonfun$submit$2(Execute.scala:282)
[error] 	at sbt.internal.util.ErrorHandling$.wideConvert(ErrorHandling.scala:23)
[error] 	at sbt.Execute.work(Execute.scala:291)
[error] 	at sbt.Execute.$anonfun$submit$1(Execute.scala:282)
[error] 	at sbt.ConcurrentRestrictions$$anon$4.$anonfun$submitValid$1(ConcurrentRestrictions.scala:265)
[error] 	at sbt.CompletionService$$anon$2.call(CompletionService.scala:64)
[error] 	at java.base/java.util.concurrent.FutureTask.run(Unknown Source)
[error] 	at java.base/java.util.concurrent.Executors$RunnableAdapter.call(Unknown Source)
[error] 	at java.base/java.util.concurrent.FutureTask.run(Unknown Source)
[error] 	at java.base/java.util.concurrent.ThreadPoolExecutor.runWorker(Unknown Source)
[error] 	at java.base/java.util.concurrent.ThreadPoolExecutor$Worker.run(Unknown Source)
[error] 	at java.base/java.lang.Thread.run(Unknown Source)
[error] Caused by: java.lang.ClassNotFoundException: org.scalajs.ir.Types$ArrayTypeRef$
[error] 	at java.base/java.net.URLClassLoader$1.run(Unknown Source)
[error] 	at java.base/java.net.URLClassLoader$1.run(Unknown Source)
[error] 	at java.base/java.security.AccessController.doPrivileged(Native Method)
[error] 	at java.base/java.net.URLClassLoader.findClass(Unknown Source)
[error] 	at java.base/java.lang.ClassLoader.loadClass(Unknown Source)
[error] 	at java.base/java.lang.ClassLoader.loadClass(Unknown Source)
[error] 	at dotty.tools.backend.sjs.JSEncoding$.toTypeRefInternal(JSEncoding.scala:371)
[error] 	at dotty.tools.backend.sjs.JSEncoding$.toTypeRef(JSEncoding.scala:335)
[error] 	at dotty.tools.backend.sjs.JSCodeGen.genJavaSeqLiteral(JSCodeGen.scala:3296)
[error] 	at dotty.tools.backend.sjs.JSCodeGen.genStatOrExpr(JSCodeGen.scala:1921)
[error] 	at dotty.tools.backend.sjs.JSCodeGen.genExpr(JSCodeGen.scala:1652)
[error] 	at dotty.tools.backend.sjs.JSCodeGen.genActualArgs$$anonfun$1(JSCodeGen.scala:4234)
[error] 	at scala.collection.immutable.List.map(List.scala:246)
[error] 	at dotty.tools.backend.sjs.JSCodeGen.genActualArgs(JSCodeGen.scala:4234)
[error] 	at dotty.tools.backend.sjs.JSCodeGen.genNormalApply(JSCodeGen.scala:3055)
[error] 	at dotty.tools.backend.sjs.JSCodeGen.genApply(JSCodeGen.scala:2158)
[error] 	at dotty.tools.backend.sjs.JSCodeGen.genStatOrExpr(JSCodeGen.scala:1778)
[error] 	at dotty.tools.backend.sjs.JSCodeGen.genExpr(JSCodeGen.scala:1652)
[error] 	at dotty.tools.backend.sjs.JSCodeGen.genActualArgs$$anonfun$1(JSCodeGen.scala:4234)
[error] 	at scala.collection.immutable.List.map(List.scala:246)
[error] 	at dotty.tools.backend.sjs.JSCodeGen.genActualArgs(JSCodeGen.scala:4234)
[error] 	at dotty.tools.backend.sjs.JSCodeGen.genNormalApply(JSCodeGen.scala:3055)
[error] 	at dotty.tools.backend.sjs.JSCodeGen.genApply(JSCodeGen.scala:2158)
[error] 	at dotty.tools.backend.sjs.JSCodeGen.genStatOrExpr(JSCodeGen.scala:1778)
[error] 	at dotty.tools.backend.sjs.JSCodeGen.genExpr(JSCodeGen.scala:1652)
[error] 	at dotty.tools.backend.sjs.JSCodeGen.genTypeApply(JSCodeGen.scala:3279)
[error] 	at dotty.tools.backend.sjs.JSCodeGen.genStatOrExpr(JSCodeGen.scala:1781)
[error] 	at dotty.tools.backend.sjs.JSCodeGen.genExpr(JSCodeGen.scala:1652)
[error] 	at dotty.tools.backend.sjs.JSCodeGen.genRhs$1(JSCodeGen.scala:1879)
[error] 	at dotty.tools.backend.sjs.JSCodeGen.genStatOrExpr(JSCodeGen.scala:1911)
[error] 	at dotty.tools.backend.sjs.JSCodeGen.genStat(JSCodeGen.scala:1630)
[error] 	at dotty.tools.backend.sjs.JSCodeGen.$anonfun$46(JSCodeGen.scala:1860)
[error] 	at scala.collection.immutable.List.map(List.scala:250)
[error] 	at dotty.tools.backend.sjs.JSCodeGen.genStatOrExpr(JSCodeGen.scala:1860)
[error] 	at dotty.tools.backend.sjs.JSCodeGen.genStat(JSCodeGen.scala:1630)
[error] 	at dotty.tools.backend.sjs.JSCodeGen.genMethodWithCurrentLocalNameScope$$anonfun$1(JSCodeGen.scala:1542)
[error] 	at dotty.tools.backend.sjs.JSCodeGen.withPerMethodBodyState$$anonfun$1(JSCodeGen.scala:106)
[error] 	at dotty.tools.backend.sjs.ScopedVar$.withScopedVars(ScopedVar.scala:33)
[error] 	at dotty.tools.backend.sjs.JSCodeGen.withPerMethodBodyState(JSCodeGen.scala:107)
[error] 	at dotty.tools.backend.sjs.JSCodeGen.genMethodWithCurrentLocalNameScope(JSCodeGen.scala:1560)
[error] 	at dotty.tools.backend.sjs.JSCodeGen.genMethod$$anonfun$1(JSCodeGen.scala:1414)
[error] 	at dotty.tools.backend.sjs.ScopedVar$.withScopedVars(ScopedVar.scala:33)
[error] 	at dotty.tools.backend.sjs.JSCodeGen.genMethod(JSCodeGen.scala:1415)
[error] 	at dotty.tools.backend.sjs.JSCodeGen.genScalaClass$$anonfun$2(JSCodeGen.scala:375)
[error] 	at scala.collection.immutable.List.foreach(List.scala:333)
[error] 	at dotty.tools.backend.sjs.JSCodeGen.genScalaClass(JSCodeGen.scala:380)
[error] 	at dotty.tools.backend.sjs.JSCodeGen.genCompilationUnit$$anonfun$3$$anonfun$1(JSCodeGen.scala:245)
[error] 	at dotty.tools.backend.sjs.ScopedVar$.withScopedVars(ScopedVar.scala:33)
[error] 	at dotty.tools.backend.sjs.JSCodeGen.genCompilationUnit$$anonfun$3(JSCodeGen.scala:249)
[error] 	at scala.runtime.function.JProcedure1.apply(JProcedure1.java:15)
[error] 	at scala.runtime.function.JProcedure1.apply(JProcedure1.java:10)
[error] 	at scala.collection.immutable.List.foreach(List.scala:333)
[error] 	at dotty.tools.backend.sjs.JSCodeGen.genCompilationUnit(JSCodeGen.scala:251)
[error] 	at dotty.tools.backend.sjs.JSCodeGen.run(JSCodeGen.scala:163)
[error] 	at dotty.tools.backend.sjs.GenSJSIR.run(GenSJSIR.scala:18)
[error] 	at dotty.tools.dotc.core.Phases$Phase.runOn$$anonfun$1(Phases.scala:324)
[error] 	at scala.collection.immutable.List.map(List.scala:246)
[error] 	at dotty.tools.dotc.core.Phases$Phase.runOn(Phases.scala:328)
[error] 	at dotty.tools.dotc.Run.runPhases$1$$anonfun$1(Run.scala:246)
[error] 	at scala.runtime.function.JProcedure1.apply(JProcedure1.java:15)
[error] 	at scala.runtime.function.JProcedure1.apply(JProcedure1.java:10)
[error] 	at scala.collection.ArrayOps$.foreach$extension(ArrayOps.scala:1321)
[error] 	at dotty.tools.dotc.Run.runPhases$1(Run.scala:262)
[error] 	at dotty.tools.dotc.Run.compileUnits$$anonfun$1(Run.scala:270)
[error] 	at dotty.tools.dotc.Run.compileUnits$$anonfun$adapted$1(Run.scala:279)
[error] 	at dotty.tools.dotc.util.Stats$.maybeMonitored(Stats.scala:67)
[error] 	at dotty.tools.dotc.Run.compileUnits(Run.scala:279)
[error] 	at dotty.tools.dotc.Run.compileSources(Run.scala:194)
[error] 	at dotty.tools.dotc.Run.compile(Run.scala:179)
[error] 	at dotty.tools.dotc.Driver.doCompile(Driver.scala:37)
[error] 	at dotty.tools.xsbt.CompilerBridgeDriver.run(CompilerBridgeDriver.java:88)
[error] 	at dotty.tools.xsbt.CompilerBridge.run(CompilerBridge.java:22)
[error] 	at sbt.internal.inc.AnalyzingCompiler.compile(AnalyzingCompiler.scala:91)
[error] 	at sbt.internal.inc.MixedAnalyzingCompiler.$anonfun$compile$7(MixedAnalyzingCompiler.scala:193)
[error] 	at scala.runtime.java8.JFunction0$mcV$sp.apply(JFunction0$mcV$sp.java:23)
[error] 	at sbt.internal.inc.MixedAnalyzingCompiler.timed(MixedAnalyzingCompiler.scala:248)
[error] 	at sbt.internal.inc.MixedAnalyzingCompiler.$anonfun$compile$4(MixedAnalyzingCompiler.scala:183)
[error] 	at sbt.internal.inc.MixedAnalyzingCompiler.$anonfun$compile$4$adapted(MixedAnalyzingCompiler.scala:163)
[error] 	at sbt.internal.inc.JarUtils$.withPreviousJar(JarUtils.scala:239)
[error] 	at sbt.internal.inc.MixedAnalyzingCompiler.compileScala$1(MixedAnalyzingCompiler.scala:163)
[error] 	at sbt.internal.inc.MixedAnalyzingCompiler.compile(MixedAnalyzingCompiler.scala:211)
[error] 	at sbt.internal.inc.IncrementalCompilerImpl.$anonfun$compileInternal$1(IncrementalCompilerImpl.scala:534)
[error] 	at sbt.internal.inc.IncrementalCompilerImpl.$anonfun$compileInternal$1$adapted(IncrementalCompilerImpl.scala:534)
[error] 	at sbt.internal.inc.Incremental$.$anonfun$apply$5(Incremental.scala:179)
[error] 	at sbt.internal.inc.Incremental$.$anonfun$apply$5$adapted(Incremental.scala:177)
[error] 	at sbt.internal.inc.Incremental$$anon$2.run(Incremental.scala:463)
[error] 	at sbt.internal.inc.IncrementalCommon$CycleState.next(IncrementalCommon.scala:116)
[error] 	at sbt.internal.inc.IncrementalCommon$$anon$1.next(IncrementalCommon.scala:56)
[error] 	at sbt.internal.inc.IncrementalCommon$$anon$1.next(IncrementalCommon.scala:52)
[error] 	at sbt.internal.inc.IncrementalCommon.cycle(IncrementalCommon.scala:263)
[error] 	at sbt.internal.inc.Incremental$.$anonfun$incrementalCompile$8(Incremental.scala:418)
[error] 	at sbt.internal.inc.Incremental$.withClassfileManager(Incremental.scala:506)
[error] 	at sbt.internal.inc.Incremental$.incrementalCompile(Incremental.scala:405)
[error] 	at sbt.internal.inc.Incremental$.apply(Incremental.scala:171)
[error] 	at sbt.internal.inc.IncrementalCompilerImpl.compileInternal(IncrementalCompilerImpl.scala:534)
[error] 	at sbt.internal.inc.IncrementalCompilerImpl.$anonfun$compileIncrementally$1(IncrementalCompilerImpl.scala:488)
[error] 	at sbt.internal.inc.IncrementalCompilerImpl.handleCompilationError(IncrementalCompilerImpl.scala:332)
[error] 	at sbt.internal.inc.IncrementalCompilerImpl.compileIncrementally(IncrementalCompilerImpl.scala:425)
[error] 	at sbt.internal.inc.IncrementalCompilerImpl.compile(IncrementalCompilerImpl.scala:137)
[error] 	at sbt.Defaults$.compileIncrementalTaskImpl(Defaults.scala:2363)
[error] 	at sbt.Defaults$.$anonfun$compileIncrementalTask$2(Defaults.scala:2313)
[error] 	at sbt.internal.server.BspCompileTask$.$anonfun$compute$1(BspCompileTask.scala:30)
[error] 	at sbt.internal.io.Retry$.apply(Retry.scala:46)
[error] 	at sbt.internal.io.Retry$.apply(Retry.scala:28)
[error] 	at sbt.internal.io.Retry$.apply(Retry.scala:23)
[error] 	at sbt.internal.server.BspCompileTask$.compute(BspCompileTask.scala:30)
[error] 	at sbt.Defaults$.$anonfun$compileIncrementalTask$1(Defaults.scala:2311)
[error] 	at scala.Function1.$anonfun$compose$1(Function1.scala:49)
[error] 	at sbt.internal.util.$tilde$greater.$anonfun$$u2219$1(TypeFunctions.scala:62)
[error] 	at sbt.std.Transform$$anon$4.work(Transform.scala:68)
[error] 	at sbt.Execute.$anonfun$submit$2(Execute.scala:282)
[error] 	at sbt.internal.util.ErrorHandling$.wideConvert(ErrorHandling.scala:23)
[error] 	at sbt.Execute.work(Execute.scala:291)
[error] 	at sbt.Execute.$anonfun$submit$1(Execute.scala:282)
[error] 	at sbt.ConcurrentRestrictions$$anon$4.$anonfun$submitValid$1(ConcurrentRestrictions.scala:265)
[error] 	at sbt.CompletionService$$anon$2.call(CompletionService.scala:64)
[error] 	at java.base/java.util.concurrent.FutureTask.run(Unknown Source)
[error] 	at java.base/java.util.concurrent.Executors$RunnableAdapter.call(Unknown Source)
[error] 	at java.base/java.util.concurrent.FutureTask.run(Unknown Source)
[error] 	at java.base/java.util.concurrent.ThreadPoolExecutor.runWorker(Unknown Source)
[error] 	at java.base/java.util.concurrent.ThreadPoolExecutor$Worker.run(Unknown Source)
[error] 	at java.base/java.lang.Thread.run(Unknown Source)
[error] Caused by: java.io.EOFException
[error] 	at java.base/java.io.RandomAccessFile.readFully(Unknown Source)
[error] 	at java.base/java.util.zip.ZipFile$Source.readFullyAt(Unknown Source)
[error] 	at java.base/java.util.zip.ZipFile$Source.access$1200(Unknown Source)
[error] 	at java.base/java.util.zip.ZipFile$ZipFileInputStream.initDataOffset(Unknown Source)
[error] 	at java.base/java.util.zip.ZipFile$ZipFileInputStream.read(Unknown Source)
[error] 	at java.base/java.util.zip.ZipFile$ZipFileInflaterInputStream.fill(Unknown Source)
[error] 	at java.base/java.util.zip.InflaterInputStream.read(Unknown Source)
[error] 	at java.base/jdk.internal.loader.Resource.getBytes(Unknown Source)
[error] 	at java.base/java.net.URLClassLoader.defineClass(Unknown Source)
[error] 	at java.base/java.net.URLClassLoader.access$100(Unknown Source)
[error] 	at java.base/java.net.URLClassLoader$1.run(Unknown Source)
[error] 	at java.base/java.net.URLClassLoader$1.run(Unknown Source)
[error] 	at java.base/java.security.AccessController.doPrivileged(Native Method)
[error] 	at java.base/java.net.URLClassLoader.findClass(Unknown Source)
[error] 	at java.base/java.lang.ClassLoader.loadClass(Unknown Source)
[error] 	at java.base/java.lang.ClassLoader.loadClass(Unknown Source)
[error] 	at dotty.tools.backend.sjs.JSEncoding$.toTypeRefInternal(JSEncoding.scala:371)
[error] 	at dotty.tools.backend.sjs.JSEncoding$.toTypeRef(JSEncoding.scala:335)
[error] 	at dotty.tools.backend.sjs.JSCodeGen.genJavaSeqLiteral(JSCodeGen.scala:3296)
[error] 	at dotty.tools.backend.sjs.JSCodeGen.genStatOrExpr(JSCodeGen.scala:1921)
[error] 	at dotty.tools.backend.sjs.JSCodeGen.genExpr(JSCodeGen.scala:1652)
[error] 	at dotty.tools.backend.sjs.JSCodeGen.genActualArgs$$anonfun$1(JSCodeGen.scala:4234)
[error] 	at scala.collection.immutable.List.map(List.scala:246)
[error] 	at dotty.tools.backend.sjs.JSCodeGen.genActualArgs(JSCodeGen.scala:4234)
[error] 	at dotty.tools.backend.sjs.JSCodeGen.genNormalApply(JSCodeGen.scala:3055)
[error] 	at dotty.tools.backend.sjs.JSCodeGen.genApply(JSCodeGen.scala:2158)
[error] 	at dotty.tools.backend.sjs.JSCodeGen.genStatOrExpr(JSCodeGen.scala:1778)
[error] 	at dotty.tools.backend.sjs.JSCodeGen.genExpr(JSCodeGen.scala:1652)
[error] 	at dotty.tools.backend.sjs.JSCodeGen.genActualArgs$$anonfun$1(JSCodeGen.scala:4234)
[error] 	at scala.collection.immutable.List.map(List.scala:246)
[error] 	at dotty.tools.backend.sjs.JSCodeGen.genActualArgs(JSCodeGen.scala:4234)
[error] 	at dotty.tools.backend.sjs.JSCodeGen.genNormalApply(JSCodeGen.scala:3055)
[error] 	at dotty.tools.backend.sjs.JSCodeGen.genApply(JSCodeGen.scala:2158)
[error] 	at dotty.tools.backend.sjs.JSCodeGen.genStatOrExpr(JSCodeGen.scala:1778)
[error] 	at dotty.tools.backend.sjs.JSCodeGen.genExpr(JSCodeGen.scala:1652)
[error] 	at dotty.tools.backend.sjs.JSCodeGen.genTypeApply(JSCodeGen.scala:3279)
[error] 	at dotty.tools.backend.sjs.JSCodeGen.genStatOrExpr(JSCodeGen.scala:1781)
[error] 	at dotty.tools.backend.sjs.JSCodeGen.genExpr(JSCodeGen.scala:1652)
[error] 	at dotty.tools.backend.sjs.JSCodeGen.genRhs$1(JSCodeGen.scala:1879)
[error] 	at dotty.tools.backend.sjs.JSCodeGen.genStatOrExpr(JSCodeGen.scala:1911)
[error] 	at dotty.tools.backend.sjs.JSCodeGen.genStat(JSCodeGen.scala:1630)
[error] 	at dotty.tools.backend.sjs.JSCodeGen.$anonfun$46(JSCodeGen.scala:1860)
[error] 	at scala.collection.immutable.List.map(List.scala:250)
[error] 	at dotty.tools.backend.sjs.JSCodeGen.genStatOrExpr(JSCodeGen.scala:1860)
[error] 	at dotty.tools.backend.sjs.JSCodeGen.genStat(JSCodeGen.scala:1630)
[error] 	at dotty.tools.backend.sjs.JSCodeGen.genMethodWithCurrentLocalNameScope$$anonfun$1(JSCodeGen.scala:1542)
[error] 	at dotty.tools.backend.sjs.JSCodeGen.withPerMethodBodyState$$anonfun$1(JSCodeGen.scala:106)
[error] 	at dotty.tools.backend.sjs.ScopedVar$.withScopedVars(ScopedVar.scala:33)
[error] 	at dotty.tools.backend.sjs.JSCodeGen.withPerMethodBodyState(JSCodeGen.scala:107)
[error] 	at dotty.tools.backend.sjs.JSCodeGen.genMethodWithCurrentLocalNameScope(JSCodeGen.scala:1560)
[error] 	at dotty.tools.backend.sjs.JSCodeGen.genMethod$$anonfun$1(JSCodeGen.scala:1414)
[error] 	at dotty.tools.backend.sjs.ScopedVar$.withScopedVars(ScopedVar.scala:33)
[error] 	at dotty.tools.backend.sjs.JSCodeGen.genMethod(JSCodeGen.scala:1415)
[error] 	at dotty.tools.backend.sjs.JSCodeGen.genScalaClass$$anonfun$2(JSCodeGen.scala:375)
[error] 	at scala.collection.immutable.List.foreach(List.scala:333)
[error] 	at dotty.tools.backend.sjs.JSCodeGen.genScalaClass(JSCodeGen.scala:380)
[error] 	at dotty.tools.backend.sjs.JSCodeGen.genCompilationUnit$$anonfun$3$$anonfun$1(JSCodeGen.scala:245)
[error] 	at dotty.tools.backend.sjs.ScopedVar$.withScopedVars(ScopedVar.scala:33)
[error] 	at dotty.tools.backend.sjs.JSCodeGen.genCompilationUnit$$anonfun$3(JSCodeGen.scala:249)
[error] 	at scala.runtime.function.JProcedure1.apply(JProcedure1.java:15)
[error] 	at scala.runtime.function.JProcedure1.apply(JProcedure1.java:10)
[error] 	at scala.collection.immutable.List.foreach(List.scala:333)
[error] 	at dotty.tools.backend.sjs.JSCodeGen.genCompilationUnit(JSCodeGen.scala:251)
[error] 	at dotty.tools.backend.sjs.JSCodeGen.run(JSCodeGen.scala:163)
[error] 	at dotty.tools.backend.sjs.GenSJSIR.run(GenSJSIR.scala:18)
[error] 	at dotty.tools.dotc.core.Phases$Phase.runOn$$anonfun$1(Phases.scala:324)
[error] 	at scala.collection.immutable.List.map(List.scala:246)
[error] 	at dotty.tools.dotc.core.Phases$Phase.runOn(Phases.scala:328)
[error] 	at dotty.tools.dotc.Run.runPhases$1$$anonfun$1(Run.scala:246)
[error] 	at scala.runtime.function.JProcedure1.apply(JProcedure1.java:15)
[error] 	at scala.runtime.function.JProcedure1.apply(JProcedure1.java:10)
[error] 	at scala.collection.ArrayOps$.foreach$extension(ArrayOps.scala:1321)
[error] 	at dotty.tools.dotc.Run.runPhases$1(Run.scala:262)
[error] 	at dotty.tools.dotc.Run.compileUnits$$anonfun$1(Run.scala:270)
[error] 	at dotty.tools.dotc.Run.compileUnits$$anonfun$adapted$1(Run.scala:279)
[error] 	at dotty.tools.dotc.util.Stats$.maybeMonitored(Stats.scala:67)
[error] 	at dotty.tools.dotc.Run.compileUnits(Run.scala:279)
[error] 	at dotty.tools.dotc.Run.compileSources(Run.scala:194)
[error] 	at dotty.tools.dotc.Run.compile(Run.scala:179)
[error] 	at dotty.tools.dotc.Driver.doCompile(Driver.scala:37)
[error] 	at dotty.tools.xsbt.CompilerBridgeDriver.run(CompilerBridgeDriver.java:88)
[error] 	at dotty.tools.xsbt.CompilerBridge.run(CompilerBridge.java:22)
[error] 	at sbt.internal.inc.AnalyzingCompiler.compile(AnalyzingCompiler.scala:91)
[error] 	at sbt.internal.inc.MixedAnalyzingCompiler.$anonfun$compile$7(MixedAnalyzingCompiler.scala:193)
[error] 	at scala.runtime.java8.JFunction0$mcV$sp.apply(JFunction0$mcV$sp.java:23)
[error] 	at sbt.internal.inc.MixedAnalyzingCompiler.timed(MixedAnalyzingCompiler.scala:248)
[error] 	at sbt.internal.inc.MixedAnalyzingCompiler.$anonfun$compile$4(MixedAnalyzingCompiler.scala:183)
[error] 	at sbt.internal.inc.MixedAnalyzingCompiler.$anonfun$compile$4$adapted(MixedAnalyzingCompiler.scala:163)
[error] 	at sbt.internal.inc.JarUtils$.withPreviousJar(JarUtils.scala:239)
[error] 	at sbt.internal.inc.MixedAnalyzingCompiler.compileScala$1(MixedAnalyzingCompiler.scala:163)
[error] 	at sbt.internal.inc.MixedAnalyzingCompiler.compile(MixedAnalyzingCompiler.scala:211)
[error] 	at sbt.internal.inc.IncrementalCompilerImpl.$anonfun$compileInternal$1(IncrementalCompilerImpl.scala:534)
[error] 	at sbt.internal.inc.IncrementalCompilerImpl.$anonfun$compileInternal$1$adapted(IncrementalCompilerImpl.scala:534)
[error] 	at sbt.internal.inc.Incremental$.$anonfun$apply$5(Incremental.scala:179)
[error] 	at sbt.internal.inc.Incremental$.$anonfun$apply$5$adapted(Incremental.scala:177)
[error] 	at sbt.internal.inc.Incremental$$anon$2.run(Incremental.scala:463)
[error] 	at sbt.internal.inc.IncrementalCommon$CycleState.next(IncrementalCommon.scala:116)
[error] 	at sbt.internal.inc.IncrementalCommon$$anon$1.next(IncrementalCommon.scala:56)
[error] 	at sbt.internal.inc.IncrementalCommon$$anon$1.next(IncrementalCommon.scala:52)
[error] 	at sbt.internal.inc.IncrementalCommon.cycle(IncrementalCommon.scala:263)
[error] 	at sbt.internal.inc.Incremental$.$anonfun$incrementalCompile$8(Incremental.scala:418)
[error] 	at sbt.internal.inc.Incremental$.withClassfileManager(Incremental.scala:506)
[error] 	at sbt.internal.inc.Incremental$.incrementalCompile(Incremental.scala:405)
[error] 	at sbt.internal.inc.Incremental$.apply(Incremental.scala:171)
[error] 	at sbt.internal.inc.IncrementalCompilerImpl.compileInternal(IncrementalCompilerImpl.scala:534)
[error] 	at sbt.internal.inc.IncrementalCompilerImpl.$anonfun$compileIncrementally$1(IncrementalCompilerImpl.scala:488)
[error] 	at sbt.internal.inc.IncrementalCompilerImpl.handleCompilationError(IncrementalCompilerImpl.scala:332)
[error] 	at sbt.internal.inc.IncrementalCompilerImpl.compileIncrementally(IncrementalCompilerImpl.scala:425)
[error] 	at sbt.internal.inc.IncrementalCompilerImpl.compile(IncrementalCompilerImpl.scala:137)
[error] 	at sbt.Defaults$.compileIncrementalTaskImpl(Defaults.scala:2363)
[error] 	at sbt.Defaults$.$anonfun$compileIncrementalTask$2(Defaults.scala:2313)
[error] 	at sbt.internal.server.BspCompileTask$.$anonfun$compute$1(BspCompileTask.scala:30)
[error] 	at sbt.internal.io.Retry$.apply(Retry.scala:46)
[error] 	at sbt.internal.io.Retry$.apply(Retry.scala:28)
[error] 	at sbt.internal.io.Retry$.apply(Retry.scala:23)
[error] 	at sbt.internal.server.BspCompileTask$.compute(BspCompileTask.scala:30)
[error] 	at sbt.Defaults$.$anonfun$compileIncrementalTask$1(Defaults.scala:2311)
[error] 	at scala.Function1.$anonfun$compose$1(Function1.scala:49)
[error] 	at sbt.internal.util.$tilde$greater.$anonfun$$u2219$1(TypeFunctions.scala:62)
[error] 	at sbt.std.Transform$$anon$4.work(Transform.scala:68)
[error] 	at sbt.Execute.$anonfun$submit$2(Execute.scala:282)
[error] 	at sbt.internal.util.ErrorHandling$.wideConvert(ErrorHandling.scala:23)
[error] 	at sbt.Execute.work(Execute.scala:291)
[error] 	at sbt.Execute.$anonfun$submit$1(Execute.scala:282)
[error] 	at sbt.ConcurrentRestrictions$$anon$4.$anonfun$submitValid$1(ConcurrentRestrictions.scala:265)
[error] 	at sbt.CompletionService$$anon$2.call(CompletionService.scala:64)
[error] 	at java.base/java.util.concurrent.FutureTask.run(Unknown Source)
[error] 	at java.base/java.util.concurrent.Executors$RunnableAdapter.call(Unknown Source)
[error] 	at java.base/java.util.concurrent.FutureTask.run(Unknown Source)
[error] 	at java.base/java.util.concurrent.ThreadPoolExecutor.runWorker(Unknown Source)
[error] 	at java.base/java.util.concurrent.ThreadPoolExecutor$Worker.run(Unknown Source)
[error] 	at java.base/java.lang.Thread.run(Unknown Source)
[error] (coreJS / Test / compileIncremental) java.lang.NoClassDefFoundError: org/scalajs/ir/Types$ArrayTypeRef$
[error] Total time: 16 s, completed Jun 14, 2023, 3:32:46 AM
[32mRerunning tests in discipline-specs2 because of a previous run failure.[0m
[32msbt -sbt-version 1.8.0 -Dsbt.supershell=false -Ddotty.communitybuild.dir=/Users/y3536zha/Desktop/scala_explicit_unsafe/scala_flexible_type_with_test_script/community-build --addPluginSbtFile=/Users/y3536zha/Desktop/scala_explicit_unsafe/scala_flexible_type_with_test_script/community-build/sbt-injected-plugins set Global/testOptions += Tests.Argument(TestFramework("munit.Framework"), "+l"); clean; set Global/logLevel := Level.Error; set Global/updateOptions ~= (_.withLatestSnapshots(false)); set Global/scalacOptions ++= List("-Xcheck-macros","-Yexplicit-nulls","-language:unsafeNulls");++3.3.1-RC1-bin-SNAPSHOT!; test[0m
[info] welcome to sbt 1.8.0 (Oracle Corporation Java 9.0.4)
[info] loading global plugins from /Users/y3536zha/.sbt/1.0/plugins
[info] loading settings for project discipline-specs2-build from plugins.sbt,sbt-injected-plugins ...
[info] loading project definition from /Users/y3536zha/Desktop/scala_explicit_unsafe/scala_flexible_type_with_test_script/community-build/community-projects/discipline-specs2/project
[info] loading settings for project root from build.sbt ...
SLF4J: No SLF4J providers were found.
SLF4J: Defaulting to no-operation (NOP) logger implementation
SLF4J: See https://www.slf4j.org/codes.html#noProviders for further details.
SLF4J: Class path contains SLF4J bindings targeting slf4j-api versions 1.7.x or earlier.
SLF4J: Ignoring binding found at [jar:file:/Users/y3536zha/.sbt/boot/scala-2.12.17/org.scala-sbt/sbt/1.8.0/log4j-slf4j-impl-2.17.1.jar!/org/slf4j/impl/StaticLoggerBinder.class]
SLF4J: See https://www.slf4j.org/codes.html#ignoredBindings for an explanation.
[info] set current project to root (in build file:/Users/y3536zha/Desktop/scala_explicit_unsafe/scala_flexible_type_with_test_script/community-build/community-projects/discipline-specs2/)
[info] Defining Global / testOptions
[info] The new value will be used by Test / test / testOptions, Test / testOnly / testOptions and 18 others.
[info] 	Run `last` for details.
[info] Reapplying settings...
[info] set current project to root (in build file:/Users/y3536zha/Desktop/scala_explicit_unsafe/scala_flexible_type_with_test_script/community-build/community-projects/discipline-specs2/)
[success] Total time: 0 s, completed Jun 14, 2023, 3:33:11 AM
[info] Defining Global / logLevel
[info] The new value will be used by Test / test / testListeners, Test / testOnly / testListeners and 53 others.
[info] 	Run `last` for details.
[info] Reapplying settings...
[info] set current project to root (in build file:/Users/y3536zha/Desktop/scala_explicit_unsafe/scala_flexible_type_with_test_script/community-build/community-projects/discipline-specs2/)
[info] Defining Global / updateOptions
[info] The new value will be used by coreJS / dependencyTreeIgnoreMissingUpdate / updateOptions, coreJS / ivyConfiguration and 18 others.
[info] 	Run `last` for details.
[info] Reapplying settings...
[info] set current project to root (in build file:/Users/y3536zha/Desktop/scala_explicit_unsafe/scala_flexible_type_with_test_script/community-build/community-projects/discipline-specs2/)
[info] Defining Global / scalacOptions
[info] The new value will be used by coreJS / scalacOptions, coreJVM / scalacOptions and 4 others.
[info] 	Run `last` for details.
[info] Reapplying settings...
[info] set current project to root (in build file:/Users/y3536zha/Desktop/scala_explicit_unsafe/scala_flexible_type_with_test_script/community-build/community-projects/discipline-specs2/)
[info] Forcing Scala version to 3.3.1-RC1-bin-SNAPSHOT on all projects.
[info] Reapplying settings...
[info] Loading dependency tracking file /Users/y3536zha/Desktop/scala_explicit_unsafe/scala_flexible_type_with_test_script/community-build/dotty-community-build-deps
[info] set current project to root (in build file:/Users/y3536zha/Desktop/scala_explicit_unsafe/scala_flexible_type_with_test_script/community-build/community-projects/discipline-specs2/)
[error] failed to start node; did you install it? (run `last ProjectRef(uri("file:/Users/y3536zha/Desktop/scala_explicit_unsafe/scala_flexible_type_with_test_script/community-build/community-projects/discipline-specs2/"), "coreJS") / Test / loadedTestFrameworks` for the full stack trace)
[error] (coreJS / Test / loadedTestFrameworks) failed to start node; did you install it? (run `last ProjectRef(uri("file:/Users/y3536zha/Desktop/scala_explicit_unsafe/scala_flexible_type_with_test_script/community-build/community-projects/discipline-specs2/"), "coreJS") / Test / loadedTestFrameworks` for the full stack trace)
[error] Total time: 21 s, completed Jun 14, 2023, 3:33:35 AM
[32mRerunning tests in discipline-specs2 because of a previous run failure.[0m
[32msbt -sbt-version 1.8.0 -Dsbt.supershell=false -Ddotty.communitybuild.dir=/Users/y3536zha/Desktop/scala_explicit_unsafe/scala_flexible_type_with_test_script/community-build --addPluginSbtFile=/Users/y3536zha/Desktop/scala_explicit_unsafe/scala_flexible_type_with_test_script/community-build/sbt-injected-plugins set Global/testOptions += Tests.Argument(TestFramework("munit.Framework"), "+l"); clean; set Global/logLevel := Level.Error; set Global/updateOptions ~= (_.withLatestSnapshots(false)); set Global/scalacOptions ++= List("-Xcheck-macros","-Yexplicit-nulls","-language:unsafeNulls");++3.3.1-RC1-bin-SNAPSHOT!; test[0m
[info] welcome to sbt 1.8.0 (Oracle Corporation Java 9.0.4)
[info] loading global plugins from /Users/y3536zha/.sbt/1.0/plugins
[info] loading settings for project discipline-specs2-build from plugins.sbt,sbt-injected-plugins ...
[info] loading project definition from /Users/y3536zha/Desktop/scala_explicit_unsafe/scala_flexible_type_with_test_script/community-build/community-projects/discipline-specs2/project
[info] loading settings for project root from build.sbt ...
SLF4J: No SLF4J providers were found.
SLF4J: Defaulting to no-operation (NOP) logger implementation
SLF4J: See https://www.slf4j.org/codes.html#noProviders for further details.
SLF4J: Class path contains SLF4J bindings targeting slf4j-api versions 1.7.x or earlier.
SLF4J: Ignoring binding found at [jar:file:/Users/y3536zha/.sbt/boot/scala-2.12.17/org.scala-sbt/sbt/1.8.0/log4j-slf4j-impl-2.17.1.jar!/org/slf4j/impl/StaticLoggerBinder.class]
SLF4J: See https://www.slf4j.org/codes.html#ignoredBindings for an explanation.
[info] set current project to root (in build file:/Users/y3536zha/Desktop/scala_explicit_unsafe/scala_flexible_type_with_test_script/community-build/community-projects/discipline-specs2/)
[info] Defining Global / testOptions
[info] The new value will be used by Test / test / testOptions, Test / testOnly / testOptions and 18 others.
[info] 	Run `last` for details.
[info] Reapplying settings...
[info] set current project to root (in build file:/Users/y3536zha/Desktop/scala_explicit_unsafe/scala_flexible_type_with_test_script/community-build/community-projects/discipline-specs2/)
[success] Total time: 0 s, completed Jun 14, 2023, 3:33:52 AM
[info] Defining Global / logLevel
[info] The new value will be used by Test / test / testListeners, Test / testOnly / testListeners and 53 others.
[info] 	Run `last` for details.
[info] Reapplying settings...
[info] set current project to root (in build file:/Users/y3536zha/Desktop/scala_explicit_unsafe/scala_flexible_type_with_test_script/community-build/community-projects/discipline-specs2/)
[info] Defining Global / updateOptions
[info] The new value will be used by coreJS / dependencyTreeIgnoreMissingUpdate / updateOptions, coreJS / ivyConfiguration and 18 others.
[info] 	Run `last` for details.
[info] Reapplying settings...
[info] set current project to root (in build file:/Users/y3536zha/Desktop/scala_explicit_unsafe/scala_flexible_type_with_test_script/community-build/community-projects/discipline-specs2/)
[info] Defining Global / scalacOptions
[info] The new value will be used by coreJS / scalacOptions, coreJVM / scalacOptions and 4 others.
[info] 	Run `last` for details.
[info] Reapplying settings...
[info] set current project to root (in build file:/Users/y3536zha/Desktop/scala_explicit_unsafe/scala_flexible_type_with_test_script/community-build/community-projects/discipline-specs2/)
[info] Forcing Scala version to 3.3.1-RC1-bin-SNAPSHOT on all projects.
[info] Reapplying settings...
[info] Loading dependency tracking file /Users/y3536zha/Desktop/scala_explicit_unsafe/scala_flexible_type_with_test_script/community-build/dotty-community-build-deps
[info] set current project to root (in build file:/Users/y3536zha/Desktop/scala_explicit_unsafe/scala_flexible_type_with_test_script/community-build/community-projects/discipline-specs2/)
[error] failed to start node; did you install it? (run `last ProjectRef(uri("file:/Users/y3536zha/Desktop/scala_explicit_unsafe/scala_flexible_type_with_test_script/community-build/community-projects/discipline-specs2/"), "coreJS") / Test / loadedTestFrameworks` for the full stack trace)
[error] (coreJS / Test / loadedTestFrameworks) failed to start node; did you install it? (run `last ProjectRef(uri("file:/Users/y3536zha/Desktop/scala_explicit_unsafe/scala_flexible_type_with_test_script/community-build/community-projects/discipline-specs2/"), "coreJS") / Test / loadedTestFrameworks` for the full stack trace)
[error] Total time: 17 s, completed Jun 14, 2023, 3:34:13 AM
[32mRerunning tests in discipline-specs2 because of a previous run failure.[0m
[32msbt -sbt-version 1.8.0 -Dsbt.supershell=false -Ddotty.communitybuild.dir=/Users/y3536zha/Desktop/scala_explicit_unsafe/scala_flexible_type_with_test_script/community-build --addPluginSbtFile=/Users/y3536zha/Desktop/scala_explicit_unsafe/scala_flexible_type_with_test_script/community-build/sbt-injected-plugins set Global/testOptions += Tests.Argument(TestFramework("munit.Framework"), "+l"); clean; set Global/logLevel := Level.Error; set Global/updateOptions ~= (_.withLatestSnapshots(false)); set Global/scalacOptions ++= List("-Xcheck-macros","-Yexplicit-nulls","-language:unsafeNulls");++3.3.1-RC1-bin-SNAPSHOT!; test[0m
[info] welcome to sbt 1.8.0 (Oracle Corporation Java 9.0.4)
[info] loading global plugins from /Users/y3536zha/.sbt/1.0/plugins
[info] loading settings for project discipline-specs2-build from plugins.sbt,sbt-injected-plugins ...
[info] loading project definition from /Users/y3536zha/Desktop/scala_explicit_unsafe/scala_flexible_type_with_test_script/community-build/community-projects/discipline-specs2/project
[info] loading settings for project root from build.sbt ...
SLF4J: No SLF4J providers were found.
SLF4J: Defaulting to no-operation (NOP) logger implementation
SLF4J: See https://www.slf4j.org/codes.html#noProviders for further details.
SLF4J: Class path contains SLF4J bindings targeting slf4j-api versions 1.7.x or earlier.
SLF4J: Ignoring binding found at [jar:file:/Users/y3536zha/.sbt/boot/scala-2.12.17/org.scala-sbt/sbt/1.8.0/log4j-slf4j-impl-2.17.1.jar!/org/slf4j/impl/StaticLoggerBinder.class]
SLF4J: See https://www.slf4j.org/codes.html#ignoredBindings for an explanation.
[info] set current project to root (in build file:/Users/y3536zha/Desktop/scala_explicit_unsafe/scala_flexible_type_with_test_script/community-build/community-projects/discipline-specs2/)
[info] Defining Global / testOptions
[info] The new value will be used by Test / test / testOptions, Test / testOnly / testOptions and 18 others.
[info] 	Run `last` for details.
[info] Reapplying settings...
[info] set current project to root (in build file:/Users/y3536zha/Desktop/scala_explicit_unsafe/scala_flexible_type_with_test_script/community-build/community-projects/discipline-specs2/)
[info] waiting for lock on /Users/y3536zha/.ivy2/.sbt.ivy.lock to be available...
[success] Total time: 1 s, completed Jun 14, 2023, 3:34:28 AM
[info] Defining Global / logLevel
[info] The new value will be used by Test / test / testListeners, Test / testOnly / testListeners and 53 others.
[info] 	Run `last` for details.
[info] Reapplying settings...
[info] set current project to root (in build file:/Users/y3536zha/Desktop/scala_explicit_unsafe/scala_flexible_type_with_test_script/community-build/community-projects/discipline-specs2/)
[info] Defining Global / updateOptions
[info] The new value will be used by coreJS / dependencyTreeIgnoreMissingUpdate / updateOptions, coreJS / ivyConfiguration and 18 others.
[info] 	Run `last` for details.
[info] Reapplying settings...
[info] set current project to root (in build file:/Users/y3536zha/Desktop/scala_explicit_unsafe/scala_flexible_type_with_test_script/community-build/community-projects/discipline-specs2/)
[info] Defining Global / scalacOptions
[info] The new value will be used by coreJS / scalacOptions, coreJVM / scalacOptions and 4 others.
[info] 	Run `last` for details.
[info] Reapplying settings...
[info] set current project to root (in build file:/Users/y3536zha/Desktop/scala_explicit_unsafe/scala_flexible_type_with_test_script/community-build/community-projects/discipline-specs2/)
[info] Forcing Scala version to 3.3.1-RC1-bin-SNAPSHOT on all projects.
[info] Reapplying settings...
[info] Loading dependency tracking file /Users/y3536zha/Desktop/scala_explicit_unsafe/scala_flexible_type_with_test_script/community-build/dotty-community-build-deps
[info] set current project to root (in build file:/Users/y3536zha/Desktop/scala_explicit_unsafe/scala_flexible_type_with_test_script/community-build/community-projects/discipline-specs2/)
[error] failed to start node; did you install it? (run `last ProjectRef(uri("file:/Users/y3536zha/Desktop/scala_explicit_unsafe/scala_flexible_type_with_test_script/community-build/community-projects/discipline-specs2/"), "coreJS") / Test / loadedTestFrameworks` for the full stack trace)
[error] (coreJS / Test / loadedTestFrameworks) failed to start node; did you install it? (run `last ProjectRef(uri("file:/Users/y3536zha/Desktop/scala_explicit_unsafe/scala_flexible_type_with_test_script/community-build/community-projects/discipline-specs2/"), "coreJS") / Test / loadedTestFrameworks` for the full stack trace)
[error] Total time: 18 s, completed Jun 14, 2023, 3:34:50 AM
[32m[FAILURE discipline-specs2][0m
[32m[discipline-specs2 DONE RUNNING][0m
[error] Test dotty.communitybuild.CommunityBuildTestB.disciplineSpecs2 failed: java.lang.AssertionError: 
[error] 
[error] sbt exited with an error code. To reproduce without JUnit, use:
[error] 
[error]     sbt community-build/prepareCommunityBuild
[error]     cd community-build/community-projects/discipline-specs2
[error]     sbt -sbt-version 1.8.0 -Dsbt.supershell=false -Ddotty.communitybuild.dir=/Users/y3536zha/Desktop/scala_explicit_unsafe/scala_flexible_type_with_test_script/community-build --addPluginSbtFile=/Users/y3536zha/Desktop/scala_explicit_unsafe/scala_flexible_type_with_test_script/community-build/sbt-injected-plugins "set Global/testOptions += Tests.Argument(TestFramework("munit.Framework"), "+l"); clean; set Global/logLevel := Level.Error; set Global/updateOptions ~= (_.withLatestSnapshots(false)); set Global/scalacOptions ++= List("-Xcheck-macros","-Yexplicit-nulls","-language:unsafeNulls");++3.3.1-RC1-bin-SNAPSHOT!; test"
[error] 
[error] For a faster feedback loop on SBT projects, one can try to extract a direct call to dotc
[error] using the sbt export command. For instance, for scalacheck, use
[error]     sbt export jvm/test:compileIncremental
[error] 
[error] , took 313.764 sec
[error]     at dotty.communitybuild.CommunityBuildTest$package$testRunner$.failWith(CommunityBuildTest.scala:15)
[error]     at dotty.communitybuild.CommunityBuildRunner.runProject(CommunityBuildRunner.scala:93)
[error]     at dotty.communitybuild.CommunityBuildRunner.runProject$(CommunityBuildRunner.scala:33)
[error]     at dotty.communitybuild.CommunityBuildTest$package$testRunner$.runProject(CommunityBuildTest.scala:14)
[error]     at dotty.communitybuild.CommunityBuildRunner$.run(CommunityBuildRunner.scala:28)
[error]     at dotty.communitybuild.CommunityBuildTestB.disciplineSpecs2(CommunityBuildTest.scala:45)
[error]     at jdk.internal.reflect.NativeMethodAccessorImpl.invoke0(Native Method)
[error]     at jdk.internal.reflect.NativeMethodAccessorImpl.invoke(Unknown Source)
[error]     at jdk.internal.reflect.DelegatingMethodAccessorImpl.invoke(Unknown Source)
[error]     at java.lang.reflect.Method.invoke(Unknown Source)
[error]     ...
[info] Test run dotty.communitybuild.CommunityBuildTestB finished: 1 failed, 0 ignored, 1 total, 313.772s
********************************************************************************
Failed projects:
 - dotty.communitybuild.CommunityBuildTestB.disciplineSpecs2
********************************************************************************
[error] Failed: Total 1, Failed 1, Errors 0, Passed 0
[error] Failed tests:
[error] 	dotty.communitybuild.CommunityBuildTestB
[error] (community-build / Test / testOnly) sbt.TestsFailedException: Tests unsuccessful
[error] Total time: 375 s (06:15), completed Jun 14, 2023, 3:34:51 AM
