[info] welcome to sbt 1.8.0 (Oracle Corporation Java 9.0.4)
[info] loading global plugins from /Users/y3536zha/.sbt/1.0/plugins
[info] loading settings for project scala_flexible_type_with_test_script-build-build from build.sbt ...
[info] loading project definition from /Users/y3536zha/Desktop/scala_explicit_unsafe/scala_flexible_type_with_test_script/project/project
[info] loading settings for project scala_flexible_type_with_test_script-build from build.sbt,plugins.sbt ...
[info] loading project definition from /Users/y3536zha/Desktop/scala_explicit_unsafe/scala_flexible_type_with_test_script/project
[info] loading settings for project scala3 from build.sbt ...
[info] resolving key references (31394 settings) ...
[info] set current project to scala3 (in build file:/Users/y3536zha/Desktop/scala_explicit_unsafe/scala_flexible_type_with_test_script/)
SLF4J: No SLF4J providers were found.
SLF4J: Defaulting to no-operation (NOP) logger implementation
SLF4J: See https://www.slf4j.org/codes.html#noProviders for further details.
SLF4J: Class path contains SLF4J bindings targeting slf4j-api versions 1.7.x or earlier.
SLF4J: Ignoring binding found at [jar:file:/Users/y3536zha/.sbt/boot/scala-2.12.17/org.scala-sbt/sbt/1.8.0/log4j-slf4j-impl-2.17.1.jar!/org/slf4j/impl/StaticLoggerBinder.class]
SLF4J: See https://www.slf4j.org/codes.html#ignoredBindings for an explanation.
[info] Wrote /Users/y3536zha/Desktop/scala_explicit_unsafe/scala_flexible_type_with_test_script/tasty/../out/bootstrap/tasty-core-bootstrapped/scala-3.3.1-RC1-bin-SNAPSHOT-nonbootstrapped/tasty-core_3-3.3.1-RC1-bin-SNAPSHOT.pom
[info] Wrote /Users/y3536zha/Desktop/scala_explicit_unsafe/scala_flexible_type_with_test_script/interfaces/target/scala3-interfaces-3.3.1-RC1-bin-SNAPSHOT.pom
[info] Wrote /Users/y3536zha/Desktop/scala_explicit_unsafe/scala_flexible_type_with_test_script/library/../out/bootstrap/scala3-library-bootstrapped/scala-3.3.1-RC1-bin-SNAPSHOT-nonbootstrapped/scala3-library_3-3.3.1-RC1-bin-SNAPSHOT.pom
[info] Wrote /Users/y3536zha/Desktop/scala_explicit_unsafe/scala_flexible_type_with_test_script/library-js/../out/bootstrap/scala3-library-bootstrappedJS/scala-3.3.1-RC1-bin-SNAPSHOT-nonbootstrapped/scala3-library_sjs1_3-3.3.1-RC1-bin-SNAPSHOT.pom
[info] Wrote /Users/y3536zha/Desktop/scala_explicit_unsafe/scala_flexible_type_with_test_script/compiler/../out/bootstrap/scala3-compiler-bootstrapped/scala-3.3.1-RC1-bin-SNAPSHOT-nonbootstrapped/scala3-compiler_3-3.3.1-RC1-bin-SNAPSHOT.pom
[info] Wrote /Users/y3536zha/Desktop/scala_explicit_unsafe/scala_flexible_type_with_test_script/sbt-community-build/target/scala-2.12/sbt-1.0/sbt-community-build-0.1.0-SNAPSHOT.pom
[info] Wrote /Users/y3536zha/Desktop/scala_explicit_unsafe/scala_flexible_type_with_test_script/tasty-inspector/../out/bootstrap/scala3-tasty-inspector/scala-3.3.1-RC1-bin-SNAPSHOT-nonbootstrapped/scala3-tasty-inspector_3-3.3.1-RC1-bin-SNAPSHOT.pom
[info] Wrote /Users/y3536zha/Desktop/scala_explicit_unsafe/scala_flexible_type_with_test_script/sbt-bridge/src/target/scala3-sbt-bridge-3.3.1-RC1-bin-SNAPSHOT.pom
[info] Wrote /Users/y3536zha/Desktop/scala_explicit_unsafe/scala_flexible_type_with_test_script/scaladoc/../out/bootstrap/scaladoc/scala-3.3.1-RC1-bin-SNAPSHOT-nonbootstrapped/scaladoc_3-3.3.1-RC1-bin-SNAPSHOT.pom
[info] :: delivering :: org.scala-lang#scala3-interfaces;3.3.1-RC1-bin-SNAPSHOT :: 3.3.1-RC1-bin-SNAPSHOT :: integration :: Wed Jun 14 04:24:29 EDT 2023
[info] 	delivering ivy file to /Users/y3536zha/Desktop/scala_explicit_unsafe/scala_flexible_type_with_test_script/interfaces/target/ivy-3.3.1-RC1-bin-SNAPSHOT.xml
[info] :: delivering :: ch.epfl.lamp#sbt-community-build;0.1.0-SNAPSHOT :: 0.1.0-SNAPSHOT :: integration :: Wed Jun 14 04:24:29 EDT 2023
[info] 	delivering ivy file to /Users/y3536zha/Desktop/scala_explicit_unsafe/scala_flexible_type_with_test_script/sbt-community-build/target/scala-2.12/sbt-1.0/ivy-0.1.0-SNAPSHOT.xml
[info] 	published scala3-interfaces to /Users/y3536zha/.ivy2/local/org.scala-lang/scala3-interfaces/3.3.1-RC1-bin-SNAPSHOT/poms/scala3-interfaces.pom
[info] 	published scala3-interfaces to /Users/y3536zha/.ivy2/local/org.scala-lang/scala3-interfaces/3.3.1-RC1-bin-SNAPSHOT/jars/scala3-interfaces.jar
[info] 	published scala3-interfaces to /Users/y3536zha/.ivy2/local/org.scala-lang/scala3-interfaces/3.3.1-RC1-bin-SNAPSHOT/srcs/scala3-interfaces-sources.jar
[info] 	published scala3-interfaces to /Users/y3536zha/.ivy2/local/org.scala-lang/scala3-interfaces/3.3.1-RC1-bin-SNAPSHOT/docs/scala3-interfaces-javadoc.jar
[info] 	published ivy to /Users/y3536zha/.ivy2/local/org.scala-lang/scala3-interfaces/3.3.1-RC1-bin-SNAPSHOT/ivys/ivy.xml
[info] 	published sbt-community-build to /Users/y3536zha/.ivy2/local/ch.epfl.lamp/sbt-community-build/scala_2.12/sbt_1.0/0.1.0-SNAPSHOT/poms/sbt-community-build.pom
[info] 	published sbt-community-build to /Users/y3536zha/.ivy2/local/ch.epfl.lamp/sbt-community-build/scala_2.12/sbt_1.0/0.1.0-SNAPSHOT/jars/sbt-community-build.jar
[info] 	published sbt-community-build to /Users/y3536zha/.ivy2/local/ch.epfl.lamp/sbt-community-build/scala_2.12/sbt_1.0/0.1.0-SNAPSHOT/srcs/sbt-community-build-sources.jar
[info] 	published sbt-community-build to /Users/y3536zha/.ivy2/local/ch.epfl.lamp/sbt-community-build/scala_2.12/sbt_1.0/0.1.0-SNAPSHOT/docs/sbt-community-build-javadoc.jar
[info] 	published ivy to /Users/y3536zha/.ivy2/local/ch.epfl.lamp/sbt-community-build/scala_2.12/sbt_1.0/0.1.0-SNAPSHOT/ivys/ivy.xml
[info] :: delivering :: org.scala-lang#scala3-sbt-bridge;3.3.1-RC1-bin-SNAPSHOT :: 3.3.1-RC1-bin-SNAPSHOT :: integration :: Wed Jun 14 04:24:31 EDT 2023
[info] 	delivering ivy file to /Users/y3536zha/Desktop/scala_explicit_unsafe/scala_flexible_type_with_test_script/sbt-bridge/src/target/ivy-3.3.1-RC1-bin-SNAPSHOT.xml
[info] 	published scala3-sbt-bridge to /Users/y3536zha/.ivy2/local/org.scala-lang/scala3-sbt-bridge/3.3.1-RC1-bin-SNAPSHOT/poms/scala3-sbt-bridge.pom
[info] 	published scala3-sbt-bridge to /Users/y3536zha/.ivy2/local/org.scala-lang/scala3-sbt-bridge/3.3.1-RC1-bin-SNAPSHOT/jars/scala3-sbt-bridge.jar
[info] 	published scala3-sbt-bridge to /Users/y3536zha/.ivy2/local/org.scala-lang/scala3-sbt-bridge/3.3.1-RC1-bin-SNAPSHOT/srcs/scala3-sbt-bridge-sources.jar
[info] 	published scala3-sbt-bridge to /Users/y3536zha/.ivy2/local/org.scala-lang/scala3-sbt-bridge/3.3.1-RC1-bin-SNAPSHOT/docs/scala3-sbt-bridge-javadoc.jar
[info] 	published ivy to /Users/y3536zha/.ivy2/local/org.scala-lang/scala3-sbt-bridge/3.3.1-RC1-bin-SNAPSHOT/ivys/ivy.xml
[info] :: delivering :: org.scala-lang#tasty-core_3;3.3.1-RC1-bin-SNAPSHOT :: 3.3.1-RC1-bin-SNAPSHOT :: integration :: Wed Jun 14 04:24:34 EDT 2023
[info] 	delivering ivy file to /Users/y3536zha/Desktop/scala_explicit_unsafe/scala_flexible_type_with_test_script/out/bootstrap/tasty-core-bootstrapped/scala-3.3.1-RC1-bin-SNAPSHOT-nonbootstrapped/ivy-3.3.1-RC1-bin-SNAPSHOT.xml
[info] 	published tasty-core_3 to /Users/y3536zha/.ivy2/local/org.scala-lang/tasty-core_3/3.3.1-RC1-bin-SNAPSHOT/poms/tasty-core_3.pom
[info] 	published tasty-core_3 to /Users/y3536zha/.ivy2/local/org.scala-lang/tasty-core_3/3.3.1-RC1-bin-SNAPSHOT/jars/tasty-core_3.jar
[info] 	published tasty-core_3 to /Users/y3536zha/.ivy2/local/org.scala-lang/tasty-core_3/3.3.1-RC1-bin-SNAPSHOT/srcs/tasty-core_3-sources.jar
[info] 	published tasty-core_3 to /Users/y3536zha/.ivy2/local/org.scala-lang/tasty-core_3/3.3.1-RC1-bin-SNAPSHOT/docs/tasty-core_3-javadoc.jar
[info] 	published ivy to /Users/y3536zha/.ivy2/local/org.scala-lang/tasty-core_3/3.3.1-RC1-bin-SNAPSHOT/ivys/ivy.xml
[info] Main Scala API documentation to /Users/y3536zha/Desktop/scala_explicit_unsafe/scala_flexible_type_with_test_script/library/../out/bootstrap/scala3-library-bootstrapped/scala-3.3.1-RC1-bin-SNAPSHOT-nonbootstrapped/api...
[info] Main Scala API documentation to /Users/y3536zha/Desktop/scala_explicit_unsafe/scala_flexible_type_with_test_script/library-js/../out/bootstrap/scala3-library-bootstrappedJS/scala-3.3.1-RC1-bin-SNAPSHOT-nonbootstrapped/api...
[info] :: delivering :: org.scala-lang#scala3-tasty-inspector_3;3.3.1-RC1-bin-SNAPSHOT :: 3.3.1-RC1-bin-SNAPSHOT :: integration :: Wed Jun 14 04:24:34 EDT 2023
[info] 	delivering ivy file to /Users/y3536zha/Desktop/scala_explicit_unsafe/scala_flexible_type_with_test_script/out/bootstrap/scala3-tasty-inspector/scala-3.3.1-RC1-bin-SNAPSHOT-nonbootstrapped/ivy-3.3.1-RC1-bin-SNAPSHOT.xml
[info] 	published scala3-tasty-inspector_3 to /Users/y3536zha/.ivy2/local/org.scala-lang/scala3-tasty-inspector_3/3.3.1-RC1-bin-SNAPSHOT/poms/scala3-tasty-inspector_3.pom
[info] 	published scala3-tasty-inspector_3 to /Users/y3536zha/.ivy2/local/org.scala-lang/scala3-tasty-inspector_3/3.3.1-RC1-bin-SNAPSHOT/jars/scala3-tasty-inspector_3.jar
[info] 	published scala3-tasty-inspector_3 to /Users/y3536zha/.ivy2/local/org.scala-lang/scala3-tasty-inspector_3/3.3.1-RC1-bin-SNAPSHOT/srcs/scala3-tasty-inspector_3-sources.jar
[info] 	published scala3-tasty-inspector_3 to /Users/y3536zha/.ivy2/local/org.scala-lang/scala3-tasty-inspector_3/3.3.1-RC1-bin-SNAPSHOT/docs/scala3-tasty-inspector_3-javadoc.jar
[info] 	published ivy to /Users/y3536zha/.ivy2/local/org.scala-lang/scala3-tasty-inspector_3/3.3.1-RC1-bin-SNAPSHOT/ivys/ivy.xml
[info] :: delivering :: org.scala-lang#scaladoc_3;3.3.1-RC1-bin-SNAPSHOT :: 3.3.1-RC1-bin-SNAPSHOT :: integration :: Wed Jun 14 04:24:34 EDT 2023
[info] 	delivering ivy file to /Users/y3536zha/Desktop/scala_explicit_unsafe/scala_flexible_type_with_test_script/out/bootstrap/scaladoc/scala-3.3.1-RC1-bin-SNAPSHOT-nonbootstrapped/ivy-3.3.1-RC1-bin-SNAPSHOT.xml
[info] 	published scaladoc_3 to /Users/y3536zha/.ivy2/local/org.scala-lang/scaladoc_3/3.3.1-RC1-bin-SNAPSHOT/poms/scaladoc_3.pom
[info] 	published scaladoc_3 to /Users/y3536zha/.ivy2/local/org.scala-lang/scaladoc_3/3.3.1-RC1-bin-SNAPSHOT/jars/scaladoc_3.jar
[info] 	published scaladoc_3 to /Users/y3536zha/.ivy2/local/org.scala-lang/scaladoc_3/3.3.1-RC1-bin-SNAPSHOT/srcs/scaladoc_3-sources.jar
[info] 	published scaladoc_3 to /Users/y3536zha/.ivy2/local/org.scala-lang/scaladoc_3/3.3.1-RC1-bin-SNAPSHOT/docs/scaladoc_3-javadoc.jar
[info] 	published ivy to /Users/y3536zha/.ivy2/local/org.scala-lang/scaladoc_3/3.3.1-RC1-bin-SNAPSHOT/ivys/ivy.xml
[warn] Setting -skip-by-regex set to .+\.internal($|\..+) redundantly
[warn] bad option '-project-version 3.3.1-RC1-bin-SNAPSHOT' was ignored
[warn] Setting -skip-by-regex set to .+\.internal($|\..+) redundantly
[warn] Setting -skip-by-regex set to .+\.impl($|\..+) redundantly
[warn] Setting -skip-by-regex set to .+\.impl($|\..+) redundantly
[warn] Flag -project-logo set repeatedly
[warn] Setting -social-links set to github::https://github.com/lampepfl/dotty redundantly
[warn] Setting -social-links set to discord::https://discord.com/invite/scala redundantly
[warn] Setting -social-links set to twitter::https://twitter.com/scala_lang redundantly
[warn] Setting -skip-by-id set to scala.runtime.stdLibPatches redundantly
[warn] Setting -skip-by-id set to scala.runtime.stdLibPatches redundantly
[warn] Setting -skip-by-id set to scala.runtime.MatchCase redundantly
[warn] Setting -skip-by-id set to scala.runtime.MatchCase redundantly
[warn] bad option '-project-logo docs/_assets/images/logo.svg' was ignored
[warn] Setting -social-links set to github::https://github.com/lampepfl/dotty redundantly
[warn] Setting -social-links set to discord::https://discord.com/invite/scala redundantly
[warn] Flag -project-footer set repeatedly
[warn] Setting -social-links set to twitter::https://twitter.com/scala_lang redundantly
[warn] Flag -author set repeatedly
[warn] bad option '-project-footer "Copyright (c) 2002-2023, LAMP/EPFL"' was ignored
[warn] bad option '-default-template static-site-main' was ignored
[warn] Flag -author set repeatedly
[warn] Flag -groups set repeatedly
[warn] Flag -groups set repeatedly
[warn] Flag -default-template set repeatedly
[warn] Setting -external-mappings set to .*scala/.*::scaladoc3::https://dotty.epfl.ch/api/ redundantly
[warn] Setting -external-mappings set to .*java/.*::javadoc::https://docs.oracle.com/javase/8/docs/api/ redundantly
[warn] bad option '-project-version 3.3.1-RC1-bin-SNAPSHOT' was ignored
[warn] Setting -skip-by-regex set to .+\.internal($|\..+) redundantly
[warn] Setting -skip-by-regex set to .+\.impl($|\..+) redundantly
[warn] Setting -skip-by-id set to scala.runtime.stdLibPatches redundantly
[warn] Setting -skip-by-id set to scala.runtime.MatchCase redundantly
[warn] bad option '-project-logo docs/_assets/images/logo.svg' was ignored
[warn] Setting -social-links set to github::https://github.com/lampepfl/dotty redundantly
[warn] Setting -social-links set to discord::https://discord.com/invite/scala redundantly
[warn] Setting -social-links set to twitter::https://twitter.com/scala_lang redundantly
[warn] bad option '-project-footer "Copyright (c) 2002-2023, LAMP/EPFL"' was ignored
[warn] bad option '-default-template static-site-main' was ignored
[warn] Flag -author set repeatedly
[warn] Flag -groups set repeatedly
[info] Skipping unused scalacOptions: -Werror, -Yno-experimental, -Yexplicit-nulls
[info] Skipping unused scalacOptions: -Werror, -Yno-experimental, -Yexplicit-nulls
[info] :: delivering :: org.scala-lang#scala3-compiler_3;3.3.1-RC1-bin-SNAPSHOT :: 3.3.1-RC1-bin-SNAPSHOT :: integration :: Wed Jun 14 04:24:36 EDT 2023
[info] 	delivering ivy file to /Users/y3536zha/Desktop/scala_explicit_unsafe/scala_flexible_type_with_test_script/out/bootstrap/scala3-compiler-bootstrapped/scala-3.3.1-RC1-bin-SNAPSHOT-nonbootstrapped/ivy-3.3.1-RC1-bin-SNAPSHOT.xml
[info] 	published scala3-compiler_3 to /Users/y3536zha/.ivy2/local/org.scala-lang/scala3-compiler_3/3.3.1-RC1-bin-SNAPSHOT/poms/scala3-compiler_3.pom
[info] 	published scala3-compiler_3 to /Users/y3536zha/.ivy2/local/org.scala-lang/scala3-compiler_3/3.3.1-RC1-bin-SNAPSHOT/jars/scala3-compiler_3.jar
[info] 	published scala3-compiler_3 to /Users/y3536zha/.ivy2/local/org.scala-lang/scala3-compiler_3/3.3.1-RC1-bin-SNAPSHOT/srcs/scala3-compiler_3-sources.jar
[info] 	published scala3-compiler_3 to /Users/y3536zha/.ivy2/local/org.scala-lang/scala3-compiler_3/3.3.1-RC1-bin-SNAPSHOT/docs/scala3-compiler_3-javadoc.jar
[info] 	published ivy to /Users/y3536zha/.ivy2/local/org.scala-lang/scala3-compiler_3/3.3.1-RC1-bin-SNAPSHOT/ivys/ivy.xml
[warn] -- Warning: library/src/scala/util/FromDigits.scala:21:6 -----------------------
[warn] -- Warning: library/src/scala/util/FromDigits.scala:21:6 -----------------------
[warn] 21 |  def fromDigits(digits: String): T
[warn] 21 |  def fromDigits(digits: String): T
[warn]    |      ^
[warn]    |      ^
[warn]    |      No DRI found for query: MalformedNumber
[warn]    |      No DRI found for query: MalformedNumber
[error] -- [E069] Naming Error: /Users/y3536zha/Desktop/scala_explicit_unsafe/scala_flexible_type_with_test_script/library/src/scala/IArray.scala:13:7 
[error] 13 |object IArray:
[error]    |       ^
[error] -- [E069] Naming Error: /Users/y3536zha/Desktop/scala_explicit_unsafe/scala_flexible_type_with_test_script/library/src/scala/IArray.scala:13:7 
[error] 13 |object IArray:
[error]    |object IArray cannot have the same name as object IArray in package scala -- cannot define object member with the same name as a object member in self reference _.
[error]    |       ^
[error]    |(Note: this can be resolved by using another name)
[error]    |object IArray cannot have the same name as object IArray in package scala -- cannot define object member with the same name as a object member in self reference _.
[error]    |(Note: this can be resolved by using another name)
[warn] 14 warnings found
[error] one error found
[warn] 28 warnings found
[error] one error found
[info] :: delivering :: org.scala-lang#scala3-library_3;3.3.1-RC1-bin-SNAPSHOT :: 3.3.1-RC1-bin-SNAPSHOT :: integration :: Wed Jun 14 04:24:54 EDT 2023
[info] 	delivering ivy file to /Users/y3536zha/Desktop/scala_explicit_unsafe/scala_flexible_type_with_test_script/out/bootstrap/scala3-library-bootstrapped/scala-3.3.1-RC1-bin-SNAPSHOT-nonbootstrapped/ivy-3.3.1-RC1-bin-SNAPSHOT.xml
[info] 	published scala3-library_3 to /Users/y3536zha/.ivy2/local/org.scala-lang/scala3-library_3/3.3.1-RC1-bin-SNAPSHOT/poms/scala3-library_3.pom
[info] 	published scala3-library_3 to /Users/y3536zha/.ivy2/local/org.scala-lang/scala3-library_3/3.3.1-RC1-bin-SNAPSHOT/jars/scala3-library_3.jar
[info] 	published scala3-library_3 to /Users/y3536zha/.ivy2/local/org.scala-lang/scala3-library_3/3.3.1-RC1-bin-SNAPSHOT/srcs/scala3-library_3-sources.jar
[info] 	published scala3-library_3 to /Users/y3536zha/.ivy2/local/org.scala-lang/scala3-library_3/3.3.1-RC1-bin-SNAPSHOT/docs/scala3-library_3-javadoc.jar
[info] 	published ivy to /Users/y3536zha/.ivy2/local/org.scala-lang/scala3-library_3/3.3.1-RC1-bin-SNAPSHOT/ivys/ivy.xml
[info] :: delivering :: org.scala-lang#scala3-library_sjs1_3;3.3.1-RC1-bin-SNAPSHOT :: 3.3.1-RC1-bin-SNAPSHOT :: integration :: Wed Jun 14 04:24:54 EDT 2023
[info] 	delivering ivy file to /Users/y3536zha/Desktop/scala_explicit_unsafe/scala_flexible_type_with_test_script/out/bootstrap/scala3-library-bootstrappedJS/scala-3.3.1-RC1-bin-SNAPSHOT-nonbootstrapped/ivy-3.3.1-RC1-bin-SNAPSHOT.xml
[info] 	published scala3-library_sjs1_3 to /Users/y3536zha/.ivy2/local/org.scala-lang/scala3-library_sjs1_3/3.3.1-RC1-bin-SNAPSHOT/poms/scala3-library_sjs1_3.pom
[info] 	published scala3-library_sjs1_3 to /Users/y3536zha/.ivy2/local/org.scala-lang/scala3-library_sjs1_3/3.3.1-RC1-bin-SNAPSHOT/jars/scala3-library_sjs1_3.jar
[info] 	published scala3-library_sjs1_3 to /Users/y3536zha/.ivy2/local/org.scala-lang/scala3-library_sjs1_3/3.3.1-RC1-bin-SNAPSHOT/srcs/scala3-library_sjs1_3-sources.jar
[info] 	published scala3-library_sjs1_3 to /Users/y3536zha/.ivy2/local/org.scala-lang/scala3-library_sjs1_3/3.3.1-RC1-bin-SNAPSHOT/docs/scala3-library_sjs1_3-javadoc.jar
[info] 	published ivy to /Users/y3536zha/.ivy2/local/org.scala-lang/scala3-library_sjs1_3/3.3.1-RC1-bin-SNAPSHOT/ivys/ivy.xml
[info] Test run dotty.communitybuild.CommunityBuildTestA started
[info] Test run dotty.communitybuild.CommunityBuildTestA finished: 0 failed, 0 ignored, 0 total, 0.0s
[info] Test run dotty.communitybuild.CommunityBuildTestC started
[info] Test dotty.communitybuild.CommunityBuildTestC.oslib started
[32m[STARTING os-lib][0m
[32mPublishing utest[0m
[32m./mill -i -D dottyVersion=3.3.1-RC1-bin-SNAPSHOT utest.jvm[3.3.1-RC1-bin-SNAPSHOT].publishLocal[0m
[1/58] utest.jvm[3.3.1-RC1-bin-SNAPSHOT].resources 
[1A[2K[9999D[4/58] mill.scalalib.ZincWorkerModule.worker 
[1A[2K[9999D[6/58] utest.jvm[3.3.1-RC1-bin-SNAPSHOT].sources.overridden.mill.scalalib.JavaModule.sources 
[1A[2K[9999D[7/58] utest.jvm[3.3.1-RC1-bin-SNAPSHOT].sources.overridden.mill.scalalib.CrossScalaModule.sources 
[1A[2K[9999D[8/58] utest.jvm[3.3.1-RC1-bin-SNAPSHOT].sources 
[1A[2K[9999D[41/58] de.tobiasroeser.mill.vcs.version.VcsVersion.vcsState.overridden.de.tobiasroeser.mill.vcs.version.VcsVersion.vcsState 
fatal: no tag exactly matches 'eae17c7a4d0d63bab1406ca75791d3cb6394233d'
[1A[2K[9999D[42/58] de.tobiasroeser.mill.vcs.version.VcsVersion.vcsState 
[1A[2K[9999D[58/58] utest.jvm[3.3.1-RC1-bin-SNAPSHOT].publishLocal 
Publishing Artifact(com.lihaoyi,utest_3,v0.6.8-204-eae17c) to ivy repo /Users/y3536zha/.ivy2/local
[32mPublishing sourcecode[0m
[32m./mill -i -D dottyVersion=3.3.1-RC1-bin-SNAPSHOT sourcecode.jvm[3.3.1-RC1-bin-SNAPSHOT].publishLocal[0m
[1/64] sourcecode.jvm[3.3.1-RC1-bin-SNAPSHOT].resources 
[1A[2K[9999D[4/64] mill.scalalib.ZincWorkerModule.worker 
[1A[2K[9999D[6/64] sourcecode.jvm[3.3.1-RC1-bin-SNAPSHOT].sources.overridden.mill.scalalib.JavaModule.sources 
[1A[2K[9999D[7/64] sourcecode.jvm[3.3.1-RC1-bin-SNAPSHOT].sources.overridden.mill.scalalib.CrossScalaModule.sources 
[1A[2K[9999D[8/64] sourcecode.jvm[3.3.1-RC1-bin-SNAPSHOT].sources 
[1A[2K[9999D[41/64] de.tobiasroeser.mill.vcs.version.VcsVersion.vcsState.overridden.de.tobiasroeser.mill.vcs.version.VcsVersion.vcsState 
fatal: no tag exactly matches '28b4f6c21fddeb33d694dc210f51b0535a2ada68'
[1A[2K[9999D[42/64] de.tobiasroeser.mill.vcs.version.VcsVersion.vcsState 
[1A[2K[9999D[51/64] sourcecode.jvm[3.3.1-RC1-bin-SNAPSHOT].docResources 
[1A[2K[9999D[52/64] sourcecode.jvm[3.3.1-RC1-bin-SNAPSHOT].docSources 
[1A[2K[9999D[64/64] sourcecode.jvm[3.3.1-RC1-bin-SNAPSHOT].publishLocal 
Publishing Artifact(com.lihaoyi,sourcecode_3,v0.1.5-141-28b4f6) to ivy repo /Users/y3536zha/.ivy2/local
[32m[DEPENDENCIES DONE, NOW ACTUALLY RUNNING os-lib][0m
[32mBuilding os-lib with dotty-bootstrapped 3.3.1-RC1-bin-SNAPSHOT...[0m
[32m./mill -i -D dottyVersion=3.3.1-RC1-bin-SNAPSHOT os.jvm[3.3.1-RC1-bin-SNAPSHOT].test[0m
Compiling /Users/y3536zha/Desktop/scala_explicit_unsafe/scala_flexible_type_with_test_script/community-build/community-projects/os-lib/build.sc
[1/70] os.jvm[3.3.1-RC1-bin-SNAPSHOT].test.runUseArgsFile 
[1A[2K[9999D[2/70] os.jvm[3.3.1-RC1-bin-SNAPSHOT].test.testUseArgsFile 
[1A[2K[9999D[3/70] os.jvm[3.3.1-RC1-bin-SNAPSHOT].test.forkArgs 
[1A[2K[9999D[4/70] os.jvm[3.3.1-RC1-bin-SNAPSHOT].test.testFramework 
[1A[2K[9999D[5/70] os.jvm[3.3.1-RC1-bin-SNAPSHOT].test.resources 
[1A[2K[9999D[6/70] os.jvm[3.3.1-RC1-bin-SNAPSHOT].scalaVersion 
[1A[2K[9999D[7/70] os.jvm[3.3.1-RC1-bin-SNAPSHOT].test.scalaVersion 
[1A[2K[9999D[8/70] mill.scalalib.ZincWorkerModule.classpath 
[1A[2K[9999D[9/70] mill.scalalib.ZincWorkerModule.worker 
[1A[2K[9999D[10/70] os.jvm[3.3.1-RC1-bin-SNAPSHOT].upstreamCompileOutput 
[1A[2K[9999D[11/70] os.jvm[3.3.1-RC1-bin-SNAPSHOT].sources 
[1A[2K[9999D[12/70] os.jvm[3.3.1-RC1-bin-SNAPSHOT].generatedSources 
[1A[2K[9999D[13/70] os.jvm[3.3.1-RC1-bin-SNAPSHOT].allSources 
[1A[2K[9999D[14/70] os.jvm[3.3.1-RC1-bin-SNAPSHOT].allSourceFiles 
[1A[2K[9999D[15/70] os.jvm[3.3.1-RC1-bin-SNAPSHOT].transitiveLocalClasspath 
[1A[2K[9999D[16/70] os.jvm[3.3.1-RC1-bin-SNAPSHOT].resources 
[1A[2K[9999D[17/70] os.jvm[3.3.1-RC1-bin-SNAPSHOT].unmanagedClasspath 
[1A[2K[9999D[18/70] os.jvm[3.3.1-RC1-bin-SNAPSHOT].platformSuffix 
[1A[2K[9999D[19/70] os.jvm[3.3.1-RC1-bin-SNAPSHOT].acyclicDep 
[1A[2K[9999D[20/70] os.jvm[3.3.1-RC1-bin-SNAPSHOT].transitiveCompileIvyDeps 
[1A[2K[9999D[21/70] os.jvm[3.3.1-RC1-bin-SNAPSHOT].ivyDeps 
[1A[2K[9999D[22/70] os.jvm[3.3.1-RC1-bin-SNAPSHOT].mandatoryIvyDeps.overridden.mill.scalalib.JavaModule.mandatoryIvyDeps 
[1A[2K[9999D[23/70] os.jvm[3.3.1-RC1-bin-SNAPSHOT].scalaOrganization 
[1A[2K[9999D[24/70] os.jvm[3.3.1-RC1-bin-SNAPSHOT].scalaLibraryIvyDeps 
[1A[2K[9999D[25/70] os.jvm[3.3.1-RC1-bin-SNAPSHOT].mandatoryIvyDeps 
[1A[2K[9999D[26/70] os.jvm[3.3.1-RC1-bin-SNAPSHOT].transitiveIvyDeps 
[1A[2K[9999D[27/70] os.jvm[3.3.1-RC1-bin-SNAPSHOT].resolvedIvyDeps 
[1A[2K[9999D[28/70] os.jvm[3.3.1-RC1-bin-SNAPSHOT].compileClasspath 
[1A[2K[9999D[29/70] os.jvm[3.3.1-RC1-bin-SNAPSHOT].javacOptions 
[1A[2K[9999D[30/70] os.jvm[3.3.1-RC1-bin-SNAPSHOT].mandatoryScalacOptions 
[1A[2K[9999D[31/70] os.jvm[3.3.1-RC1-bin-SNAPSHOT].enablePluginScalacOptions 
[1A[2K[9999D[32/70] os.jvm[3.3.1-RC1-bin-SNAPSHOT].scalacOptions 
[1A[2K[9999D[33/70] os.jvm[3.3.1-RC1-bin-SNAPSHOT].allScalacOptions 
[1A[2K[9999D[34/70] os.jvm[3.3.1-RC1-bin-SNAPSHOT].scalaCompilerClasspath 
[1A[2K[9999D[35/70] os.jvm[3.3.1-RC1-bin-SNAPSHOT].scalacPluginClasspath 
[1A[2K[9999D[36/70] os.jvm[3.3.1-RC1-bin-SNAPSHOT].compile 
[info] compiling 15 Scala sources to /Users/y3536zha/Desktop/scala_explicit_unsafe/scala_flexible_type_with_test_script/community-build/community-projects/os-lib/out/os/jvm/3.3.1-RC1-bin-SNAPSHOT/compile.dest/classes ...
[warn] -- Warning: /Users/y3536zha/Desktop/scala_explicit_unsafe/scala_flexible_type_with_test_script/community-build/community-projects/os-lib/os/src/GlobInterpolator.scala:7:40 
[warn] 7 |      val Seq(head, tail@_*) = parts.map(java.util.regex.Pattern.quote)
[warn]   |                               ^^^^^^^^^^^^^^^^^^^^^^^^^^^^^^^^^^^^^^^^
[warn]   |pattern's type String* does not match the right hand side expression's type String
[warn]   |
[warn]   |If the narrowing is intentional, this can be communicated by adding `: @unchecked` after the expression,
[warn]   |which may result in a MatchError at runtime.
[warn]   |This patch can be rewritten automatically under -rewrite -source 3.2-migration.
[warn] there were 14 deprecation warnings; re-run with -deprecation for details
[warn] two warnings found
[info] done compiling
[37/70] os.jvm[3.3.1-RC1-bin-SNAPSHOT].test.upstreamCompileOutput 
[1A[2K[9999D[38/70] os.jvm[3.3.1-RC1-bin-SNAPSHOT].test.sources 
[1A[2K[9999D[39/70] os.jvm[3.3.1-RC1-bin-SNAPSHOT].test.generatedSources 
[1A[2K[9999D[40/70] os.jvm[3.3.1-RC1-bin-SNAPSHOT].test.allSources 
[1A[2K[9999D[41/70] os.jvm[3.3.1-RC1-bin-SNAPSHOT].test.allSourceFiles 
[1A[2K[9999D[42/70] os.jvm[3.3.1-RC1-bin-SNAPSHOT].localClasspath 
[1A[2K[9999D[43/70] os.jvm[3.3.1-RC1-bin-SNAPSHOT].test.transitiveLocalClasspath 
[1A[2K[9999D[44/70] os.jvm[3.3.1-RC1-bin-SNAPSHOT].test.unmanagedClasspath 
[1A[2K[9999D[45/70] os.jvm[3.3.1-RC1-bin-SNAPSHOT].test.platformSuffix 
[1A[2K[9999D[46/70] os.jvm[3.3.1-RC1-bin-SNAPSHOT].test.compileIvyDeps 
[1A[2K[9999D[47/70] os.jvm[3.3.1-RC1-bin-SNAPSHOT].test.transitiveCompileIvyDeps 
[1A[2K[9999D[48/70] os.jvm[3.3.1-RC1-bin-SNAPSHOT].test.ivyDeps 
[1A[2K[9999D[49/70] os.jvm[3.3.1-RC1-bin-SNAPSHOT].test.mandatoryIvyDeps.overridden.mill.scalalib.JavaModule.mandatoryIvyDeps 
[1A[2K[9999D[50/70] os.jvm[3.3.1-RC1-bin-SNAPSHOT].test.scalaOrganization 
[1A[2K[9999D[51/70] os.jvm[3.3.1-RC1-bin-SNAPSHOT].test.scalaLibraryIvyDeps 
[1A[2K[9999D[52/70] os.jvm[3.3.1-RC1-bin-SNAPSHOT].test.mandatoryIvyDeps 
[1A[2K[9999D[53/70] os.jvm[3.3.1-RC1-bin-SNAPSHOT].test.transitiveIvyDeps 
[1A[2K[9999D[54/70] os.jvm[3.3.1-RC1-bin-SNAPSHOT].test.resolvedIvyDeps 
[1A[2K[9999D[55/70] os.jvm[3.3.1-RC1-bin-SNAPSHOT].test.compileClasspath 
[1A[2K[9999D[56/70] os.jvm[3.3.1-RC1-bin-SNAPSHOT].test.enablePluginScalacOptions 
[1A[2K[9999D[57/70] os.jvm[3.3.1-RC1-bin-SNAPSHOT].test.allScalacOptions 
[1A[2K[9999D[58/70] os.jvm[3.3.1-RC1-bin-SNAPSHOT].test.scalaCompilerClasspath 
[1A[2K[9999D[59/70] os.jvm[3.3.1-RC1-bin-SNAPSHOT].test.compile 
[info] compiling 15 Scala sources to /Users/y3536zha/Desktop/scala_explicit_unsafe/scala_flexible_type_with_test_script/community-build/community-projects/os-lib/out/os/jvm/3.3.1-RC1-bin-SNAPSHOT/test/compile.dest/classes ...
[warn] -- [E129] Potential Issue Warning: /Users/y3536zha/Desktop/scala_explicit_unsafe/scala_flexible_type_with_test_script/community-build/community-projects/os-lib/os/test/src-jvm/ExampleTests.scala:181:6 
[warn] 181 |      rel1: os.RelPath
[warn]     |      ^^^^^^^^^^^^^^^^
[warn]     |A pure expression does nothing in statement position; you may be omitting necessary parentheses
[warn]     |
[warn]     | longer explanation available when compiling with `-explain`
[warn] -- Warning: /Users/y3536zha/Desktop/scala_explicit_unsafe/scala_flexible_type_with_test_script/community-build/community-projects/os-lib/os/test/src/PathTests.scala:270:60 
[warn] 270 |        val PathError.InvalidSegment("Main/.scala", msg1) = ex
[warn]     |                                                            ^^
[warn]     |pattern's type ("Main/.scala" : String) is more specialized than the right hand side expression's type String
[warn]     |
[warn]     |If the narrowing is intentional, this can be communicated by adding `: @unchecked` after the expression,
[warn]     |which may result in a MatchError at runtime.
[warn]     |This patch can be rewritten automatically under -rewrite -source 3.2-migration.
[warn] -- Warning: /Users/y3536zha/Desktop/scala_explicit_unsafe/scala_flexible_type_with_test_script/community-build/community-projects/os-lib/os/test/src/PathTests.scala:276:51 
[warn] 276 |        val PathError.InvalidSegment("..", msg2) = ex2
[warn]     |                                                   ^^^
[warn]     |pattern's type (".." : String) is more specialized than the right hand side expression's type String
[warn]     |
[warn]     |If the narrowing is intentional, this can be communicated by adding `: @unchecked` after the expression,
[warn]     |which may result in a MatchError at runtime.
[warn]     |This patch can be rewritten automatically under -rewrite -source 3.2-migration.
[warn] -- Warning: /Users/y3536zha/Desktop/scala_explicit_unsafe/scala_flexible_type_with_test_script/community-build/community-projects/os-lib/os/test/src/PathTests.scala:315:19 
[warn] 315 |        val a/b/c/d/"omg" = pwd/"A"/"B"/"C"/"D"/"omg"
[warn]     |            ^^^^^^^^^^^^^^^^^^^^^^^^^^^^^^^^^^^^^^^^^
[warn]     |pattern binding uses refutable extractor `os./`
[warn]     |
[warn]     |If this usage is intentional, this can be communicated by adding `: @unchecked` after the expression,
[warn]     |which may result in a MatchError at runtime.
[warn]     |This patch can be rewritten automatically under -rewrite -source 3.2-migration.
[error] ## Exception when compiling 15 sources to /Users/y3536zha/Desktop/scala_explicit_unsafe/scala_flexible_type_with_test_script/community-build/community-projects/os-lib/out/os/jvm/3.3.1-RC1-bin-SNAPSHOT/test/compile.dest/classes
[error] java.lang.NoClassDefFoundError: dotty/tools/dotc/Run$
[error] dotty.tools.dotc.Driver.doCompile(Driver.scala:45)
[error] dotty.tools.xsbt.CompilerBridgeDriver.run(CompilerBridgeDriver.java:88)
[error] dotty.tools.xsbt.CompilerBridge.run(CompilerBridge.java:22)
[error] sbt.internal.inc.AnalyzingCompiler.compile(AnalyzingCompiler.scala:91)
[error] sbt.internal.inc.MixedAnalyzingCompiler.$anonfun$compile$7(MixedAnalyzingCompiler.scala:192)
[error] scala.runtime.java8.JFunction0$mcV$sp.apply(JFunction0$mcV$sp.scala:18)
[error] sbt.internal.inc.MixedAnalyzingCompiler.timed(MixedAnalyzingCompiler.scala:247)
[error] sbt.internal.inc.MixedAnalyzingCompiler.$anonfun$compile$4(MixedAnalyzingCompiler.scala:182)
[error] sbt.internal.inc.MixedAnalyzingCompiler.$anonfun$compile$4$adapted(MixedAnalyzingCompiler.scala:163)
[error] sbt.internal.inc.JarUtils$.withPreviousJar(JarUtils.scala:239)
[error] sbt.internal.inc.MixedAnalyzingCompiler.compileScala$1(MixedAnalyzingCompiler.scala:163)
[error] sbt.internal.inc.MixedAnalyzingCompiler.compile(MixedAnalyzingCompiler.scala:210)
[error] sbt.internal.inc.IncrementalCompilerImpl.$anonfun$compileInternal$1(IncrementalCompilerImpl.scala:528)
[error] sbt.internal.inc.IncrementalCompilerImpl.$anonfun$compileInternal$1$adapted(IncrementalCompilerImpl.scala:528)
[error] sbt.internal.inc.Incremental$.$anonfun$apply$5(Incremental.scala:177)
[error] sbt.internal.inc.Incremental$.$anonfun$apply$5$adapted(Incremental.scala:175)
[error] sbt.internal.inc.Incremental$$anon$2.run(Incremental.scala:461)
[error] sbt.internal.inc.IncrementalCommon$CycleState.next(IncrementalCommon.scala:116)
[error] sbt.internal.inc.IncrementalCommon$$anon$1.next(IncrementalCommon.scala:56)
[error] sbt.internal.inc.IncrementalCommon$$anon$1.next(IncrementalCommon.scala:52)
[error] sbt.internal.inc.IncrementalCommon.cycle(IncrementalCommon.scala:263)
[error] sbt.internal.inc.Incremental$.$anonfun$incrementalCompile$8(Incremental.scala:416)
[error] sbt.internal.inc.Incremental$.withClassfileManager(Incremental.scala:503)
[error] sbt.internal.inc.Incremental$.incrementalCompile(Incremental.scala:403)
[error] sbt.internal.inc.Incremental$.apply(Incremental.scala:169)
[error] sbt.internal.inc.IncrementalCompilerImpl.compileInternal(IncrementalCompilerImpl.scala:528)
[error] sbt.internal.inc.IncrementalCompilerImpl.$anonfun$compileIncrementally$1(IncrementalCompilerImpl.scala:482)
[error] sbt.internal.inc.IncrementalCompilerImpl.handleCompilationError(IncrementalCompilerImpl.scala:332)
[error] sbt.internal.inc.IncrementalCompilerImpl.compileIncrementally(IncrementalCompilerImpl.scala:420)
[error] sbt.internal.inc.IncrementalCompilerImpl.compile(IncrementalCompilerImpl.scala:137)
[error] mill.scalalib.worker.ZincWorkerImpl.compileInternal(ZincWorkerImpl.scala:545)
[error] mill.scalalib.worker.ZincWorkerImpl.$anonfun$compileMixed0$1(ZincWorkerImpl.scala:317)
[error] mill.api.FixSizedCache.withCachedValue(FixSizedCache.scala:66)
[error] mill.scalalib.worker.ZincWorkerImpl.withCompilers(ZincWorkerImpl.scala:399)
[error] mill.scalalib.worker.ZincWorkerImpl.compileMixed0(ZincWorkerImpl.scala:316)
[error] mill.scalalib.worker.ZincWorkerImpl.compileMixed(ZincWorkerImpl.scala:284)
[error] mill.scalalib.ScalaModule.$anonfun$compile$2(ScalaModule.scala:195)
[error] mill.define.Task$TraverseCtx.evaluate(Task.scala:380)
[error] mill.eval.Evaluator.$anonfun$evaluateGroup$13(Evaluator.scala:627)
[error] scala.util.DynamicVariable.withValue(DynamicVariable.scala:59)
[error] scala.Console$.withErr(Console.scala:193)
[error] mill.eval.Evaluator.$anonfun$evaluateGroup$12(Evaluator.scala:627)
[error] scala.util.DynamicVariable.withValue(DynamicVariable.scala:59)
[error] scala.Console$.withOut(Console.scala:164)
[error] mill.eval.Evaluator.$anonfun$evaluateGroup$11(Evaluator.scala:626)
[error] scala.util.DynamicVariable.withValue(DynamicVariable.scala:59)
[error] scala.Console$.withIn(Console.scala:227)
[error] mill.eval.Evaluator.$anonfun$evaluateGroup$8(Evaluator.scala:625)
[error] mill.eval.Evaluator.$anonfun$evaluateGroup$8$adapted(Evaluator.scala:586)
[error] scala.collection.immutable.Vector.foreach(Vector.scala:1856)
[error] mill.eval.Evaluator.evaluateGroup(Evaluator.scala:586)
[error] mill.eval.Evaluator.$anonfun$evaluateGroupCached$21(Evaluator.scala:478)
[error] scala.util.DynamicVariable.withValue(DynamicVariable.scala:59)
[error] mill.eval.Evaluator.evaluateGroupCached(Evaluator.scala:469)
[error] mill.eval.Evaluator.$anonfun$sequentialEvaluate$2(Evaluator.scala:202)
[error] scala.collection.IterableOnceOps.foreach(IterableOnce.scala:563)
[error] scala.collection.IterableOnceOps.foreach$(IterableOnce.scala:561)
[error] scala.collection.AbstractIterator.foreach(Iterator.scala:1293)
[error] mill.eval.Evaluator.sequentialEvaluate(Evaluator.scala:177)
[error] mill.eval.Evaluator.evaluate(Evaluator.scala:162)
[error] mill.main.RunScript$.evaluateNamed(RunScript.scala:364)
[error] mill.main.RunScript$.evaluate(RunScript.scala:349)
[error] mill.main.RunScript$.$anonfun$evaluateTasks$1(RunScript.scala:314)
[error] scala.util.Either.map(Either.scala:382)
[error] mill.main.RunScript$.evaluateTasks(RunScript.scala:312)
[error] mill.main.RunScript$.$anonfun$runScript$8(RunScript.scala:105)
[error] ammonite.util.Res$Success.flatMap(Res.scala:62)
[error] mill.main.RunScript$.runScript(RunScript.scala:104)
[error] mill.main.MainRunner.$anonfun$runScript$1(MainRunner.scala:119)
[error] mill.main.MainRunner.watchLoop2(MainRunner.scala:67)
[error] mill.main.MainRunner.runScript(MainRunner.scala:92)
[error] mill.MillMain$.main0(MillMain.scala:310)
[error] mill.MillMain$.main(MillMain.scala:52)
[error] mill.MillMain.main(MillMain.scala)
[error] java.base/jdk.internal.reflect.NativeMethodAccessorImpl.invoke0(Native Method)
[error] java.base/jdk.internal.reflect.NativeMethodAccessorImpl.invoke(Unknown Source)
[error] java.base/jdk.internal.reflect.DelegatingMethodAccessorImpl.invoke(Unknown Source)
[error] java.base/java.lang.reflect.Method.invoke(Unknown Source)
[error] mill.main.client.IsolatedMillMainLoader.runMain(IsolatedMillMainLoader.java:58)
[error] mill.main.client.MillClientMain.main(MillClientMain.java:67)
[error]            
Exception in thread "main" java.lang.reflect.InvocationTargetException
	at java.base/jdk.internal.reflect.NativeMethodAccessorImpl.invoke0(Native Method)
	at java.base/jdk.internal.reflect.NativeMethodAccessorImpl.invoke(Unknown Source)
	at java.base/jdk.internal.reflect.DelegatingMethodAccessorImpl.invoke(Unknown Source)
	at java.base/java.lang.reflect.Method.invoke(Unknown Source)
	at mill.main.client.IsolatedMillMainLoader.runMain(IsolatedMillMainLoader.java:58)
	at mill.main.client.MillClientMain.main(MillClientMain.java:67)
Caused by: java.lang.NoClassDefFoundError: dotty/tools/dotc/Run$
	at dotty.tools.dotc.Driver.doCompile(Driver.scala:45)
	at dotty.tools.xsbt.CompilerBridgeDriver.run(CompilerBridgeDriver.java:88)
	at dotty.tools.xsbt.CompilerBridge.run(CompilerBridge.java:22)
	at sbt.internal.inc.AnalyzingCompiler.compile(AnalyzingCompiler.scala:91)
	at sbt.internal.inc.MixedAnalyzingCompiler.$anonfun$compile$7(MixedAnalyzingCompiler.scala:192)
	at scala.runtime.java8.JFunction0$mcV$sp.apply(JFunction0$mcV$sp.scala:18)
	at sbt.internal.inc.MixedAnalyzingCompiler.timed(MixedAnalyzingCompiler.scala:247)
	at sbt.internal.inc.MixedAnalyzingCompiler.$anonfun$compile$4(MixedAnalyzingCompiler.scala:182)
	at sbt.internal.inc.MixedAnalyzingCompiler.$anonfun$compile$4$adapted(MixedAnalyzingCompiler.scala:163)
	at sbt.internal.inc.JarUtils$.withPreviousJar(JarUtils.scala:239)
	at sbt.internal.inc.MixedAnalyzingCompiler.compileScala$1(MixedAnalyzingCompiler.scala:163)
	at sbt.internal.inc.MixedAnalyzingCompiler.compile(MixedAnalyzingCompiler.scala:210)
	at sbt.internal.inc.IncrementalCompilerImpl.$anonfun$compileInternal$1(IncrementalCompilerImpl.scala:528)
	at sbt.internal.inc.IncrementalCompilerImpl.$anonfun$compileInternal$1$adapted(IncrementalCompilerImpl.scala:528)
	at sbt.internal.inc.Incremental$.$anonfun$apply$5(Incremental.scala:177)
	at sbt.internal.inc.Incremental$.$anonfun$apply$5$adapted(Incremental.scala:175)
	at sbt.internal.inc.Incremental$$anon$2.run(Incremental.scala:461)
	at sbt.internal.inc.IncrementalCommon$CycleState.next(IncrementalCommon.scala:116)
	at sbt.internal.inc.IncrementalCommon$$anon$1.next(IncrementalCommon.scala:56)
	at sbt.internal.inc.IncrementalCommon$$anon$1.next(IncrementalCommon.scala:52)
	at sbt.internal.inc.IncrementalCommon.cycle(IncrementalCommon.scala:263)
	at sbt.internal.inc.Incremental$.$anonfun$incrementalCompile$8(Incremental.scala:416)
	at sbt.internal.inc.Incremental$.withClassfileManager(Incremental.scala:503)
	at sbt.internal.inc.Incremental$.incrementalCompile(Incremental.scala:403)
	at sbt.internal.inc.Incremental$.apply(Incremental.scala:169)
	at sbt.internal.inc.IncrementalCompilerImpl.compileInternal(IncrementalCompilerImpl.scala:528)
	at sbt.internal.inc.IncrementalCompilerImpl.$anonfun$compileIncrementally$1(IncrementalCompilerImpl.scala:482)
	at sbt.internal.inc.IncrementalCompilerImpl.handleCompilationError(IncrementalCompilerImpl.scala:332)
	at sbt.internal.inc.IncrementalCompilerImpl.compileIncrementally(IncrementalCompilerImpl.scala:420)
	at sbt.internal.inc.IncrementalCompilerImpl.compile(IncrementalCompilerImpl.scala:137)
	at mill.scalalib.worker.ZincWorkerImpl.compileInternal(ZincWorkerImpl.scala:545)
	at mill.scalalib.worker.ZincWorkerImpl.$anonfun$compileMixed0$1(ZincWorkerImpl.scala:317)
	at mill.api.FixSizedCache.withCachedValue(FixSizedCache.scala:66)
	at mill.scalalib.worker.ZincWorkerImpl.withCompilers(ZincWorkerImpl.scala:399)
	at mill.scalalib.worker.ZincWorkerImpl.compileMixed0(ZincWorkerImpl.scala:316)
	at mill.scalalib.worker.ZincWorkerImpl.compileMixed(ZincWorkerImpl.scala:284)
	at mill.scalalib.ScalaModule.$anonfun$compile$2(ScalaModule.scala:195)
	at mill.define.Task$TraverseCtx.evaluate(Task.scala:380)
	at mill.eval.Evaluator.$anonfun$evaluateGroup$13(Evaluator.scala:627)
	at scala.util.DynamicVariable.withValue(DynamicVariable.scala:59)
	at scala.Console$.withErr(Console.scala:193)
	at mill.eval.Evaluator.$anonfun$evaluateGroup$12(Evaluator.scala:627)
	at scala.util.DynamicVariable.withValue(DynamicVariable.scala:59)
	at scala.Console$.withOut(Console.scala:164)
	at mill.eval.Evaluator.$anonfun$evaluateGroup$11(Evaluator.scala:626)
	at scala.util.DynamicVariable.withValue(DynamicVariable.scala:59)
	at scala.Console$.withIn(Console.scala:227)
	at mill.eval.Evaluator.$anonfun$evaluateGroup$8(Evaluator.scala:625)
	at mill.eval.Evaluator.$anonfun$evaluateGroup$8$adapted(Evaluator.scala:586)
	at scala.collection.immutable.Vector.foreach(Vector.scala:1856)
	at mill.eval.Evaluator.evaluateGroup(Evaluator.scala:586)
	at mill.eval.Evaluator.$anonfun$evaluateGroupCached$21(Evaluator.scala:478)
	at scala.util.DynamicVariable.withValue(DynamicVariable.scala:59)
	at mill.eval.Evaluator.evaluateGroupCached(Evaluator.scala:469)
	at mill.eval.Evaluator.$anonfun$sequentialEvaluate$2(Evaluator.scala:202)
	at scala.collection.IterableOnceOps.foreach(IterableOnce.scala:563)
	at scala.collection.IterableOnceOps.foreach$(IterableOnce.scala:561)
	at scala.collection.AbstractIterator.foreach(Iterator.scala:1293)
	at mill.eval.Evaluator.sequentialEvaluate(Evaluator.scala:177)
	at mill.eval.Evaluator.evaluate(Evaluator.scala:162)
	at mill.main.RunScript$.evaluateNamed(RunScript.scala:364)
	at mill.main.RunScript$.evaluate(RunScript.scala:349)
	at mill.main.RunScript$.$anonfun$evaluateTasks$1(RunScript.scala:314)
	at scala.util.Either.map(Either.scala:382)
	at mill.main.RunScript$.evaluateTasks(RunScript.scala:312)
	at mill.main.RunScript$.$anonfun$runScript$8(RunScript.scala:105)
	at ammonite.util.Res$Success.flatMap(Res.scala:62)
	at mill.main.RunScript$.runScript(RunScript.scala:104)
	at mill.main.MainRunner.$anonfun$runScript$1(MainRunner.scala:119)
	at mill.main.MainRunner.watchLoop2(MainRunner.scala:67)
	at mill.main.MainRunner.runScript(MainRunner.scala:92)
	at mill.MillMain$.main0(MillMain.scala:310)
	at mill.MillMain$.main(MillMain.scala:52)
	at mill.MillMain.main(MillMain.scala)
	... 6 more
Caused by: java.lang.ClassNotFoundException: dotty.tools.dotc.Run$
	at java.base/java.net.URLClassLoader$1.run(Unknown Source)
	at java.base/java.net.URLClassLoader$1.run(Unknown Source)
	at java.base/java.security.AccessController.doPrivileged(Native Method)
	at java.base/java.net.URLClassLoader.findClass(Unknown Source)
	at mill.api.ClassLoader$$anon$1.findClass(ClassLoader.scala:47)
	at java.base/java.lang.ClassLoader.loadClass(Unknown Source)
	at java.base/java.lang.ClassLoader.loadClass(Unknown Source)
	... 80 more
Caused by: java.util.zip.ZipException: ZipFile invalid LOC header (bad signature)
	at java.base/java.util.zip.ZipFile$ZipFileInputStream.initDataOffset(Unknown Source)
	at java.base/java.util.zip.ZipFile$ZipFileInputStream.read(Unknown Source)
	at java.base/java.util.zip.ZipFile$ZipFileInflaterInputStream.fill(Unknown Source)
	at java.base/java.util.zip.InflaterInputStream.read(Unknown Source)
	at java.base/jdk.internal.loader.Resource.getBytes(Unknown Source)
	at java.base/java.net.URLClassLoader.defineClass(Unknown Source)
	at java.base/java.net.URLClassLoader.access$100(Unknown Source)
	... 87 more
[32mRerunning tests in os-lib because of a previous run failure.[0m
[32m./mill -i -D dottyVersion=3.3.1-RC1-bin-SNAPSHOT os.jvm[3.3.1-RC1-bin-SNAPSHOT].test[0m
[5/70] os.jvm[3.3.1-RC1-bin-SNAPSHOT].test.resources 
[1A[2K[9999D[9/70] mill.scalalib.ZincWorkerModule.worker 
[1A[2K[9999D[11/70] os.jvm[3.3.1-RC1-bin-SNAPSHOT].sources 
[1A[2K[9999D[16/70] os.jvm[3.3.1-RC1-bin-SNAPSHOT].resources 
[1A[2K[9999D[38/70] os.jvm[3.3.1-RC1-bin-SNAPSHOT].test.sources 
[1A[2K[9999D[59/70] os.jvm[3.3.1-RC1-bin-SNAPSHOT].test.compile 
[info] compiling 15 Scala sources to /Users/y3536zha/Desktop/scala_explicit_unsafe/scala_flexible_type_with_test_script/community-build/community-projects/os-lib/out/os/jvm/3.3.1-RC1-bin-SNAPSHOT/test/compile.dest/classes ...
[warn] -- [E129] Potential Issue Warning: /Users/y3536zha/Desktop/scala_explicit_unsafe/scala_flexible_type_with_test_script/community-build/community-projects/os-lib/os/test/src-jvm/ExampleTests.scala:181:6 
[warn] 181 |      rel1: os.RelPath
[warn]     |      ^^^^^^^^^^^^^^^^
[warn]     |A pure expression does nothing in statement position; you may be omitting necessary parentheses
[warn]     |
[warn]     | longer explanation available when compiling with `-explain`
[warn] -- Warning: /Users/y3536zha/Desktop/scala_explicit_unsafe/scala_flexible_type_with_test_script/community-build/community-projects/os-lib/os/test/src/PathTests.scala:270:60 
[warn] 270 |        val PathError.InvalidSegment("Main/.scala", msg1) = ex
[warn]     |                                                            ^^
[warn]     |pattern's type ("Main/.scala" : String) is more specialized than the right hand side expression's type String
[warn]     |
[warn]     |If the narrowing is intentional, this can be communicated by adding `: @unchecked` after the expression,
[warn]     |which may result in a MatchError at runtime.
[warn]     |This patch can be rewritten automatically under -rewrite -source 3.2-migration.
[warn] -- Warning: /Users/y3536zha/Desktop/scala_explicit_unsafe/scala_flexible_type_with_test_script/community-build/community-projects/os-lib/os/test/src/PathTests.scala:276:51 
[warn] 276 |        val PathError.InvalidSegment("..", msg2) = ex2
[warn]     |                                                   ^^^
[warn]     |pattern's type (".." : String) is more specialized than the right hand side expression's type String
[warn]     |
[warn]     |If the narrowing is intentional, this can be communicated by adding `: @unchecked` after the expression,
[warn]     |which may result in a MatchError at runtime.
[warn]     |This patch can be rewritten automatically under -rewrite -source 3.2-migration.
[warn] -- Warning: /Users/y3536zha/Desktop/scala_explicit_unsafe/scala_flexible_type_with_test_script/community-build/community-projects/os-lib/os/test/src/PathTests.scala:315:19 
[warn] 315 |        val a/b/c/d/"omg" = pwd/"A"/"B"/"C"/"D"/"omg"
[warn]     |            ^^^^^^^^^^^^^^^^^^^^^^^^^^^^^^^^^^^^^^^^^
[warn]     |pattern binding uses refutable extractor `os./`
[warn]     |
[warn]     |If this usage is intentional, this can be communicated by adding `: @unchecked` after the expression,
[warn]     |which may result in a MatchError at runtime.
[warn]     |This patch can be rewritten automatically under -rewrite -source 3.2-migration.
[error] -- Error: /Users/y3536zha/Desktop/scala_explicit_unsafe/scala_flexible_type_with_test_script/community-build/community-projects/os-lib/os/test/src-jvm/ExampleTests.scala:8:20 
[error]   8 |  val tests = Tests {
[error]     |              ^
[error]     |              error while loading JProcedure1,
[error]     |              ZipFile invalid LOC header (bad signature)
[error]   9 |    test("splash") - TestUtil.prep{wd => if (Unix()){
[error]  10 |      // Make sure working directory exists and is empty
[error]  11 |      val wd = os.pwd/"out"/"splash"
[error]  12 |      os.remove.all(wd)
[error]  13 |      os.makeDir.all(wd)
[error]  14 |      os.write(wd/"file.txt", "hello")
[error]  15 |      os.read(wd/"file.txt") ==> "hello"
[error]  16 |      os.copy(wd/"file.txt", wd/"copied.txt")
[error]  17 |      os.list(wd) ==> Seq(wd/"copied.txt", wd/"file.txt")
[error]  18 |      val invoked = os.proc("cat", wd/"file.txt", wd/"copied.txt").call(cwd = wd)
[error]  19 |      invoked.out.trim() ==> "hellohello"
[error]  20 |      val curl = os.proc("curl", "-L" , "https://git.io/fpfTs").spawn(stderr = os.Inherit)
[error]  21 |      val gzip = os.proc("gzip", "-n").spawn(stdin = curl.stdout)
[error]  22 |      val sha = os.proc("shasum", "-a", "256").spawn(stdin = gzip.stdout)
[error]  23 |      sha.stdout.trim() ==> "acc142175fa520a1cb2be5b97cbbe9bea092e8bba3fe2e95afa645615908229e  -"
[error]  24 |    }}
[error]  25 |    test("concatTxt") - TestUtil.prep{wd =>
[error]  26 |      // Find and concatenate all .txt files directly in the working directory
[error]  27 |      os.write(
[error]  28 |        wd/"all.txt",
[error]  29 |        os.list(wd).filter(_.ext == "txt").map(os.read)
[error]  30 |      )
[error]  31 |      os.read(wd/"all.txt") ==>
[error]  32 |        """I am cowI am cow
[error]  33 |          |Hear me moo
[error]  34 |          |I weigh twice as much as you
[error]  35 |          |And I look good on the barbecue""".stripMargin
[error]  36 |    }
[error]  37 |    test("subprocessConcat") - TestUtil.prep{wd =>
[error]  38 |      val catCmd = if(scala.util.Properties.isWin) "type" else "cat"
[error]  39 |      // Find and concatenate all .txt files directly in the working directory
[error]  40 |      TestUtil.proc(catCmd, os.list(wd).filter(_.ext == "txt"))
[error]  41 |        .call(stdout = wd/"all.txt")
[error]  42 |      os.read(wd/"all.txt") ==>
[error]  43 |        """I am cowI am cow
[error]  44 |          |Hear me moo
[error]  45 |          |I weigh twice as much as you
[error]  46 |          |And I look good on the barbecue""".stripMargin
[error]  47 |    }
[error]  48 |    test("curlToTempFile") - TestUtil.prep{wd => if (Unix()){
[error]  49 |      // Curl to temporary file
[error]  50 |      val temp = os.temp()
[error]  51 |      os.proc("curl", "-L" , "https://git.io/fpfTs")
[error]  52 |        .call(stdout = temp)
[error]  53 |      os.size(temp) ==> 53814
[error]  54 |      // Curl to temporary file
[error]  55 |      val temp2 = os.temp()
[error]  56 |      val proc = os.proc("curl", "-L" , "https://git.io/fpfTs").spawn()
[error]  57 |      os.write.over(temp2, proc.stdout)
[error]  58 |      os.size(temp2) ==> 53814
[error]  59 |    }}
[error]  60 |    test("lineCount") - TestUtil.prep{wd =>
[error]  61 |      // Line-count of all .txt files recursively in wd
[error]  62 |      val lineCount = os.walk(wd)
[error]  63 |        .filter(_.ext == "txt")
[error]  64 |        .map(os.read.lines)
[error]  65 |        .map(_.size)
[error]  66 |        .sum
[error]  67 |      lineCount ==> 9
[error]  68 |    }
[error]  69 |    test("largestThree") - TestUtil.prep{ wd =>
[error]  70 |      // Find the largest three files in the given folder tree
[error]  71 |      val largestThree = os.walk(wd)
[error]  72 |        .filter(os.isFile(_, followLinks = false))
[error]  73 |        .map(x => os.size(x) -> x).sortBy(-_._1)
[error]  74 |        .take(3)
[error]  75 |      // on unix it is 81 bytes, win adds 3 bytes (3 \r characters)
[error]  76 |      val multilineSizes = Set[Long](81, 84)
[error]  77 |      assert(multilineSizes contains os.stat(wd / "Multi Line.txt").size)
[error]  78 |      // ignore multiline (second file) because its size varies
[error]  79 |      largestThree.filterNot(_._2.last == "Multi Line.txt") ==> Seq(
[error]  80 |        (711, wd / "misc" / "binary.png"),
[error]  81 |        (22, wd / "folder1" / "one.txt")
[error]  82 |      )
[error]  83 |    }
[error]  84 |    test("moveOut") - TestUtil.prep{ wd =>
[error]  85 |      // Move all files inside the "misc" folder out of it
[error]  86 |      import os.{GlobSyntax, /}
[error]  87 |      os.list(wd/"misc").map(os.move.matching{case p/"misc"/x => p/x })
[error]  88 |    }
[error]  89 |    test("frequency") - TestUtil.prep{ wd =>
[error]  90 |      // Calculate the word frequency of all the text files in the folder tree
[error]  91 |      def txt = os.walk(wd).filter(_.ext == "txt").map(os.read)
[error]  92 |      def freq(s: Seq[String]) = s.groupBy(x => x).mapValues(_.length).toSeq
[error]  93 |      val map = freq(txt.flatMap(_.split("[^a-zA-Z0-9_]"))).sortBy(-_._2)
[error]  94 |      map
[error]  95 |    }
[error]  96 |    test("comparison"){
[error]  97 |      os.remove.all(os.pwd/"out"/"scratch"/"folder"/"thing"/"file")
[error]  98 |      os.write(os.pwd/"out"/"scratch"/"folder"/"thing"/"file", "Hello!", createFolders = true)
[error]  99 |      def removeAll(path: String) = {
[error] 100 |        def getRecursively(f: java.io.File): Seq[java.io.File] = {
[error] 101 |          f.listFiles.filter(_.isDirectory).flatMap(getRecursively) ++ f.listFiles
[error] 102 |        }
[error] 103 |        getRecursively(new java.io.File(path)).foreach{f =>
[error] 104 |          println(f)
[error] 105 |          if (!f.delete())
[error] 106 |            throw new RuntimeException("Failed to delete " + f.getAbsolutePath)
[error] 107 |        }
[error] 108 |        new java.io.File(path).delete
[error] 109 |      }
[error] 110 |      removeAll("out/scratch/folder/thing")
[error] 111 |      assert(os.list(os.pwd/"out"/"scratch"/"folder").toSeq == Nil)
[error] 112 |      os.write(os.pwd/"out"/"scratch"/"folder"/"thing"/"file", "Hello!", createFolders = true)
[error] 113 |      os.remove.all(os.pwd/"out"/"scratch"/"folder"/"thing")
[error] 114 |      assert(os.list(os.pwd/"out"/"scratch"/"folder").toSeq == Nil)
[error] 115 |    }
[error] 116 |    test("constructingPaths"){
[error] 117 |      // Get the process' Current Working Directory. As a convention
[error] 118 |      // the directory that "this" code cares about (which may differ
[error] 119 |      // from the pwd) is called `wd`
[error] 120 |      val wd = os.pwd
[error] 121 |      // A path nested inside `wd`
[error] 122 |      wd/"folder"/"file"
[error] 123 |      // A path starting from the root
[error] 124 |      os.root/"folder"/"file"
[error] 125 |      // A path with spaces or other special characters
[error] 126 |      wd/"My Folder"/"My File.txt"
[error] 127 |      // Up one level from the wd
[error] 128 |      wd/os.up
[error] 129 |      // Up two levels from the wd
[error] 130 |      wd/os.up/os.up
[error] 131 |    }
[error] 132 |    test("newPath"){
[error] 133 |      val target = os.pwd/"out"/"scratch"
[error] 134 |    }
[error] 135 |    test("relPaths"){
[error] 136 |      // The path "folder/file"
[error] 137 |      val rel1 = os.rel/"folder"/"file"
[error] 138 |      val rel2 = os.rel/"folder"/"file"
[error] 139 |      // The relative difference between two paths
[error] 140 |      val target = os.pwd/"out"/"scratch"/"file"
[error] 141 |      assert((target relativeTo os.pwd) == os.rel/"out"/"scratch"/"file")
[error] 142 |      // `up`s get resolved automatically
[error] 143 |      val minus = os.pwd relativeTo target
[error] 144 |      val ups = os.up/os.up/os.up
[error] 145 |      assert(minus == ups)
[error] 146 |      rel1: os.RelPath
[error] 147 |      rel2: os.RelPath
[error] 148 |    }
[error] 149 |    test("subPaths"){
[error] 150 |      // The path "folder/file"
[error] 151 |      val sub1 = os.sub/"folder"/"file"
[error] 152 |      val sub2 = os.sub/"folder"/"file"
[error] 153 |      // The relative difference between two paths
[error] 154 |      val target = os.pwd/"out"/"scratch"/"file"
[error] 155 |      assert((target subRelativeTo os.pwd) == os.sub/"out"/"scratch"/"file")
[error] 156 |      // Converting os.RelPath to os.SubPath
[error] 157 |      val rel3 = os.rel/"folder"/"file"
[error] 158 |      val sub3 = rel3.asSubPath
[error] 159 |      // `up`s are not allowed in sub paths
[error] 160 |      intercept[Exception](os.pwd subRelativeTo target)
[error] 161 |    }
[error] 162 |    test("relSubPathEquality"){
[error] 163 |      assert(
[error] 164 |        (os.sub/"hello"/"world") == (os.rel/"hello"/"world"),
[error] 165 |        os.sub == os.rel
[error] 166 |      )
[error] 167 |    }
[error] 168 |    test("relPathCombine"){
[error] 169 |      val target = os.pwd/"out"/"scratch"/"file"
[error] 170 |      val rel = target relativeTo os.pwd
[error] 171 |      val newBase = os.root/"code"/"server"
[error] 172 |      assert(newBase/rel == os.root/"code"/"server"/"out"/"scratch"/"file")
[error] 173 |    }
[error] 174 |    test("subPathCombine"){
[error] 175 |      val target = os.pwd/"out"/"scratch"/"file"
[error] 176 |      val sub = target subRelativeTo os.pwd
[error] 177 |      val newBase = os.root/"code"/"server"
[error] 178 |      assert(
[error] 179 |        newBase/sub == os.root/"code"/"server"/"out"/"scratch"/"file",
[error] 180 |        sub / sub == os.sub/"out"/"scratch"/"file"/"out"/"scratch"/"file"
[error] 181 |      )
[error] 182 |    }
[error] 183 |    test("pathUp"){
[error] 184 |      val target = os.root/"out"/"scratch"/"file"
[error] 185 |      assert(target/os.up == os.root/"out"/"scratch")
[error] 186 |    }
[error] 187 |    test("relPathUp"){
[error] 188 |      val target = os.rel/"out"/"scratch"/"file"
[error] 189 |      assert(target/os.up == os.rel/"out"/"scratch")
[error] 190 |    }
[error] 191 |    test("relPathUp"){
[error] 192 |      val target = os.sub/"out"/"scratch"/"file"
[error] 193 |      assert(target/os.up == os.sub/"out"/"scratch")
[error] 194 |    }
[error] 195 |    test("canonical"){if (Unix()){
[error] 196 |      assert((os.root/"folder"/"file"/os.up).toString == "/folder")
[error] 197 |      // not "/folder/file/.."
[error] 198 |      assert((os.rel/"folder"/"file"/os.up).toString == "folder")
[error] 199 |      // not "folder/file/.."
[error] 200 |    }}
[error] 201 |    test("findWc"){
[error] 202 |      val wd = os.pwd/"os"/"test"/"resources"/"test"
[error] 203 |      // find . -name '*.txt' | xargs wc -l
[error] 204 |      val lines = os.walk(wd)
[error] 205 |        .filter(_.ext == "txt")
[error] 206 |        .map(os.read.lines)
[error] 207 |        .map(_.length)
[error] 208 |        .sum
[error] 209 |      assert(lines == 9)
[error] 210 |    }
[error] 211 |    test("Source code line length does not exceed 100"){
[error] 212 |      // Ensure that we don't have any Scala files in the current working directory
[error] 213 |      // which have lines more than 100 characters long, excluding generated sources
[error] 214 |      // in `src_managed` folders.
[error] 215 |      def longLines(p: os.Path) =
[error] 216 |        (p, os.read.lines(p).zipWithIndex.filter(_._1.length > 100).map(_._2))
[error] 217 |      val filesWithTooLongLines =
[error] 218 |        os.proc("git", "ls-files").call(cwd = os.pwd).out.lines()
[error] 219 |            .map(os.Path(_, os.pwd))
[error] 220 |            .filter(_.ext == "scala")
[error] 221 |            .map(longLines)
[error] 222 |            .filter(_._2.length > 0)
[error] 223 |            .filter(!_._1.segments.contains("src_managed"))
[error] 224 |      Predef.assert(filesWithTooLongLines.length == 0, filesWithTooLongLines)
[error] 225 |    }
[error] 226 |    test("rename"){
[error] 227 |//      val d1/"omg"/x1 = wd
[error] 228 |//      val d2/"omg"/x2 = wd
[error] 229 |//      ls! wd |? (_.ext == "scala") | (x => mv! x ! x.pref)
[error] 230 |    }
[error] 231 |    test("allSubpathsResolveCorrectly"){
[error] 232 |      for(abs <- os.walk(os.pwd)){
[error] 233 |        val rel = abs.relativeTo(os.pwd)
[error] 234 |        assert(rel.ups == 0)
[error] 235 |        assert(os.pwd / rel == abs)
[error] 236 |      }
[error] 237 |    }
[error] 238 |  }
[warn] there were 2 deprecation warnings; re-run with -deprecation for details
[warn] 5 warnings found
[error] one error found
1 targets failed
os.jvm[3.3.1-RC1-bin-SNAPSHOT].test.compile Compilation failed
[32mRerunning tests in os-lib because of a previous run failure.[0m
[32m./mill -i -D dottyVersion=3.3.1-RC1-bin-SNAPSHOT os.jvm[3.3.1-RC1-bin-SNAPSHOT].test[0m
[5/70] os.jvm[3.3.1-RC1-bin-SNAPSHOT].test.resources 
[1A[2K[9999D[9/70] mill.scalalib.ZincWorkerModule.worker 
[1A[2K[9999D[11/70] os.jvm[3.3.1-RC1-bin-SNAPSHOT].sources 
[1A[2K[9999D[16/70] os.jvm[3.3.1-RC1-bin-SNAPSHOT].resources 
[1A[2K[9999D[38/70] os.jvm[3.3.1-RC1-bin-SNAPSHOT].test.sources 
[1A[2K[9999D[59/70] os.jvm[3.3.1-RC1-bin-SNAPSHOT].test.compile 
[info] compiling 15 Scala sources to /Users/y3536zha/Desktop/scala_explicit_unsafe/scala_flexible_type_with_test_script/community-build/community-projects/os-lib/out/os/jvm/3.3.1-RC1-bin-SNAPSHOT/test/compile.dest/classes ...
[warn] -- [E129] Potential Issue Warning: /Users/y3536zha/Desktop/scala_explicit_unsafe/scala_flexible_type_with_test_script/community-build/community-projects/os-lib/os/test/src-jvm/ExampleTests.scala:181:6 
[warn] 181 |      rel1: os.RelPath
[warn]     |      ^^^^^^^^^^^^^^^^
[warn]     |A pure expression does nothing in statement position; you may be omitting necessary parentheses
[warn]     |
[warn]     | longer explanation available when compiling with `-explain`
[warn] -- Warning: /Users/y3536zha/Desktop/scala_explicit_unsafe/scala_flexible_type_with_test_script/community-build/community-projects/os-lib/os/test/src/PathTests.scala:270:60 
[warn] 270 |        val PathError.InvalidSegment("Main/.scala", msg1) = ex
[warn]     |                                                            ^^
[warn]     |pattern's type ("Main/.scala" : String) is more specialized than the right hand side expression's type String
[warn]     |
[warn]     |If the narrowing is intentional, this can be communicated by adding `: @unchecked` after the expression,
[warn]     |which may result in a MatchError at runtime.
[warn]     |This patch can be rewritten automatically under -rewrite -source 3.2-migration.
[warn] -- Warning: /Users/y3536zha/Desktop/scala_explicit_unsafe/scala_flexible_type_with_test_script/community-build/community-projects/os-lib/os/test/src/PathTests.scala:276:51 
[warn] 276 |        val PathError.InvalidSegment("..", msg2) = ex2
[warn]     |                                                   ^^^
[warn]     |pattern's type (".." : String) is more specialized than the right hand side expression's type String
[warn]     |
[warn]     |If the narrowing is intentional, this can be communicated by adding `: @unchecked` after the expression,
[warn]     |which may result in a MatchError at runtime.
[warn]     |This patch can be rewritten automatically under -rewrite -source 3.2-migration.
[warn] -- Warning: /Users/y3536zha/Desktop/scala_explicit_unsafe/scala_flexible_type_with_test_script/community-build/community-projects/os-lib/os/test/src/PathTests.scala:315:19 
[warn] 315 |        val a/b/c/d/"omg" = pwd/"A"/"B"/"C"/"D"/"omg"
[warn]     |            ^^^^^^^^^^^^^^^^^^^^^^^^^^^^^^^^^^^^^^^^^
[warn]     |pattern binding uses refutable extractor `os./`
[warn]     |
[warn]     |If this usage is intentional, this can be communicated by adding `: @unchecked` after the expression,
[warn]     |which may result in a MatchError at runtime.
[warn]     |This patch can be rewritten automatically under -rewrite -source 3.2-migration.
[warn] there were 2 deprecation warnings; re-run with -deprecation for details
[warn] 5 warnings found
[info] done compiling
[60/70] os.jvm[3.3.1-RC1-bin-SNAPSHOT].test.localClasspath 
[1A[2K[9999D[61/70] os.jvm[3.3.1-RC1-bin-SNAPSHOT].test.runIvyDeps 
[1A[2K[9999D[62/70] os.jvm[3.3.1-RC1-bin-SNAPSHOT].test.resolvedRunIvyDeps 
[1A[2K[9999D[63/70] os.jvm[3.3.1-RC1-bin-SNAPSHOT].test.upstreamAssemblyClasspath 
[1A[2K[9999D[64/70] os.jvm[3.3.1-RC1-bin-SNAPSHOT].test.runClasspath 
[1A[2K[9999D[65/70] mill.scalalib.ZincWorkerModule.scalalibClasspath 
[1A[2K[9999D[66/70] os.jvm[3.3.1-RC1-bin-SNAPSHOT].test.forkEnv.overridden.mill.scalalib.JavaModule.forkEnv 
[1A[2K[9999D[67/70] os.jvm[3.3.1-RC1-bin-SNAPSHOT].test.forkEnv.overridden.mill.scalalib.JavaModule.forkEnv 
[1A[2K[9999D[68/70] os.jvm[3.3.1-RC1-bin-SNAPSHOT].test.forkEnv 
[1A[2K[9999D[69/70] os.jvm[3.3.1-RC1-bin-SNAPSHOT].test.forkWorkingDir 
[1A[2K[9999D[70/70] os.jvm[3.3.1-RC1-bin-SNAPSHOT].test.test 
-------------------------------- Running Tests --------------------------------
[32m+[39m test.os.FilesystemPermissionsTests.perms.0 [2m54ms[0m  
[32m+[39m test.os.FilesystemPermissionsTests.owner.0 [2m7ms[0m  
[32m+[39m test.os.FilesystemPermissionsTests.group.0 [2m6ms[0m  
-------------------------------- Running Tests --------------------------------
/Users/y3536zha/Desktop/scala_explicit_unsafe/scala_flexible_type_with_test_script/community-build/community-projects/os-lib/os/test/resources/test/File.txt
/Users/y3536zha/Desktop/scala_explicit_unsafe/scala_flexible_type_with_test_script/community-build/community-projects/os-lib/os/test/resources/test/misc
/Users/y3536zha/Desktop/scala_explicit_unsafe/scala_flexible_type_with_test_script/community-build/community-projects/os-lib/os/test/resources/test/misc/echo
/Users/y3536zha/Desktop/scala_explicit_unsafe/scala_flexible_type_with_test_script/community-build/community-projects/os-lib/os/test/resources/test/misc/file-symlink
/Users/y3536zha/Desktop/scala_explicit_unsafe/scala_flexible_type_with_test_script/community-build/community-projects/os-lib/os/test/resources/test/misc/broken-abs-symlink
/Users/y3536zha/Desktop/scala_explicit_unsafe/scala_flexible_type_with_test_script/community-build/community-projects/os-lib/os/test/resources/test/misc/binary.png
/Users/y3536zha/Desktop/scala_explicit_unsafe/scala_flexible_type_with_test_script/community-build/community-projects/os-lib/os/test/resources/test/misc/folder-symlink
/Users/y3536zha/Desktop/scala_explicit_unsafe/scala_flexible_type_with_test_script/community-build/community-projects/os-lib/os/test/resources/test/misc/broken-symlink
/Users/y3536zha/Desktop/scala_explicit_unsafe/scala_flexible_type_with_test_script/community-build/community-projects/os-lib/os/test/resources/test/misc/echo_with_wd
/Users/y3536zha/Desktop/scala_explicit_unsafe/scala_flexible_type_with_test_script/community-build/community-projects/os-lib/os/test/resources/test/Multi Line.txt
/Users/y3536zha/Desktop/scala_explicit_unsafe/scala_flexible_type_with_test_script/community-build/community-projects/os-lib/os/test/resources/test/folder2
/Users/y3536zha/Desktop/scala_explicit_unsafe/scala_flexible_type_with_test_script/community-build/community-projects/os-lib/os/test/resources/test/folder2/nestedA
/Users/y3536zha/Desktop/scala_explicit_unsafe/scala_flexible_type_with_test_script/community-build/community-projects/os-lib/os/test/resources/test/folder2/nestedA/a.txt
/Users/y3536zha/Desktop/scala_explicit_unsafe/scala_flexible_type_with_test_script/community-build/community-projects/os-lib/os/test/resources/test/folder2/nestedB
/Users/y3536zha/Desktop/scala_explicit_unsafe/scala_flexible_type_with_test_script/community-build/community-projects/os-lib/os/test/resources/test/folder2/nestedB/b.txt
/Users/y3536zha/Desktop/scala_explicit_unsafe/scala_flexible_type_with_test_script/community-build/community-projects/os-lib/os/test/resources/test/os
/Users/y3536zha/Desktop/scala_explicit_unsafe/scala_flexible_type_with_test_script/community-build/community-projects/os-lib/os/test/resources/test/os/folder
/Users/y3536zha/Desktop/scala_explicit_unsafe/scala_flexible_type_with_test_script/community-build/community-projects/os-lib/os/test/resources/test/os/folder/file.txt
/Users/y3536zha/Desktop/scala_explicit_unsafe/scala_flexible_type_with_test_script/community-build/community-projects/os-lib/os/test/resources/test/folder1
/Users/y3536zha/Desktop/scala_explicit_unsafe/scala_flexible_type_with_test_script/community-build/community-projects/os-lib/os/test/resources/test/folder1/one.txt
[32m+[39m test.os.OpTestsJvmOnly.lsR [2m41ms[0m  
[32m+[39m test.os.OpTestsJvmOnly.lsRecPermissions [2m5ms[0m  
[32m+[39m test.os.OpTestsJvmOnly.readResource.positive.absolute [2m12ms[0m  
[32m+[39m test.os.OpTestsJvmOnly.readResource.positive.relative [2m1ms[0m  
[32m+[39m test.os.OpTestsJvmOnly.readResource.negative.0 [2m18ms[0m  [34mos.ResourceNotFoundException: mill.api.ClassLoader$$anon$1@be64738/folder/file.txt[39m
[32m+[39m test.os.OpTestsJvmOnly.readResource.negative.1 [2m1ms[0m  [34mos.ResourceNotFoundException: mill.api.ClassLoader$$anon$1@be64738:test.os.Testing/test/os/folder/file.txt[39m
[32m+[39m test.os.OpTestsJvmOnly.readResource.negative.2 [2m0ms[0m  [34mos.ResourceNotFoundException: mill.api.ClassLoader$$anon$1@be64738:test.os.OpTestsJvmOnly$/test/os/folder/file.txt[39m
[32m+[39m test.os.OpTestsJvmOnly.readResource.negative.3 [2m0ms[0m  [34mos.ResourceNotFoundException: mill.api.ClassLoader$$anon$1@be64738/folder/file.txt[39m
[32m+[39m test.os.OpTestsJvmOnly.Mutating.cp.basic [2m46ms[0m  
[32m+[39m test.os.OpTestsJvmOnly.Mutating.cp.deep [2m6ms[0m  
[32m+[39m test.os.OpTestsJvmOnly.Mutating.cp.merging [2m6ms[0m  
[32m+[39m test.os.OpTestsJvmOnly.Mutating.mv.basic [2m8ms[0m  
[32m+[39m test.os.OpTestsJvmOnly.Mutating.mv.shallow.partialMoves [2m23ms[0m  
[32m+[39m test.os.OpTestsJvmOnly.Mutating.mv.shallow.fullMoves [2m7ms[0m  [34mscala.MatchError: /Users/y3536zha/Desktop/scala_explicit_unsafe/scala_flexible_type_with_test_script/community-build/community-projects/os-lib/out/scratch/test/moving2/py.A (of class os.Path)[39m
[32m+[39m test.os.OpTestsJvmOnly.Mutating.mv.deep.partialMoves [2m11ms[0m  
[32m+[39m test.os.OpTestsJvmOnly.Mutating.mv.deep.fullMoves [2m7ms[0m  
[32m+[39m test.os.OpTestsJvmOnly.Mutating.mkdirRm.singleFolder [2m4ms[0m  
[32m+[39m test.os.OpTestsJvmOnly.Mutating.mkdirRm.nestedFolders [2m4ms[0m  
[32m+[39m test.os.OpTestsJvmOnly.Mutating.readWrite.simple [2m4ms[0m  
[32m+[39m test.os.OpTestsJvmOnly.Mutating.readWrite.autoMkdir [2m3ms[0m  
[32m+[39m test.os.OpTestsJvmOnly.Mutating.readWrite.binary [2m4ms[0m  
[32m+[39m test.os.OpTestsJvmOnly.Mutating.readWrite.concatenating [2m6ms[0m  
[32m+[39m test.os.OpTestsJvmOnly.Mutating.readWrite.writeAppend [2m4ms[0m  
[32m+[39m test.os.OpTestsJvmOnly.Mutating.readWrite.writeOver [2m3ms[0m  
[32m+[39m test.os.OpTestsJvmOnly.Mutating.readWrite.charset [2m4ms[0m  
[32m+[39m test.os.OpTestsJvmOnly.Mutating.Failures.nonexistant.0 [2m2ms[0m  [34mjava.nio.file.NoSuchFileException: /Users/y3536zha/Desktop/scala_explicit_unsafe/scala_flexible_type_with_test_script/community-build/community-projects/os-lib/out/scratch/test/failures/nonexistent[39m
[32m+[39m test.os.OpTestsJvmOnly.Mutating.Failures.nonexistant.1 [2m1ms[0m  [34mjava.nio.file.NoSuchFileException: /Users/y3536zha/Desktop/scala_explicit_unsafe/scala_flexible_type_with_test_script/community-build/community-projects/os-lib/out/scratch/test/failures/nonexistent[39m
[32m+[39m test.os.OpTestsJvmOnly.Mutating.Failures.nonexistant.2 [2m1ms[0m  [34mjava.nio.file.NoSuchFileException: /Users/y3536zha/Desktop/scala_explicit_unsafe/scala_flexible_type_with_test_script/community-build/community-projects/os-lib/out/scratch/test/failures/nonexistent[39m
[32m+[39m test.os.OpTestsJvmOnly.Mutating.Failures.nonexistant.3 [2m1ms[0m  [34mjava.nio.file.NoSuchFileException: /Users/y3536zha/Desktop/scala_explicit_unsafe/scala_flexible_type_with_test_script/community-build/community-projects/os-lib/out/scratch/test/failures/nonexistent[39m
[32m+[39m test.os.OpTestsJvmOnly.Mutating.Failures.collisions.0 [2m3ms[0m  [34mjava.nio.file.FileAlreadyExistsException: /Users/y3536zha/Desktop/scala_explicit_unsafe/scala_flexible_type_with_test_script/community-build/community-projects/os-lib/out/scratch/test/failures/folder[39m
[32m+[39m test.os.OpTestsJvmOnly.Mutating.Failures.collisions.1 [2m2ms[0m  [34mjava.nio.file.FileAlreadyExistsException: /Users/y3536zha/Desktop/scala_explicit_unsafe/scala_flexible_type_with_test_script/community-build/community-projects/os-lib/out/scratch/test/failures/folder[39m
[32m+[39m test.os.OpTestsJvmOnly.Mutating.Failures.collisions.2 [2m2ms[0m  [34mjava.nio.file.FileAlreadyExistsException: /Users/y3536zha/Desktop/scala_explicit_unsafe/scala_flexible_type_with_test_script/community-build/community-projects/os-lib/out/scratch/test/failures/file[39m
-------------------------------- Running Tests --------------------------------
  % Total    % Received % Xferd  Average Speed   Time    Time     Time  Current
                                 Dload  Upload   Total   Spent    Left  Speed
  0     0    0     0    0     0      0      0 --:--:-- --:--:-- --:--:--     0  0     0    0     0    0     0      0      0 --:--:-- --:--:-- --:--:--     0  0     0    0     0    0     0      0      0 --:--:-- --:--:-- --:--:--     0
100 53814  100 53814    0     0   142k      0 --:--:-- --:--:-- --:--:--  142k
[32m+[39m test.os.ExampleTests.splash [2m441ms[0m  
[32m+[39m test.os.ExampleTests.concatTxt [2m7ms[0m  
[32m+[39m test.os.ExampleTests.subprocessConcat [2m17ms[0m  
  % Total    % Received % Xferd  Average Speed   Time    Time     Time  Current
                                 Dload  Upload   Total   Spent    Left  Speed
  0     0    0     0    0     0      0      0 --:--:-- --:--:-- --:--:--     0  0     0    0     0    0     0      0      0 --:--:-- --:--:-- --:--:--     0
100 53814  100 53814    0     0   236k      0 --:--:-- --:--:-- --:--:--  236k
  % Total    % Received % Xferd  Average Speed   Time    Time     Time  Current
                                 Dload  Upload   Total   Spent    Left  Speed
  0     0    0     0    0     0      0      0 --:--:-- --:--:-- --:--:--     0  0     0    0     0    0     0      0      0 --:--:-- --:--:-- --:--:--     0
100 53814  100 53814    0     0   415k      0 --:--:-- --:--:-- --:--:--  415k
[32m+[39m test.os.ExampleTests.curlToTempFile [2m392ms[0m  
[32m+[39m test.os.ExampleTests.lineCount [2m6ms[0m  
[32m+[39m test.os.ExampleTests.largestThree [2m8ms[0m  
[32m+[39m test.os.ExampleTests.moveOut [2m9ms[0m  [34mArraySeq((), (), (), (), (), (), ())[39m
[32m+[39m test.os.ExampleTests.frequency [2m12ms[0m  [34mList((I,4), (Contents,3), (of,3), (nested,2), (am,2), (cow,2), (as,2), (barbecue,1), (weigh,1), (good,1), (look,1), (B,1), (much,1), (Hear,1), (moo,1), (the,1), (A,1), (And,1), (twice,1), (you,1), (contents,1), (folder,1), (on,1), (me,1), (file,1), (lols,1), (one,1))[39m
out/scratch/folder/thing/file
[32m+[39m test.os.ExampleTests.comparison [2m3ms[0m  
[32m+[39m test.os.ExampleTests.constructingPaths [2m0ms[0m  [34m/Users/y3536zha/Desktop/scala_explicit_unsafe/scala_flexible_type_with_test_script/community-build[39m
[32m+[39m test.os.ExampleTests.newPath [2m0ms[0m  
[32m+[39m test.os.ExampleTests.relPaths [2m1ms[0m  [34mfolder/file[39m
[32m+[39m test.os.ExampleTests.subPaths [2m0ms[0m  [34mjava.lang.IllegalArgumentException: requirement failed[39m
[32m+[39m test.os.ExampleTests.relSubPathEquality [2m0ms[0m  
[32m+[39m test.os.ExampleTests.relPathCombine [2m0ms[0m  
[32m+[39m test.os.ExampleTests.subPathCombine [2m0ms[0m  
[32m+[39m test.os.ExampleTests.pathUp [2m0ms[0m  
[32m+[39m test.os.ExampleTests.relPathUp [2m0ms[0m  
[32m+[39m test.os.ExampleTests.relPathUp [2m0ms[0m  
[32m+[39m test.os.ExampleTests.canonical [2m0ms[0m  
[32m+[39m test.os.ExampleTests.findWc [2m2ms[0m  
[32m+[39m test.os.ExampleTests.Source code line length does not exceed 100 [2m43ms[0m  
[32m+[39m test.os.ExampleTests.rename [2m0ms[0m  
[32m+[39m test.os.ExampleTests.allSubpathsResolveCorrectly [2m50ms[0m  
-------------------------------- Running Tests --------------------------------
[32m+[39m test.os.ReadingWritingTests.read.0 [2m7ms[0m  
[32m+[39m test.os.ReadingWritingTests.read.inputStream.0 [2m5ms[0m  
[32m+[39m test.os.ReadingWritingTests.read.bytes.0 [2m5ms[0m  
[32m+[39m test.os.ReadingWritingTests.read.chunks.0 [2m8ms[0m  
[32m+[39m test.os.ReadingWritingTests.read.lines.0 [2m6ms[0m  
I am cow
Hear me moo
I weigh twice as much as you
And I look good on the barbecue
[32m+[39m test.os.ReadingWritingTests.read.lines.stream.0 [2m6ms[0m  
[32m+[39m test.os.ReadingWritingTests.write.0 [2m6ms[0m  
[32m+[39m test.os.ReadingWritingTests.write.append.0 [2m6ms[0m  
[32m+[39m test.os.ReadingWritingTests.write.over.0 [2m7ms[0m  
[32m+[39m test.os.ReadingWritingTests.write.inputStream.0 [2m5ms[0m  
[32m+[39m test.os.ReadingWritingTests.truncate.0 [2m6ms[0m  
-------------------------------- Running Tests --------------------------------
[32m+[39m test.os.OpTests.ls [2m1ms[0m  
[32m+[39m test.os.OpTests.rm [2m0ms[0m  [34mjava.nio.file.NoSuchFileException: /Users/y3536zha/Desktop/scala_explicit_unsafe/scala_flexible_type_with_test_script/community-build/community-projects/os-lib/out/scratch/nonexistent[39m
-------------------------------- Running Tests --------------------------------
[32m+[39m test.os.ListingWalkingTests.list.0 [2m6ms[0m  
/Users/y3536zha/Desktop/scala_explicit_unsafe/scala_flexible_type_with_test_script/community-build/community-projects/os-lib/out/scratch/ListingWalkingTests/tests/list/stream/0/folder2/nestedA
/Users/y3536zha/Desktop/scala_explicit_unsafe/scala_flexible_type_with_test_script/community-build/community-projects/os-lib/out/scratch/ListingWalkingTests/tests/list/stream/0/folder2/nestedB
[32m+[39m test.os.ListingWalkingTests.list.stream.0 [2m5ms[0m  
[32m+[39m test.os.ListingWalkingTests.walk.0 [2m7ms[0m  
[32m+[39m test.os.ListingWalkingTests.walk.attrs.0 [2m9ms[0m  
[32m+[39m test.os.ListingWalkingTests.walk.stream.0 [2m7ms[0m  
[32m+[39m test.os.ListingWalkingTests.walk.stream.attrs.0 [2m10ms[0m  
-------------------------------- Running Tests --------------------------------
[32m+[39m test.os.ManipulatingFilesFoldersTests.exists.0 [2m8ms[0m  
[32m+[39m test.os.ManipulatingFilesFoldersTests.move.0 [2m6ms[0m  
[32m+[39m test.os.ManipulatingFilesFoldersTests.move.matching.0 [2m7ms[0m  
[32m+[39m test.os.ManipulatingFilesFoldersTests.move.into.0 [2m5ms[0m  
[32m+[39m test.os.ManipulatingFilesFoldersTests.move.over.0 [2m8ms[0m  
[32m+[39m test.os.ManipulatingFilesFoldersTests.copy.0 [2m9ms[0m  
[32m+[39m test.os.ManipulatingFilesFoldersTests.copy.into.0 [2m6ms[0m  
[32m+[39m test.os.ManipulatingFilesFoldersTests.copy.over.0 [2m6ms[0m  
[32m+[39m test.os.ManipulatingFilesFoldersTests.copy.symlinks [2m10ms[0m  
[32m+[39m test.os.ManipulatingFilesFoldersTests.makeDir.0 [2m6ms[0m  
[32m+[39m test.os.ManipulatingFilesFoldersTests.makeDir.all.0 [2m6ms[0m  
[32m+[39m test.os.ManipulatingFilesFoldersTests.remove.0 [2m6ms[0m  
[32m+[39m test.os.ManipulatingFilesFoldersTests.remove.link.0 [2m5ms[0m  
[32m+[39m test.os.ManipulatingFilesFoldersTests.remove.all.0 [2m7ms[0m  
[32m+[39m test.os.ManipulatingFilesFoldersTests.remove.all.link.0 [2m7ms[0m  
[32m+[39m test.os.ManipulatingFilesFoldersTests.hardlink.0 [2m8ms[0m  
[32m+[39m test.os.ManipulatingFilesFoldersTests.symlink.0 [2m6ms[0m  
[32m+[39m test.os.ManipulatingFilesFoldersTests.followLink.0 [2m8ms[0m  
[32m+[39m test.os.ManipulatingFilesFoldersTests.readLink.0 [2m6ms[0m  
[32m+[39m test.os.ManipulatingFilesFoldersTests.temp.0 [2m8ms[0m  
[32m+[39m test.os.ManipulatingFilesFoldersTests.temp.dir.0 [2m6ms[0m  
-------------------------------- Running Tests --------------------------------
[32m+[39m test.os.PathTestsJvmOnly.construction.symlinks.nestedSymlinks [2m5ms[0m  
[32m+[39m test.os.PathTestsJvmOnly.construction.symlinks.danglingSymlink [2m7ms[0m  
-------------------------------- Running Tests --------------------------------
[32m+[39m test.os.PathTests.Basic.Transformers [2m3ms[0m  
[32m+[39m test.os.PathTests.Basic.BasePath.baseName [2m1ms[0m  
[32m+[39m test.os.PathTests.Basic.BasePath.ext [2m0ms[0m  
[32m+[39m test.os.PathTests.Basic.BasePath.emptyExt [2m0ms[0m  
[32m+[39m test.os.PathTests.Basic.BasePath.emptyLast [2m2ms[0m  
[32m+[39m test.os.PathTests.Basic.RelPath.Constructors.Symbol [2m1ms[0m  
[32m+[39m test.os.PathTests.Basic.RelPath.Constructors.String [2m0ms[0m  
[32m+[39m test.os.PathTests.Basic.RelPath.Constructors.Combos.ArrayString [2m3ms[0m  
[32m+[39m test.os.PathTests.Basic.RelPath.Constructors.Combos.ArraySymbol [2m0ms[0m  
[32m+[39m test.os.PathTests.Basic.RelPath.Constructors.Combos.SeqString [2m2ms[0m  
[32m+[39m test.os.PathTests.Basic.RelPath.Constructors.Combos.SeqSymbol [2m0ms[0m  
[32m+[39m test.os.PathTests.Basic.RelPath.Constructors.Combos.SeqSeqSeqSymbol [2m1ms[0m  
[32m+[39m test.os.PathTests.Basic.RelPath.Relativize.0 [2m2ms[0m  
[32m+[39m test.os.PathTests.Basic.RelPath.Relativize.1 [2m0ms[0m  
[32m+[39m test.os.PathTests.Basic.RelPath.Relativize.2 [2m0ms[0m  
[32m+[39m test.os.PathTests.Basic.RelPath.Relativize.3 [2m0ms[0m  
[32m+[39m test.os.PathTests.Basic.RelPath.Relativize.4 [2m0ms[0m  
[32m+[39m test.os.PathTests.Basic.RelPath.Relativize.5 [2m1ms[0m  [34mos.PathError$NoRelativePath: Can't relativize relative paths omg/bbq from ../omg/bbq[39m
[32m+[39m test.os.PathTests.Basic.SubPath.Constructors.Symbol [2m1ms[0m  
[32m+[39m test.os.PathTests.Basic.SubPath.Constructors.String [2m0ms[0m  
[32m+[39m test.os.PathTests.Basic.SubPath.Constructors.Combos.ArrayString [2m1ms[0m  
[32m+[39m test.os.PathTests.Basic.SubPath.Constructors.Combos.ArraySymbol [2m0ms[0m  
[32m+[39m test.os.PathTests.Basic.SubPath.Constructors.Combos.SeqString [2m0ms[0m  
[32m+[39m test.os.PathTests.Basic.SubPath.Constructors.Combos.SeqSymbol [2m0ms[0m  
[32m+[39m test.os.PathTests.Basic.SubPath.Constructors.Combos.SeqSeqSeqSymbol [2m0ms[0m  
[32m+[39m test.os.PathTests.Basic.SubPath.Relativize.0 [2m0ms[0m  
[32m+[39m test.os.PathTests.Basic.SubPath.Relativize.1 [2m0ms[0m  
[32m+[39m test.os.PathTests.Basic.SubPath.Relativize.2 [2m0ms[0m  
[32m+[39m test.os.PathTests.Basic.SubPath.Relativize.3 [2m0ms[0m  
[32m+[39m test.os.PathTests.Basic.AbsPath.Constructor [2m0ms[0m  
[32m+[39m test.os.PathTests.Basic.AbsPath.Relativize.0 [2m1ms[0m  
[32m+[39m test.os.PathTests.Basic.AbsPath.Relativize.1 [2m0ms[0m  
[32m+[39m test.os.PathTests.Basic.AbsPath.Relativize.2 [2m0ms[0m  
[32m+[39m test.os.PathTests.Basic.AbsPath.Relativize.3 [2m0ms[0m  
[32m+[39m test.os.PathTests.Basic.AbsPath.Relativize.4 [2m0ms[0m  [34mos.PathError$NoRelativePath: Can't relativize relative paths omg/bbq from ../omg/bbq[39m
[32m+[39m test.os.PathTests.Basic.Ups.RelativeUps [2m0ms[0m  
[32m+[39m test.os.PathTests.Basic.Ups.AbsoluteUps [2m0ms[0m  [34mos.PathError$AbsolutePathOutsideRoot$: The path created has enough ..s that it would start outside the root directory[39m
[32m+[39m test.os.PathTests.Basic.Ups.RootUpBreak [2m0ms[0m  [34mos.PathError$AbsolutePathOutsideRoot$: The path created has enough ..s that it would start outside the root directory[39m
[32m+[39m test.os.PathTests.Basic.Comparison.Relative [2m1ms[0m  
[32m+[39m test.os.PathTests.Basic.Comparison.Absolute [2m0ms[0m  
[32m+[39m test.os.PathTests.Basic.Comparison.Invalid [2m4ms[0m 
  [34mType("omg"/"wtf" > root/"omg"/"wtf"[39m
  [34m     ^,value / is not a member of String, but could be made available as an extension method.[39m
  [34m
One of the following imports might make progress towards fixing the problem:[39m
  [34m
  import math.Fractional.Implicits.infixFractionalOps[39m
  [34m  import math.Integral.Implicits.infixIntegralOps[39m
  [34m  import sourcecode.Text.generate[39m
  [34m
)[39m
[32m+[39m test.os.PathTests.Errors.InvalidChars [2m3ms[0m  
[32m+[39m test.os.PathTests.Errors.InvalidSegments [2m1ms[0m  [34mos.PathError$InvalidSegment: [..] is not a valid path segment. OS-Lib does not allow [..] as a path segment If you are dealing with path-strings coming from external sources, use the Path(...) or RelPath(...) constructor calls to convert them. If you want to use the `..` segment manually to represent going up one level in the path, use the `up` segment from `os.up` e.g. an external path foo/bar/../baz translates into 'foo/'bar/up/'baz.[39m
[32m+[39m test.os.PathTests.Errors.EmptySegment [2m0ms[0m  [34mos.PathError$InvalidSegment: [..] is not a valid path segment. OS-Lib does not allow [..] as a path segment If you are dealing with path-strings coming from external sources, use the Path(...) or RelPath(...) constructor calls to convert them. If you want to use the `..` segment manually to represent going up one level in the path, use the `up` segment from `os.up` e.g. an external path foo/bar/../baz translates into 'foo/'bar/up/'baz.[39m
[32m+[39m test.os.PathTests.Errors.CannotRelativizeAbsAndRel [2m0ms[0m  
[32m+[39m test.os.PathTests.Errors.InvalidCasts [2m1ms[0m  
[32m+[39m test.os.PathTests.Errors.Pollution [2m0ms[0m 
  [34mType( "omg".ext[39m
  [34m       ^,value ext is not a member of String, but could be made available as an extension method.[39m
  [34m
The following import might make progress towards fixing the problem:[39m
  [34m
  import sourcecode.Text.generate[39m
  [34m
)[39m
[32m+[39m test.os.PathTests.Extractors.paths [2m0ms[0m  
[32m+[39m test.os.PathTests.sorting.0 [2m0ms[0m  
[32m+[39m test.os.PathTests.sorting.1 [2m0ms[0m  
[32m+[39m test.os.PathTests.sorting.2 [2m0ms[0m  
[32m+[39m test.os.PathTests.construction.success [2m1ms[0m  
[32m+[39m test.os.PathTests.construction.basepath [2m0ms[0m  
[32m+[39m test.os.PathTests.construction.based [2m0ms[0m  
[32m+[39m test.os.PathTests.construction.failure [2m0ms[0m  
-------------------------------- Running Tests --------------------------------
[32m+[39m test.os.SubprocessTests.lines [2m9ms[0m  
[32m+[39m test.os.SubprocessTests.string [2m6ms[0m  
[32m+[39m test.os.SubprocessTests.bytes [2m6ms[0m  
[32m+[39m test.os.SubprocessTests.chained [2m61ms[0m  
[32m+[39m test.os.SubprocessTests.basicList [2m9ms[0m  
[32m+[39m test.os.SubprocessTests.listMixAndMatch [2m8ms[0m  
[32m+[39m test.os.SubprocessTests.failures [2m11ms[0m  
[32m+[39m test.os.SubprocessTests.filebased [2m22ms[0m  
[32m+[39m test.os.SubprocessTests.filebased2 [2m11ms[0m  
[32m+[39m test.os.SubprocessTests.charSequence [2m5ms[0m  
[32m+[39m test.os.SubprocessTests.envArgs [2m20ms[0m  
[32m+[39m test.os.SubprocessTests.multiChunk.bashC [2m10ms[0m  
[32m+[39m test.os.SubprocessTests.multiChunk.jarTf [2m272ms[0m  
[32m+[39m test.os.SubprocessTests.workingDirectory [2m8ms[0m  
[32m+[39m test.os.SubprocessTests.customWorkingDir [2m14ms[0m  
[32m+[39m test.os.SubprocessTests.fileCustomWorkingDir [2m10ms[0m  
-------------------------------- Running Tests --------------------------------
ls: doesnt-exist: No such file or directory
[32m+[39m test.os.SpawningSubprocessesTests.proc.call.0 [2m64ms[0m  
[32m+[39m test.os.SpawningSubprocessesTests.proc.call.1 [2m2014ms[0m  
[32m+[39m test.os.SpawningSubprocessesTests.proc.stream.0 [2m18ms[0m  
[32m+[39m test.os.SpawningSubprocessesTests.proc.stream.1 [2m8ms[0m  
[32m+[39m test.os.SpawningSubprocessesTests.proc.spawn.0 [2m7ms[0m  
[32m+[39m test.os.SpawningSubprocessesTests.proc.spawn callback.0 [2m8ms[0m  
-------------------------------- Running Tests --------------------------------
[32m+[39m test.os.FilesystemMetadataTests.stat.0 [2m5ms[0m  
[32m+[39m test.os.FilesystemMetadataTests.isFile.0 [2m5ms[0m  
[32m+[39m test.os.FilesystemMetadataTests.isDir.0 [2m6ms[0m  
[32m+[39m test.os.FilesystemMetadataTests.isLink.0 [2m4ms[0m  
[32m+[39m test.os.FilesystemMetadataTests.size.0 [2m3ms[0m  
[32m+[39m test.os.FilesystemMetadataTests.mtime.0 [2m4ms[0m  
[32m[SUCCESS os-lib][0m
[32m[os-lib DONE RUNNING][0m
[info] Test run dotty.communitybuild.CommunityBuildTestC finished: 0 failed, 0 ignored, 1 total, 80.856s
[info] Test run dotty.communitybuild.CommunityBuildTestB started
[info] Test run dotty.communitybuild.CommunityBuildTestB finished: 0 failed, 0 ignored, 0 total, 0.0s
[info] Passed: Total 1, Failed 0, Errors 0, Passed 1
[success] Total time: 116 s (01:56), completed Jun 14, 2023, 4:26:23 AM
