[info] welcome to sbt 1.8.0 (Oracle Corporation Java 9.0.4)
[info] loading global plugins from /Users/y3536zha/.sbt/1.0/plugins
[info] loading settings for project dotty-build-build from build.sbt ...
[info] loading project definition from /Users/y3536zha/Desktop/scala_no_change/dotty/project/project
[info] loading settings for project dotty-build from build.sbt,plugins.sbt ...
[info] loading project definition from /Users/y3536zha/Desktop/scala_no_change/dotty/project
[info] loading settings for project scala3 from build.sbt ...
[info] resolving key references (31394 settings) ...
[info] set current project to scala3 (in build file:/Users/y3536zha/Desktop/scala_no_change/dotty/)
SLF4J: No SLF4J providers were found.
SLF4J: Defaulting to no-operation (NOP) logger implementation
SLF4J: See https://www.slf4j.org/codes.html#noProviders for further details.
SLF4J: Class path contains SLF4J bindings targeting slf4j-api versions 1.7.x or earlier.
SLF4J: Ignoring binding found at [jar:file:/Users/y3536zha/.sbt/boot/scala-2.12.17/org.scala-sbt/sbt/1.8.0/log4j-slf4j-impl-2.17.1.jar!/org/slf4j/impl/StaticLoggerBinder.class]
SLF4J: See https://www.slf4j.org/codes.html#ignoredBindings for an explanation.
[info] Wrote /Users/y3536zha/Desktop/scala_no_change/dotty/tasty/../out/bootstrap/tasty-core-bootstrapped/scala-3.3.1-RC1-bin-SNAPSHOT-nonbootstrapped/tasty-core_3-3.3.1-RC1-bin-SNAPSHOT.pom
[info] Wrote /Users/y3536zha/Desktop/scala_no_change/dotty/tasty-inspector/../out/bootstrap/scala3-tasty-inspector/scala-3.3.1-RC1-bin-SNAPSHOT-nonbootstrapped/scala3-tasty-inspector_3-3.3.1-RC1-bin-SNAPSHOT.pom
[info] Wrote /Users/y3536zha/Desktop/scala_no_change/dotty/sbt-bridge/src/target/scala3-sbt-bridge-3.3.1-RC1-bin-SNAPSHOT.pom
[info] Wrote /Users/y3536zha/Desktop/scala_no_change/dotty/compiler/../out/bootstrap/scala3-compiler-bootstrapped/scala-3.3.1-RC1-bin-SNAPSHOT-nonbootstrapped/scala3-compiler_3-3.3.1-RC1-bin-SNAPSHOT.pom
[info] Wrote /Users/y3536zha/Desktop/scala_no_change/dotty/sbt-community-build/target/scala-2.12/sbt-1.0/sbt-community-build-0.1.0-SNAPSHOT.pom
[info] Wrote /Users/y3536zha/Desktop/scala_no_change/dotty/interfaces/target/scala3-interfaces-3.3.1-RC1-bin-SNAPSHOT.pom
[info] Wrote /Users/y3536zha/Desktop/scala_no_change/dotty/library-js/../out/bootstrap/scala3-library-bootstrappedJS/scala-3.3.1-RC1-bin-SNAPSHOT-nonbootstrapped/scala3-library_sjs1_3-3.3.1-RC1-bin-SNAPSHOT.pom
[info] Wrote /Users/y3536zha/Desktop/scala_no_change/dotty/library/../out/bootstrap/scala3-library-bootstrapped/scala-3.3.1-RC1-bin-SNAPSHOT-nonbootstrapped/scala3-library_3-3.3.1-RC1-bin-SNAPSHOT.pom
[info] Wrote /Users/y3536zha/Desktop/scala_no_change/dotty/scaladoc/../out/bootstrap/scaladoc/scala-3.3.1-RC1-bin-SNAPSHOT-nonbootstrapped/scaladoc_3-3.3.1-RC1-bin-SNAPSHOT.pom
[info] :: delivering :: ch.epfl.lamp#sbt-community-build;0.1.0-SNAPSHOT :: 0.1.0-SNAPSHOT :: integration :: Wed Jun 14 01:16:45 EDT 2023
[info] 	delivering ivy file to /Users/y3536zha/Desktop/scala_no_change/dotty/sbt-community-build/target/scala-2.12/sbt-1.0/ivy-0.1.0-SNAPSHOT.xml
[info] 	published sbt-community-build to /Users/y3536zha/.ivy2/local/ch.epfl.lamp/sbt-community-build/scala_2.12/sbt_1.0/0.1.0-SNAPSHOT/poms/sbt-community-build.pom
[info] 	published sbt-community-build to /Users/y3536zha/.ivy2/local/ch.epfl.lamp/sbt-community-build/scala_2.12/sbt_1.0/0.1.0-SNAPSHOT/jars/sbt-community-build.jar
[info] 	published sbt-community-build to /Users/y3536zha/.ivy2/local/ch.epfl.lamp/sbt-community-build/scala_2.12/sbt_1.0/0.1.0-SNAPSHOT/srcs/sbt-community-build-sources.jar
[info] 	published sbt-community-build to /Users/y3536zha/.ivy2/local/ch.epfl.lamp/sbt-community-build/scala_2.12/sbt_1.0/0.1.0-SNAPSHOT/docs/sbt-community-build-javadoc.jar
[info] 	published ivy to /Users/y3536zha/.ivy2/local/ch.epfl.lamp/sbt-community-build/scala_2.12/sbt_1.0/0.1.0-SNAPSHOT/ivys/ivy.xml
[info] :: delivering :: org.scala-lang#scala3-interfaces;3.3.1-RC1-bin-SNAPSHOT :: 3.3.1-RC1-bin-SNAPSHOT :: integration :: Wed Jun 14 01:16:45 EDT 2023
[info] 	delivering ivy file to /Users/y3536zha/Desktop/scala_no_change/dotty/interfaces/target/ivy-3.3.1-RC1-bin-SNAPSHOT.xml
[info] 	published scala3-interfaces to /Users/y3536zha/.ivy2/local/org.scala-lang/scala3-interfaces/3.3.1-RC1-bin-SNAPSHOT/poms/scala3-interfaces.pom
[info] 	published scala3-interfaces to /Users/y3536zha/.ivy2/local/org.scala-lang/scala3-interfaces/3.3.1-RC1-bin-SNAPSHOT/jars/scala3-interfaces.jar
[info] 	published scala3-interfaces to /Users/y3536zha/.ivy2/local/org.scala-lang/scala3-interfaces/3.3.1-RC1-bin-SNAPSHOT/srcs/scala3-interfaces-sources.jar
[info] 	published scala3-interfaces to /Users/y3536zha/.ivy2/local/org.scala-lang/scala3-interfaces/3.3.1-RC1-bin-SNAPSHOT/docs/scala3-interfaces-javadoc.jar
[info] 	published ivy to /Users/y3536zha/.ivy2/local/org.scala-lang/scala3-interfaces/3.3.1-RC1-bin-SNAPSHOT/ivys/ivy.xml
[info] :: delivering :: org.scala-lang#scala3-sbt-bridge;3.3.1-RC1-bin-SNAPSHOT :: 3.3.1-RC1-bin-SNAPSHOT :: integration :: Wed Jun 14 01:16:47 EDT 2023
[info] 	delivering ivy file to /Users/y3536zha/Desktop/scala_no_change/dotty/sbt-bridge/src/target/ivy-3.3.1-RC1-bin-SNAPSHOT.xml
[info] 	published scala3-sbt-bridge to /Users/y3536zha/.ivy2/local/org.scala-lang/scala3-sbt-bridge/3.3.1-RC1-bin-SNAPSHOT/poms/scala3-sbt-bridge.pom
[info] 	published scala3-sbt-bridge to /Users/y3536zha/.ivy2/local/org.scala-lang/scala3-sbt-bridge/3.3.1-RC1-bin-SNAPSHOT/jars/scala3-sbt-bridge.jar
[info] 	published scala3-sbt-bridge to /Users/y3536zha/.ivy2/local/org.scala-lang/scala3-sbt-bridge/3.3.1-RC1-bin-SNAPSHOT/srcs/scala3-sbt-bridge-sources.jar
[info] 	published scala3-sbt-bridge to /Users/y3536zha/.ivy2/local/org.scala-lang/scala3-sbt-bridge/3.3.1-RC1-bin-SNAPSHOT/docs/scala3-sbt-bridge-javadoc.jar
[info] 	published ivy to /Users/y3536zha/.ivy2/local/org.scala-lang/scala3-sbt-bridge/3.3.1-RC1-bin-SNAPSHOT/ivys/ivy.xml
[info] :: delivering :: org.scala-lang#tasty-core_3;3.3.1-RC1-bin-SNAPSHOT :: 3.3.1-RC1-bin-SNAPSHOT :: integration :: Wed Jun 14 01:16:52 EDT 2023
[info] 	delivering ivy file to /Users/y3536zha/Desktop/scala_no_change/dotty/out/bootstrap/tasty-core-bootstrapped/scala-3.3.1-RC1-bin-SNAPSHOT-nonbootstrapped/ivy-3.3.1-RC1-bin-SNAPSHOT.xml
[info] 	published tasty-core_3 to /Users/y3536zha/.ivy2/local/org.scala-lang/tasty-core_3/3.3.1-RC1-bin-SNAPSHOT/poms/tasty-core_3.pom
[info] 	published tasty-core_3 to /Users/y3536zha/.ivy2/local/org.scala-lang/tasty-core_3/3.3.1-RC1-bin-SNAPSHOT/jars/tasty-core_3.jar
[info] 	published tasty-core_3 to /Users/y3536zha/.ivy2/local/org.scala-lang/tasty-core_3/3.3.1-RC1-bin-SNAPSHOT/srcs/tasty-core_3-sources.jar
[info] 	published tasty-core_3 to /Users/y3536zha/.ivy2/local/org.scala-lang/tasty-core_3/3.3.1-RC1-bin-SNAPSHOT/docs/tasty-core_3-javadoc.jar
[info] 	published ivy to /Users/y3536zha/.ivy2/local/org.scala-lang/tasty-core_3/3.3.1-RC1-bin-SNAPSHOT/ivys/ivy.xml
[info] Main Scala API documentation to /Users/y3536zha/Desktop/scala_no_change/dotty/library/../out/bootstrap/scala3-library-bootstrapped/scala-3.3.1-RC1-bin-SNAPSHOT-nonbootstrapped/api...
[info] Main Scala API documentation to /Users/y3536zha/Desktop/scala_no_change/dotty/library-js/../out/bootstrap/scala3-library-bootstrappedJS/scala-3.3.1-RC1-bin-SNAPSHOT-nonbootstrapped/api...
[info] :: delivering :: org.scala-lang#scala3-tasty-inspector_3;3.3.1-RC1-bin-SNAPSHOT :: 3.3.1-RC1-bin-SNAPSHOT :: integration :: Wed Jun 14 01:16:53 EDT 2023
[info] 	delivering ivy file to /Users/y3536zha/Desktop/scala_no_change/dotty/out/bootstrap/scala3-tasty-inspector/scala-3.3.1-RC1-bin-SNAPSHOT-nonbootstrapped/ivy-3.3.1-RC1-bin-SNAPSHOT.xml
[info] 	published scala3-tasty-inspector_3 to /Users/y3536zha/.ivy2/local/org.scala-lang/scala3-tasty-inspector_3/3.3.1-RC1-bin-SNAPSHOT/poms/scala3-tasty-inspector_3.pom
[info] 	published scala3-tasty-inspector_3 to /Users/y3536zha/.ivy2/local/org.scala-lang/scala3-tasty-inspector_3/3.3.1-RC1-bin-SNAPSHOT/jars/scala3-tasty-inspector_3.jar
[info] 	published scala3-tasty-inspector_3 to /Users/y3536zha/.ivy2/local/org.scala-lang/scala3-tasty-inspector_3/3.3.1-RC1-bin-SNAPSHOT/srcs/scala3-tasty-inspector_3-sources.jar
[info] 	published scala3-tasty-inspector_3 to /Users/y3536zha/.ivy2/local/org.scala-lang/scala3-tasty-inspector_3/3.3.1-RC1-bin-SNAPSHOT/docs/scala3-tasty-inspector_3-javadoc.jar
[info] 	published ivy to /Users/y3536zha/.ivy2/local/org.scala-lang/scala3-tasty-inspector_3/3.3.1-RC1-bin-SNAPSHOT/ivys/ivy.xml
[info] :: delivering :: org.scala-lang#scaladoc_3;3.3.1-RC1-bin-SNAPSHOT :: 3.3.1-RC1-bin-SNAPSHOT :: integration :: Wed Jun 14 01:16:53 EDT 2023
[info] 	delivering ivy file to /Users/y3536zha/Desktop/scala_no_change/dotty/out/bootstrap/scaladoc/scala-3.3.1-RC1-bin-SNAPSHOT-nonbootstrapped/ivy-3.3.1-RC1-bin-SNAPSHOT.xml
[info] 	published scaladoc_3 to /Users/y3536zha/.ivy2/local/org.scala-lang/scaladoc_3/3.3.1-RC1-bin-SNAPSHOT/poms/scaladoc_3.pom
[info] 	published scaladoc_3 to /Users/y3536zha/.ivy2/local/org.scala-lang/scaladoc_3/3.3.1-RC1-bin-SNAPSHOT/jars/scaladoc_3.jar
[info] 	published scaladoc_3 to /Users/y3536zha/.ivy2/local/org.scala-lang/scaladoc_3/3.3.1-RC1-bin-SNAPSHOT/srcs/scaladoc_3-sources.jar
[info] 	published scaladoc_3 to /Users/y3536zha/.ivy2/local/org.scala-lang/scaladoc_3/3.3.1-RC1-bin-SNAPSHOT/docs/scaladoc_3-javadoc.jar
[info] 	published ivy to /Users/y3536zha/.ivy2/local/org.scala-lang/scaladoc_3/3.3.1-RC1-bin-SNAPSHOT/ivys/ivy.xml
[warn] bad option '-project-version 3.3.1-RC1-bin-SNAPSHOT' was ignored
[warn] Setting -skip-by-regex set to .+\.internal($|\..+) redundantly
[warn] Setting -skip-by-regex set to .+\.internal($|\..+) redundantly
[warn] Setting -skip-by-regex set to .+\.impl($|\..+) redundantly
[warn] Setting -skip-by-regex set to .+\.impl($|\..+) redundantly
[warn] Setting -skip-by-id set to scala.runtime.stdLibPatches redundantly
[warn] Flag -project-logo set repeatedly
[warn] Setting -skip-by-id set to scala.runtime.MatchCase redundantly
[warn] Setting -social-links set to github::https://github.com/lampepfl/dotty redundantly
[warn] bad option '-project-logo docs/_assets/images/logo.svg' was ignored
[warn] Setting -social-links set to discord::https://discord.com/invite/scala redundantly
[warn] Setting -social-links set to github::https://github.com/lampepfl/dotty redundantly
[warn] Setting -social-links set to twitter::https://twitter.com/scala_lang redundantly
[warn] Setting -social-links set to discord::https://discord.com/invite/scala redundantly
[warn] Setting -skip-by-id set to scala.runtime.stdLibPatches redundantly
[warn] Setting -social-links set to twitter::https://twitter.com/scala_lang redundantly
[warn] Setting -skip-by-id set to scala.runtime.MatchCase redundantly
[warn] bad option '-project-footer "Copyright (c) 2002-2023, LAMP/EPFL"' was ignored
[warn] Flag -project-footer set repeatedly
[warn] bad option '-default-template static-site-main' was ignored
[warn] Flag -author set repeatedly
[warn] Flag -author set repeatedly
[warn] Flag -groups set repeatedly
[warn] Flag -groups set repeatedly
[warn] Flag -default-template set repeatedly
[warn] Setting -external-mappings set to .*scala/.*::scaladoc3::https://dotty.epfl.ch/api/ redundantly
[warn] Setting -external-mappings set to .*java/.*::javadoc::https://docs.oracle.com/javase/8/docs/api/ redundantly
[warn] bad option '-project-version 3.3.1-RC1-bin-SNAPSHOT' was ignored
[warn] Setting -skip-by-regex set to .+\.internal($|\..+) redundantly
[warn] Setting -skip-by-regex set to .+\.impl($|\..+) redundantly
[warn] Setting -skip-by-id set to scala.runtime.stdLibPatches redundantly
[warn] Setting -skip-by-id set to scala.runtime.MatchCase redundantly
[warn] bad option '-project-logo docs/_assets/images/logo.svg' was ignored
[warn] Setting -social-links set to github::https://github.com/lampepfl/dotty redundantly
[warn] Setting -social-links set to discord::https://discord.com/invite/scala redundantly
[warn] Setting -social-links set to twitter::https://twitter.com/scala_lang redundantly
[warn] bad option '-project-footer "Copyright (c) 2002-2023, LAMP/EPFL"' was ignored
[warn] bad option '-default-template static-site-main' was ignored
[warn] Flag -author set repeatedly
[warn] Flag -groups set repeatedly
[info] Skipping unused scalacOptions: -Werror, -Yno-experimental, -Yexplicit-nulls
[info] Skipping unused scalacOptions: -Werror, -Yno-experimental, -Yexplicit-nulls
[info] :: delivering :: org.scala-lang#scala3-compiler_3;3.3.1-RC1-bin-SNAPSHOT :: 3.3.1-RC1-bin-SNAPSHOT :: integration :: Wed Jun 14 01:16:56 EDT 2023
[info] 	delivering ivy file to /Users/y3536zha/Desktop/scala_no_change/dotty/out/bootstrap/scala3-compiler-bootstrapped/scala-3.3.1-RC1-bin-SNAPSHOT-nonbootstrapped/ivy-3.3.1-RC1-bin-SNAPSHOT.xml
[info] 	published scala3-compiler_3 to /Users/y3536zha/.ivy2/local/org.scala-lang/scala3-compiler_3/3.3.1-RC1-bin-SNAPSHOT/poms/scala3-compiler_3.pom
[info] 	published scala3-compiler_3 to /Users/y3536zha/.ivy2/local/org.scala-lang/scala3-compiler_3/3.3.1-RC1-bin-SNAPSHOT/jars/scala3-compiler_3.jar
[info] 	published scala3-compiler_3 to /Users/y3536zha/.ivy2/local/org.scala-lang/scala3-compiler_3/3.3.1-RC1-bin-SNAPSHOT/srcs/scala3-compiler_3-sources.jar
[info] 	published scala3-compiler_3 to /Users/y3536zha/.ivy2/local/org.scala-lang/scala3-compiler_3/3.3.1-RC1-bin-SNAPSHOT/docs/scala3-compiler_3-javadoc.jar
[info] 	published ivy to /Users/y3536zha/.ivy2/local/org.scala-lang/scala3-compiler_3/3.3.1-RC1-bin-SNAPSHOT/ivys/ivy.xml
[warn] -- Warning: library/src/scala/util/FromDigits.scala:21:6 -----------------------
[warn] -- Warning: library/src/scala/util/FromDigits.scala:21:6 -----------------------
[warn] 21 |  def fromDigits(digits: String): T
[warn] 21 |  def fromDigits(digits: String): T
[warn]    |      ^
[warn]    |      ^
[warn]    |      No DRI found for query: MalformedNumber
[warn]    |      No DRI found for query: MalformedNumber
[error] -- [E069] Naming Error: /Users/y3536zha/Desktop/scala_no_change/dotty/library/src/scala/IArray.scala:13:7 
[error] -- [E069] Naming Error: /Users/y3536zha/Desktop/scala_no_change/dotty/library/src/scala/IArray.scala:13:7 
[error] 13 |object IArray:
[error]    |       ^
[error] 13 |object IArray:
[error]    |       ^
[error]    |object IArray cannot have the same name as object IArray in package scala -- cannot define object member with the same name as a object member in self reference _.
[error]    |(Note: this can be resolved by using another name)
[error]    |object IArray cannot have the same name as object IArray in package scala -- cannot define object member with the same name as a object member in self reference _.
[error]    |(Note: this can be resolved by using another name)
[warn] 14 warnings found
[warn] 28 warnings found
[error] one error found
[error] one error found
[info] :: delivering :: org.scala-lang#scala3-library_3;3.3.1-RC1-bin-SNAPSHOT :: 3.3.1-RC1-bin-SNAPSHOT :: integration :: Wed Jun 14 01:17:21 EDT 2023
[info] 	delivering ivy file to /Users/y3536zha/Desktop/scala_no_change/dotty/out/bootstrap/scala3-library-bootstrapped/scala-3.3.1-RC1-bin-SNAPSHOT-nonbootstrapped/ivy-3.3.1-RC1-bin-SNAPSHOT.xml
[info] 	published scala3-library_3 to /Users/y3536zha/.ivy2/local/org.scala-lang/scala3-library_3/3.3.1-RC1-bin-SNAPSHOT/poms/scala3-library_3.pom
[info] 	published scala3-library_3 to /Users/y3536zha/.ivy2/local/org.scala-lang/scala3-library_3/3.3.1-RC1-bin-SNAPSHOT/jars/scala3-library_3.jar
[info] 	published scala3-library_3 to /Users/y3536zha/.ivy2/local/org.scala-lang/scala3-library_3/3.3.1-RC1-bin-SNAPSHOT/srcs/scala3-library_3-sources.jar
[info] 	published scala3-library_3 to /Users/y3536zha/.ivy2/local/org.scala-lang/scala3-library_3/3.3.1-RC1-bin-SNAPSHOT/docs/scala3-library_3-javadoc.jar
[info] 	published ivy to /Users/y3536zha/.ivy2/local/org.scala-lang/scala3-library_3/3.3.1-RC1-bin-SNAPSHOT/ivys/ivy.xml
[info] :: delivering :: org.scala-lang#scala3-library_sjs1_3;3.3.1-RC1-bin-SNAPSHOT :: 3.3.1-RC1-bin-SNAPSHOT :: integration :: Wed Jun 14 01:17:21 EDT 2023
[info] 	delivering ivy file to /Users/y3536zha/Desktop/scala_no_change/dotty/out/bootstrap/scala3-library-bootstrappedJS/scala-3.3.1-RC1-bin-SNAPSHOT-nonbootstrapped/ivy-3.3.1-RC1-bin-SNAPSHOT.xml
[info] 	published scala3-library_sjs1_3 to /Users/y3536zha/.ivy2/local/org.scala-lang/scala3-library_sjs1_3/3.3.1-RC1-bin-SNAPSHOT/poms/scala3-library_sjs1_3.pom
[info] 	published scala3-library_sjs1_3 to /Users/y3536zha/.ivy2/local/org.scala-lang/scala3-library_sjs1_3/3.3.1-RC1-bin-SNAPSHOT/jars/scala3-library_sjs1_3.jar
[info] 	published scala3-library_sjs1_3 to /Users/y3536zha/.ivy2/local/org.scala-lang/scala3-library_sjs1_3/3.3.1-RC1-bin-SNAPSHOT/srcs/scala3-library_sjs1_3-sources.jar
[info] 	published scala3-library_sjs1_3 to /Users/y3536zha/.ivy2/local/org.scala-lang/scala3-library_sjs1_3/3.3.1-RC1-bin-SNAPSHOT/docs/scala3-library_sjs1_3-javadoc.jar
[info] 	published ivy to /Users/y3536zha/.ivy2/local/org.scala-lang/scala3-library_sjs1_3/3.3.1-RC1-bin-SNAPSHOT/ivys/ivy.xml
[info] Test run dotty.communitybuild.CommunityBuildTestA started
[info] Test run dotty.communitybuild.CommunityBuildTestA finished: 0 failed, 0 ignored, 0 total, 0.0s
[info] Test run dotty.communitybuild.CommunityBuildTestC started
[info] Test dotty.communitybuild.CommunityBuildTestC.cask started
[32m[STARTING cask][0m
[32mPublishing utest[0m
[32m./mill -i -D dottyVersion=3.3.1-RC1-bin-SNAPSHOT utest.jvm[3.3.1-RC1-bin-SNAPSHOT].publishLocal[0m
Compiling /Users/y3536zha/Desktop/scala_no_change/dotty/community-build/community-projects/utest/build.sc
[1/58] utest.jvm[3.3.1-RC1-bin-SNAPSHOT].resources 
[1A[2K[9999D[2/58] utest.jvm[3.3.1-RC1-bin-SNAPSHOT].scalaVersion 
[1A[2K[9999D[3/58] mill.scalalib.ZincWorkerModule.classpath 
[1A[2K[9999D[4/58] mill.scalalib.ZincWorkerModule.worker 
[1A[2K[9999D[5/58] utest.jvm[3.3.1-RC1-bin-SNAPSHOT].upstreamCompileOutput 
[1A[2K[9999D[6/58] utest.jvm[3.3.1-RC1-bin-SNAPSHOT].sources.overridden.mill.scalalib.JavaModule.sources 
[1A[2K[9999D[7/58] utest.jvm[3.3.1-RC1-bin-SNAPSHOT].sources.overridden.mill.scalalib.CrossScalaModule.sources 
[1A[2K[9999D[8/58] utest.jvm[3.3.1-RC1-bin-SNAPSHOT].sources 
[1A[2K[9999D[9/58] utest.jvm[3.3.1-RC1-bin-SNAPSHOT].generatedSources 
[1A[2K[9999D[10/58] utest.jvm[3.3.1-RC1-bin-SNAPSHOT].allSources 
[1A[2K[9999D[11/58] utest.jvm[3.3.1-RC1-bin-SNAPSHOT].allSourceFiles 
[1A[2K[9999D[12/58] utest.jvm[3.3.1-RC1-bin-SNAPSHOT].transitiveLocalClasspath 
[1A[2K[9999D[13/58] utest.jvm[3.3.1-RC1-bin-SNAPSHOT].unmanagedClasspath 
[1A[2K[9999D[14/58] utest.jvm[3.3.1-RC1-bin-SNAPSHOT].platformSuffix 
[1A[2K[9999D[15/58] utest.jvm[3.3.1-RC1-bin-SNAPSHOT].compileIvyDeps 
[1A[2K[9999D[16/58] utest.jvm[3.3.1-RC1-bin-SNAPSHOT].transitiveCompileIvyDeps 
[1A[2K[9999D[17/58] utest.jvm[3.3.1-RC1-bin-SNAPSHOT].ivyDeps 
[1A[2K[9999D[18/58] utest.jvm[3.3.1-RC1-bin-SNAPSHOT].mandatoryIvyDeps.overridden.mill.scalalib.JavaModule.mandatoryIvyDeps 
[1A[2K[9999D[19/58] utest.jvm[3.3.1-RC1-bin-SNAPSHOT].scalaOrganization 
[1A[2K[9999D[20/58] utest.jvm[3.3.1-RC1-bin-SNAPSHOT].scalaLibraryIvyDeps 
[1A[2K[9999D[21/58] utest.jvm[3.3.1-RC1-bin-SNAPSHOT].mandatoryIvyDeps 
[1A[2K[9999D[22/58] utest.jvm[3.3.1-RC1-bin-SNAPSHOT].transitiveIvyDeps 
[1A[2K[9999D[23/58] utest.jvm[3.3.1-RC1-bin-SNAPSHOT].resolvedIvyDeps 
[1A[2K[9999D[24/58] utest.jvm[3.3.1-RC1-bin-SNAPSHOT].compileClasspath 
[1A[2K[9999D[25/58] utest.jvm[3.3.1-RC1-bin-SNAPSHOT].javacOptions 
[1A[2K[9999D[26/58] utest.jvm[3.3.1-RC1-bin-SNAPSHOT].mandatoryScalacOptions 
[1A[2K[9999D[27/58] utest.jvm[3.3.1-RC1-bin-SNAPSHOT].scalacPluginIvyDeps 
[1A[2K[9999D[28/58] utest.jvm[3.3.1-RC1-bin-SNAPSHOT].enablePluginScalacOptions 
[1A[2K[9999D[29/58] utest.jvm[3.3.1-RC1-bin-SNAPSHOT].scalacOptions 
[1A[2K[9999D[30/58] utest.jvm[3.3.1-RC1-bin-SNAPSHOT].allScalacOptions 
[1A[2K[9999D[31/58] utest.jvm[3.3.1-RC1-bin-SNAPSHOT].scalaCompilerClasspath 
[1A[2K[9999D[32/58] utest.jvm[3.3.1-RC1-bin-SNAPSHOT].scalacPluginClasspath 
[1A[2K[9999D[33/58] utest.jvm[3.3.1-RC1-bin-SNAPSHOT].compile 
[info] compiling 34 Scala sources and 1 Java source to /Users/y3536zha/Desktop/scala_no_change/dotty/community-build/community-projects/utest/out/utest/jvm/3.3.1-RC1-bin-SNAPSHOT/compile.dest/classes ...
[warn] -- Warning: /Users/y3536zha/Desktop/scala_no_change/dotty/community-build/community-projects/utest/utest/src/utest/framework/Model.scala:32:53 
[warn] 32 |        val Right(children) = StackMarker.dropOutside(inner)
[warn]    |                              ^^^^^^^^^^^^^^^^^^^^^^^^^^^^^^
[warn]    |pattern's type Right[Any, IndexedSeq[utest.framework.TestCallTree]] is more specialized than the right hand side expression's type Either[Any, IndexedSeq[utest.framework.TestCallTree]]
[warn]    |
[warn]    |If the narrowing is intentional, this can be communicated by adding `: @unchecked` after the expression,
[warn]    |which may result in a MatchError at runtime.
[warn]    |This patch can be rewritten automatically under -rewrite -source 3.2-migration.
[warn] -- Warning: /Users/y3536zha/Desktop/scala_no_change/dotty/community-build/community-projects/utest/utest/src/utest/framework/Model.scala:35:47 
[warn] 35 |        val Left(res) = StackMarker.dropOutside(inner)
[warn]    |                        ^^^^^^^^^^^^^^^^^^^^^^^^^^^^^^
[warn]    |pattern's type Left[Any, IndexedSeq[utest.framework.TestCallTree]] is more specialized than the right hand side expression's type Either[Any, IndexedSeq[utest.framework.TestCallTree]]
[warn]    |
[warn]    |If the narrowing is intentional, this can be communicated by adding `: @unchecked` after the expression,
[warn]    |which may result in a MatchError at runtime.
[warn]    |This patch can be rewritten automatically under -rewrite -source 3.2-migration.
[warn] there were 13 deprecation warnings; re-run with -deprecation for details
[warn] three warnings found
[info] done compiling
[34/58] utest.jvm[3.3.1-RC1-bin-SNAPSHOT].localClasspath 
[1A[2K[9999D[35/58] utest.jvm[3.3.1-RC1-bin-SNAPSHOT].artifactName 
[1A[2K[9999D[36/58] utest.jvm[3.3.1-RC1-bin-SNAPSHOT].pomSettings 
[1A[2K[9999D[37/58] utest.jvm[3.3.1-RC1-bin-SNAPSHOT].mainClass 
[1A[2K[9999D[38/58] utest.jvm[3.3.1-RC1-bin-SNAPSHOT].finalMainClassOpt 
[1A[2K[9999D[39/58] utest.jvm[3.3.1-RC1-bin-SNAPSHOT].manifest.overridden.mill.scalalib.JavaModule.manifest 
[1A[2K[9999D[40/58] utest.jvm[3.3.1-RC1-bin-SNAPSHOT].manifest.overridden.mill.scalalib.ScalaModule.manifest 
[1A[2K[9999D[41/58] de.tobiasroeser.mill.vcs.version.VcsVersion.vcsState.overridden.de.tobiasroeser.mill.vcs.version.VcsVersion.vcsState 
fatal: no tag exactly matches 'eae17c7a4d0d63bab1406ca75791d3cb6394233d'
[1A[2K[9999D[42/58] de.tobiasroeser.mill.vcs.version.VcsVersion.vcsState 
[1A[2K[9999D[43/58] utest.jvm[3.3.1-RC1-bin-SNAPSHOT].publishVersion 
[1A[2K[9999D[44/58] utest.jvm[3.3.1-RC1-bin-SNAPSHOT].manifest 
[1A[2K[9999D[45/58] utest.jvm[3.3.1-RC1-bin-SNAPSHOT].jar 
[1A[2K[9999D[46/58] utest.jvm[3.3.1-RC1-bin-SNAPSHOT].sourceJar 
[1A[2K[9999D[47/58] utest.jvm[3.3.1-RC1-bin-SNAPSHOT].docJar 
[1A[2K[9999D[48/58] utest.jvm[3.3.1-RC1-bin-SNAPSHOT].crossFullScalaVersion 
[1A[2K[9999D[49/58] utest.jvm[3.3.1-RC1-bin-SNAPSHOT].artifactScalaVersion 
[1A[2K[9999D[50/58] utest.jvm[3.3.1-RC1-bin-SNAPSHOT].artifactSuffix 
[1A[2K[9999D[51/58] utest.jvm[3.3.1-RC1-bin-SNAPSHOT].artifactId 
[1A[2K[9999D[52/58] utest.jvm[3.3.1-RC1-bin-SNAPSHOT].artifactMetadata 
[1A[2K[9999D[53/58] utest.jvm[3.3.1-RC1-bin-SNAPSHOT].versionScheme 
[1A[2K[9999D[54/58] utest.jvm[3.3.1-RC1-bin-SNAPSHOT].publishProperties 
[1A[2K[9999D[55/58] utest.jvm[3.3.1-RC1-bin-SNAPSHOT].pom 
[1A[2K[9999D[56/58] utest.jvm[3.3.1-RC1-bin-SNAPSHOT].extraPublish 
[1A[2K[9999D[57/58] utest.jvm[3.3.1-RC1-bin-SNAPSHOT].ivy 
[1A[2K[9999D[58/58] utest.jvm[3.3.1-RC1-bin-SNAPSHOT].publishLocal 
Publishing Artifact(com.lihaoyi,utest_3,v0.6.8-204-eae17c) to ivy repo /Users/y3536zha/.ivy2/local
[32mPublishing geny[0m
[32m./mill -i -D dottyVersion=3.3.1-RC1-bin-SNAPSHOT geny.jvm[3.3.1-RC1-bin-SNAPSHOT].publishLocal[0m
Compiling /Users/y3536zha/Desktop/scala_no_change/dotty/community-build/community-projects/geny/build.sc
[1/62] geny.jvm[3.3.1-RC1-bin-SNAPSHOT].resources 
[1A[2K[9999D[2/62] geny.jvm[3.3.1-RC1-bin-SNAPSHOT].scalaVersion 
[1A[2K[9999D[3/62] mill.scalalib.ZincWorkerModule.classpath 
[1A[2K[9999D[4/62] mill.scalalib.ZincWorkerModule.worker 
[1A[2K[9999D[5/62] geny.jvm[3.3.1-RC1-bin-SNAPSHOT].upstreamCompileOutput 
[1A[2K[9999D[6/62] geny.jvm[3.3.1-RC1-bin-SNAPSHOT].sources 
[1A[2K[9999D[7/62] geny.jvm[3.3.1-RC1-bin-SNAPSHOT].generatedSources 
[1A[2K[9999D[8/62] geny.jvm[3.3.1-RC1-bin-SNAPSHOT].allSources 
[1A[2K[9999D[9/62] geny.jvm[3.3.1-RC1-bin-SNAPSHOT].allSourceFiles 
[1A[2K[9999D[10/62] geny.jvm[3.3.1-RC1-bin-SNAPSHOT].transitiveLocalClasspath 
[1A[2K[9999D[11/62] geny.jvm[3.3.1-RC1-bin-SNAPSHOT].unmanagedClasspath 
[1A[2K[9999D[12/62] geny.jvm[3.3.1-RC1-bin-SNAPSHOT].platformSuffix 
[1A[2K[9999D[13/62] geny.jvm[3.3.1-RC1-bin-SNAPSHOT].compileIvyDeps 
[1A[2K[9999D[14/62] geny.jvm[3.3.1-RC1-bin-SNAPSHOT].transitiveCompileIvyDeps 
[1A[2K[9999D[15/62] geny.jvm[3.3.1-RC1-bin-SNAPSHOT].ivyDeps 
[1A[2K[9999D[16/62] geny.jvm[3.3.1-RC1-bin-SNAPSHOT].mandatoryIvyDeps.overridden.mill.scalalib.JavaModule.mandatoryIvyDeps 
[1A[2K[9999D[17/62] geny.jvm[3.3.1-RC1-bin-SNAPSHOT].scalaOrganization 
[1A[2K[9999D[18/62] geny.jvm[3.3.1-RC1-bin-SNAPSHOT].scalaLibraryIvyDeps 
[1A[2K[9999D[19/62] geny.jvm[3.3.1-RC1-bin-SNAPSHOT].mandatoryIvyDeps 
[1A[2K[9999D[20/62] geny.jvm[3.3.1-RC1-bin-SNAPSHOT].transitiveIvyDeps 
[1A[2K[9999D[21/62] geny.jvm[3.3.1-RC1-bin-SNAPSHOT].resolvedIvyDeps 
[1A[2K[9999D[22/62] geny.jvm[3.3.1-RC1-bin-SNAPSHOT].compileClasspath 
[1A[2K[9999D[23/62] geny.jvm[3.3.1-RC1-bin-SNAPSHOT].javacOptions 
[1A[2K[9999D[24/62] geny.jvm[3.3.1-RC1-bin-SNAPSHOT].mandatoryScalacOptions 
[1A[2K[9999D[25/62] geny.jvm[3.3.1-RC1-bin-SNAPSHOT].scalacPluginIvyDeps 
[1A[2K[9999D[26/62] geny.jvm[3.3.1-RC1-bin-SNAPSHOT].enablePluginScalacOptions 
[1A[2K[9999D[27/62] geny.jvm[3.3.1-RC1-bin-SNAPSHOT].scalacOptions 
[1A[2K[9999D[28/62] geny.jvm[3.3.1-RC1-bin-SNAPSHOT].allScalacOptions 
[1A[2K[9999D[29/62] geny.jvm[3.3.1-RC1-bin-SNAPSHOT].scalaCompilerClasspath 
[1A[2K[9999D[30/62] geny.jvm[3.3.1-RC1-bin-SNAPSHOT].scalacPluginClasspath 
[1A[2K[9999D[31/62] geny.jvm[3.3.1-RC1-bin-SNAPSHOT].compile 
[info] compiling 5 Scala sources to /Users/y3536zha/Desktop/scala_no_change/dotty/community-build/community-projects/geny/out/geny/jvm/3.3.1-RC1-bin-SNAPSHOT/compile.dest/classes ...
[warn] there were 2 feature warnings; re-run with -feature for details
[warn] there were 3 deprecation warnings; re-run with -deprecation for details
[warn] two warnings found
[info] done compiling
[32/62] geny.jvm[3.3.1-RC1-bin-SNAPSHOT].localClasspath 
[1A[2K[9999D[33/62] geny.jvm[3.3.1-RC1-bin-SNAPSHOT].artifactName 
[1A[2K[9999D[34/62] geny.jvm[3.3.1-RC1-bin-SNAPSHOT].pomSettings 
[1A[2K[9999D[35/62] geny.jvm[3.3.1-RC1-bin-SNAPSHOT].mainClass 
[1A[2K[9999D[36/62] geny.jvm[3.3.1-RC1-bin-SNAPSHOT].finalMainClassOpt 
[1A[2K[9999D[37/62] geny.jvm[3.3.1-RC1-bin-SNAPSHOT].manifest.overridden.mill.scalalib.JavaModule.manifest 
[1A[2K[9999D[38/62] geny.jvm[3.3.1-RC1-bin-SNAPSHOT].manifest.overridden.mill.scalalib.ScalaModule.manifest 
[1A[2K[9999D[39/62] de.tobiasroeser.mill.vcs.version.VcsVersion.vcsState.overridden.de.tobiasroeser.mill.vcs.version.VcsVersion.vcsState 
fatal: no tag exactly matches 'd981da16a05ff4978857e7aa88489c873b8d8922'
[1A[2K[9999D[40/62] de.tobiasroeser.mill.vcs.version.VcsVersion.vcsState 
[1A[2K[9999D[41/62] geny.jvm[3.3.1-RC1-bin-SNAPSHOT].publishVersion 
[1A[2K[9999D[42/62] geny.jvm[3.3.1-RC1-bin-SNAPSHOT].manifest 
[1A[2K[9999D[43/62] geny.jvm[3.3.1-RC1-bin-SNAPSHOT].jar 
[1A[2K[9999D[44/62] geny.jvm[3.3.1-RC1-bin-SNAPSHOT].sourceJar 
[1A[2K[9999D[45/62] geny.jvm[3.3.1-RC1-bin-SNAPSHOT].scalaDocClasspath 
[1A[2K[9999D[46/62] geny.jvm[3.3.1-RC1-bin-SNAPSHOT].scalaDocPluginIvyDeps 
[1A[2K[9999D[47/62] geny.jvm[3.3.1-RC1-bin-SNAPSHOT].enableScalaDocPluginScalacOptions 
[1A[2K[9999D[48/62] geny.jvm[3.3.1-RC1-bin-SNAPSHOT].scalaDocOptions 
[1A[2K[9999D[49/62] geny.jvm[3.3.1-RC1-bin-SNAPSHOT].docResources 
[1A[2K[9999D[50/62] geny.jvm[3.3.1-RC1-bin-SNAPSHOT].docSources 
[1A[2K[9999D[51/62] geny.jvm[3.3.1-RC1-bin-SNAPSHOT].docJar 
[33m[33m-- Warning: geny/src/geny/Internal.scala:25:6 ----------------------------------[0m[0m
[33m25 |[0m  [33mdef[0m [36mtransfer0[0m([36msrc[0m: [35mInputStream[0m,
[33m[33m   |[0m      ^[0m
[33m   |[0m      No DRI found for query: sink
1 warning found
[52/62] geny.jvm[3.3.1-RC1-bin-SNAPSHOT].crossFullScalaVersion 
[1A[2K[9999D[53/62] geny.jvm[3.3.1-RC1-bin-SNAPSHOT].artifactScalaVersion 
[1A[2K[9999D[54/62] geny.jvm[3.3.1-RC1-bin-SNAPSHOT].artifactSuffix 
[1A[2K[9999D[55/62] geny.jvm[3.3.1-RC1-bin-SNAPSHOT].artifactId 
[1A[2K[9999D[56/62] geny.jvm[3.3.1-RC1-bin-SNAPSHOT].artifactMetadata 
[1A[2K[9999D[57/62] geny.jvm[3.3.1-RC1-bin-SNAPSHOT].versionScheme 
[1A[2K[9999D[58/62] geny.jvm[3.3.1-RC1-bin-SNAPSHOT].publishProperties 
[1A[2K[9999D[59/62] geny.jvm[3.3.1-RC1-bin-SNAPSHOT].pom 
[1A[2K[9999D[60/62] geny.jvm[3.3.1-RC1-bin-SNAPSHOT].extraPublish 
[1A[2K[9999D[61/62] geny.jvm[3.3.1-RC1-bin-SNAPSHOT].ivy 
[1A[2K[9999D[62/62] geny.jvm[3.3.1-RC1-bin-SNAPSHOT].publishLocal 
Publishing Artifact(com.lihaoyi,geny_3,0.5.1-60-d981da) to ivy repo /Users/y3536zha/.ivy2/local
[32mPublishing sourcecode[0m
[32m./mill -i -D dottyVersion=3.3.1-RC1-bin-SNAPSHOT sourcecode.jvm[3.3.1-RC1-bin-SNAPSHOT].publishLocal[0m
Compiling /Users/y3536zha/Desktop/scala_no_change/dotty/community-build/community-projects/sourcecode/build.sc
[1/64] sourcecode.jvm[3.3.1-RC1-bin-SNAPSHOT].resources 
[1A[2K[9999D[2/64] sourcecode.jvm[3.3.1-RC1-bin-SNAPSHOT].scalaVersion 
[1A[2K[9999D[3/64] mill.scalalib.ZincWorkerModule.classpath 
[1A[2K[9999D[4/64] mill.scalalib.ZincWorkerModule.worker 
[1A[2K[9999D[5/64] sourcecode.jvm[3.3.1-RC1-bin-SNAPSHOT].upstreamCompileOutput 
[1A[2K[9999D[6/64] sourcecode.jvm[3.3.1-RC1-bin-SNAPSHOT].sources.overridden.mill.scalalib.JavaModule.sources 
[1A[2K[9999D[7/64] sourcecode.jvm[3.3.1-RC1-bin-SNAPSHOT].sources.overridden.mill.scalalib.CrossScalaModule.sources 
[1A[2K[9999D[8/64] sourcecode.jvm[3.3.1-RC1-bin-SNAPSHOT].sources 
[1A[2K[9999D[9/64] sourcecode.jvm[3.3.1-RC1-bin-SNAPSHOT].generatedSources 
[1A[2K[9999D[10/64] sourcecode.jvm[3.3.1-RC1-bin-SNAPSHOT].allSources 
[1A[2K[9999D[11/64] sourcecode.jvm[3.3.1-RC1-bin-SNAPSHOT].allSourceFiles 
[1A[2K[9999D[12/64] sourcecode.jvm[3.3.1-RC1-bin-SNAPSHOT].transitiveLocalClasspath 
[1A[2K[9999D[13/64] sourcecode.jvm[3.3.1-RC1-bin-SNAPSHOT].unmanagedClasspath 
[1A[2K[9999D[14/64] sourcecode.jvm[3.3.1-RC1-bin-SNAPSHOT].platformSuffix 
[1A[2K[9999D[15/64] sourcecode.jvm[3.3.1-RC1-bin-SNAPSHOT].compileIvyDeps 
[1A[2K[9999D[16/64] sourcecode.jvm[3.3.1-RC1-bin-SNAPSHOT].transitiveCompileIvyDeps 
[1A[2K[9999D[17/64] sourcecode.jvm[3.3.1-RC1-bin-SNAPSHOT].ivyDeps 
[1A[2K[9999D[18/64] sourcecode.jvm[3.3.1-RC1-bin-SNAPSHOT].mandatoryIvyDeps.overridden.mill.scalalib.JavaModule.mandatoryIvyDeps 
[1A[2K[9999D[19/64] sourcecode.jvm[3.3.1-RC1-bin-SNAPSHOT].scalaOrganization 
[1A[2K[9999D[20/64] sourcecode.jvm[3.3.1-RC1-bin-SNAPSHOT].scalaLibraryIvyDeps 
[1A[2K[9999D[21/64] sourcecode.jvm[3.3.1-RC1-bin-SNAPSHOT].mandatoryIvyDeps 
[1A[2K[9999D[22/64] sourcecode.jvm[3.3.1-RC1-bin-SNAPSHOT].transitiveIvyDeps 
[1A[2K[9999D[23/64] sourcecode.jvm[3.3.1-RC1-bin-SNAPSHOT].resolvedIvyDeps 
[1A[2K[9999D[24/64] sourcecode.jvm[3.3.1-RC1-bin-SNAPSHOT].compileClasspath 
[1A[2K[9999D[25/64] sourcecode.jvm[3.3.1-RC1-bin-SNAPSHOT].javacOptions 
[1A[2K[9999D[26/64] sourcecode.jvm[3.3.1-RC1-bin-SNAPSHOT].mandatoryScalacOptions 
[1A[2K[9999D[27/64] sourcecode.jvm[3.3.1-RC1-bin-SNAPSHOT].scalacPluginIvyDeps 
[1A[2K[9999D[28/64] sourcecode.jvm[3.3.1-RC1-bin-SNAPSHOT].enablePluginScalacOptions 
[1A[2K[9999D[29/64] sourcecode.jvm[3.3.1-RC1-bin-SNAPSHOT].scalacOptions 
[1A[2K[9999D[30/64] sourcecode.jvm[3.3.1-RC1-bin-SNAPSHOT].allScalacOptions 
[1A[2K[9999D[31/64] sourcecode.jvm[3.3.1-RC1-bin-SNAPSHOT].scalaCompilerClasspath 
[1A[2K[9999D[32/64] sourcecode.jvm[3.3.1-RC1-bin-SNAPSHOT].scalacPluginClasspath 
[1A[2K[9999D[33/64] sourcecode.jvm[3.3.1-RC1-bin-SNAPSHOT].compile 
[info] compiling 2 Scala sources to /Users/y3536zha/Desktop/scala_no_change/dotty/community-build/community-projects/sourcecode/out/sourcecode/jvm/3.3.1-RC1-bin-SNAPSHOT/compile.dest/classes ...
[warn] there was 1 feature warning; re-run with -feature for details
[warn] there were 2 deprecation warnings; re-run with -deprecation for details
[warn] two warnings found
[info] done compiling
[34/64] sourcecode.jvm[3.3.1-RC1-bin-SNAPSHOT].localClasspath 
[1A[2K[9999D[35/64] sourcecode.jvm[3.3.1-RC1-bin-SNAPSHOT].artifactName 
[1A[2K[9999D[36/64] sourcecode.jvm[3.3.1-RC1-bin-SNAPSHOT].pomSettings 
[1A[2K[9999D[37/64] sourcecode.jvm[3.3.1-RC1-bin-SNAPSHOT].mainClass 
[1A[2K[9999D[38/64] sourcecode.jvm[3.3.1-RC1-bin-SNAPSHOT].finalMainClassOpt 
[1A[2K[9999D[39/64] sourcecode.jvm[3.3.1-RC1-bin-SNAPSHOT].manifest.overridden.mill.scalalib.JavaModule.manifest 
[1A[2K[9999D[40/64] sourcecode.jvm[3.3.1-RC1-bin-SNAPSHOT].manifest.overridden.mill.scalalib.ScalaModule.manifest 
[1A[2K[9999D[41/64] de.tobiasroeser.mill.vcs.version.VcsVersion.vcsState.overridden.de.tobiasroeser.mill.vcs.version.VcsVersion.vcsState 
fatal: no tag exactly matches '28b4f6c21fddeb33d694dc210f51b0535a2ada68'
[1A[2K[9999D[42/64] de.tobiasroeser.mill.vcs.version.VcsVersion.vcsState 
[1A[2K[9999D[43/64] sourcecode.jvm[3.3.1-RC1-bin-SNAPSHOT].publishVersion 
[1A[2K[9999D[44/64] sourcecode.jvm[3.3.1-RC1-bin-SNAPSHOT].manifest 
[1A[2K[9999D[45/64] sourcecode.jvm[3.3.1-RC1-bin-SNAPSHOT].jar 
[1A[2K[9999D[46/64] sourcecode.jvm[3.3.1-RC1-bin-SNAPSHOT].sourceJar 
[1A[2K[9999D[47/64] sourcecode.jvm[3.3.1-RC1-bin-SNAPSHOT].scalaDocClasspath 
[1A[2K[9999D[48/64] sourcecode.jvm[3.3.1-RC1-bin-SNAPSHOT].scalaDocPluginIvyDeps 
[1A[2K[9999D[49/64] sourcecode.jvm[3.3.1-RC1-bin-SNAPSHOT].enableScalaDocPluginScalacOptions 
[1A[2K[9999D[50/64] sourcecode.jvm[3.3.1-RC1-bin-SNAPSHOT].scalaDocOptions 
[1A[2K[9999D[51/64] sourcecode.jvm[3.3.1-RC1-bin-SNAPSHOT].docResources 
[1A[2K[9999D[52/64] sourcecode.jvm[3.3.1-RC1-bin-SNAPSHOT].docSources 
[1A[2K[9999D[53/64] sourcecode.jvm[3.3.1-RC1-bin-SNAPSHOT].docJar 
[1A[2K[9999D[54/64] sourcecode.jvm[3.3.1-RC1-bin-SNAPSHOT].crossFullScalaVersion 
[1A[2K[9999D[55/64] sourcecode.jvm[3.3.1-RC1-bin-SNAPSHOT].artifactScalaVersion 
[1A[2K[9999D[56/64] sourcecode.jvm[3.3.1-RC1-bin-SNAPSHOT].artifactSuffix 
[1A[2K[9999D[57/64] sourcecode.jvm[3.3.1-RC1-bin-SNAPSHOT].artifactId 
[1A[2K[9999D[58/64] sourcecode.jvm[3.3.1-RC1-bin-SNAPSHOT].artifactMetadata 
[1A[2K[9999D[59/64] sourcecode.jvm[3.3.1-RC1-bin-SNAPSHOT].versionScheme 
[1A[2K[9999D[60/64] sourcecode.jvm[3.3.1-RC1-bin-SNAPSHOT].publishProperties 
[1A[2K[9999D[61/64] sourcecode.jvm[3.3.1-RC1-bin-SNAPSHOT].pom 
[1A[2K[9999D[62/64] sourcecode.jvm[3.3.1-RC1-bin-SNAPSHOT].extraPublish 
[1A[2K[9999D[63/64] sourcecode.jvm[3.3.1-RC1-bin-SNAPSHOT].ivy 
[1A[2K[9999D[64/64] sourcecode.jvm[3.3.1-RC1-bin-SNAPSHOT].publishLocal 
Publishing Artifact(com.lihaoyi,sourcecode_3,v0.1.5-141-28b4f6) to ivy repo /Users/y3536zha/.ivy2/local
[32mPublishing fansi[0m
[32m./mill -i -D dottyVersion=3.3.1-RC1-bin-SNAPSHOT fansi.jvm[3.3.1-RC1-bin-SNAPSHOT].publishLocal[0m
Compiling /Users/y3536zha/Desktop/scala_no_change/dotty/community-build/community-projects/fansi/build.sc
[1/64] fansi.jvm[3.3.1-RC1-bin-SNAPSHOT].resources 
[1A[2K[9999D[2/64] fansi.jvm[3.3.1-RC1-bin-SNAPSHOT].scalaVersion 
[1A[2K[9999D[3/64] mill.scalalib.ZincWorkerModule.classpath 
[1A[2K[9999D[4/64] mill.scalalib.ZincWorkerModule.worker 
[1A[2K[9999D[5/64] fansi.jvm[3.3.1-RC1-bin-SNAPSHOT].upstreamCompileOutput 
[1A[2K[9999D[6/64] fansi.jvm[3.3.1-RC1-bin-SNAPSHOT].sources.overridden.mill.scalalib.JavaModule.sources 
[1A[2K[9999D[7/64] fansi.jvm[3.3.1-RC1-bin-SNAPSHOT].sources.overridden.mill.scalalib.CrossScalaModule.sources 
[1A[2K[9999D[8/64] fansi.jvm[3.3.1-RC1-bin-SNAPSHOT].sources 
[1A[2K[9999D[9/64] fansi.jvm[3.3.1-RC1-bin-SNAPSHOT].generatedSources 
[1A[2K[9999D[10/64] fansi.jvm[3.3.1-RC1-bin-SNAPSHOT].allSources 
[1A[2K[9999D[11/64] fansi.jvm[3.3.1-RC1-bin-SNAPSHOT].allSourceFiles 
[1A[2K[9999D[12/64] fansi.jvm[3.3.1-RC1-bin-SNAPSHOT].transitiveLocalClasspath 
[1A[2K[9999D[13/64] fansi.jvm[3.3.1-RC1-bin-SNAPSHOT].unmanagedClasspath 
[1A[2K[9999D[14/64] fansi.jvm[3.3.1-RC1-bin-SNAPSHOT].platformSuffix 
[1A[2K[9999D[15/64] fansi.jvm[3.3.1-RC1-bin-SNAPSHOT].compileIvyDeps 
[1A[2K[9999D[16/64] fansi.jvm[3.3.1-RC1-bin-SNAPSHOT].transitiveCompileIvyDeps 
[1A[2K[9999D[17/64] fansi.jvm[3.3.1-RC1-bin-SNAPSHOT].ivyDeps 
[1A[2K[9999D[18/64] fansi.jvm[3.3.1-RC1-bin-SNAPSHOT].mandatoryIvyDeps.overridden.mill.scalalib.JavaModule.mandatoryIvyDeps 
[1A[2K[9999D[19/64] fansi.jvm[3.3.1-RC1-bin-SNAPSHOT].scalaOrganization 
[1A[2K[9999D[20/64] fansi.jvm[3.3.1-RC1-bin-SNAPSHOT].scalaLibraryIvyDeps 
[1A[2K[9999D[21/64] fansi.jvm[3.3.1-RC1-bin-SNAPSHOT].mandatoryIvyDeps 
[1A[2K[9999D[22/64] fansi.jvm[3.3.1-RC1-bin-SNAPSHOT].transitiveIvyDeps 
[1A[2K[9999D[23/64] fansi.jvm[3.3.1-RC1-bin-SNAPSHOT].resolvedIvyDeps 
[1A[2K[9999D[23/64] fansi.jvm[3.3.1-RC1-bin-SNAPSHOT].resolvedIvyDeps | Downloading [1/1] artifacts (~0/0 bytes)
[1A[2K[9999D[23/64] fansi.jvm[3.3.1-RC1-bin-SNAPSHOT].resolvedIvyDeps | Downloading [1/1] artifacts (~0/1475 bytes)
[1A[2K[9999D[23/64] fansi.jvm[3.3.1-RC1-bin-SNAPSHOT].resolvedIvyDeps | Downloading [1/1] artifacts (~1371/1475 bytes)
[1A[2K[9999D[23/64] fansi.jvm[3.3.1-RC1-bin-SNAPSHOT].resolvedIvyDeps | Downloading [1/1] artifacts (~1475/1475 bytes)
[1A[2K[9999D[23/64] fansi.jvm[3.3.1-RC1-bin-SNAPSHOT].resolvedIvyDeps | Downloading [1/1] artifacts (~1475/1475 bytes)
[1A[2K[9999D[24/64] fansi.jvm[3.3.1-RC1-bin-SNAPSHOT].compileClasspath 
[1A[2K[9999D[25/64] fansi.jvm[3.3.1-RC1-bin-SNAPSHOT].javacOptions 
[1A[2K[9999D[26/64] fansi.jvm[3.3.1-RC1-bin-SNAPSHOT].mandatoryScalacOptions 
[1A[2K[9999D[27/64] fansi.jvm[3.3.1-RC1-bin-SNAPSHOT].scalacPluginIvyDeps 
[1A[2K[9999D[28/64] fansi.jvm[3.3.1-RC1-bin-SNAPSHOT].enablePluginScalacOptions 
[1A[2K[9999D[29/64] fansi.jvm[3.3.1-RC1-bin-SNAPSHOT].scalacOptions 
[1A[2K[9999D[30/64] fansi.jvm[3.3.1-RC1-bin-SNAPSHOT].allScalacOptions 
[1A[2K[9999D[31/64] fansi.jvm[3.3.1-RC1-bin-SNAPSHOT].scalaCompilerClasspath 
[1A[2K[9999D[32/64] fansi.jvm[3.3.1-RC1-bin-SNAPSHOT].scalacPluginClasspath 
[1A[2K[9999D[33/64] fansi.jvm[3.3.1-RC1-bin-SNAPSHOT].compile 
[info] compiling 1 Scala source to /Users/y3536zha/Desktop/scala_no_change/dotty/community-build/community-projects/fansi/out/fansi/jvm/3.3.1-RC1-bin-SNAPSHOT/compile.dest/classes ...
[info] done compiling
[34/64] fansi.jvm[3.3.1-RC1-bin-SNAPSHOT].localClasspath 
[1A[2K[9999D[35/64] fansi.jvm[3.3.1-RC1-bin-SNAPSHOT].artifactName 
[1A[2K[9999D[36/64] fansi.jvm[3.3.1-RC1-bin-SNAPSHOT].pomSettings 
[1A[2K[9999D[37/64] fansi.jvm[3.3.1-RC1-bin-SNAPSHOT].mainClass 
[1A[2K[9999D[38/64] fansi.jvm[3.3.1-RC1-bin-SNAPSHOT].finalMainClassOpt 
[1A[2K[9999D[39/64] fansi.jvm[3.3.1-RC1-bin-SNAPSHOT].manifest.overridden.mill.scalalib.JavaModule.manifest 
[1A[2K[9999D[40/64] fansi.jvm[3.3.1-RC1-bin-SNAPSHOT].manifest.overridden.mill.scalalib.ScalaModule.manifest 
[1A[2K[9999D[41/64] de.tobiasroeser.mill.vcs.version.VcsVersion.vcsState.overridden.de.tobiasroeser.mill.vcs.version.VcsVersion.vcsState 
fatal: no tag exactly matches '953306f8139f6eaabf9f4ae7707906f9d2ba236a'
[1A[2K[9999D[42/64] de.tobiasroeser.mill.vcs.version.VcsVersion.vcsState 
[1A[2K[9999D[43/64] fansi.jvm[3.3.1-RC1-bin-SNAPSHOT].publishVersion 
[1A[2K[9999D[44/64] fansi.jvm[3.3.1-RC1-bin-SNAPSHOT].manifest 
[1A[2K[9999D[45/64] fansi.jvm[3.3.1-RC1-bin-SNAPSHOT].jar 
[1A[2K[9999D[46/64] fansi.jvm[3.3.1-RC1-bin-SNAPSHOT].sourceJar 
[1A[2K[9999D[47/64] fansi.jvm[3.3.1-RC1-bin-SNAPSHOT].scalaDocClasspath 
[1A[2K[9999D[48/64] fansi.jvm[3.3.1-RC1-bin-SNAPSHOT].scalaDocPluginIvyDeps 
[1A[2K[9999D[49/64] fansi.jvm[3.3.1-RC1-bin-SNAPSHOT].enableScalaDocPluginScalacOptions 
[1A[2K[9999D[50/64] fansi.jvm[3.3.1-RC1-bin-SNAPSHOT].scalaDocOptions 
[1A[2K[9999D[51/64] fansi.jvm[3.3.1-RC1-bin-SNAPSHOT].docResources 
[1A[2K[9999D[52/64] fansi.jvm[3.3.1-RC1-bin-SNAPSHOT].docSources 
[1A[2K[9999D[53/64] fansi.jvm[3.3.1-RC1-bin-SNAPSHOT].docJar 
[1A[2K[9999D[54/64] fansi.jvm[3.3.1-RC1-bin-SNAPSHOT].crossFullScalaVersion 
[1A[2K[9999D[55/64] fansi.jvm[3.3.1-RC1-bin-SNAPSHOT].artifactScalaVersion 
[1A[2K[9999D[56/64] fansi.jvm[3.3.1-RC1-bin-SNAPSHOT].artifactSuffix 
[1A[2K[9999D[57/64] fansi.jvm[3.3.1-RC1-bin-SNAPSHOT].artifactId 
[1A[2K[9999D[58/64] fansi.jvm[3.3.1-RC1-bin-SNAPSHOT].artifactMetadata 
[1A[2K[9999D[59/64] fansi.jvm[3.3.1-RC1-bin-SNAPSHOT].versionScheme 
[1A[2K[9999D[60/64] fansi.jvm[3.3.1-RC1-bin-SNAPSHOT].publishProperties 
[1A[2K[9999D[61/64] fansi.jvm[3.3.1-RC1-bin-SNAPSHOT].pom 
[1A[2K[9999D[62/64] fansi.jvm[3.3.1-RC1-bin-SNAPSHOT].extraPublish 
[1A[2K[9999D[63/64] fansi.jvm[3.3.1-RC1-bin-SNAPSHOT].ivy 
[1A[2K[9999D[64/64] fansi.jvm[3.3.1-RC1-bin-SNAPSHOT].publishLocal 
Publishing Artifact(com.lihaoyi,fansi_3,0.2.8-48-953306) to ivy repo /Users/y3536zha/.ivy2/local
[32mPublishing PPrint[0m
[32m./mill -i -D dottyVersion=3.3.1-RC1-bin-SNAPSHOT pprint.jvm[3.3.1-RC1-bin-SNAPSHOT].publishLocal[0m
Downloading https://repo1.maven.org/maven2/com/github/lolgab/mill-mima_mill0.10_2.13/0.0.11/mill-mima_mill0.10_2.13-0.0.11.pom
Downloaded https://repo1.maven.org/maven2/com/github/lolgab/mill-mima_mill0.10_2.13/0.0.11/mill-mima_mill0.10_2.13-0.0.11.pom
Downloading https://repo1.maven.org/maven2/com/github/lolgab/mill-mima-worker-api_2.13/0.0.11/mill-mima-worker-api_2.13-0.0.11.pom
Downloaded https://repo1.maven.org/maven2/com/github/lolgab/mill-mima-worker-api_2.13/0.0.11/mill-mima-worker-api_2.13-0.0.11.pom
Downloading https://repo1.maven.org/maven2/com/github/lolgab/mill-mima_mill0.10_2.13/0.0.11/mill-mima_mill0.10_2.13-0.0.11-sources.jar
Downloading https://repo1.maven.org/maven2/com/github/lolgab/mill-mima_mill0.10_2.13/0.0.11/mill-mima_mill0.10_2.13-0.0.11.jar
Downloading https://repo1.maven.org/maven2/com/github/lolgab/mill-mima-worker-api_2.13/0.0.11/mill-mima-worker-api_2.13-0.0.11.jar
Downloading https://repo1.maven.org/maven2/com/github/lolgab/mill-mima-worker-api_2.13/0.0.11/mill-mima-worker-api_2.13-0.0.11-sources.jar
Downloaded https://repo1.maven.org/maven2/com/github/lolgab/mill-mima_mill0.10_2.13/0.0.11/mill-mima_mill0.10_2.13-0.0.11.jar
Downloaded https://repo1.maven.org/maven2/com/github/lolgab/mill-mima_mill0.10_2.13/0.0.11/mill-mima_mill0.10_2.13-0.0.11-sources.jar
Downloaded https://repo1.maven.org/maven2/com/github/lolgab/mill-mima-worker-api_2.13/0.0.11/mill-mima-worker-api_2.13-0.0.11.jar
Downloaded https://repo1.maven.org/maven2/com/github/lolgab/mill-mima-worker-api_2.13/0.0.11/mill-mima-worker-api_2.13-0.0.11-sources.jar
Compiling /Users/y3536zha/Desktop/scala_no_change/dotty/community-build/community-projects/PPrint/build.sc
[1/64] pprint.jvm[3.3.1-RC1-bin-SNAPSHOT].resources 
[1A[2K[9999D[2/64] pprint.jvm[3.3.1-RC1-bin-SNAPSHOT].scalaVersion 
[1A[2K[9999D[3/64] mill.scalalib.ZincWorkerModule.classpath 
[1A[2K[9999D[4/64] mill.scalalib.ZincWorkerModule.worker 
[1A[2K[9999D[5/64] pprint.jvm[3.3.1-RC1-bin-SNAPSHOT].upstreamCompileOutput 
[1A[2K[9999D[6/64] pprint.jvm[3.3.1-RC1-bin-SNAPSHOT].sources.overridden.mill.scalalib.JavaModule.sources 
[1A[2K[9999D[7/64] pprint.jvm[3.3.1-RC1-bin-SNAPSHOT].sources.overridden.mill.scalalib.CrossScalaModule.sources 
[1A[2K[9999D[8/64] pprint.jvm[3.3.1-RC1-bin-SNAPSHOT].sources 
[1A[2K[9999D[9/64] pprint.jvm[3.3.1-RC1-bin-SNAPSHOT].generatedSources 
[1A[2K[9999D[10/64] pprint.jvm[3.3.1-RC1-bin-SNAPSHOT].allSources 
[1A[2K[9999D[11/64] pprint.jvm[3.3.1-RC1-bin-SNAPSHOT].allSourceFiles 
[1A[2K[9999D[12/64] pprint.jvm[3.3.1-RC1-bin-SNAPSHOT].transitiveLocalClasspath 
[1A[2K[9999D[13/64] pprint.jvm[3.3.1-RC1-bin-SNAPSHOT].unmanagedClasspath 
[1A[2K[9999D[14/64] pprint.jvm[3.3.1-RC1-bin-SNAPSHOT].platformSuffix 
[1A[2K[9999D[15/64] pprint.jvm[3.3.1-RC1-bin-SNAPSHOT].compileIvyDeps 
[1A[2K[9999D[16/64] pprint.jvm[3.3.1-RC1-bin-SNAPSHOT].transitiveCompileIvyDeps 
[1A[2K[9999D[17/64] pprint.jvm[3.3.1-RC1-bin-SNAPSHOT].ivyDeps 
[1A[2K[9999D[18/64] pprint.jvm[3.3.1-RC1-bin-SNAPSHOT].mandatoryIvyDeps.overridden.mill.scalalib.JavaModule.mandatoryIvyDeps 
[1A[2K[9999D[19/64] pprint.jvm[3.3.1-RC1-bin-SNAPSHOT].scalaOrganization 
[1A[2K[9999D[20/64] pprint.jvm[3.3.1-RC1-bin-SNAPSHOT].scalaLibraryIvyDeps 
[1A[2K[9999D[21/64] pprint.jvm[3.3.1-RC1-bin-SNAPSHOT].mandatoryIvyDeps 
[1A[2K[9999D[22/64] pprint.jvm[3.3.1-RC1-bin-SNAPSHOT].transitiveIvyDeps 
[1A[2K[9999D[23/64] pprint.jvm[3.3.1-RC1-bin-SNAPSHOT].resolvedIvyDeps 
[1A[2K[9999D[23/64] pprint.jvm[3.3.1-RC1-bin-SNAPSHOT].resolvedIvyDeps | Downloading [1/1] artifacts (~0/0 bytes)
[1A[2K[9999D[23/64] pprint.jvm[3.3.1-RC1-bin-SNAPSHOT].resolvedIvyDeps | Downloading [1/1] artifacts (~0/1613 bytes)
[1A[2K[9999D[23/64] pprint.jvm[3.3.1-RC1-bin-SNAPSHOT].resolvedIvyDeps | Downloading [1/1] artifacts (~1371/1613 bytes)
[1A[2K[9999D[23/64] pprint.jvm[3.3.1-RC1-bin-SNAPSHOT].resolvedIvyDeps | Downloading [1/1] artifacts (~1613/1613 bytes)
[1A[2K[9999D[23/64] pprint.jvm[3.3.1-RC1-bin-SNAPSHOT].resolvedIvyDeps | Downloading [1/1] artifacts (~1613/1613 bytes)
[1A[2K[9999D[24/64] pprint.jvm[3.3.1-RC1-bin-SNAPSHOT].compileClasspath 
[1A[2K[9999D[25/64] pprint.jvm[3.3.1-RC1-bin-SNAPSHOT].javacOptions 
[1A[2K[9999D[26/64] pprint.jvm[3.3.1-RC1-bin-SNAPSHOT].mandatoryScalacOptions 
[1A[2K[9999D[27/64] pprint.jvm[3.3.1-RC1-bin-SNAPSHOT].scalacPluginIvyDeps 
[1A[2K[9999D[28/64] pprint.jvm[3.3.1-RC1-bin-SNAPSHOT].enablePluginScalacOptions 
[1A[2K[9999D[29/64] pprint.jvm[3.3.1-RC1-bin-SNAPSHOT].scalacOptions 
[1A[2K[9999D[30/64] pprint.jvm[3.3.1-RC1-bin-SNAPSHOT].allScalacOptions 
[1A[2K[9999D[31/64] pprint.jvm[3.3.1-RC1-bin-SNAPSHOT].scalaCompilerClasspath 
[1A[2K[9999D[32/64] pprint.jvm[3.3.1-RC1-bin-SNAPSHOT].scalacPluginClasspath 
[1A[2K[9999D[33/64] pprint.jvm[3.3.1-RC1-bin-SNAPSHOT].compile 
[info] compiling 11 Scala sources to /Users/y3536zha/Desktop/scala_no_change/dotty/community-build/community-projects/PPrint/out/pprint/jvm/3.3.1-RC1-bin-SNAPSHOT/compile.dest/classes ...
[warn] -- [E030] Match case Unreachable Warning: /Users/y3536zha/Desktop/scala_no_change/dotty/community-build/community-projects/PPrint/pprint/src-3/TPrintImpl.scala:116:17 
[warn] 116 |            case (name, TypeBounds(lo, hi)) =>
[warn]     |                 ^^^^^^^^^^^^^^^^^^^^^^^^^^
[warn]     |                 Unreachable case
[warn] one warning found
[info] done compiling
[34/64] pprint.jvm[3.3.1-RC1-bin-SNAPSHOT].localClasspath 
[1A[2K[9999D[35/64] pprint.jvm[3.3.1-RC1-bin-SNAPSHOT].artifactName 
[1A[2K[9999D[36/64] pprint.jvm[3.3.1-RC1-bin-SNAPSHOT].pomSettings 
[1A[2K[9999D[37/64] pprint.jvm[3.3.1-RC1-bin-SNAPSHOT].mainClass 
[1A[2K[9999D[38/64] pprint.jvm[3.3.1-RC1-bin-SNAPSHOT].finalMainClassOpt 
[1A[2K[9999D[39/64] pprint.jvm[3.3.1-RC1-bin-SNAPSHOT].manifest.overridden.mill.scalalib.JavaModule.manifest 
[1A[2K[9999D[40/64] pprint.jvm[3.3.1-RC1-bin-SNAPSHOT].manifest.overridden.mill.scalalib.ScalaModule.manifest 
[1A[2K[9999D[41/64] de.tobiasroeser.mill.vcs.version.VcsVersion.vcsState.overridden.de.tobiasroeser.mill.vcs.version.VcsVersion.vcsState 
fatal: no tag exactly matches '2203dc6081f5e8fa89f552b155724b0a8fdcec03'
[1A[2K[9999D[42/64] de.tobiasroeser.mill.vcs.version.VcsVersion.vcsState 
[1A[2K[9999D[43/64] pprint.jvm[3.3.1-RC1-bin-SNAPSHOT].publishVersion 
[1A[2K[9999D[44/64] pprint.jvm[3.3.1-RC1-bin-SNAPSHOT].manifest 
[1A[2K[9999D[45/64] pprint.jvm[3.3.1-RC1-bin-SNAPSHOT].jar 
[1A[2K[9999D[46/64] pprint.jvm[3.3.1-RC1-bin-SNAPSHOT].sourceJar 
[1A[2K[9999D[47/64] pprint.jvm[3.3.1-RC1-bin-SNAPSHOT].scalaDocClasspath 
[1A[2K[9999D[48/64] pprint.jvm[3.3.1-RC1-bin-SNAPSHOT].scalaDocPluginIvyDeps 
[1A[2K[9999D[49/64] pprint.jvm[3.3.1-RC1-bin-SNAPSHOT].enableScalaDocPluginScalacOptions 
[1A[2K[9999D[50/64] pprint.jvm[3.3.1-RC1-bin-SNAPSHOT].scalaDocOptions 
[1A[2K[9999D[51/64] pprint.jvm[3.3.1-RC1-bin-SNAPSHOT].docResources 
[1A[2K[9999D[52/64] pprint.jvm[3.3.1-RC1-bin-SNAPSHOT].docSources 
[1A[2K[9999D[53/64] pprint.jvm[3.3.1-RC1-bin-SNAPSHOT].docJar 
[1A[2K[9999D[54/64] pprint.jvm[3.3.1-RC1-bin-SNAPSHOT].crossFullScalaVersion 
[1A[2K[9999D[55/64] pprint.jvm[3.3.1-RC1-bin-SNAPSHOT].artifactScalaVersion 
[1A[2K[9999D[56/64] pprint.jvm[3.3.1-RC1-bin-SNAPSHOT].artifactSuffix 
[1A[2K[9999D[57/64] pprint.jvm[3.3.1-RC1-bin-SNAPSHOT].artifactId 
[1A[2K[9999D[58/64] pprint.jvm[3.3.1-RC1-bin-SNAPSHOT].artifactMetadata 
[1A[2K[9999D[59/64] pprint.jvm[3.3.1-RC1-bin-SNAPSHOT].versionScheme 
[1A[2K[9999D[60/64] pprint.jvm[3.3.1-RC1-bin-SNAPSHOT].publishProperties 
[1A[2K[9999D[61/64] pprint.jvm[3.3.1-RC1-bin-SNAPSHOT].pom 
[1A[2K[9999D[62/64] pprint.jvm[3.3.1-RC1-bin-SNAPSHOT].extraPublish 
[1A[2K[9999D[63/64] pprint.jvm[3.3.1-RC1-bin-SNAPSHOT].ivy 
[1A[2K[9999D[64/64] pprint.jvm[3.3.1-RC1-bin-SNAPSHOT].publishLocal 
Publishing Artifact(com.lihaoyi,pprint_3,0.5.9-76-2203dc) to ivy repo /Users/y3536zha/.ivy2/local
[32mPublishing upickle[0m
[32m./mill -i -D dottyVersion=3.3.1-RC1-bin-SNAPSHOT upickle.jvm[3.3.1-RC1-bin-SNAPSHOT].publishLocal[0m
Downloading https://repo1.maven.org/maven2/com/github/lolgab/mill-mima_mill0.10_2.13/0.0.12/mill-mima_mill0.10_2.13-0.0.12.pom
Downloaded https://repo1.maven.org/maven2/com/github/lolgab/mill-mima_mill0.10_2.13/0.0.12/mill-mima_mill0.10_2.13-0.0.12.pom
Downloading https://repo1.maven.org/maven2/com/github/lolgab/mill-mima-worker-api_2.13/0.0.12/mill-mima-worker-api_2.13-0.0.12.pom
Downloaded https://repo1.maven.org/maven2/com/github/lolgab/mill-mima-worker-api_2.13/0.0.12/mill-mima-worker-api_2.13-0.0.12.pom
Downloading https://repo1.maven.org/maven2/com/github/lolgab/mill-mima_mill0.10_2.13/0.0.12/mill-mima_mill0.10_2.13-0.0.12-sources.jar
Downloading https://repo1.maven.org/maven2/com/github/lolgab/mill-mima-worker-api_2.13/0.0.12/mill-mima-worker-api_2.13-0.0.12.jar
Downloading https://repo1.maven.org/maven2/com/github/lolgab/mill-mima-worker-api_2.13/0.0.12/mill-mima-worker-api_2.13-0.0.12-sources.jar
Downloading https://repo1.maven.org/maven2/com/github/lolgab/mill-mima_mill0.10_2.13/0.0.12/mill-mima_mill0.10_2.13-0.0.12.jar
Downloaded https://repo1.maven.org/maven2/com/github/lolgab/mill-mima-worker-api_2.13/0.0.12/mill-mima-worker-api_2.13-0.0.12.jar
Downloaded https://repo1.maven.org/maven2/com/github/lolgab/mill-mima_mill0.10_2.13/0.0.12/mill-mima_mill0.10_2.13-0.0.12.jar
Downloaded https://repo1.maven.org/maven2/com/github/lolgab/mill-mima-worker-api_2.13/0.0.12/mill-mima-worker-api_2.13-0.0.12-sources.jar
Downloaded https://repo1.maven.org/maven2/com/github/lolgab/mill-mima_mill0.10_2.13/0.0.12/mill-mima_mill0.10_2.13-0.0.12-sources.jar
Compiling /Users/y3536zha/Desktop/scala_no_change/dotty/community-build/community-projects/upickle/build.sc
[1/220] upickle.jvm[3.3.1-RC1-bin-SNAPSHOT].resources 
[1A[2K[9999D[2/220] upickle.jvm[3.3.1-RC1-bin-SNAPSHOT].scalaVersion 
[1A[2K[9999D[3/220] mill.scalalib.ZincWorkerModule.classpath 
[1A[2K[9999D[4/220] mill.scalalib.ZincWorkerModule.worker 
[1A[2K[9999D[5/220] ujson.jvm[3.3.1-RC1-bin-SNAPSHOT].scalaVersion 
[1A[2K[9999D[6/220] core.jvm[3.3.1-RC1-bin-SNAPSHOT].scalaVersion 
[1A[2K[9999D[7/220] core.jvm[3.3.1-RC1-bin-SNAPSHOT].upstreamCompileOutput 
[1A[2K[9999D[8/220] core.jvm[3.3.1-RC1-bin-SNAPSHOT].sources.overridden.mill.scalalib.JavaModule.sources 
[1A[2K[9999D[9/220] core.jvm[3.3.1-RC1-bin-SNAPSHOT].sources.overridden.ammonite.$file.build.CommonModule.sources 
[1A[2K[9999D[10/220] core.jvm[3.3.1-RC1-bin-SNAPSHOT].sources 
[1A[2K[9999D[11/220] core.jvm[3.3.1-RC1-bin-SNAPSHOT].templates 
[1A[2K[9999D[12/220] core.jvm[3.3.1-RC1-bin-SNAPSHOT].generatedSources 
[1A[2K[9999D[13/220] core.jvm[3.3.1-RC1-bin-SNAPSHOT].allSources 
[1A[2K[9999D[14/220] core.jvm[3.3.1-RC1-bin-SNAPSHOT].allSourceFiles 
[1A[2K[9999D[15/220] core.jvm[3.3.1-RC1-bin-SNAPSHOT].transitiveLocalClasspath 
[1A[2K[9999D[16/220] core.jvm[3.3.1-RC1-bin-SNAPSHOT].resources 
[1A[2K[9999D[17/220] core.jvm[3.3.1-RC1-bin-SNAPSHOT].unmanagedClasspath 
[1A[2K[9999D[18/220] core.jvm[3.3.1-RC1-bin-SNAPSHOT].platformSuffix 
[1A[2K[9999D[19/220] core.jvm[3.3.1-RC1-bin-SNAPSHOT].compileIvyDeps 
[1A[2K[9999D[20/220] core.jvm[3.3.1-RC1-bin-SNAPSHOT].transitiveCompileIvyDeps 
[1A[2K[9999D[21/220] core.jvm[3.3.1-RC1-bin-SNAPSHOT].ivyDeps 
[1A[2K[9999D[22/220] core.jvm[3.3.1-RC1-bin-SNAPSHOT].mandatoryIvyDeps.overridden.mill.scalalib.JavaModule.mandatoryIvyDeps 
[1A[2K[9999D[23/220] core.jvm[3.3.1-RC1-bin-SNAPSHOT].scalaOrganization 
[1A[2K[9999D[24/220] core.jvm[3.3.1-RC1-bin-SNAPSHOT].scalaLibraryIvyDeps 
[1A[2K[9999D[25/220] core.jvm[3.3.1-RC1-bin-SNAPSHOT].mandatoryIvyDeps 
[1A[2K[9999D[26/220] core.jvm[3.3.1-RC1-bin-SNAPSHOT].transitiveIvyDeps 
[1A[2K[9999D[27/220] core.jvm[3.3.1-RC1-bin-SNAPSHOT].resolvedIvyDeps 
[1A[2K[9999D[27/220] core.jvm[3.3.1-RC1-bin-SNAPSHOT].resolvedIvyDeps | Downloading [1/1] artifacts (~0/0 bytes)
[1A[2K[9999D[27/220] core.jvm[3.3.1-RC1-bin-SNAPSHOT].resolvedIvyDeps | Downloading [1/1] artifacts (~0/1429 bytes)
[1A[2K[9999D[27/220] core.jvm[3.3.1-RC1-bin-SNAPSHOT].resolvedIvyDeps | Downloading [1/1] artifacts (~1371/1429 bytes)
[1A[2K[9999D[27/220] core.jvm[3.3.1-RC1-bin-SNAPSHOT].resolvedIvyDeps | Downloading [1/1] artifacts (~1429/1429 bytes)
[1A[2K[9999D[27/220] core.jvm[3.3.1-RC1-bin-SNAPSHOT].resolvedIvyDeps | Downloading [1/1] artifacts (~1429/1429 bytes)
[1A[2K[9999D[28/220] core.jvm[3.3.1-RC1-bin-SNAPSHOT].compileClasspath 
[1A[2K[9999D[29/220] core.jvm[3.3.1-RC1-bin-SNAPSHOT].javacOptions 
[1A[2K[9999D[30/220] core.jvm[3.3.1-RC1-bin-SNAPSHOT].mandatoryScalacOptions 
[1A[2K[9999D[31/220] core.jvm[3.3.1-RC1-bin-SNAPSHOT].scalacPluginIvyDeps 
[1A[2K[9999D[32/220] core.jvm[3.3.1-RC1-bin-SNAPSHOT].enablePluginScalacOptions 
[1A[2K[9999D[33/220] core.jvm[3.3.1-RC1-bin-SNAPSHOT].scalacOptions.overridden.mill.scalalib.ScalaModule.scalacOptions 
[1A[2K[9999D[34/220] core.jvm[3.3.1-RC1-bin-SNAPSHOT].scalacOptions 
[1A[2K[9999D[35/220] core.jvm[3.3.1-RC1-bin-SNAPSHOT].allScalacOptions 
[1A[2K[9999D[36/220] core.jvm[3.3.1-RC1-bin-SNAPSHOT].scalaCompilerClasspath 
[1A[2K[9999D[37/220] core.jvm[3.3.1-RC1-bin-SNAPSHOT].scalacPluginClasspath 
[1A[2K[9999D[38/220] core.jvm[3.3.1-RC1-bin-SNAPSHOT].compile 
[info] compiling 19 Scala sources to /Users/y3536zha/Desktop/scala_no_change/dotty/community-build/community-projects/upickle/out/core/jvm/3.3.1-RC1-bin-SNAPSHOT/compile.dest/classes ...
[warn] there was 1 deprecation warning; re-run with -deprecation for details
[warn] one warning found
[info] done compiling
[39/220] ujson.jvm[3.3.1-RC1-bin-SNAPSHOT].upstreamCompileOutput 
[1A[2K[9999D[40/220] ujson.jvm[3.3.1-RC1-bin-SNAPSHOT].sources.overridden.mill.scalalib.JavaModule.sources 
[1A[2K[9999D[41/220] ujson.jvm[3.3.1-RC1-bin-SNAPSHOT].sources.overridden.ammonite.$file.build.CommonModule.sources 
[1A[2K[9999D[42/220] ujson.jvm[3.3.1-RC1-bin-SNAPSHOT].sources 
[1A[2K[9999D[43/220] ujson.jvm[3.3.1-RC1-bin-SNAPSHOT].templates 
[1A[2K[9999D[44/220] ujson.jvm[3.3.1-RC1-bin-SNAPSHOT].generatedSources 
[1A[2K[9999D[45/220] ujson.jvm[3.3.1-RC1-bin-SNAPSHOT].allSources 
[1A[2K[9999D[46/220] ujson.jvm[3.3.1-RC1-bin-SNAPSHOT].allSourceFiles 
[1A[2K[9999D[47/220] core.jvm[3.3.1-RC1-bin-SNAPSHOT].localClasspath 
[1A[2K[9999D[48/220] ujson.jvm[3.3.1-RC1-bin-SNAPSHOT].transitiveLocalClasspath 
[1A[2K[9999D[49/220] ujson.jvm[3.3.1-RC1-bin-SNAPSHOT].resources 
[1A[2K[9999D[50/220] ujson.jvm[3.3.1-RC1-bin-SNAPSHOT].unmanagedClasspath 
[1A[2K[9999D[51/220] ujson.jvm[3.3.1-RC1-bin-SNAPSHOT].platformSuffix 
[1A[2K[9999D[52/220] ujson.jvm[3.3.1-RC1-bin-SNAPSHOT].compileIvyDeps 
[1A[2K[9999D[53/220] ujson.jvm[3.3.1-RC1-bin-SNAPSHOT].transitiveCompileIvyDeps 
[1A[2K[9999D[54/220] ujson.jvm[3.3.1-RC1-bin-SNAPSHOT].ivyDeps 
[1A[2K[9999D[55/220] ujson.jvm[3.3.1-RC1-bin-SNAPSHOT].mandatoryIvyDeps.overridden.mill.scalalib.JavaModule.mandatoryIvyDeps 
[1A[2K[9999D[56/220] ujson.jvm[3.3.1-RC1-bin-SNAPSHOT].scalaOrganization 
[1A[2K[9999D[57/220] ujson.jvm[3.3.1-RC1-bin-SNAPSHOT].scalaLibraryIvyDeps 
[1A[2K[9999D[58/220] ujson.jvm[3.3.1-RC1-bin-SNAPSHOT].mandatoryIvyDeps 
[1A[2K[9999D[59/220] ujson.jvm[3.3.1-RC1-bin-SNAPSHOT].transitiveIvyDeps 
[1A[2K[9999D[60/220] ujson.jvm[3.3.1-RC1-bin-SNAPSHOT].resolvedIvyDeps 
[1A[2K[9999D[61/220] ujson.jvm[3.3.1-RC1-bin-SNAPSHOT].compileClasspath 
[1A[2K[9999D[62/220] ujson.jvm[3.3.1-RC1-bin-SNAPSHOT].javacOptions 
[1A[2K[9999D[63/220] ujson.jvm[3.3.1-RC1-bin-SNAPSHOT].mandatoryScalacOptions 
[1A[2K[9999D[64/220] ujson.jvm[3.3.1-RC1-bin-SNAPSHOT].scalacPluginIvyDeps 
[1A[2K[9999D[65/220] ujson.jvm[3.3.1-RC1-bin-SNAPSHOT].enablePluginScalacOptions 
[1A[2K[9999D[66/220] ujson.jvm[3.3.1-RC1-bin-SNAPSHOT].scalacOptions.overridden.mill.scalalib.ScalaModule.scalacOptions 
[1A[2K[9999D[67/220] ujson.jvm[3.3.1-RC1-bin-SNAPSHOT].scalacOptions 
[1A[2K[9999D[68/220] ujson.jvm[3.3.1-RC1-bin-SNAPSHOT].allScalacOptions 
[1A[2K[9999D[69/220] ujson.jvm[3.3.1-RC1-bin-SNAPSHOT].scalaCompilerClasspath 
[1A[2K[9999D[70/220] ujson.jvm[3.3.1-RC1-bin-SNAPSHOT].scalacPluginClasspath 
[1A[2K[9999D[71/220] ujson.jvm[3.3.1-RC1-bin-SNAPSHOT].compile 
[info] compiling 18 Scala sources to /Users/y3536zha/Desktop/scala_no_change/dotty/community-build/community-projects/upickle/out/ujson/jvm/3.3.1-RC1-bin-SNAPSHOT/compile.dest/classes ...
[warn] there were 20 feature warnings; re-run with -feature for details
[warn] there were 33 deprecation warnings; re-run with -deprecation for details
[warn] two warnings found
[info] done compiling
[72/220] upack.jvm[3.3.1-RC1-bin-SNAPSHOT].scalaVersion 
[1A[2K[9999D[73/220] upack.jvm[3.3.1-RC1-bin-SNAPSHOT].upstreamCompileOutput 
[1A[2K[9999D[74/220] upack.jvm[3.3.1-RC1-bin-SNAPSHOT].sources.overridden.mill.scalalib.JavaModule.sources 
[1A[2K[9999D[75/220] upack.jvm[3.3.1-RC1-bin-SNAPSHOT].sources.overridden.ammonite.$file.build.CommonModule.sources 
[1A[2K[9999D[76/220] upack.jvm[3.3.1-RC1-bin-SNAPSHOT].sources 
[1A[2K[9999D[77/220] upack.jvm[3.3.1-RC1-bin-SNAPSHOT].templates 
[1A[2K[9999D[78/220] upack.jvm[3.3.1-RC1-bin-SNAPSHOT].generatedSources 
[1A[2K[9999D[79/220] upack.jvm[3.3.1-RC1-bin-SNAPSHOT].allSources 
[1A[2K[9999D[80/220] upack.jvm[3.3.1-RC1-bin-SNAPSHOT].allSourceFiles 
[1A[2K[9999D[81/220] upack.jvm[3.3.1-RC1-bin-SNAPSHOT].transitiveLocalClasspath 
[1A[2K[9999D[82/220] upack.jvm[3.3.1-RC1-bin-SNAPSHOT].resources 
[1A[2K[9999D[83/220] upack.jvm[3.3.1-RC1-bin-SNAPSHOT].unmanagedClasspath 
[1A[2K[9999D[84/220] upack.jvm[3.3.1-RC1-bin-SNAPSHOT].platformSuffix 
[1A[2K[9999D[85/220] upack.jvm[3.3.1-RC1-bin-SNAPSHOT].compileIvyDeps 
[1A[2K[9999D[86/220] upack.jvm[3.3.1-RC1-bin-SNAPSHOT].transitiveCompileIvyDeps 
[1A[2K[9999D[87/220] upack.jvm[3.3.1-RC1-bin-SNAPSHOT].ivyDeps 
[1A[2K[9999D[88/220] upack.jvm[3.3.1-RC1-bin-SNAPSHOT].mandatoryIvyDeps.overridden.mill.scalalib.JavaModule.mandatoryIvyDeps 
[1A[2K[9999D[89/220] upack.jvm[3.3.1-RC1-bin-SNAPSHOT].scalaOrganization 
[1A[2K[9999D[90/220] upack.jvm[3.3.1-RC1-bin-SNAPSHOT].scalaLibraryIvyDeps 
[1A[2K[9999D[91/220] upack.jvm[3.3.1-RC1-bin-SNAPSHOT].mandatoryIvyDeps 
[1A[2K[9999D[92/220] upack.jvm[3.3.1-RC1-bin-SNAPSHOT].transitiveIvyDeps 
[1A[2K[9999D[93/220] upack.jvm[3.3.1-RC1-bin-SNAPSHOT].resolvedIvyDeps 
[1A[2K[9999D[94/220] upack.jvm[3.3.1-RC1-bin-SNAPSHOT].compileClasspath 
[1A[2K[9999D[95/220] upack.jvm[3.3.1-RC1-bin-SNAPSHOT].javacOptions 
[1A[2K[9999D[96/220] upack.jvm[3.3.1-RC1-bin-SNAPSHOT].mandatoryScalacOptions 
[1A[2K[9999D[97/220] upack.jvm[3.3.1-RC1-bin-SNAPSHOT].scalacPluginIvyDeps 
[1A[2K[9999D[98/220] upack.jvm[3.3.1-RC1-bin-SNAPSHOT].enablePluginScalacOptions 
[1A[2K[9999D[99/220] upack.jvm[3.3.1-RC1-bin-SNAPSHOT].scalacOptions.overridden.mill.scalalib.ScalaModule.scalacOptions 
[1A[2K[9999D[100/220] upack.jvm[3.3.1-RC1-bin-SNAPSHOT].scalacOptions 
[1A[2K[9999D[101/220] upack.jvm[3.3.1-RC1-bin-SNAPSHOT].allScalacOptions 
[1A[2K[9999D[102/220] upack.jvm[3.3.1-RC1-bin-SNAPSHOT].scalaCompilerClasspath 
[1A[2K[9999D[103/220] upack.jvm[3.3.1-RC1-bin-SNAPSHOT].scalacPluginClasspath 
[1A[2K[9999D[104/220] upack.jvm[3.3.1-RC1-bin-SNAPSHOT].compile 
[info] compiling 7 Scala sources to /Users/y3536zha/Desktop/scala_no_change/dotty/community-build/community-projects/upickle/out/upack/jvm/3.3.1-RC1-bin-SNAPSHOT/compile.dest/classes ...
[warn] there were 2 feature warnings; re-run with -feature for details
[warn] one warning found
[info] done compiling
[105/220] implicits.jvm[3.3.1-RC1-bin-SNAPSHOT].scalaVersion 
[1A[2K[9999D[106/220] implicits.jvm[3.3.1-RC1-bin-SNAPSHOT].upstreamCompileOutput 
[1A[2K[9999D[107/220] implicits.jvm[3.3.1-RC1-bin-SNAPSHOT].sources.overridden.mill.scalalib.JavaModule.sources 
[1A[2K[9999D[108/220] implicits.jvm[3.3.1-RC1-bin-SNAPSHOT].sources.overridden.ammonite.$file.build.CommonModule.sources 
[1A[2K[9999D[109/220] implicits.jvm[3.3.1-RC1-bin-SNAPSHOT].sources 
[1A[2K[9999D[110/220] implicits.jvm[3.3.1-RC1-bin-SNAPSHOT].generatedSources 
[1A[2K[9999D[111/220] implicits.jvm[3.3.1-RC1-bin-SNAPSHOT].allSources 
[1A[2K[9999D[112/220] implicits.jvm[3.3.1-RC1-bin-SNAPSHOT].allSourceFiles 
[1A[2K[9999D[113/220] implicits.jvm[3.3.1-RC1-bin-SNAPSHOT].transitiveLocalClasspath 
[1A[2K[9999D[114/220] implicits.jvm[3.3.1-RC1-bin-SNAPSHOT].resources 
[1A[2K[9999D[115/220] implicits.jvm[3.3.1-RC1-bin-SNAPSHOT].unmanagedClasspath 
[1A[2K[9999D[116/220] implicits.jvm[3.3.1-RC1-bin-SNAPSHOT].platformSuffix 
[1A[2K[9999D[117/220] implicits.jvm[3.3.1-RC1-bin-SNAPSHOT].compileIvyDeps 
[1A[2K[9999D[118/220] implicits.jvm[3.3.1-RC1-bin-SNAPSHOT].transitiveCompileIvyDeps 
[1A[2K[9999D[119/220] implicits.jvm[3.3.1-RC1-bin-SNAPSHOT].ivyDeps 
[1A[2K[9999D[120/220] implicits.jvm[3.3.1-RC1-bin-SNAPSHOT].mandatoryIvyDeps.overridden.mill.scalalib.JavaModule.mandatoryIvyDeps 
[1A[2K[9999D[121/220] implicits.jvm[3.3.1-RC1-bin-SNAPSHOT].scalaOrganization 
[1A[2K[9999D[122/220] implicits.jvm[3.3.1-RC1-bin-SNAPSHOT].scalaLibraryIvyDeps 
[1A[2K[9999D[123/220] implicits.jvm[3.3.1-RC1-bin-SNAPSHOT].mandatoryIvyDeps 
[1A[2K[9999D[124/220] implicits.jvm[3.3.1-RC1-bin-SNAPSHOT].transitiveIvyDeps 
[1A[2K[9999D[125/220] implicits.jvm[3.3.1-RC1-bin-SNAPSHOT].resolvedIvyDeps 
[1A[2K[9999D[126/220] implicits.jvm[3.3.1-RC1-bin-SNAPSHOT].compileClasspath 
[1A[2K[9999D[127/220] implicits.jvm[3.3.1-RC1-bin-SNAPSHOT].javacOptions 
[1A[2K[9999D[128/220] implicits.jvm[3.3.1-RC1-bin-SNAPSHOT].mandatoryScalacOptions 
[1A[2K[9999D[129/220] implicits.jvm[3.3.1-RC1-bin-SNAPSHOT].scalacPluginIvyDeps 
[1A[2K[9999D[130/220] implicits.jvm[3.3.1-RC1-bin-SNAPSHOT].enablePluginScalacOptions 
[1A[2K[9999D[131/220] implicits.jvm[3.3.1-RC1-bin-SNAPSHOT].scalacOptions.overridden.mill.scalalib.ScalaModule.scalacOptions 
[1A[2K[9999D[132/220] implicits.jvm[3.3.1-RC1-bin-SNAPSHOT].scalacOptions 
[1A[2K[9999D[133/220] implicits.jvm[3.3.1-RC1-bin-SNAPSHOT].allScalacOptions 
[1A[2K[9999D[134/220] implicits.jvm[3.3.1-RC1-bin-SNAPSHOT].scalaCompilerClasspath 
[1A[2K[9999D[135/220] implicits.jvm[3.3.1-RC1-bin-SNAPSHOT].scalacPluginClasspath 
[1A[2K[9999D[136/220] implicits.jvm[3.3.1-RC1-bin-SNAPSHOT].compile 
[info] compiling 11 Scala sources to /Users/y3536zha/Desktop/scala_no_change/dotty/community-build/community-projects/upickle/out/implicits/jvm/3.3.1-RC1-bin-SNAPSHOT/compile.dest/classes ...
[error] ## Exception when compiling 11 sources to /Users/y3536zha/Desktop/scala_no_change/dotty/community-build/community-projects/upickle/out/implicits/jvm/3.3.1-RC1-bin-SNAPSHOT/compile.dest/classes
[error] java.lang.NoClassDefFoundError: dotty/tools/dotc/util/EqHashMap
[error] dotty.tools.dotc.typer.Implicits$ContextualImplicits.<init>(Implicits.scala:303)
[error] dotty.tools.dotc.core.Contexts$$anon$1.<init>(Contexts.scala:838)
[error] dotty.tools.dotc.core.Contexts$.<clinit>(Contexts.scala:840)
[error] dotty.tools.dotc.core.Contexts$FreshContext$.initial(Contexts.scala:720)
[error] dotty.tools.dotc.core.Contexts$ContextBase.<init>(Contexts.scala:853)
[error] dotty.tools.dotc.Driver.initCtx(Driver.scala:61)
[error] dotty.tools.xsbt.CompilerBridgeDriver.run(CompilerBridgeDriver.java:58)
[error] dotty.tools.xsbt.CompilerBridge.run(CompilerBridge.java:22)
[error] sbt.internal.inc.AnalyzingCompiler.compile(AnalyzingCompiler.scala:91)
[error] sbt.internal.inc.MixedAnalyzingCompiler.$anonfun$compile$7(MixedAnalyzingCompiler.scala:192)
[error] scala.runtime.java8.JFunction0$mcV$sp.apply(JFunction0$mcV$sp.scala:18)
[error] sbt.internal.inc.MixedAnalyzingCompiler.timed(MixedAnalyzingCompiler.scala:247)
[error] sbt.internal.inc.MixedAnalyzingCompiler.$anonfun$compile$4(MixedAnalyzingCompiler.scala:182)
[error] sbt.internal.inc.MixedAnalyzingCompiler.$anonfun$compile$4$adapted(MixedAnalyzingCompiler.scala:163)
[error] sbt.internal.inc.JarUtils$.withPreviousJar(JarUtils.scala:239)
[error] sbt.internal.inc.MixedAnalyzingCompiler.compileScala$1(MixedAnalyzingCompiler.scala:163)
[error] sbt.internal.inc.MixedAnalyzingCompiler.compile(MixedAnalyzingCompiler.scala:210)
[error] sbt.internal.inc.IncrementalCompilerImpl.$anonfun$compileInternal$1(IncrementalCompilerImpl.scala:528)
[error] sbt.internal.inc.IncrementalCompilerImpl.$anonfun$compileInternal$1$adapted(IncrementalCompilerImpl.scala:528)
[error] sbt.internal.inc.Incremental$.$anonfun$apply$5(Incremental.scala:177)
[error] sbt.internal.inc.Incremental$.$anonfun$apply$5$adapted(Incremental.scala:175)
[error] sbt.internal.inc.Incremental$$anon$2.run(Incremental.scala:461)
[error] sbt.internal.inc.IncrementalCommon$CycleState.next(IncrementalCommon.scala:116)
[error] sbt.internal.inc.IncrementalCommon$$anon$1.next(IncrementalCommon.scala:56)
[error] sbt.internal.inc.IncrementalCommon$$anon$1.next(IncrementalCommon.scala:52)
[error] sbt.internal.inc.IncrementalCommon.cycle(IncrementalCommon.scala:263)
[error] sbt.internal.inc.Incremental$.$anonfun$incrementalCompile$8(Incremental.scala:416)
[error] sbt.internal.inc.Incremental$.withClassfileManager(Incremental.scala:503)
[error] sbt.internal.inc.Incremental$.incrementalCompile(Incremental.scala:403)
[error] sbt.internal.inc.Incremental$.apply(Incremental.scala:169)
[error] sbt.internal.inc.IncrementalCompilerImpl.compileInternal(IncrementalCompilerImpl.scala:528)
[error] sbt.internal.inc.IncrementalCompilerImpl.$anonfun$compileIncrementally$1(IncrementalCompilerImpl.scala:482)
[error] sbt.internal.inc.IncrementalCompilerImpl.handleCompilationError(IncrementalCompilerImpl.scala:332)
[error] sbt.internal.inc.IncrementalCompilerImpl.compileIncrementally(IncrementalCompilerImpl.scala:420)
[error] sbt.internal.inc.IncrementalCompilerImpl.compile(IncrementalCompilerImpl.scala:137)
[error] mill.scalalib.worker.ZincWorkerImpl.compileInternal(ZincWorkerImpl.scala:545)
[error] mill.scalalib.worker.ZincWorkerImpl.$anonfun$compileMixed0$1(ZincWorkerImpl.scala:317)
[error] mill.api.FixSizedCache.withCachedValue(FixSizedCache.scala:66)
[error] mill.scalalib.worker.ZincWorkerImpl.withCompilers(ZincWorkerImpl.scala:399)
[error] mill.scalalib.worker.ZincWorkerImpl.compileMixed0(ZincWorkerImpl.scala:316)
[error] mill.scalalib.worker.ZincWorkerImpl.compileMixed(ZincWorkerImpl.scala:284)
[error] mill.scalalib.ScalaModule.$anonfun$compile$2(ScalaModule.scala:195)
[error] mill.define.Task$TraverseCtx.evaluate(Task.scala:380)
[error] mill.eval.Evaluator.$anonfun$evaluateGroup$13(Evaluator.scala:627)
[error] scala.util.DynamicVariable.withValue(DynamicVariable.scala:59)
[error] scala.Console$.withErr(Console.scala:193)
[error] mill.eval.Evaluator.$anonfun$evaluateGroup$12(Evaluator.scala:627)
[error] scala.util.DynamicVariable.withValue(DynamicVariable.scala:59)
[error] scala.Console$.withOut(Console.scala:164)
[error] mill.eval.Evaluator.$anonfun$evaluateGroup$11(Evaluator.scala:626)
[error] scala.util.DynamicVariable.withValue(DynamicVariable.scala:59)
[error] scala.Console$.withIn(Console.scala:227)
[error] mill.eval.Evaluator.$anonfun$evaluateGroup$8(Evaluator.scala:625)
[error] mill.eval.Evaluator.$anonfun$evaluateGroup$8$adapted(Evaluator.scala:586)
[error] scala.collection.immutable.Vector.foreach(Vector.scala:1856)
[error] mill.eval.Evaluator.evaluateGroup(Evaluator.scala:586)
[error] mill.eval.Evaluator.$anonfun$evaluateGroupCached$21(Evaluator.scala:478)
[error] scala.util.DynamicVariable.withValue(DynamicVariable.scala:59)
[error] mill.eval.Evaluator.evaluateGroupCached(Evaluator.scala:469)
[error] mill.eval.Evaluator.$anonfun$sequentialEvaluate$2(Evaluator.scala:202)
[error] scala.collection.IterableOnceOps.foreach(IterableOnce.scala:563)
[error] scala.collection.IterableOnceOps.foreach$(IterableOnce.scala:561)
[error] scala.collection.AbstractIterator.foreach(Iterator.scala:1293)
[error] mill.eval.Evaluator.sequentialEvaluate(Evaluator.scala:177)
[error] mill.eval.Evaluator.evaluate(Evaluator.scala:162)
[error] mill.main.RunScript$.evaluateNamed(RunScript.scala:364)
[error] mill.main.RunScript$.evaluate(RunScript.scala:349)
[error] mill.main.RunScript$.$anonfun$evaluateTasks$1(RunScript.scala:314)
[error] scala.util.Either.map(Either.scala:382)
[error] mill.main.RunScript$.evaluateTasks(RunScript.scala:312)
[error] mill.main.RunScript$.$anonfun$runScript$8(RunScript.scala:105)
[error] ammonite.util.Res$Success.flatMap(Res.scala:62)
[error] mill.main.RunScript$.runScript(RunScript.scala:104)
[error] mill.main.MainRunner.$anonfun$runScript$1(MainRunner.scala:119)
[error] mill.main.MainRunner.watchLoop2(MainRunner.scala:67)
[error] mill.main.MainRunner.runScript(MainRunner.scala:92)
[error] mill.MillMain$.main0(MillMain.scala:310)
[error] mill.MillMain$.main(MillMain.scala:52)
[error] mill.MillMain.main(MillMain.scala)
[error] java.base/jdk.internal.reflect.NativeMethodAccessorImpl.invoke0(Native Method)
[error] java.base/jdk.internal.reflect.NativeMethodAccessorImpl.invoke(Unknown Source)
[error] java.base/jdk.internal.reflect.DelegatingMethodAccessorImpl.invoke(Unknown Source)
[error] java.base/java.lang.reflect.Method.invoke(Unknown Source)
[error] mill.main.client.IsolatedMillMainLoader.runMain(IsolatedMillMainLoader.java:58)
[error] mill.main.client.MillClientMain.main(MillClientMain.java:67)
[error]            
Exception in thread "main" java.lang.reflect.InvocationTargetException
	at java.base/jdk.internal.reflect.NativeMethodAccessorImpl.invoke0(Native Method)
	at java.base/jdk.internal.reflect.NativeMethodAccessorImpl.invoke(Unknown Source)
	at java.base/jdk.internal.reflect.DelegatingMethodAccessorImpl.invoke(Unknown Source)
	at java.base/java.lang.reflect.Method.invoke(Unknown Source)
	at mill.main.client.IsolatedMillMainLoader.runMain(IsolatedMillMainLoader.java:58)
	at mill.main.client.MillClientMain.main(MillClientMain.java:67)
Caused by: java.lang.NoClassDefFoundError: dotty/tools/dotc/util/EqHashMap
	at dotty.tools.dotc.typer.Implicits$ContextualImplicits.<init>(Implicits.scala:303)
	at dotty.tools.dotc.core.Contexts$$anon$1.<init>(Contexts.scala:838)
	at dotty.tools.dotc.core.Contexts$.<clinit>(Contexts.scala:840)
	at dotty.tools.dotc.core.Contexts$FreshContext$.initial(Contexts.scala:720)
	at dotty.tools.dotc.core.Contexts$ContextBase.<init>(Contexts.scala:853)
	at dotty.tools.dotc.Driver.initCtx(Driver.scala:61)
	at dotty.tools.xsbt.CompilerBridgeDriver.run(CompilerBridgeDriver.java:58)
	at dotty.tools.xsbt.CompilerBridge.run(CompilerBridge.java:22)
	at sbt.internal.inc.AnalyzingCompiler.compile(AnalyzingCompiler.scala:91)
	at sbt.internal.inc.MixedAnalyzingCompiler.$anonfun$compile$7(MixedAnalyzingCompiler.scala:192)
	at scala.runtime.java8.JFunction0$mcV$sp.apply(JFunction0$mcV$sp.scala:18)
	at sbt.internal.inc.MixedAnalyzingCompiler.timed(MixedAnalyzingCompiler.scala:247)
	at sbt.internal.inc.MixedAnalyzingCompiler.$anonfun$compile$4(MixedAnalyzingCompiler.scala:182)
	at sbt.internal.inc.MixedAnalyzingCompiler.$anonfun$compile$4$adapted(MixedAnalyzingCompiler.scala:163)
	at sbt.internal.inc.JarUtils$.withPreviousJar(JarUtils.scala:239)
	at sbt.internal.inc.MixedAnalyzingCompiler.compileScala$1(MixedAnalyzingCompiler.scala:163)
	at sbt.internal.inc.MixedAnalyzingCompiler.compile(MixedAnalyzingCompiler.scala:210)
	at sbt.internal.inc.IncrementalCompilerImpl.$anonfun$compileInternal$1(IncrementalCompilerImpl.scala:528)
	at sbt.internal.inc.IncrementalCompilerImpl.$anonfun$compileInternal$1$adapted(IncrementalCompilerImpl.scala:528)
	at sbt.internal.inc.Incremental$.$anonfun$apply$5(Incremental.scala:177)
	at sbt.internal.inc.Incremental$.$anonfun$apply$5$adapted(Incremental.scala:175)
	at sbt.internal.inc.Incremental$$anon$2.run(Incremental.scala:461)
	at sbt.internal.inc.IncrementalCommon$CycleState.next(IncrementalCommon.scala:116)
	at sbt.internal.inc.IncrementalCommon$$anon$1.next(IncrementalCommon.scala:56)
	at sbt.internal.inc.IncrementalCommon$$anon$1.next(IncrementalCommon.scala:52)
	at sbt.internal.inc.IncrementalCommon.cycle(IncrementalCommon.scala:263)
	at sbt.internal.inc.Incremental$.$anonfun$incrementalCompile$8(Incremental.scala:416)
	at sbt.internal.inc.Incremental$.withClassfileManager(Incremental.scala:503)
	at sbt.internal.inc.Incremental$.incrementalCompile(Incremental.scala:403)
	at sbt.internal.inc.Incremental$.apply(Incremental.scala:169)
	at sbt.internal.inc.IncrementalCompilerImpl.compileInternal(IncrementalCompilerImpl.scala:528)
	at sbt.internal.inc.IncrementalCompilerImpl.$anonfun$compileIncrementally$1(IncrementalCompilerImpl.scala:482)
	at sbt.internal.inc.IncrementalCompilerImpl.handleCompilationError(IncrementalCompilerImpl.scala:332)
	at sbt.internal.inc.IncrementalCompilerImpl.compileIncrementally(IncrementalCompilerImpl.scala:420)
	at sbt.internal.inc.IncrementalCompilerImpl.compile(IncrementalCompilerImpl.scala:137)
	at mill.scalalib.worker.ZincWorkerImpl.compileInternal(ZincWorkerImpl.scala:545)
	at mill.scalalib.worker.ZincWorkerImpl.$anonfun$compileMixed0$1(ZincWorkerImpl.scala:317)
	at mill.api.FixSizedCache.withCachedValue(FixSizedCache.scala:66)
	at mill.scalalib.worker.ZincWorkerImpl.withCompilers(ZincWorkerImpl.scala:399)
	at mill.scalalib.worker.ZincWorkerImpl.compileMixed0(ZincWorkerImpl.scala:316)
	at mill.scalalib.worker.ZincWorkerImpl.compileMixed(ZincWorkerImpl.scala:284)
	at mill.scalalib.ScalaModule.$anonfun$compile$2(ScalaModule.scala:195)
	at mill.define.Task$TraverseCtx.evaluate(Task.scala:380)
	at mill.eval.Evaluator.$anonfun$evaluateGroup$13(Evaluator.scala:627)
	at scala.util.DynamicVariable.withValue(DynamicVariable.scala:59)
	at scala.Console$.withErr(Console.scala:193)
	at mill.eval.Evaluator.$anonfun$evaluateGroup$12(Evaluator.scala:627)
	at scala.util.DynamicVariable.withValue(DynamicVariable.scala:59)
	at scala.Console$.withOut(Console.scala:164)
	at mill.eval.Evaluator.$anonfun$evaluateGroup$11(Evaluator.scala:626)
	at scala.util.DynamicVariable.withValue(DynamicVariable.scala:59)
	at scala.Console$.withIn(Console.scala:227)
	at mill.eval.Evaluator.$anonfun$evaluateGroup$8(Evaluator.scala:625)
	at mill.eval.Evaluator.$anonfun$evaluateGroup$8$adapted(Evaluator.scala:586)
	at scala.collection.immutable.Vector.foreach(Vector.scala:1856)
	at mill.eval.Evaluator.evaluateGroup(Evaluator.scala:586)
	at mill.eval.Evaluator.$anonfun$evaluateGroupCached$21(Evaluator.scala:478)
	at scala.util.DynamicVariable.withValue(DynamicVariable.scala:59)
	at mill.eval.Evaluator.evaluateGroupCached(Evaluator.scala:469)
	at mill.eval.Evaluator.$anonfun$sequentialEvaluate$2(Evaluator.scala:202)
	at scala.collection.IterableOnceOps.foreach(IterableOnce.scala:563)
	at scala.collection.IterableOnceOps.foreach$(IterableOnce.scala:561)
	at scala.collection.AbstractIterator.foreach(Iterator.scala:1293)
	at mill.eval.Evaluator.sequentialEvaluate(Evaluator.scala:177)
	at mill.eval.Evaluator.evaluate(Evaluator.scala:162)
	at mill.main.RunScript$.evaluateNamed(RunScript.scala:364)
	at mill.main.RunScript$.evaluate(RunScript.scala:349)
	at mill.main.RunScript$.$anonfun$evaluateTasks$1(RunScript.scala:314)
	at scala.util.Either.map(Either.scala:382)
	at mill.main.RunScript$.evaluateTasks(RunScript.scala:312)
	at mill.main.RunScript$.$anonfun$runScript$8(RunScript.scala:105)
	at ammonite.util.Res$Success.flatMap(Res.scala:62)
	at mill.main.RunScript$.runScript(RunScript.scala:104)
	at mill.main.MainRunner.$anonfun$runScript$1(MainRunner.scala:119)
	at mill.main.MainRunner.watchLoop2(MainRunner.scala:67)
	at mill.main.MainRunner.runScript(MainRunner.scala:92)
	at mill.MillMain$.main0(MillMain.scala:310)
	at mill.MillMain$.main(MillMain.scala:52)
	at mill.MillMain.main(MillMain.scala)
	... 6 more
Caused by: java.lang.ClassNotFoundException: dotty.tools.dotc.util.EqHashMap
	at java.base/java.net.URLClassLoader$1.run(Unknown Source)
	at java.base/java.net.URLClassLoader$1.run(Unknown Source)
	at java.base/java.security.AccessController.doPrivileged(Native Method)
	at java.base/java.net.URLClassLoader.findClass(Unknown Source)
	at mill.api.ClassLoader$$anon$1.findClass(ClassLoader.scala:47)
	at java.base/java.lang.ClassLoader.loadClass(Unknown Source)
	at java.base/java.lang.ClassLoader.loadClass(Unknown Source)
	... 85 more
Caused by: java.io.EOFException
	at java.base/java.io.RandomAccessFile.readFully(Unknown Source)
	at java.base/java.util.zip.ZipFile$Source.readFullyAt(Unknown Source)
	at java.base/java.util.zip.ZipFile$Source.access$1200(Unknown Source)
	at java.base/java.util.zip.ZipFile$ZipFileInputStream.initDataOffset(Unknown Source)
	at java.base/java.util.zip.ZipFile$ZipFileInputStream.read(Unknown Source)
	at java.base/java.util.zip.ZipFile$ZipFileInflaterInputStream.fill(Unknown Source)
	at java.base/java.util.zip.InflaterInputStream.read(Unknown Source)
	at java.base/jdk.internal.loader.Resource.getBytes(Unknown Source)
	at java.base/java.net.URLClassLoader.defineClass(Unknown Source)
	at java.base/java.net.URLClassLoader.access$100(Unknown Source)
	... 92 more
[error] Test dotty.communitybuild.CommunityBuildTestC.cask failed: java.lang.RuntimeException: Publish command exited with code 1 for project upickle. Project details:
[error] MillCommunityProject(upickle,upickle.jvm[3.3.1-RC1-bin-SNAPSHOT],List(MillCommunityProject(geny,geny.jvm[3.3.1-RC1-bin-SNAPSHOT],List(MillCommunityProject(utest,utest.jvm[3.3.1-RC1-bin-SNAPSHOT],List(),dotty.communitybuild.MillCommunityProject$$$Lambda$51/1361609320@78a18c9a,true,false)),dotty.communitybuild.MillCommunityProject$$$Lambda$51/1361609320@4680b4ce,false,false), MillCommunityProject(utest,utest.jvm[3.3.1-RC1-bin-SNAPSHOT],List(),dotty.communitybuild.MillCommunityProject$$$Lambda$51/1361609320@78a18c9a,true,false)),dotty.communitybuild.MillCommunityProject$$$Lambda$51/1361609320@63b5d949,false,false), took 253.742 sec
[error]     at dotty.communitybuild.CommunityProject.publish(projects.scala:64)
[error]     at dotty.communitybuild.CommunityProject.publish$(projects.scala:35)
[error]     at dotty.communitybuild.MillCommunityProject.publish(projects.scala:87)
[error]     at dotty.communitybuild.CommunityBuildRunner$.run$$anonfun$1(CommunityBuildRunner.scala:24)
[error]     at scala.runtime.function.JProcedure1.apply(JProcedure1.java:15)
[error]     at scala.runtime.function.JProcedure1.apply(JProcedure1.java:10)
[error]     at scala.collection.immutable.List.foreach(List.scala:333)
[error]     at dotty.communitybuild.CommunityBuildRunner$.run(CommunityBuildRunner.scala:24)
[error]     at dotty.communitybuild.CommunityBuildTestC.cask(CommunityBuildTest.scala:63)
[error]     at jdk.internal.reflect.NativeMethodAccessorImpl.invoke0(Native Method)
[error]     at jdk.internal.reflect.NativeMethodAccessorImpl.invoke(Unknown Source)
[error]     at jdk.internal.reflect.DelegatingMethodAccessorImpl.invoke(Unknown Source)
[error]     at java.lang.reflect.Method.invoke(Unknown Source)
[error]     ...
[info] Test run dotty.communitybuild.CommunityBuildTestC finished: 1 failed, 0 ignored, 1 total, 253.755s
********************************************************************************
Failed projects:
 - dotty.communitybuild.CommunityBuildTestC.cask
********************************************************************************
[info] Test run dotty.communitybuild.CommunityBuildTestB started
[info] Test run dotty.communitybuild.CommunityBuildTestB finished: 0 failed, 0 ignored, 0 total, 0.0s
[error] Failed: Total 1, Failed 1, Errors 0, Passed 0
[error] Failed tests:
[error] 	dotty.communitybuild.CommunityBuildTestC
[error] (community-build / Test / testOnly) sbt.TestsFailedException: Tests unsuccessful
[error] Total time: 293 s (04:53), completed Jun 14, 2023, 1:21:36 AM
