[info] welcome to sbt 1.8.0 (Oracle Corporation Java 9.0.4)
[info] loading global plugins from /Users/y3536zha/.sbt/1.0/plugins
[info] loading settings for project dotty-build-build from build.sbt ...
[info] loading project definition from /Users/y3536zha/Desktop/scala_no_change/dotty/project/project
[info] loading settings for project dotty-build from build.sbt,plugins.sbt ...
[info] loading project definition from /Users/y3536zha/Desktop/scala_no_change/dotty/project
[info] loading settings for project scala3 from build.sbt ...
[info] resolving key references (31394 settings) ...
[info] set current project to scala3 (in build file:/Users/y3536zha/Desktop/scala_no_change/dotty/)
SLF4J: No SLF4J providers were found.
SLF4J: Defaulting to no-operation (NOP) logger implementation
SLF4J: See https://www.slf4j.org/codes.html#noProviders for further details.
SLF4J: Class path contains SLF4J bindings targeting slf4j-api versions 1.7.x or earlier.
SLF4J: Ignoring binding found at [jar:file:/Users/y3536zha/.sbt/boot/scala-2.12.17/org.scala-sbt/sbt/1.8.0/log4j-slf4j-impl-2.17.1.jar!/org/slf4j/impl/StaticLoggerBinder.class]
SLF4J: See https://www.slf4j.org/codes.html#ignoredBindings for an explanation.
[info] Wrote /Users/y3536zha/Desktop/scala_no_change/dotty/tasty/../out/bootstrap/tasty-core-bootstrapped/scala-3.3.1-RC1-bin-SNAPSHOT-nonbootstrapped/tasty-core_3-3.3.1-RC1-bin-SNAPSHOT.pom
[info] Wrote /Users/y3536zha/Desktop/scala_no_change/dotty/library/../out/bootstrap/scala3-library-bootstrapped/scala-3.3.1-RC1-bin-SNAPSHOT-nonbootstrapped/scala3-library_3-3.3.1-RC1-bin-SNAPSHOT.pom
[info] Wrote /Users/y3536zha/Desktop/scala_no_change/dotty/library-js/../out/bootstrap/scala3-library-bootstrappedJS/scala-3.3.1-RC1-bin-SNAPSHOT-nonbootstrapped/scala3-library_sjs1_3-3.3.1-RC1-bin-SNAPSHOT.pom
[info] Wrote /Users/y3536zha/Desktop/scala_no_change/dotty/interfaces/target/scala3-interfaces-3.3.1-RC1-bin-SNAPSHOT.pom
[info] Wrote /Users/y3536zha/Desktop/scala_no_change/dotty/sbt-community-build/target/scala-2.12/sbt-1.0/sbt-community-build-0.1.0-SNAPSHOT.pom
[info] Wrote /Users/y3536zha/Desktop/scala_no_change/dotty/compiler/../out/bootstrap/scala3-compiler-bootstrapped/scala-3.3.1-RC1-bin-SNAPSHOT-nonbootstrapped/scala3-compiler_3-3.3.1-RC1-bin-SNAPSHOT.pom
[info] Wrote /Users/y3536zha/Desktop/scala_no_change/dotty/sbt-bridge/src/target/scala3-sbt-bridge-3.3.1-RC1-bin-SNAPSHOT.pom
[info] Wrote /Users/y3536zha/Desktop/scala_no_change/dotty/tasty-inspector/../out/bootstrap/scala3-tasty-inspector/scala-3.3.1-RC1-bin-SNAPSHOT-nonbootstrapped/scala3-tasty-inspector_3-3.3.1-RC1-bin-SNAPSHOT.pom
[info] Wrote /Users/y3536zha/Desktop/scala_no_change/dotty/scaladoc/../out/bootstrap/scaladoc/scala-3.3.1-RC1-bin-SNAPSHOT-nonbootstrapped/scaladoc_3-3.3.1-RC1-bin-SNAPSHOT.pom
[info] :: delivering :: org.scala-lang#scala3-interfaces;3.3.1-RC1-bin-SNAPSHOT :: 3.3.1-RC1-bin-SNAPSHOT :: integration :: Wed Jun 14 02:50:08 EDT 2023
[info] 	delivering ivy file to /Users/y3536zha/Desktop/scala_no_change/dotty/interfaces/target/ivy-3.3.1-RC1-bin-SNAPSHOT.xml
[info] 	published scala3-interfaces to /Users/y3536zha/.ivy2/local/org.scala-lang/scala3-interfaces/3.3.1-RC1-bin-SNAPSHOT/poms/scala3-interfaces.pom
[info] 	published scala3-interfaces to /Users/y3536zha/.ivy2/local/org.scala-lang/scala3-interfaces/3.3.1-RC1-bin-SNAPSHOT/jars/scala3-interfaces.jar
[info] 	published scala3-interfaces to /Users/y3536zha/.ivy2/local/org.scala-lang/scala3-interfaces/3.3.1-RC1-bin-SNAPSHOT/srcs/scala3-interfaces-sources.jar
[info] 	published scala3-interfaces to /Users/y3536zha/.ivy2/local/org.scala-lang/scala3-interfaces/3.3.1-RC1-bin-SNAPSHOT/docs/scala3-interfaces-javadoc.jar
[info] 	published ivy to /Users/y3536zha/.ivy2/local/org.scala-lang/scala3-interfaces/3.3.1-RC1-bin-SNAPSHOT/ivys/ivy.xml
[info] :: delivering :: ch.epfl.lamp#sbt-community-build;0.1.0-SNAPSHOT :: 0.1.0-SNAPSHOT :: integration :: Wed Jun 14 02:50:08 EDT 2023
[info] 	delivering ivy file to /Users/y3536zha/Desktop/scala_no_change/dotty/sbt-community-build/target/scala-2.12/sbt-1.0/ivy-0.1.0-SNAPSHOT.xml
[info] 	published sbt-community-build to /Users/y3536zha/.ivy2/local/ch.epfl.lamp/sbt-community-build/scala_2.12/sbt_1.0/0.1.0-SNAPSHOT/poms/sbt-community-build.pom
[info] 	published sbt-community-build to /Users/y3536zha/.ivy2/local/ch.epfl.lamp/sbt-community-build/scala_2.12/sbt_1.0/0.1.0-SNAPSHOT/jars/sbt-community-build.jar
[info] 	published sbt-community-build to /Users/y3536zha/.ivy2/local/ch.epfl.lamp/sbt-community-build/scala_2.12/sbt_1.0/0.1.0-SNAPSHOT/srcs/sbt-community-build-sources.jar
[info] 	published sbt-community-build to /Users/y3536zha/.ivy2/local/ch.epfl.lamp/sbt-community-build/scala_2.12/sbt_1.0/0.1.0-SNAPSHOT/docs/sbt-community-build-javadoc.jar
[info] 	published ivy to /Users/y3536zha/.ivy2/local/ch.epfl.lamp/sbt-community-build/scala_2.12/sbt_1.0/0.1.0-SNAPSHOT/ivys/ivy.xml
[info] waiting for lock on /Users/y3536zha/.ivy2/.sbt.ivy.lock to be available...
[info] :: delivering :: org.scala-lang#scala3-sbt-bridge;3.3.1-RC1-bin-SNAPSHOT :: 3.3.1-RC1-bin-SNAPSHOT :: integration :: Wed Jun 14 02:50:15 EDT 2023
[info] 	delivering ivy file to /Users/y3536zha/Desktop/scala_no_change/dotty/sbt-bridge/src/target/ivy-3.3.1-RC1-bin-SNAPSHOT.xml
[info] waiting for lock on /Users/y3536zha/.ivy2/.sbt.ivy.lock to be available...
[info] 	published scala3-sbt-bridge to /Users/y3536zha/.ivy2/local/org.scala-lang/scala3-sbt-bridge/3.3.1-RC1-bin-SNAPSHOT/poms/scala3-sbt-bridge.pom
[info] 	published scala3-sbt-bridge to /Users/y3536zha/.ivy2/local/org.scala-lang/scala3-sbt-bridge/3.3.1-RC1-bin-SNAPSHOT/jars/scala3-sbt-bridge.jar
[info] 	published scala3-sbt-bridge to /Users/y3536zha/.ivy2/local/org.scala-lang/scala3-sbt-bridge/3.3.1-RC1-bin-SNAPSHOT/srcs/scala3-sbt-bridge-sources.jar
[info] 	published scala3-sbt-bridge to /Users/y3536zha/.ivy2/local/org.scala-lang/scala3-sbt-bridge/3.3.1-RC1-bin-SNAPSHOT/docs/scala3-sbt-bridge-javadoc.jar
[info] 	published ivy to /Users/y3536zha/.ivy2/local/org.scala-lang/scala3-sbt-bridge/3.3.1-RC1-bin-SNAPSHOT/ivys/ivy.xml
[info] :: delivering :: org.scala-lang#tasty-core_3;3.3.1-RC1-bin-SNAPSHOT :: 3.3.1-RC1-bin-SNAPSHOT :: integration :: Wed Jun 14 02:50:19 EDT 2023
[info] 	delivering ivy file to /Users/y3536zha/Desktop/scala_no_change/dotty/out/bootstrap/tasty-core-bootstrapped/scala-3.3.1-RC1-bin-SNAPSHOT-nonbootstrapped/ivy-3.3.1-RC1-bin-SNAPSHOT.xml
[info] 	published tasty-core_3 to /Users/y3536zha/.ivy2/local/org.scala-lang/tasty-core_3/3.3.1-RC1-bin-SNAPSHOT/poms/tasty-core_3.pom
[info] 	published tasty-core_3 to /Users/y3536zha/.ivy2/local/org.scala-lang/tasty-core_3/3.3.1-RC1-bin-SNAPSHOT/jars/tasty-core_3.jar
[info] 	published tasty-core_3 to /Users/y3536zha/.ivy2/local/org.scala-lang/tasty-core_3/3.3.1-RC1-bin-SNAPSHOT/srcs/tasty-core_3-sources.jar
[info] 	published tasty-core_3 to /Users/y3536zha/.ivy2/local/org.scala-lang/tasty-core_3/3.3.1-RC1-bin-SNAPSHOT/docs/tasty-core_3-javadoc.jar
[info] 	published ivy to /Users/y3536zha/.ivy2/local/org.scala-lang/tasty-core_3/3.3.1-RC1-bin-SNAPSHOT/ivys/ivy.xml
[info] Main Scala API documentation to /Users/y3536zha/Desktop/scala_no_change/dotty/library/../out/bootstrap/scala3-library-bootstrapped/scala-3.3.1-RC1-bin-SNAPSHOT-nonbootstrapped/api...
[info] Main Scala API documentation to /Users/y3536zha/Desktop/scala_no_change/dotty/library-js/../out/bootstrap/scala3-library-bootstrappedJS/scala-3.3.1-RC1-bin-SNAPSHOT-nonbootstrapped/api...
[info] :: delivering :: org.scala-lang#scala3-tasty-inspector_3;3.3.1-RC1-bin-SNAPSHOT :: 3.3.1-RC1-bin-SNAPSHOT :: integration :: Wed Jun 14 02:50:20 EDT 2023
[info] 	delivering ivy file to /Users/y3536zha/Desktop/scala_no_change/dotty/out/bootstrap/scala3-tasty-inspector/scala-3.3.1-RC1-bin-SNAPSHOT-nonbootstrapped/ivy-3.3.1-RC1-bin-SNAPSHOT.xml
[info] 	published scala3-tasty-inspector_3 to /Users/y3536zha/.ivy2/local/org.scala-lang/scala3-tasty-inspector_3/3.3.1-RC1-bin-SNAPSHOT/poms/scala3-tasty-inspector_3.pom
[info] 	published scala3-tasty-inspector_3 to /Users/y3536zha/.ivy2/local/org.scala-lang/scala3-tasty-inspector_3/3.3.1-RC1-bin-SNAPSHOT/jars/scala3-tasty-inspector_3.jar
[info] 	published scala3-tasty-inspector_3 to /Users/y3536zha/.ivy2/local/org.scala-lang/scala3-tasty-inspector_3/3.3.1-RC1-bin-SNAPSHOT/srcs/scala3-tasty-inspector_3-sources.jar
[info] 	published scala3-tasty-inspector_3 to /Users/y3536zha/.ivy2/local/org.scala-lang/scala3-tasty-inspector_3/3.3.1-RC1-bin-SNAPSHOT/docs/scala3-tasty-inspector_3-javadoc.jar
[info] 	published ivy to /Users/y3536zha/.ivy2/local/org.scala-lang/scala3-tasty-inspector_3/3.3.1-RC1-bin-SNAPSHOT/ivys/ivy.xml
[info] :: delivering :: org.scala-lang#scaladoc_3;3.3.1-RC1-bin-SNAPSHOT :: 3.3.1-RC1-bin-SNAPSHOT :: integration :: Wed Jun 14 02:50:20 EDT 2023
[info] 	delivering ivy file to /Users/y3536zha/Desktop/scala_no_change/dotty/out/bootstrap/scaladoc/scala-3.3.1-RC1-bin-SNAPSHOT-nonbootstrapped/ivy-3.3.1-RC1-bin-SNAPSHOT.xml
[info] 	published scaladoc_3 to /Users/y3536zha/.ivy2/local/org.scala-lang/scaladoc_3/3.3.1-RC1-bin-SNAPSHOT/poms/scaladoc_3.pom
[info] 	published scaladoc_3 to /Users/y3536zha/.ivy2/local/org.scala-lang/scaladoc_3/3.3.1-RC1-bin-SNAPSHOT/jars/scaladoc_3.jar
[info] 	published scaladoc_3 to /Users/y3536zha/.ivy2/local/org.scala-lang/scaladoc_3/3.3.1-RC1-bin-SNAPSHOT/srcs/scaladoc_3-sources.jar
[info] 	published scaladoc_3 to /Users/y3536zha/.ivy2/local/org.scala-lang/scaladoc_3/3.3.1-RC1-bin-SNAPSHOT/docs/scaladoc_3-javadoc.jar
[info] 	published ivy to /Users/y3536zha/.ivy2/local/org.scala-lang/scaladoc_3/3.3.1-RC1-bin-SNAPSHOT/ivys/ivy.xml
[warn] bad option '-project-version 3.3.1-RC1-bin-SNAPSHOT' was ignored
[warn] Setting -skip-by-regex set to .+\.internal($|\..+) redundantly
[warn] Setting -skip-by-regex set to .+\.impl($|\..+) redundantly
[warn] Setting -skip-by-id set to scala.runtime.stdLibPatches redundantly
[warn] Setting -skip-by-id set to scala.runtime.MatchCase redundantly
[warn] bad option '-project-logo docs/_assets/images/logo.svg' was ignored
[warn] Setting -social-links set to github::https://github.com/lampepfl/dotty redundantly
[warn] Setting -social-links set to discord::https://discord.com/invite/scala redundantly
[warn] Setting -social-links set to twitter::https://twitter.com/scala_lang redundantly
[warn] bad option '-project-footer "Copyright (c) 2002-2023, LAMP/EPFL"' was ignored
[warn] Setting -skip-by-regex set to .+\.internal($|\..+) redundantly
[warn] Setting -skip-by-regex set to .+\.impl($|\..+) redundantly
[warn] Flag -project-logo set repeatedly
[warn] Setting -social-links set to github::https://github.com/lampepfl/dotty redundantly
[warn] Setting -social-links set to discord::https://discord.com/invite/scala redundantly
[warn] Setting -social-links set to twitter::https://twitter.com/scala_lang redundantly
[warn] Setting -skip-by-id set to scala.runtime.stdLibPatches redundantly
[warn] Setting -skip-by-id set to scala.runtime.MatchCase redundantly
[warn] Flag -project-footer set repeatedly
[warn] Flag -author set repeatedly
[warn] Flag -groups set repeatedly
[warn] Flag -default-template set repeatedly
[warn] Setting -external-mappings set to .*scala/.*::scaladoc3::https://dotty.epfl.ch/api/ redundantly
[warn] Setting -external-mappings set to .*java/.*::javadoc::https://docs.oracle.com/javase/8/docs/api/ redundantly
[warn] bad option '-project-version 3.3.1-RC1-bin-SNAPSHOT' was ignored
[warn] Setting -skip-by-regex set to .+\.internal($|\..+) redundantly
[warn] Setting -skip-by-regex set to .+\.impl($|\..+) redundantly
[warn] Setting -skip-by-id set to scala.runtime.stdLibPatches redundantly
[warn] Setting -skip-by-id set to scala.runtime.MatchCase redundantly
[warn] bad option '-project-logo docs/_assets/images/logo.svg' was ignored
[warn] Setting -social-links set to github::https://github.com/lampepfl/dotty redundantly
[warn] Setting -social-links set to discord::https://discord.com/invite/scala redundantly
[warn] Setting -social-links set to twitter::https://twitter.com/scala_lang redundantly
[warn] bad option '-project-footer "Copyright (c) 2002-2023, LAMP/EPFL"' was ignored
[warn] bad option '-default-template static-site-main' was ignored
[warn] Flag -author set repeatedly
[warn] Flag -groups set repeatedly
[warn] bad option '-default-template static-site-main' was ignored
[warn] Flag -author set repeatedly
[warn] Flag -groups set repeatedly
[info] Skipping unused scalacOptions: -Werror, -Yno-experimental, -Yexplicit-nulls
[info] Skipping unused scalacOptions: -Werror, -Yno-experimental, -Yexplicit-nulls
[info] :: delivering :: org.scala-lang#scala3-compiler_3;3.3.1-RC1-bin-SNAPSHOT :: 3.3.1-RC1-bin-SNAPSHOT :: integration :: Wed Jun 14 02:50:27 EDT 2023
[info] 	delivering ivy file to /Users/y3536zha/Desktop/scala_no_change/dotty/out/bootstrap/scala3-compiler-bootstrapped/scala-3.3.1-RC1-bin-SNAPSHOT-nonbootstrapped/ivy-3.3.1-RC1-bin-SNAPSHOT.xml
[info] 	published scala3-compiler_3 to /Users/y3536zha/.ivy2/local/org.scala-lang/scala3-compiler_3/3.3.1-RC1-bin-SNAPSHOT/poms/scala3-compiler_3.pom
[info] 	published scala3-compiler_3 to /Users/y3536zha/.ivy2/local/org.scala-lang/scala3-compiler_3/3.3.1-RC1-bin-SNAPSHOT/jars/scala3-compiler_3.jar
[info] 	published scala3-compiler_3 to /Users/y3536zha/.ivy2/local/org.scala-lang/scala3-compiler_3/3.3.1-RC1-bin-SNAPSHOT/srcs/scala3-compiler_3-sources.jar
[info] 	published scala3-compiler_3 to /Users/y3536zha/.ivy2/local/org.scala-lang/scala3-compiler_3/3.3.1-RC1-bin-SNAPSHOT/docs/scala3-compiler_3-javadoc.jar
[info] 	published ivy to /Users/y3536zha/.ivy2/local/org.scala-lang/scala3-compiler_3/3.3.1-RC1-bin-SNAPSHOT/ivys/ivy.xml
[warn] -- Warning: library/src/scala/util/FromDigits.scala:21:6 -----------------------
[warn] 21 |  def fromDigits(digits: String): T
[warn]    |      ^
[warn]    |      No DRI found for query: MalformedNumber
[warn] -- Warning: library/src/scala/util/FromDigits.scala:21:6 -----------------------
[warn] 21 |  def fromDigits(digits: String): T
[warn]    |      ^
[warn]    |      No DRI found for query: MalformedNumber
[error] -- [E069] Naming Error: /Users/y3536zha/Desktop/scala_no_change/dotty/library/src/scala/IArray.scala:13:7 
[error] 13 |object IArray:
[error]    |       ^
[error]    |object IArray cannot have the same name as object IArray in package scala -- cannot define object member with the same name as a object member in self reference _.
[error]    |(Note: this can be resolved by using another name)
[error] -- [E069] Naming Error: /Users/y3536zha/Desktop/scala_no_change/dotty/library/src/scala/IArray.scala:13:7 
[error] 13 |object IArray:
[error]    |       ^
[error]    |object IArray cannot have the same name as object IArray in package scala -- cannot define object member with the same name as a object member in self reference _.
[error]    |(Note: this can be resolved by using another name)
[warn] 14 warnings found
[warn] 28 warnings found
[error] one error found
[error] one error found
[info] :: delivering :: org.scala-lang#scala3-library_3;3.3.1-RC1-bin-SNAPSHOT :: 3.3.1-RC1-bin-SNAPSHOT :: integration :: Wed Jun 14 02:51:07 EDT 2023
[info] 	delivering ivy file to /Users/y3536zha/Desktop/scala_no_change/dotty/out/bootstrap/scala3-library-bootstrapped/scala-3.3.1-RC1-bin-SNAPSHOT-nonbootstrapped/ivy-3.3.1-RC1-bin-SNAPSHOT.xml
[info] 	published scala3-library_3 to /Users/y3536zha/.ivy2/local/org.scala-lang/scala3-library_3/3.3.1-RC1-bin-SNAPSHOT/poms/scala3-library_3.pom
[info] 	published scala3-library_3 to /Users/y3536zha/.ivy2/local/org.scala-lang/scala3-library_3/3.3.1-RC1-bin-SNAPSHOT/jars/scala3-library_3.jar
[info] 	published scala3-library_3 to /Users/y3536zha/.ivy2/local/org.scala-lang/scala3-library_3/3.3.1-RC1-bin-SNAPSHOT/srcs/scala3-library_3-sources.jar
[info] 	published scala3-library_3 to /Users/y3536zha/.ivy2/local/org.scala-lang/scala3-library_3/3.3.1-RC1-bin-SNAPSHOT/docs/scala3-library_3-javadoc.jar
[info] 	published ivy to /Users/y3536zha/.ivy2/local/org.scala-lang/scala3-library_3/3.3.1-RC1-bin-SNAPSHOT/ivys/ivy.xml
[info] :: delivering :: org.scala-lang#scala3-library_sjs1_3;3.3.1-RC1-bin-SNAPSHOT :: 3.3.1-RC1-bin-SNAPSHOT :: integration :: Wed Jun 14 02:51:07 EDT 2023
[info] 	delivering ivy file to /Users/y3536zha/Desktop/scala_no_change/dotty/out/bootstrap/scala3-library-bootstrappedJS/scala-3.3.1-RC1-bin-SNAPSHOT-nonbootstrapped/ivy-3.3.1-RC1-bin-SNAPSHOT.xml
[info] 	published scala3-library_sjs1_3 to /Users/y3536zha/.ivy2/local/org.scala-lang/scala3-library_sjs1_3/3.3.1-RC1-bin-SNAPSHOT/poms/scala3-library_sjs1_3.pom
[info] 	published scala3-library_sjs1_3 to /Users/y3536zha/.ivy2/local/org.scala-lang/scala3-library_sjs1_3/3.3.1-RC1-bin-SNAPSHOT/jars/scala3-library_sjs1_3.jar
[info] 	published scala3-library_sjs1_3 to /Users/y3536zha/.ivy2/local/org.scala-lang/scala3-library_sjs1_3/3.3.1-RC1-bin-SNAPSHOT/srcs/scala3-library_sjs1_3-sources.jar
[info] 	published scala3-library_sjs1_3 to /Users/y3536zha/.ivy2/local/org.scala-lang/scala3-library_sjs1_3/3.3.1-RC1-bin-SNAPSHOT/docs/scala3-library_sjs1_3-javadoc.jar
[info] 	published ivy to /Users/y3536zha/.ivy2/local/org.scala-lang/scala3-library_sjs1_3/3.3.1-RC1-bin-SNAPSHOT/ivys/ivy.xml
[info] Test run dotty.communitybuild.CommunityBuildTestA started
[info] Test run dotty.communitybuild.CommunityBuildTestA finished: 0 failed, 0 ignored, 0 total, 0.0s
[info] Test run dotty.communitybuild.CommunityBuildTestC started
[info] Test dotty.communitybuild.CommunityBuildTestC.scas started
[32m[STARTING scas][0m
[32m[DEPENDENCIES DONE, NOW ACTUALLY RUNNING scas][0m
[32mBuilding scas with dotty-bootstrapped 3.3.1-RC1-bin-SNAPSHOT...[0m
[32m./mill -i -D dottyVersion=3.3.1-RC1-bin-SNAPSHOT scas.application.test[0m
Compiling /Users/y3536zha/Desktop/scala_no_change/dotty/community-build/community-projects/scas/build.sc
[1/75] scas.application.mainClass 
[1A[2K[9999D[2/75] mill.scalalib.ZincWorkerModule.classpath 
[1A[2K[9999D[3/75] mill.scalalib.ZincWorkerModule.worker 
[1A[2K[9999D[4/75] scas.application.scalaVersion 
[1A[2K[9999D[5/75] scas.scalaVersion 
[1A[2K[9999D[6/75] scas.upstreamCompileOutput 
[1A[2K[9999D[7/75] scas.sources 
[1A[2K[9999D[8/75] scas.generatedSources 
[1A[2K[9999D[9/75] scas.allSources 
[1A[2K[9999D[10/75] scas.allSourceFiles 
[1A[2K[9999D[11/75] scas.transitiveLocalClasspath 
[1A[2K[9999D[12/75] scas.resources 
[1A[2K[9999D[13/75] scas.unmanagedClasspath 
[1A[2K[9999D[14/75] scas.platformSuffix 
[1A[2K[9999D[15/75] scas.compileIvyDeps 
[1A[2K[9999D[16/75] scas.transitiveCompileIvyDeps 
[1A[2K[9999D[17/75] scas.ivyDeps 
[1A[2K[9999D[18/75] scas.mandatoryIvyDeps.overridden.mill.scalalib.JavaModule.mandatoryIvyDeps 
[1A[2K[9999D[19/75] scas.scalaOrganization 
[1A[2K[9999D[20/75] scas.scalaLibraryIvyDeps 
[1A[2K[9999D[21/75] scas.mandatoryIvyDeps 
[1A[2K[9999D[22/75] scas.transitiveIvyDeps 
[1A[2K[9999D[23/75] scas.resolvedIvyDeps 
[1A[2K[9999D[24/75] scas.compileClasspath 
[1A[2K[9999D[25/75] scas.javacOptions 
[1A[2K[9999D[26/75] scas.mandatoryScalacOptions 
[1A[2K[9999D[27/75] scas.scalacPluginIvyDeps 
[1A[2K[9999D[28/75] scas.enablePluginScalacOptions 
[1A[2K[9999D[29/75] scas.scalacOptions 
[1A[2K[9999D[30/75] scas.allScalacOptions 
[1A[2K[9999D[31/75] scas.scalaCompilerClasspath 
[1A[2K[9999D[32/75] scas.scalacPluginClasspath 
[1A[2K[9999D[33/75] scas.compile 
[info] compiling 96 Scala sources to /Users/y3536zha/Desktop/scala_no_change/dotty/community-build/community-projects/scas/out/scas/compile.dest/classes ...
[warn] -- Warning: /Users/y3536zha/Desktop/scala_no_change/dotty/community-build/community-projects/scas/scas/src/scas/module/ArrayModule.scala:15:24 
[warn] 15 |      if (x(i) <> y(i)) return false
[warn]    |                        ^^^^^^^^^^^^
[warn]    |Non local returns are no longer supported; use `boundary` and `boundary.break` in `scala.util` instead
[warn] there were 3 deprecation warnings; re-run with -deprecation for details
[warn] two warnings found
[info] done compiling
[34/75] scas.application.upstreamCompileOutput 
[1A[2K[9999D[35/75] scas.application.sources 
[1A[2K[9999D[36/75] scas.application.generatedSources 
[1A[2K[9999D[37/75] scas.application.allSources 
[1A[2K[9999D[38/75] scas.application.allSourceFiles 
[1A[2K[9999D[39/75] scas.localClasspath 
[1A[2K[9999D[40/75] scas.application.transitiveLocalClasspath 
[1A[2K[9999D[41/75] scas.application.resources 
[1A[2K[9999D[42/75] scas.application.unmanagedClasspath 
[1A[2K[9999D[43/75] scas.application.platformSuffix 
[1A[2K[9999D[44/75] scas.application.compileIvyDeps 
[1A[2K[9999D[45/75] scas.application.transitiveCompileIvyDeps 
[1A[2K[9999D[46/75] scas.application.ivyDeps 
[1A[2K[9999D[47/75] scas.application.mandatoryIvyDeps.overridden.mill.scalalib.JavaModule.mandatoryIvyDeps 
[1A[2K[9999D[48/75] scas.application.scalaOrganization 
[1A[2K[9999D[49/75] scas.application.scalaLibraryIvyDeps 
[1A[2K[9999D[50/75] scas.application.mandatoryIvyDeps 
[1A[2K[9999D[51/75] scas.application.transitiveIvyDeps 
[1A[2K[9999D[52/75] scas.application.resolvedIvyDeps 
[1A[2K[9999D[53/75] scas.application.compileClasspath 
[1A[2K[9999D[54/75] scas.application.javacOptions 
[1A[2K[9999D[55/75] scas.application.mandatoryScalacOptions 
[1A[2K[9999D[56/75] scas.application.scalacPluginIvyDeps 
[1A[2K[9999D[57/75] scas.application.enablePluginScalacOptions 
[1A[2K[9999D[58/75] scas.application.scalacOptions 
[1A[2K[9999D[59/75] scas.application.allScalacOptions 
[1A[2K[9999D[60/75] scas.application.scalaCompilerClasspath 
[1A[2K[9999D[61/75] scas.application.scalacPluginClasspath 
[1A[2K[9999D[62/75] scas.application.compile 
[info] compiling 21 Scala sources to /Users/y3536zha/Desktop/scala_no_change/dotty/community-build/community-projects/scas/out/scas/application/compile.dest/classes ...
[error] ## Exception when compiling 21 sources to /Users/y3536zha/Desktop/scala_no_change/dotty/community-build/community-projects/scas/out/scas/application/compile.dest/classes
[error] java.lang.NoClassDefFoundError: dotty/tools/dotc/core/Types$ErrorType
[error] dotty.tools.dotc.core.Contexts$.<clinit>(Contexts.scala:55)
[error] dotty.tools.dotc.core.Contexts$FreshContext$.initial(Contexts.scala:720)
[error] dotty.tools.dotc.core.Contexts$ContextBase.<init>(Contexts.scala:853)
[error] dotty.tools.dotc.Driver.initCtx(Driver.scala:61)
[error] dotty.tools.xsbt.CompilerBridgeDriver.run(CompilerBridgeDriver.java:58)
[error] dotty.tools.xsbt.CompilerBridge.run(CompilerBridge.java:22)
[error] sbt.internal.inc.AnalyzingCompiler.compile(AnalyzingCompiler.scala:91)
[error] sbt.internal.inc.MixedAnalyzingCompiler.$anonfun$compile$7(MixedAnalyzingCompiler.scala:192)
[error] scala.runtime.java8.JFunction0$mcV$sp.apply(JFunction0$mcV$sp.scala:18)
[error] sbt.internal.inc.MixedAnalyzingCompiler.timed(MixedAnalyzingCompiler.scala:247)
[error] sbt.internal.inc.MixedAnalyzingCompiler.$anonfun$compile$4(MixedAnalyzingCompiler.scala:182)
[error] sbt.internal.inc.MixedAnalyzingCompiler.$anonfun$compile$4$adapted(MixedAnalyzingCompiler.scala:163)
[error] sbt.internal.inc.JarUtils$.withPreviousJar(JarUtils.scala:239)
[error] sbt.internal.inc.MixedAnalyzingCompiler.compileScala$1(MixedAnalyzingCompiler.scala:163)
[error] sbt.internal.inc.MixedAnalyzingCompiler.compile(MixedAnalyzingCompiler.scala:210)
[error] sbt.internal.inc.IncrementalCompilerImpl.$anonfun$compileInternal$1(IncrementalCompilerImpl.scala:528)
[error] sbt.internal.inc.IncrementalCompilerImpl.$anonfun$compileInternal$1$adapted(IncrementalCompilerImpl.scala:528)
[error] sbt.internal.inc.Incremental$.$anonfun$apply$5(Incremental.scala:177)
[error] sbt.internal.inc.Incremental$.$anonfun$apply$5$adapted(Incremental.scala:175)
[error] sbt.internal.inc.Incremental$$anon$2.run(Incremental.scala:461)
[error] sbt.internal.inc.IncrementalCommon$CycleState.next(IncrementalCommon.scala:116)
[error] sbt.internal.inc.IncrementalCommon$$anon$1.next(IncrementalCommon.scala:56)
[error] sbt.internal.inc.IncrementalCommon$$anon$1.next(IncrementalCommon.scala:52)
[error] sbt.internal.inc.IncrementalCommon.cycle(IncrementalCommon.scala:263)
[error] sbt.internal.inc.Incremental$.$anonfun$incrementalCompile$8(Incremental.scala:416)
[error] sbt.internal.inc.Incremental$.withClassfileManager(Incremental.scala:503)
[error] sbt.internal.inc.Incremental$.incrementalCompile(Incremental.scala:403)
[error] sbt.internal.inc.Incremental$.apply(Incremental.scala:169)
[error] sbt.internal.inc.IncrementalCompilerImpl.compileInternal(IncrementalCompilerImpl.scala:528)
[error] sbt.internal.inc.IncrementalCompilerImpl.$anonfun$compileIncrementally$1(IncrementalCompilerImpl.scala:482)
[error] sbt.internal.inc.IncrementalCompilerImpl.handleCompilationError(IncrementalCompilerImpl.scala:332)
[error] sbt.internal.inc.IncrementalCompilerImpl.compileIncrementally(IncrementalCompilerImpl.scala:420)
[error] sbt.internal.inc.IncrementalCompilerImpl.compile(IncrementalCompilerImpl.scala:137)
[error] mill.scalalib.worker.ZincWorkerImpl.compileInternal(ZincWorkerImpl.scala:545)
[error] mill.scalalib.worker.ZincWorkerImpl.$anonfun$compileMixed0$1(ZincWorkerImpl.scala:317)
[error] mill.api.FixSizedCache.withCachedValue(FixSizedCache.scala:66)
[error] mill.scalalib.worker.ZincWorkerImpl.withCompilers(ZincWorkerImpl.scala:399)
[error] mill.scalalib.worker.ZincWorkerImpl.compileMixed0(ZincWorkerImpl.scala:316)
[error] mill.scalalib.worker.ZincWorkerImpl.compileMixed(ZincWorkerImpl.scala:284)
[error] mill.scalalib.ScalaModule.$anonfun$compile$2(ScalaModule.scala:195)
[error] mill.define.Task$TraverseCtx.evaluate(Task.scala:380)
[error] mill.eval.Evaluator.$anonfun$evaluateGroup$13(Evaluator.scala:627)
[error] scala.util.DynamicVariable.withValue(DynamicVariable.scala:59)
[error] scala.Console$.withErr(Console.scala:193)
[error] mill.eval.Evaluator.$anonfun$evaluateGroup$12(Evaluator.scala:627)
[error] scala.util.DynamicVariable.withValue(DynamicVariable.scala:59)
[error] scala.Console$.withOut(Console.scala:164)
[error] mill.eval.Evaluator.$anonfun$evaluateGroup$11(Evaluator.scala:626)
[error] scala.util.DynamicVariable.withValue(DynamicVariable.scala:59)
[error] scala.Console$.withIn(Console.scala:227)
[error] mill.eval.Evaluator.$anonfun$evaluateGroup$8(Evaluator.scala:625)
[error] mill.eval.Evaluator.$anonfun$evaluateGroup$8$adapted(Evaluator.scala:586)
[error] scala.collection.immutable.Vector.foreach(Vector.scala:1856)
[error] mill.eval.Evaluator.evaluateGroup(Evaluator.scala:586)
[error] mill.eval.Evaluator.$anonfun$evaluateGroupCached$21(Evaluator.scala:478)
[error] scala.util.DynamicVariable.withValue(DynamicVariable.scala:59)
[error] mill.eval.Evaluator.evaluateGroupCached(Evaluator.scala:469)
[error] mill.eval.Evaluator.$anonfun$sequentialEvaluate$2(Evaluator.scala:202)
[error] scala.collection.IterableOnceOps.foreach(IterableOnce.scala:563)
[error] scala.collection.IterableOnceOps.foreach$(IterableOnce.scala:561)
[error] scala.collection.AbstractIterator.foreach(Iterator.scala:1293)
[error] mill.eval.Evaluator.sequentialEvaluate(Evaluator.scala:177)
[error] mill.eval.Evaluator.evaluate(Evaluator.scala:162)
[error] mill.main.RunScript$.evaluateNamed(RunScript.scala:364)
[error] mill.main.RunScript$.evaluate(RunScript.scala:349)
[error] mill.main.RunScript$.$anonfun$evaluateTasks$1(RunScript.scala:314)
[error] scala.util.Either.map(Either.scala:382)
[error] mill.main.RunScript$.evaluateTasks(RunScript.scala:312)
[error] mill.main.RunScript$.$anonfun$runScript$8(RunScript.scala:105)
[error] ammonite.util.Res$Success.flatMap(Res.scala:62)
[error] mill.main.RunScript$.runScript(RunScript.scala:104)
[error] mill.main.MainRunner.$anonfun$runScript$1(MainRunner.scala:119)
[error] mill.main.MainRunner.watchLoop2(MainRunner.scala:67)
[error] mill.main.MainRunner.runScript(MainRunner.scala:92)
[error] mill.MillMain$.main0(MillMain.scala:310)
[error] mill.MillMain$.main(MillMain.scala:52)
[error] mill.MillMain.main(MillMain.scala)
[error] java.base/jdk.internal.reflect.NativeMethodAccessorImpl.invoke0(Native Method)
[error] java.base/jdk.internal.reflect.NativeMethodAccessorImpl.invoke(Unknown Source)
[error] java.base/jdk.internal.reflect.DelegatingMethodAccessorImpl.invoke(Unknown Source)
[error] java.base/java.lang.reflect.Method.invoke(Unknown Source)
[error] mill.main.client.IsolatedMillMainLoader.runMain(IsolatedMillMainLoader.java:58)
[error] mill.main.client.MillClientMain.main(MillClientMain.java:67)
[error]            
Exception in thread "main" java.lang.reflect.InvocationTargetException
	at java.base/jdk.internal.reflect.NativeMethodAccessorImpl.invoke0(Native Method)
	at java.base/jdk.internal.reflect.NativeMethodAccessorImpl.invoke(Unknown Source)
	at java.base/jdk.internal.reflect.DelegatingMethodAccessorImpl.invoke(Unknown Source)
	at java.base/java.lang.reflect.Method.invoke(Unknown Source)
	at mill.main.client.IsolatedMillMainLoader.runMain(IsolatedMillMainLoader.java:58)
	at mill.main.client.MillClientMain.main(MillClientMain.java:67)
Caused by: java.lang.NoClassDefFoundError: dotty/tools/dotc/core/Types$ErrorType
	at dotty.tools.dotc.core.Contexts$.<clinit>(Contexts.scala:55)
	at dotty.tools.dotc.core.Contexts$FreshContext$.initial(Contexts.scala:720)
	at dotty.tools.dotc.core.Contexts$ContextBase.<init>(Contexts.scala:853)
	at dotty.tools.dotc.Driver.initCtx(Driver.scala:61)
	at dotty.tools.xsbt.CompilerBridgeDriver.run(CompilerBridgeDriver.java:58)
	at dotty.tools.xsbt.CompilerBridge.run(CompilerBridge.java:22)
	at sbt.internal.inc.AnalyzingCompiler.compile(AnalyzingCompiler.scala:91)
	at sbt.internal.inc.MixedAnalyzingCompiler.$anonfun$compile$7(MixedAnalyzingCompiler.scala:192)
	at scala.runtime.java8.JFunction0$mcV$sp.apply(JFunction0$mcV$sp.scala:18)
	at sbt.internal.inc.MixedAnalyzingCompiler.timed(MixedAnalyzingCompiler.scala:247)
	at sbt.internal.inc.MixedAnalyzingCompiler.$anonfun$compile$4(MixedAnalyzingCompiler.scala:182)
	at sbt.internal.inc.MixedAnalyzingCompiler.$anonfun$compile$4$adapted(MixedAnalyzingCompiler.scala:163)
	at sbt.internal.inc.JarUtils$.withPreviousJar(JarUtils.scala:239)
	at sbt.internal.inc.MixedAnalyzingCompiler.compileScala$1(MixedAnalyzingCompiler.scala:163)
	at sbt.internal.inc.MixedAnalyzingCompiler.compile(MixedAnalyzingCompiler.scala:210)
	at sbt.internal.inc.IncrementalCompilerImpl.$anonfun$compileInternal$1(IncrementalCompilerImpl.scala:528)
	at sbt.internal.inc.IncrementalCompilerImpl.$anonfun$compileInternal$1$adapted(IncrementalCompilerImpl.scala:528)
	at sbt.internal.inc.Incremental$.$anonfun$apply$5(Incremental.scala:177)
	at sbt.internal.inc.Incremental$.$anonfun$apply$5$adapted(Incremental.scala:175)
	at sbt.internal.inc.Incremental$$anon$2.run(Incremental.scala:461)
	at sbt.internal.inc.IncrementalCommon$CycleState.next(IncrementalCommon.scala:116)
	at sbt.internal.inc.IncrementalCommon$$anon$1.next(IncrementalCommon.scala:56)
	at sbt.internal.inc.IncrementalCommon$$anon$1.next(IncrementalCommon.scala:52)
	at sbt.internal.inc.IncrementalCommon.cycle(IncrementalCommon.scala:263)
	at sbt.internal.inc.Incremental$.$anonfun$incrementalCompile$8(Incremental.scala:416)
	at sbt.internal.inc.Incremental$.withClassfileManager(Incremental.scala:503)
	at sbt.internal.inc.Incremental$.incrementalCompile(Incremental.scala:403)
	at sbt.internal.inc.Incremental$.apply(Incremental.scala:169)
	at sbt.internal.inc.IncrementalCompilerImpl.compileInternal(IncrementalCompilerImpl.scala:528)
	at sbt.internal.inc.IncrementalCompilerImpl.$anonfun$compileIncrementally$1(IncrementalCompilerImpl.scala:482)
	at sbt.internal.inc.IncrementalCompilerImpl.handleCompilationError(IncrementalCompilerImpl.scala:332)
	at sbt.internal.inc.IncrementalCompilerImpl.compileIncrementally(IncrementalCompilerImpl.scala:420)
	at sbt.internal.inc.IncrementalCompilerImpl.compile(IncrementalCompilerImpl.scala:137)
	at mill.scalalib.worker.ZincWorkerImpl.compileInternal(ZincWorkerImpl.scala:545)
	at mill.scalalib.worker.ZincWorkerImpl.$anonfun$compileMixed0$1(ZincWorkerImpl.scala:317)
	at mill.api.FixSizedCache.withCachedValue(FixSizedCache.scala:66)
	at mill.scalalib.worker.ZincWorkerImpl.withCompilers(ZincWorkerImpl.scala:399)
	at mill.scalalib.worker.ZincWorkerImpl.compileMixed0(ZincWorkerImpl.scala:316)
	at mill.scalalib.worker.ZincWorkerImpl.compileMixed(ZincWorkerImpl.scala:284)
	at mill.scalalib.ScalaModule.$anonfun$compile$2(ScalaModule.scala:195)
	at mill.define.Task$TraverseCtx.evaluate(Task.scala:380)
	at mill.eval.Evaluator.$anonfun$evaluateGroup$13(Evaluator.scala:627)
	at scala.util.DynamicVariable.withValue(DynamicVariable.scala:59)
	at scala.Console$.withErr(Console.scala:193)
	at mill.eval.Evaluator.$anonfun$evaluateGroup$12(Evaluator.scala:627)
	at scala.util.DynamicVariable.withValue(DynamicVariable.scala:59)
	at scala.Console$.withOut(Console.scala:164)
	at mill.eval.Evaluator.$anonfun$evaluateGroup$11(Evaluator.scala:626)
	at scala.util.DynamicVariable.withValue(DynamicVariable.scala:59)
	at scala.Console$.withIn(Console.scala:227)
	at mill.eval.Evaluator.$anonfun$evaluateGroup$8(Evaluator.scala:625)
	at mill.eval.Evaluator.$anonfun$evaluateGroup$8$adapted(Evaluator.scala:586)
	at scala.collection.immutable.Vector.foreach(Vector.scala:1856)
	at mill.eval.Evaluator.evaluateGroup(Evaluator.scala:586)
	at mill.eval.Evaluator.$anonfun$evaluateGroupCached$21(Evaluator.scala:478)
	at scala.util.DynamicVariable.withValue(DynamicVariable.scala:59)
	at mill.eval.Evaluator.evaluateGroupCached(Evaluator.scala:469)
	at mill.eval.Evaluator.$anonfun$sequentialEvaluate$2(Evaluator.scala:202)
	at scala.collection.IterableOnceOps.foreach(IterableOnce.scala:563)
	at scala.collection.IterableOnceOps.foreach$(IterableOnce.scala:561)
	at scala.collection.AbstractIterator.foreach(Iterator.scala:1293)
	at mill.eval.Evaluator.sequentialEvaluate(Evaluator.scala:177)
	at mill.eval.Evaluator.evaluate(Evaluator.scala:162)
	at mill.main.RunScript$.evaluateNamed(RunScript.scala:364)
	at mill.main.RunScript$.evaluate(RunScript.scala:349)
	at mill.main.RunScript$.$anonfun$evaluateTasks$1(RunScript.scala:314)
	at scala.util.Either.map(Either.scala:382)
	at mill.main.RunScript$.evaluateTasks(RunScript.scala:312)
	at mill.main.RunScript$.$anonfun$runScript$8(RunScript.scala:105)
	at ammonite.util.Res$Success.flatMap(Res.scala:62)
	at mill.main.RunScript$.runScript(RunScript.scala:104)
	at mill.main.MainRunner.$anonfun$runScript$1(MainRunner.scala:119)
	at mill.main.MainRunner.watchLoop2(MainRunner.scala:67)
	at mill.main.MainRunner.runScript(MainRunner.scala:92)
	at mill.MillMain$.main0(MillMain.scala:310)
	at mill.MillMain$.main(MillMain.scala:52)
	at mill.MillMain.main(MillMain.scala)
	... 6 more
Caused by: java.lang.ClassNotFoundException: dotty.tools.dotc.core.Types$ErrorType
	at java.base/java.net.URLClassLoader$1.run(Unknown Source)
	at java.base/java.net.URLClassLoader$1.run(Unknown Source)
	at java.base/java.security.AccessController.doPrivileged(Native Method)
	at java.base/java.net.URLClassLoader.findClass(Unknown Source)
	at mill.api.ClassLoader$$anon$1.findClass(ClassLoader.scala:47)
	at java.base/java.lang.ClassLoader.loadClass(Unknown Source)
	at java.base/java.lang.ClassLoader.loadClass(Unknown Source)
	... 83 more
Caused by: java.io.EOFException
	at java.base/java.io.RandomAccessFile.readFully(Unknown Source)
	at java.base/java.util.zip.ZipFile$Source.readFullyAt(Unknown Source)
	at java.base/java.util.zip.ZipFile$Source.access$1200(Unknown Source)
	at java.base/java.util.zip.ZipFile$ZipFileInputStream.initDataOffset(Unknown Source)
	at java.base/java.util.zip.ZipFile$ZipFileInputStream.read(Unknown Source)
	at java.base/java.util.zip.ZipFile$ZipFileInflaterInputStream.fill(Unknown Source)
	at java.base/java.util.zip.InflaterInputStream.read(Unknown Source)
	at java.base/jdk.internal.loader.Resource.getBytes(Unknown Source)
	at java.base/java.net.URLClassLoader.defineClass(Unknown Source)
	at java.base/java.net.URLClassLoader.access$100(Unknown Source)
	... 90 more
[32mRerunning tests in scas because of a previous run failure.[0m
[32m./mill -i -D dottyVersion=3.3.1-RC1-bin-SNAPSHOT scas.application.test[0m
[3/75] mill.scalalib.ZincWorkerModule.worker 
[1A[2K[9999D[7/75] scas.sources 
[1A[2K[9999D[12/75] scas.resources 
[1A[2K[9999D[35/75] scas.application.sources 
[1A[2K[9999D[41/75] scas.application.resources 
[1A[2K[9999D[62/75] scas.application.compile 
[info] compiling 21 Scala sources to /Users/y3536zha/Desktop/scala_no_change/dotty/community-build/community-projects/scas/out/scas/application/compile.dest/classes ...
[error] ## Exception when compiling 21 sources to /Users/y3536zha/Desktop/scala_no_change/dotty/community-build/community-projects/scas/out/scas/application/compile.dest/classes
[error] java.lang.NoClassDefFoundError: dotty/tools/dotc/Run$
[error] dotty.tools.dotc.Driver.doCompile(Driver.scala:45)
[error] dotty.tools.xsbt.CompilerBridgeDriver.run(CompilerBridgeDriver.java:88)
[error] dotty.tools.xsbt.CompilerBridge.run(CompilerBridge.java:22)
[error] sbt.internal.inc.AnalyzingCompiler.compile(AnalyzingCompiler.scala:91)
[error] sbt.internal.inc.MixedAnalyzingCompiler.$anonfun$compile$7(MixedAnalyzingCompiler.scala:192)
[error] scala.runtime.java8.JFunction0$mcV$sp.apply(JFunction0$mcV$sp.scala:18)
[error] sbt.internal.inc.MixedAnalyzingCompiler.timed(MixedAnalyzingCompiler.scala:247)
[error] sbt.internal.inc.MixedAnalyzingCompiler.$anonfun$compile$4(MixedAnalyzingCompiler.scala:182)
[error] sbt.internal.inc.MixedAnalyzingCompiler.$anonfun$compile$4$adapted(MixedAnalyzingCompiler.scala:163)
[error] sbt.internal.inc.JarUtils$.withPreviousJar(JarUtils.scala:239)
[error] sbt.internal.inc.MixedAnalyzingCompiler.compileScala$1(MixedAnalyzingCompiler.scala:163)
[error] sbt.internal.inc.MixedAnalyzingCompiler.compile(MixedAnalyzingCompiler.scala:210)
[error] sbt.internal.inc.IncrementalCompilerImpl.$anonfun$compileInternal$1(IncrementalCompilerImpl.scala:528)
[error] sbt.internal.inc.IncrementalCompilerImpl.$anonfun$compileInternal$1$adapted(IncrementalCompilerImpl.scala:528)
[error] sbt.internal.inc.Incremental$.$anonfun$apply$5(Incremental.scala:177)
[error] sbt.internal.inc.Incremental$.$anonfun$apply$5$adapted(Incremental.scala:175)
[error] sbt.internal.inc.Incremental$$anon$2.run(Incremental.scala:461)
[error] sbt.internal.inc.IncrementalCommon$CycleState.next(IncrementalCommon.scala:116)
[error] sbt.internal.inc.IncrementalCommon$$anon$1.next(IncrementalCommon.scala:56)
[error] sbt.internal.inc.IncrementalCommon$$anon$1.next(IncrementalCommon.scala:52)
[error] sbt.internal.inc.IncrementalCommon.cycle(IncrementalCommon.scala:263)
[error] sbt.internal.inc.Incremental$.$anonfun$incrementalCompile$8(Incremental.scala:416)
[error] sbt.internal.inc.Incremental$.withClassfileManager(Incremental.scala:503)
[error] sbt.internal.inc.Incremental$.incrementalCompile(Incremental.scala:403)
[error] sbt.internal.inc.Incremental$.apply(Incremental.scala:169)
[error] sbt.internal.inc.IncrementalCompilerImpl.compileInternal(IncrementalCompilerImpl.scala:528)
[error] sbt.internal.inc.IncrementalCompilerImpl.$anonfun$compileIncrementally$1(IncrementalCompilerImpl.scala:482)
[error] sbt.internal.inc.IncrementalCompilerImpl.handleCompilationError(IncrementalCompilerImpl.scala:332)
[error] sbt.internal.inc.IncrementalCompilerImpl.compileIncrementally(IncrementalCompilerImpl.scala:420)
[error] sbt.internal.inc.IncrementalCompilerImpl.compile(IncrementalCompilerImpl.scala:137)
[error] mill.scalalib.worker.ZincWorkerImpl.compileInternal(ZincWorkerImpl.scala:545)
[error] mill.scalalib.worker.ZincWorkerImpl.$anonfun$compileMixed0$1(ZincWorkerImpl.scala:317)
[error] mill.api.FixSizedCache.withCachedValue(FixSizedCache.scala:66)
[error] mill.scalalib.worker.ZincWorkerImpl.withCompilers(ZincWorkerImpl.scala:399)
[error] mill.scalalib.worker.ZincWorkerImpl.compileMixed0(ZincWorkerImpl.scala:316)
[error] mill.scalalib.worker.ZincWorkerImpl.compileMixed(ZincWorkerImpl.scala:284)
[error] mill.scalalib.ScalaModule.$anonfun$compile$2(ScalaModule.scala:195)
[error] mill.define.Task$TraverseCtx.evaluate(Task.scala:380)
[error] mill.eval.Evaluator.$anonfun$evaluateGroup$13(Evaluator.scala:627)
[error] scala.util.DynamicVariable.withValue(DynamicVariable.scala:59)
[error] scala.Console$.withErr(Console.scala:193)
[error] mill.eval.Evaluator.$anonfun$evaluateGroup$12(Evaluator.scala:627)
[error] scala.util.DynamicVariable.withValue(DynamicVariable.scala:59)
[error] scala.Console$.withOut(Console.scala:164)
[error] mill.eval.Evaluator.$anonfun$evaluateGroup$11(Evaluator.scala:626)
[error] scala.util.DynamicVariable.withValue(DynamicVariable.scala:59)
[error] scala.Console$.withIn(Console.scala:227)
[error] mill.eval.Evaluator.$anonfun$evaluateGroup$8(Evaluator.scala:625)
[error] mill.eval.Evaluator.$anonfun$evaluateGroup$8$adapted(Evaluator.scala:586)
[error] scala.collection.immutable.Vector.foreach(Vector.scala:1856)
[error] mill.eval.Evaluator.evaluateGroup(Evaluator.scala:586)
[error] mill.eval.Evaluator.$anonfun$evaluateGroupCached$21(Evaluator.scala:478)
[error] scala.util.DynamicVariable.withValue(DynamicVariable.scala:59)
[error] mill.eval.Evaluator.evaluateGroupCached(Evaluator.scala:469)
[error] mill.eval.Evaluator.$anonfun$sequentialEvaluate$2(Evaluator.scala:202)
[error] scala.collection.IterableOnceOps.foreach(IterableOnce.scala:563)
[error] scala.collection.IterableOnceOps.foreach$(IterableOnce.scala:561)
[error] scala.collection.AbstractIterator.foreach(Iterator.scala:1293)
[error] mill.eval.Evaluator.sequentialEvaluate(Evaluator.scala:177)
[error] mill.eval.Evaluator.evaluate(Evaluator.scala:162)
[error] mill.main.RunScript$.evaluateNamed(RunScript.scala:364)
[error] mill.main.RunScript$.evaluate(RunScript.scala:349)
[error] mill.main.RunScript$.$anonfun$evaluateTasks$1(RunScript.scala:314)
[error] scala.util.Either.map(Either.scala:382)
[error] mill.main.RunScript$.evaluateTasks(RunScript.scala:312)
[error] mill.main.RunScript$.$anonfun$runScript$8(RunScript.scala:105)
[error] ammonite.util.Res$Success.flatMap(Res.scala:62)
[error] mill.main.RunScript$.runScript(RunScript.scala:104)
[error] mill.main.MainRunner.$anonfun$runScript$1(MainRunner.scala:119)
[error] mill.main.MainRunner.watchLoop2(MainRunner.scala:67)
[error] mill.main.MainRunner.runScript(MainRunner.scala:92)
[error] mill.MillMain$.main0(MillMain.scala:310)
[error] mill.MillMain$.main(MillMain.scala:52)
[error] mill.MillMain.main(MillMain.scala)
[error] java.base/jdk.internal.reflect.NativeMethodAccessorImpl.invoke0(Native Method)
[error] java.base/jdk.internal.reflect.NativeMethodAccessorImpl.invoke(Unknown Source)
[error] java.base/jdk.internal.reflect.DelegatingMethodAccessorImpl.invoke(Unknown Source)
[error] java.base/java.lang.reflect.Method.invoke(Unknown Source)
[error] mill.main.client.IsolatedMillMainLoader.runMain(IsolatedMillMainLoader.java:58)
[error] mill.main.client.MillClientMain.main(MillClientMain.java:67)
[error]            
Exception in thread "main" java.lang.reflect.InvocationTargetException
	at java.base/jdk.internal.reflect.NativeMethodAccessorImpl.invoke0(Native Method)
	at java.base/jdk.internal.reflect.NativeMethodAccessorImpl.invoke(Unknown Source)
	at java.base/jdk.internal.reflect.DelegatingMethodAccessorImpl.invoke(Unknown Source)
	at java.base/java.lang.reflect.Method.invoke(Unknown Source)
	at mill.main.client.IsolatedMillMainLoader.runMain(IsolatedMillMainLoader.java:58)
	at mill.main.client.MillClientMain.main(MillClientMain.java:67)
Caused by: java.lang.NoClassDefFoundError: dotty/tools/dotc/Run$
	at dotty.tools.dotc.Driver.doCompile(Driver.scala:45)
	at dotty.tools.xsbt.CompilerBridgeDriver.run(CompilerBridgeDriver.java:88)
	at dotty.tools.xsbt.CompilerBridge.run(CompilerBridge.java:22)
	at sbt.internal.inc.AnalyzingCompiler.compile(AnalyzingCompiler.scala:91)
	at sbt.internal.inc.MixedAnalyzingCompiler.$anonfun$compile$7(MixedAnalyzingCompiler.scala:192)
	at scala.runtime.java8.JFunction0$mcV$sp.apply(JFunction0$mcV$sp.scala:18)
	at sbt.internal.inc.MixedAnalyzingCompiler.timed(MixedAnalyzingCompiler.scala:247)
	at sbt.internal.inc.MixedAnalyzingCompiler.$anonfun$compile$4(MixedAnalyzingCompiler.scala:182)
	at sbt.internal.inc.MixedAnalyzingCompiler.$anonfun$compile$4$adapted(MixedAnalyzingCompiler.scala:163)
	at sbt.internal.inc.JarUtils$.withPreviousJar(JarUtils.scala:239)
	at sbt.internal.inc.MixedAnalyzingCompiler.compileScala$1(MixedAnalyzingCompiler.scala:163)
	at sbt.internal.inc.MixedAnalyzingCompiler.compile(MixedAnalyzingCompiler.scala:210)
	at sbt.internal.inc.IncrementalCompilerImpl.$anonfun$compileInternal$1(IncrementalCompilerImpl.scala:528)
	at sbt.internal.inc.IncrementalCompilerImpl.$anonfun$compileInternal$1$adapted(IncrementalCompilerImpl.scala:528)
	at sbt.internal.inc.Incremental$.$anonfun$apply$5(Incremental.scala:177)
	at sbt.internal.inc.Incremental$.$anonfun$apply$5$adapted(Incremental.scala:175)
	at sbt.internal.inc.Incremental$$anon$2.run(Incremental.scala:461)
	at sbt.internal.inc.IncrementalCommon$CycleState.next(IncrementalCommon.scala:116)
	at sbt.internal.inc.IncrementalCommon$$anon$1.next(IncrementalCommon.scala:56)
	at sbt.internal.inc.IncrementalCommon$$anon$1.next(IncrementalCommon.scala:52)
	at sbt.internal.inc.IncrementalCommon.cycle(IncrementalCommon.scala:263)
	at sbt.internal.inc.Incremental$.$anonfun$incrementalCompile$8(Incremental.scala:416)
	at sbt.internal.inc.Incremental$.withClassfileManager(Incremental.scala:503)
	at sbt.internal.inc.Incremental$.incrementalCompile(Incremental.scala:403)
	at sbt.internal.inc.Incremental$.apply(Incremental.scala:169)
	at sbt.internal.inc.IncrementalCompilerImpl.compileInternal(IncrementalCompilerImpl.scala:528)
	at sbt.internal.inc.IncrementalCompilerImpl.$anonfun$compileIncrementally$1(IncrementalCompilerImpl.scala:482)
	at sbt.internal.inc.IncrementalCompilerImpl.handleCompilationError(IncrementalCompilerImpl.scala:332)
	at sbt.internal.inc.IncrementalCompilerImpl.compileIncrementally(IncrementalCompilerImpl.scala:420)
	at sbt.internal.inc.IncrementalCompilerImpl.compile(IncrementalCompilerImpl.scala:137)
	at mill.scalalib.worker.ZincWorkerImpl.compileInternal(ZincWorkerImpl.scala:545)
	at mill.scalalib.worker.ZincWorkerImpl.$anonfun$compileMixed0$1(ZincWorkerImpl.scala:317)
	at mill.api.FixSizedCache.withCachedValue(FixSizedCache.scala:66)
	at mill.scalalib.worker.ZincWorkerImpl.withCompilers(ZincWorkerImpl.scala:399)
	at mill.scalalib.worker.ZincWorkerImpl.compileMixed0(ZincWorkerImpl.scala:316)
	at mill.scalalib.worker.ZincWorkerImpl.compileMixed(ZincWorkerImpl.scala:284)
	at mill.scalalib.ScalaModule.$anonfun$compile$2(ScalaModule.scala:195)
	at mill.define.Task$TraverseCtx.evaluate(Task.scala:380)
	at mill.eval.Evaluator.$anonfun$evaluateGroup$13(Evaluator.scala:627)
	at scala.util.DynamicVariable.withValue(DynamicVariable.scala:59)
	at scala.Console$.withErr(Console.scala:193)
	at mill.eval.Evaluator.$anonfun$evaluateGroup$12(Evaluator.scala:627)
	at scala.util.DynamicVariable.withValue(DynamicVariable.scala:59)
	at scala.Console$.withOut(Console.scala:164)
	at mill.eval.Evaluator.$anonfun$evaluateGroup$11(Evaluator.scala:626)
	at scala.util.DynamicVariable.withValue(DynamicVariable.scala:59)
	at scala.Console$.withIn(Console.scala:227)
	at mill.eval.Evaluator.$anonfun$evaluateGroup$8(Evaluator.scala:625)
	at mill.eval.Evaluator.$anonfun$evaluateGroup$8$adapted(Evaluator.scala:586)
	at scala.collection.immutable.Vector.foreach(Vector.scala:1856)
	at mill.eval.Evaluator.evaluateGroup(Evaluator.scala:586)
	at mill.eval.Evaluator.$anonfun$evaluateGroupCached$21(Evaluator.scala:478)
	at scala.util.DynamicVariable.withValue(DynamicVariable.scala:59)
	at mill.eval.Evaluator.evaluateGroupCached(Evaluator.scala:469)
	at mill.eval.Evaluator.$anonfun$sequentialEvaluate$2(Evaluator.scala:202)
	at scala.collection.IterableOnceOps.foreach(IterableOnce.scala:563)
	at scala.collection.IterableOnceOps.foreach$(IterableOnce.scala:561)
	at scala.collection.AbstractIterator.foreach(Iterator.scala:1293)
	at mill.eval.Evaluator.sequentialEvaluate(Evaluator.scala:177)
	at mill.eval.Evaluator.evaluate(Evaluator.scala:162)
	at mill.main.RunScript$.evaluateNamed(RunScript.scala:364)
	at mill.main.RunScript$.evaluate(RunScript.scala:349)
	at mill.main.RunScript$.$anonfun$evaluateTasks$1(RunScript.scala:314)
	at scala.util.Either.map(Either.scala:382)
	at mill.main.RunScript$.evaluateTasks(RunScript.scala:312)
	at mill.main.RunScript$.$anonfun$runScript$8(RunScript.scala:105)
	at ammonite.util.Res$Success.flatMap(Res.scala:62)
	at mill.main.RunScript$.runScript(RunScript.scala:104)
	at mill.main.MainRunner.$anonfun$runScript$1(MainRunner.scala:119)
	at mill.main.MainRunner.watchLoop2(MainRunner.scala:67)
	at mill.main.MainRunner.runScript(MainRunner.scala:92)
	at mill.MillMain$.main0(MillMain.scala:310)
	at mill.MillMain$.main(MillMain.scala:52)
	at mill.MillMain.main(MillMain.scala)
	... 6 more
Caused by: java.lang.ClassNotFoundException: dotty.tools.dotc.Run$
	at java.base/java.net.URLClassLoader$1.run(Unknown Source)
	at java.base/java.net.URLClassLoader$1.run(Unknown Source)
	at java.base/java.security.AccessController.doPrivileged(Native Method)
	at java.base/java.net.URLClassLoader.findClass(Unknown Source)
	at mill.api.ClassLoader$$anon$1.findClass(ClassLoader.scala:47)
	at java.base/java.lang.ClassLoader.loadClass(Unknown Source)
	at java.base/java.lang.ClassLoader.loadClass(Unknown Source)
	... 80 more
Caused by: java.util.zip.ZipException: ZipFile invalid LOC header (bad signature)
	at java.base/java.util.zip.ZipFile$ZipFileInputStream.initDataOffset(Unknown Source)
	at java.base/java.util.zip.ZipFile$ZipFileInputStream.read(Unknown Source)
	at java.base/java.util.zip.ZipFile$ZipFileInflaterInputStream.fill(Unknown Source)
	at java.base/java.util.zip.InflaterInputStream.read(Unknown Source)
	at java.base/jdk.internal.loader.Resource.getBytes(Unknown Source)
	at java.base/java.net.URLClassLoader.defineClass(Unknown Source)
	at java.base/java.net.URLClassLoader.access$100(Unknown Source)
	... 87 more
[32mRerunning tests in scas because of a previous run failure.[0m
[32m./mill -i -D dottyVersion=3.3.1-RC1-bin-SNAPSHOT scas.application.test[0m
[3/75] mill.scalalib.ZincWorkerModule.worker 
[1A[2K[9999D[7/75] scas.sources 
[1A[2K[9999D[12/75] scas.resources 
[1A[2K[9999D[35/75] scas.application.sources 
[1A[2K[9999D[41/75] scas.application.resources 
[1A[2K[9999D[62/75] scas.application.compile 
[info] compiling 21 Scala sources to /Users/y3536zha/Desktop/scala_no_change/dotty/community-build/community-projects/scas/out/scas/application/compile.dest/classes ...
[warn] there was 1 deprecation warning; re-run with -deprecation for details
[warn] one warning found
[info] done compiling
[63/75] scas.application.finalMainClassOpt 
[1A[2K[9999D[64/75] scas.application.finalMainClass 
[1A[2K[9999D[65/75] scas.application.localClasspath 
[1A[2K[9999D[66/75] scas.application.runIvyDeps 
[1A[2K[9999D[67/75] scas.application.resolvedRunIvyDeps 
[1A[2K[9999D[68/75] scas.application.upstreamAssemblyClasspath 
[1A[2K[9999D[69/75] scas.application.runClasspath 
[1A[2K[9999D[70/75] scas.application.forkArgs 
[1A[2K[9999D[71/75] scas.application.forkEnv.overridden.mill.scalalib.JavaModule.forkEnv 
[1A[2K[9999D[72/75] scas.application.forkEnv 
[1A[2K[9999D[73/75] scas.application.forkWorkingDir 
[1A[2K[9999D[74/75] scas.application.runUseArgsFile 
[1A[2K[9999D[75/75] scas.application.run 
polypower.txt
p: z + y + x + 1 
q: 1771
q1: 1771
q2: 12341
t: 3001
modint.txt
mod_polynomial.txt
index.txt
rational_module.txt
polynomial.txt
math3.txt
ringsbigint.txt
poly_rings.txt
product.txt
rational.txt
bigint.txt
rational_polynomial.txt
pp2.txt
polypower_jaspp.txt
p: z+y+x+1
q: 1771
q1: 1771
q2: 12341
t: 4441
pp1.txt
polypower_scas.txt
p: 1+x+y+z
q: 1771
q1: 1771
q2: 12341
t: 4830
poly.txt
module.txt
pp_jas.txt
jasbigint.txt
polypower_rings.txt
p: 1+z+y+x
q: 1771
q1: 1771
q2: 12341
t: 1022
solvable_polynomial.txt
success : 23, failure : 0
[32m[SUCCESS scas][0m
[32m[scas DONE RUNNING][0m
[info] Test run dotty.communitybuild.CommunityBuildTestC finished: 0 failed, 0 ignored, 1 total, 171.123s
[info] Test run dotty.communitybuild.CommunityBuildTestB started
[info] Test run dotty.communitybuild.CommunityBuildTestB finished: 0 failed, 0 ignored, 0 total, 0.0s
[info] Passed: Total 1, Failed 0, Errors 0, Passed 1
[success] Total time: 236 s (03:56), completed Jun 14, 2023, 2:54:01 AM
