[info] welcome to sbt 1.8.0 (Oracle Corporation Java 9.0.4)
[info] loading global plugins from /Users/y3536zha/.sbt/1.0/plugins
[info] loading settings for project dotty-build-build from build.sbt ...
[info] loading project definition from /Users/y3536zha/Desktop/scala_no_change/dotty/project/project
[info] loading settings for project dotty-build from build.sbt,plugins.sbt ...
[info] loading project definition from /Users/y3536zha/Desktop/scala_no_change/dotty/project
[info] loading settings for project scala3 from build.sbt ...
[info] resolving key references (31394 settings) ...
[info] set current project to scala3 (in build file:/Users/y3536zha/Desktop/scala_no_change/dotty/)
SLF4J: No SLF4J providers were found.
SLF4J: Defaulting to no-operation (NOP) logger implementation
SLF4J: See https://www.slf4j.org/codes.html#noProviders for further details.
SLF4J: Class path contains SLF4J bindings targeting slf4j-api versions 1.7.x or earlier.
SLF4J: Ignoring binding found at [jar:file:/Users/y3536zha/.sbt/boot/scala-2.12.17/org.scala-sbt/sbt/1.8.0/log4j-slf4j-impl-2.17.1.jar!/org/slf4j/impl/StaticLoggerBinder.class]
SLF4J: See https://www.slf4j.org/codes.html#ignoredBindings for an explanation.
[info] Wrote /Users/y3536zha/Desktop/scala_no_change/dotty/library/../out/bootstrap/scala3-library-bootstrapped/scala-3.3.1-RC1-bin-SNAPSHOT-nonbootstrapped/scala3-library_3-3.3.1-RC1-bin-SNAPSHOT.pom
[info] Wrote /Users/y3536zha/Desktop/scala_no_change/dotty/tasty-inspector/../out/bootstrap/scala3-tasty-inspector/scala-3.3.1-RC1-bin-SNAPSHOT-nonbootstrapped/scala3-tasty-inspector_3-3.3.1-RC1-bin-SNAPSHOT.pom
[info] Wrote /Users/y3536zha/Desktop/scala_no_change/dotty/compiler/../out/bootstrap/scala3-compiler-bootstrapped/scala-3.3.1-RC1-bin-SNAPSHOT-nonbootstrapped/scala3-compiler_3-3.3.1-RC1-bin-SNAPSHOT.pom
[info] Wrote /Users/y3536zha/Desktop/scala_no_change/dotty/sbt-community-build/target/scala-2.12/sbt-1.0/sbt-community-build-0.1.0-SNAPSHOT.pom
[info] Wrote /Users/y3536zha/Desktop/scala_no_change/dotty/library-js/../out/bootstrap/scala3-library-bootstrappedJS/scala-3.3.1-RC1-bin-SNAPSHOT-nonbootstrapped/scala3-library_sjs1_3-3.3.1-RC1-bin-SNAPSHOT.pom
[info] Wrote /Users/y3536zha/Desktop/scala_no_change/dotty/tasty/../out/bootstrap/tasty-core-bootstrapped/scala-3.3.1-RC1-bin-SNAPSHOT-nonbootstrapped/tasty-core_3-3.3.1-RC1-bin-SNAPSHOT.pom
[info] Wrote /Users/y3536zha/Desktop/scala_no_change/dotty/interfaces/target/scala3-interfaces-3.3.1-RC1-bin-SNAPSHOT.pom
[info] Wrote /Users/y3536zha/Desktop/scala_no_change/dotty/scaladoc/../out/bootstrap/scaladoc/scala-3.3.1-RC1-bin-SNAPSHOT-nonbootstrapped/scaladoc_3-3.3.1-RC1-bin-SNAPSHOT.pom
[info] Wrote /Users/y3536zha/Desktop/scala_no_change/dotty/sbt-bridge/src/target/scala3-sbt-bridge-3.3.1-RC1-bin-SNAPSHOT.pom
[info] :: delivering :: org.scala-lang#scala3-interfaces;3.3.1-RC1-bin-SNAPSHOT :: 3.3.1-RC1-bin-SNAPSHOT :: integration :: Wed Jun 14 03:01:40 EDT 2023
[info] 	delivering ivy file to /Users/y3536zha/Desktop/scala_no_change/dotty/interfaces/target/ivy-3.3.1-RC1-bin-SNAPSHOT.xml
[info] 	published scala3-interfaces to /Users/y3536zha/.ivy2/local/org.scala-lang/scala3-interfaces/3.3.1-RC1-bin-SNAPSHOT/poms/scala3-interfaces.pom
[info] 	published scala3-interfaces to /Users/y3536zha/.ivy2/local/org.scala-lang/scala3-interfaces/3.3.1-RC1-bin-SNAPSHOT/jars/scala3-interfaces.jar
[info] 	published scala3-interfaces to /Users/y3536zha/.ivy2/local/org.scala-lang/scala3-interfaces/3.3.1-RC1-bin-SNAPSHOT/srcs/scala3-interfaces-sources.jar
[info] 	published scala3-interfaces to /Users/y3536zha/.ivy2/local/org.scala-lang/scala3-interfaces/3.3.1-RC1-bin-SNAPSHOT/docs/scala3-interfaces-javadoc.jar
[info] 	published ivy to /Users/y3536zha/.ivy2/local/org.scala-lang/scala3-interfaces/3.3.1-RC1-bin-SNAPSHOT/ivys/ivy.xml
[info] :: delivering :: ch.epfl.lamp#sbt-community-build;0.1.0-SNAPSHOT :: 0.1.0-SNAPSHOT :: integration :: Wed Jun 14 03:01:40 EDT 2023
[info] 	delivering ivy file to /Users/y3536zha/Desktop/scala_no_change/dotty/sbt-community-build/target/scala-2.12/sbt-1.0/ivy-0.1.0-SNAPSHOT.xml
[info] 	published sbt-community-build to /Users/y3536zha/.ivy2/local/ch.epfl.lamp/sbt-community-build/scala_2.12/sbt_1.0/0.1.0-SNAPSHOT/poms/sbt-community-build.pom
[info] 	published sbt-community-build to /Users/y3536zha/.ivy2/local/ch.epfl.lamp/sbt-community-build/scala_2.12/sbt_1.0/0.1.0-SNAPSHOT/jars/sbt-community-build.jar
[info] 	published sbt-community-build to /Users/y3536zha/.ivy2/local/ch.epfl.lamp/sbt-community-build/scala_2.12/sbt_1.0/0.1.0-SNAPSHOT/srcs/sbt-community-build-sources.jar
[info] 	published sbt-community-build to /Users/y3536zha/.ivy2/local/ch.epfl.lamp/sbt-community-build/scala_2.12/sbt_1.0/0.1.0-SNAPSHOT/docs/sbt-community-build-javadoc.jar
[info] 	published ivy to /Users/y3536zha/.ivy2/local/ch.epfl.lamp/sbt-community-build/scala_2.12/sbt_1.0/0.1.0-SNAPSHOT/ivys/ivy.xml
[info] :: delivering :: org.scala-lang#scala3-sbt-bridge;3.3.1-RC1-bin-SNAPSHOT :: 3.3.1-RC1-bin-SNAPSHOT :: integration :: Wed Jun 14 03:01:44 EDT 2023
[info] 	delivering ivy file to /Users/y3536zha/Desktop/scala_no_change/dotty/sbt-bridge/src/target/ivy-3.3.1-RC1-bin-SNAPSHOT.xml
[info] 	published scala3-sbt-bridge to /Users/y3536zha/.ivy2/local/org.scala-lang/scala3-sbt-bridge/3.3.1-RC1-bin-SNAPSHOT/poms/scala3-sbt-bridge.pom
[info] 	published scala3-sbt-bridge to /Users/y3536zha/.ivy2/local/org.scala-lang/scala3-sbt-bridge/3.3.1-RC1-bin-SNAPSHOT/jars/scala3-sbt-bridge.jar
[info] 	published scala3-sbt-bridge to /Users/y3536zha/.ivy2/local/org.scala-lang/scala3-sbt-bridge/3.3.1-RC1-bin-SNAPSHOT/srcs/scala3-sbt-bridge-sources.jar
[info] 	published scala3-sbt-bridge to /Users/y3536zha/.ivy2/local/org.scala-lang/scala3-sbt-bridge/3.3.1-RC1-bin-SNAPSHOT/docs/scala3-sbt-bridge-javadoc.jar
[info] 	published ivy to /Users/y3536zha/.ivy2/local/org.scala-lang/scala3-sbt-bridge/3.3.1-RC1-bin-SNAPSHOT/ivys/ivy.xml
[info] :: delivering :: org.scala-lang#tasty-core_3;3.3.1-RC1-bin-SNAPSHOT :: 3.3.1-RC1-bin-SNAPSHOT :: integration :: Wed Jun 14 03:01:50 EDT 2023
[info] 	delivering ivy file to /Users/y3536zha/Desktop/scala_no_change/dotty/out/bootstrap/tasty-core-bootstrapped/scala-3.3.1-RC1-bin-SNAPSHOT-nonbootstrapped/ivy-3.3.1-RC1-bin-SNAPSHOT.xml
[info] 	published tasty-core_3 to /Users/y3536zha/.ivy2/local/org.scala-lang/tasty-core_3/3.3.1-RC1-bin-SNAPSHOT/poms/tasty-core_3.pom
[info] 	published tasty-core_3 to /Users/y3536zha/.ivy2/local/org.scala-lang/tasty-core_3/3.3.1-RC1-bin-SNAPSHOT/jars/tasty-core_3.jar
[info] 	published tasty-core_3 to /Users/y3536zha/.ivy2/local/org.scala-lang/tasty-core_3/3.3.1-RC1-bin-SNAPSHOT/srcs/tasty-core_3-sources.jar
[info] 	published tasty-core_3 to /Users/y3536zha/.ivy2/local/org.scala-lang/tasty-core_3/3.3.1-RC1-bin-SNAPSHOT/docs/tasty-core_3-javadoc.jar
[info] 	published ivy to /Users/y3536zha/.ivy2/local/org.scala-lang/tasty-core_3/3.3.1-RC1-bin-SNAPSHOT/ivys/ivy.xml
[info] Main Scala API documentation to /Users/y3536zha/Desktop/scala_no_change/dotty/library-js/../out/bootstrap/scala3-library-bootstrappedJS/scala-3.3.1-RC1-bin-SNAPSHOT-nonbootstrapped/api...
[info] Main Scala API documentation to /Users/y3536zha/Desktop/scala_no_change/dotty/library/../out/bootstrap/scala3-library-bootstrapped/scala-3.3.1-RC1-bin-SNAPSHOT-nonbootstrapped/api...
[info] :: delivering :: org.scala-lang#scala3-tasty-inspector_3;3.3.1-RC1-bin-SNAPSHOT :: 3.3.1-RC1-bin-SNAPSHOT :: integration :: Wed Jun 14 03:01:51 EDT 2023
[info] 	delivering ivy file to /Users/y3536zha/Desktop/scala_no_change/dotty/out/bootstrap/scala3-tasty-inspector/scala-3.3.1-RC1-bin-SNAPSHOT-nonbootstrapped/ivy-3.3.1-RC1-bin-SNAPSHOT.xml
[info] 	published scala3-tasty-inspector_3 to /Users/y3536zha/.ivy2/local/org.scala-lang/scala3-tasty-inspector_3/3.3.1-RC1-bin-SNAPSHOT/poms/scala3-tasty-inspector_3.pom
[info] 	published scala3-tasty-inspector_3 to /Users/y3536zha/.ivy2/local/org.scala-lang/scala3-tasty-inspector_3/3.3.1-RC1-bin-SNAPSHOT/jars/scala3-tasty-inspector_3.jar
[info] 	published scala3-tasty-inspector_3 to /Users/y3536zha/.ivy2/local/org.scala-lang/scala3-tasty-inspector_3/3.3.1-RC1-bin-SNAPSHOT/srcs/scala3-tasty-inspector_3-sources.jar
[info] 	published scala3-tasty-inspector_3 to /Users/y3536zha/.ivy2/local/org.scala-lang/scala3-tasty-inspector_3/3.3.1-RC1-bin-SNAPSHOT/docs/scala3-tasty-inspector_3-javadoc.jar
[info] 	published ivy to /Users/y3536zha/.ivy2/local/org.scala-lang/scala3-tasty-inspector_3/3.3.1-RC1-bin-SNAPSHOT/ivys/ivy.xml
[info] :: delivering :: org.scala-lang#scaladoc_3;3.3.1-RC1-bin-SNAPSHOT :: 3.3.1-RC1-bin-SNAPSHOT :: integration :: Wed Jun 14 03:01:51 EDT 2023
[info] 	delivering ivy file to /Users/y3536zha/Desktop/scala_no_change/dotty/out/bootstrap/scaladoc/scala-3.3.1-RC1-bin-SNAPSHOT-nonbootstrapped/ivy-3.3.1-RC1-bin-SNAPSHOT.xml
[info] 	published scaladoc_3 to /Users/y3536zha/.ivy2/local/org.scala-lang/scaladoc_3/3.3.1-RC1-bin-SNAPSHOT/poms/scaladoc_3.pom
[info] 	published scaladoc_3 to /Users/y3536zha/.ivy2/local/org.scala-lang/scaladoc_3/3.3.1-RC1-bin-SNAPSHOT/jars/scaladoc_3.jar
[info] 	published scaladoc_3 to /Users/y3536zha/.ivy2/local/org.scala-lang/scaladoc_3/3.3.1-RC1-bin-SNAPSHOT/srcs/scaladoc_3-sources.jar
[info] 	published scaladoc_3 to /Users/y3536zha/.ivy2/local/org.scala-lang/scaladoc_3/3.3.1-RC1-bin-SNAPSHOT/docs/scaladoc_3-javadoc.jar
[info] 	published ivy to /Users/y3536zha/.ivy2/local/org.scala-lang/scaladoc_3/3.3.1-RC1-bin-SNAPSHOT/ivys/ivy.xml
[warn] bad option '-project-version 3.3.1-RC1-bin-SNAPSHOT' was ignored
[warn] Setting -skip-by-regex set to .+\.internal($|\..+) redundantly
[warn] Setting -skip-by-regex set to .+\.internal($|\..+) redundantly
[warn] Setting -skip-by-regex set to .+\.impl($|\..+) redundantly
[warn] Flag -project-logo set repeatedly
[warn] Setting -skip-by-regex set to .+\.impl($|\..+) redundantly
[warn] Setting -social-links set to github::https://github.com/lampepfl/dotty redundantly
[warn] Setting -skip-by-id set to scala.runtime.stdLibPatches redundantly
[warn] Setting -social-links set to discord::https://discord.com/invite/scala redundantly
[warn] Setting -skip-by-id set to scala.runtime.MatchCase redundantly
[warn] Setting -social-links set to twitter::https://twitter.com/scala_lang redundantly
[warn] bad option '-project-logo docs/_assets/images/logo.svg' was ignored
[warn] Setting -skip-by-id set to scala.runtime.stdLibPatches redundantly
[warn] Setting -social-links set to github::https://github.com/lampepfl/dotty redundantly
[warn] Setting -skip-by-id set to scala.runtime.MatchCase redundantly
[warn] Setting -social-links set to discord::https://discord.com/invite/scala redundantly
[warn] Flag -project-footer set repeatedly
[warn] Setting -social-links set to twitter::https://twitter.com/scala_lang redundantly
[warn] Flag -author set repeatedly
[warn] bad option '-project-footer "Copyright (c) 2002-2023, LAMP/EPFL"' was ignored
[warn] Flag -groups set repeatedly
[warn] Flag -default-template set repeatedly
[warn] bad option '-default-template static-site-main' was ignored
[warn] Setting -external-mappings set to .*scala/.*::scaladoc3::https://dotty.epfl.ch/api/ redundantly
[warn] Flag -author set repeatedly
[warn] Setting -external-mappings set to .*java/.*::javadoc::https://docs.oracle.com/javase/8/docs/api/ redundantly
[warn] Flag -groups set repeatedly
[warn] bad option '-project-version 3.3.1-RC1-bin-SNAPSHOT' was ignored
[warn] Setting -skip-by-regex set to .+\.internal($|\..+) redundantly
[warn] Setting -skip-by-regex set to .+\.impl($|\..+) redundantly
[warn] Setting -skip-by-id set to scala.runtime.stdLibPatches redundantly
[warn] Setting -skip-by-id set to scala.runtime.MatchCase redundantly
[warn] bad option '-project-logo docs/_assets/images/logo.svg' was ignored
[warn] Setting -social-links set to github::https://github.com/lampepfl/dotty redundantly
[warn] Setting -social-links set to discord::https://discord.com/invite/scala redundantly
[warn] Setting -social-links set to twitter::https://twitter.com/scala_lang redundantly
[warn] bad option '-project-footer "Copyright (c) 2002-2023, LAMP/EPFL"' was ignored
[warn] bad option '-default-template static-site-main' was ignored
[warn] Flag -author set repeatedly
[warn] Flag -groups set repeatedly
[info] Skipping unused scalacOptions: -Werror, -Yno-experimental, -Yexplicit-nulls
[info] Skipping unused scalacOptions: -Werror, -Yno-experimental, -Yexplicit-nulls
[info] :: delivering :: org.scala-lang#scala3-compiler_3;3.3.1-RC1-bin-SNAPSHOT :: 3.3.1-RC1-bin-SNAPSHOT :: integration :: Wed Jun 14 03:01:56 EDT 2023
[info] 	delivering ivy file to /Users/y3536zha/Desktop/scala_no_change/dotty/out/bootstrap/scala3-compiler-bootstrapped/scala-3.3.1-RC1-bin-SNAPSHOT-nonbootstrapped/ivy-3.3.1-RC1-bin-SNAPSHOT.xml
[info] 	published scala3-compiler_3 to /Users/y3536zha/.ivy2/local/org.scala-lang/scala3-compiler_3/3.3.1-RC1-bin-SNAPSHOT/poms/scala3-compiler_3.pom
[info] 	published scala3-compiler_3 to /Users/y3536zha/.ivy2/local/org.scala-lang/scala3-compiler_3/3.3.1-RC1-bin-SNAPSHOT/jars/scala3-compiler_3.jar
[info] 	published scala3-compiler_3 to /Users/y3536zha/.ivy2/local/org.scala-lang/scala3-compiler_3/3.3.1-RC1-bin-SNAPSHOT/srcs/scala3-compiler_3-sources.jar
[info] 	published scala3-compiler_3 to /Users/y3536zha/.ivy2/local/org.scala-lang/scala3-compiler_3/3.3.1-RC1-bin-SNAPSHOT/docs/scala3-compiler_3-javadoc.jar
[info] 	published ivy to /Users/y3536zha/.ivy2/local/org.scala-lang/scala3-compiler_3/3.3.1-RC1-bin-SNAPSHOT/ivys/ivy.xml
[warn] -- Warning: library/src/scala/util/FromDigits.scala:21:6 -----------------------
[warn] -- Warning: library/src/scala/util/FromDigits.scala:21:6 -----------------------
[warn] 21 |  def fromDigits(digits: String): T
[warn] 21 |  def fromDigits(digits: String): T
[warn]    |      ^
[warn]    |      ^
[warn]    |      No DRI found for query: MalformedNumber
[warn]    |      No DRI found for query: MalformedNumber
[error] -- [E069] Naming Error: /Users/y3536zha/Desktop/scala_no_change/dotty/library/src/scala/IArray.scala:13:7 
[error] 13 |object IArray:
[error]    |       ^
[error]    |object IArray cannot have the same name as object IArray in package scala -- cannot define object member with the same name as a object member in self reference _.
[error]    |(Note: this can be resolved by using another name)
[error] -- [E069] Naming Error: /Users/y3536zha/Desktop/scala_no_change/dotty/library/src/scala/IArray.scala:13:7 
[error] 13 |object IArray:
[error]    |       ^
[error]    |object IArray cannot have the same name as object IArray in package scala -- cannot define object member with the same name as a object member in self reference _.
[error]    |(Note: this can be resolved by using another name)
[warn] 14 warnings found
[warn] 28 warnings found
[error] one error found
[error] one error found
[info] :: delivering :: org.scala-lang#scala3-library_3;3.3.1-RC1-bin-SNAPSHOT :: 3.3.1-RC1-bin-SNAPSHOT :: integration :: Wed Jun 14 03:02:39 EDT 2023
[info] 	delivering ivy file to /Users/y3536zha/Desktop/scala_no_change/dotty/out/bootstrap/scala3-library-bootstrapped/scala-3.3.1-RC1-bin-SNAPSHOT-nonbootstrapped/ivy-3.3.1-RC1-bin-SNAPSHOT.xml
[info] 	published scala3-library_3 to /Users/y3536zha/.ivy2/local/org.scala-lang/scala3-library_3/3.3.1-RC1-bin-SNAPSHOT/poms/scala3-library_3.pom
[info] 	published scala3-library_3 to /Users/y3536zha/.ivy2/local/org.scala-lang/scala3-library_3/3.3.1-RC1-bin-SNAPSHOT/jars/scala3-library_3.jar
[info] 	published scala3-library_3 to /Users/y3536zha/.ivy2/local/org.scala-lang/scala3-library_3/3.3.1-RC1-bin-SNAPSHOT/srcs/scala3-library_3-sources.jar
[info] 	published scala3-library_3 to /Users/y3536zha/.ivy2/local/org.scala-lang/scala3-library_3/3.3.1-RC1-bin-SNAPSHOT/docs/scala3-library_3-javadoc.jar
[info] 	published ivy to /Users/y3536zha/.ivy2/local/org.scala-lang/scala3-library_3/3.3.1-RC1-bin-SNAPSHOT/ivys/ivy.xml
[info] :: delivering :: org.scala-lang#scala3-library_sjs1_3;3.3.1-RC1-bin-SNAPSHOT :: 3.3.1-RC1-bin-SNAPSHOT :: integration :: Wed Jun 14 03:02:39 EDT 2023
[info] 	delivering ivy file to /Users/y3536zha/Desktop/scala_no_change/dotty/out/bootstrap/scala3-library-bootstrappedJS/scala-3.3.1-RC1-bin-SNAPSHOT-nonbootstrapped/ivy-3.3.1-RC1-bin-SNAPSHOT.xml
[info] 	published scala3-library_sjs1_3 to /Users/y3536zha/.ivy2/local/org.scala-lang/scala3-library_sjs1_3/3.3.1-RC1-bin-SNAPSHOT/poms/scala3-library_sjs1_3.pom
[info] 	published scala3-library_sjs1_3 to /Users/y3536zha/.ivy2/local/org.scala-lang/scala3-library_sjs1_3/3.3.1-RC1-bin-SNAPSHOT/jars/scala3-library_sjs1_3.jar
[info] 	published scala3-library_sjs1_3 to /Users/y3536zha/.ivy2/local/org.scala-lang/scala3-library_sjs1_3/3.3.1-RC1-bin-SNAPSHOT/srcs/scala3-library_sjs1_3-sources.jar
[info] 	published scala3-library_sjs1_3 to /Users/y3536zha/.ivy2/local/org.scala-lang/scala3-library_sjs1_3/3.3.1-RC1-bin-SNAPSHOT/docs/scala3-library_sjs1_3-javadoc.jar
[info] 	published ivy to /Users/y3536zha/.ivy2/local/org.scala-lang/scala3-library_sjs1_3/3.3.1-RC1-bin-SNAPSHOT/ivys/ivy.xml
[info] Test run dotty.communitybuild.CommunityBuildTestA started
[info] Test run dotty.communitybuild.CommunityBuildTestA finished: 0 failed, 0 ignored, 0 total, 0.001s
[info] Test run dotty.communitybuild.CommunityBuildTestC started
[info] Test dotty.communitybuild.CommunityBuildTestC.sourcecode started
[32m[STARTING sourcecode][0m
[32m[DEPENDENCIES DONE, NOW ACTUALLY RUNNING sourcecode][0m
[32mBuilding sourcecode with dotty-bootstrapped 3.3.1-RC1-bin-SNAPSHOT...[0m
[32m./mill -i -D dottyVersion=3.3.1-RC1-bin-SNAPSHOT sourcecode.jvm[3.3.1-RC1-bin-SNAPSHOT].test[0m
Compiling /Users/y3536zha/Desktop/scala_no_change/dotty/community-build/community-projects/sourcecode/build.sc
[1/78] sourcecode.jvm[3.3.1-RC1-bin-SNAPSHOT].test.mainClass 
[1A[2K[9999D[3/78] mill.scalalib.ZincWorkerModule.worker 
[1A[2K[9999D[4/78] sourcecode.jvm[3.3.1-RC1-bin-SNAPSHOT].test.scalaVersion 
[1A[2K[9999D[7/78] sourcecode.jvm[3.3.1-RC1-bin-SNAPSHOT].sources.overridden.mill.scalalib.JavaModule.sources 
[1A[2K[9999D[8/78] sourcecode.jvm[3.3.1-RC1-bin-SNAPSHOT].sources.overridden.mill.scalalib.CrossScalaModule.sources 
[1A[2K[9999D[9/78] sourcecode.jvm[3.3.1-RC1-bin-SNAPSHOT].sources 
[1A[2K[9999D[14/78] sourcecode.jvm[3.3.1-RC1-bin-SNAPSHOT].resources 
[1A[2K[9999D[36/78] sourcecode.jvm[3.3.1-RC1-bin-SNAPSHOT].test.upstreamCompileOutput 
[1A[2K[9999D[37/78] sourcecode.jvm[3.3.1-RC1-bin-SNAPSHOT].test.sources.overridden.mill.scalalib.JavaModule.sources 
[1A[2K[9999D[38/78] sourcecode.jvm[3.3.1-RC1-bin-SNAPSHOT].test.sources 
[1A[2K[9999D[39/78] sourcecode.jvm[3.3.1-RC1-bin-SNAPSHOT].test.generatedSources 
[1A[2K[9999D[40/78] sourcecode.jvm[3.3.1-RC1-bin-SNAPSHOT].test.allSources 
[1A[2K[9999D[41/78] sourcecode.jvm[3.3.1-RC1-bin-SNAPSHOT].test.allSourceFiles 
[1A[2K[9999D[43/78] sourcecode.jvm[3.3.1-RC1-bin-SNAPSHOT].test.transitiveLocalClasspath 
[1A[2K[9999D[44/78] sourcecode.jvm[3.3.1-RC1-bin-SNAPSHOT].test.resources 
[1A[2K[9999D[45/78] sourcecode.jvm[3.3.1-RC1-bin-SNAPSHOT].test.unmanagedClasspath 
[1A[2K[9999D[46/78] sourcecode.jvm[3.3.1-RC1-bin-SNAPSHOT].test.platformSuffix 
[1A[2K[9999D[47/78] sourcecode.jvm[3.3.1-RC1-bin-SNAPSHOT].test.compileIvyDeps 
[1A[2K[9999D[48/78] sourcecode.jvm[3.3.1-RC1-bin-SNAPSHOT].test.transitiveCompileIvyDeps 
[1A[2K[9999D[49/78] sourcecode.jvm[3.3.1-RC1-bin-SNAPSHOT].test.ivyDeps 
[1A[2K[9999D[50/78] sourcecode.jvm[3.3.1-RC1-bin-SNAPSHOT].test.mandatoryIvyDeps.overridden.mill.scalalib.JavaModule.mandatoryIvyDeps 
[1A[2K[9999D[51/78] sourcecode.jvm[3.3.1-RC1-bin-SNAPSHOT].test.scalaOrganization 
[1A[2K[9999D[52/78] sourcecode.jvm[3.3.1-RC1-bin-SNAPSHOT].test.scalaLibraryIvyDeps 
[1A[2K[9999D[53/78] sourcecode.jvm[3.3.1-RC1-bin-SNAPSHOT].test.mandatoryIvyDeps 
[1A[2K[9999D[54/78] sourcecode.jvm[3.3.1-RC1-bin-SNAPSHOT].test.transitiveIvyDeps 
[1A[2K[9999D[55/78] sourcecode.jvm[3.3.1-RC1-bin-SNAPSHOT].test.resolvedIvyDeps 
[1A[2K[9999D[56/78] sourcecode.jvm[3.3.1-RC1-bin-SNAPSHOT].test.compileClasspath 
[1A[2K[9999D[57/78] sourcecode.jvm[3.3.1-RC1-bin-SNAPSHOT].test.javacOptions 
[1A[2K[9999D[58/78] sourcecode.jvm[3.3.1-RC1-bin-SNAPSHOT].test.mandatoryScalacOptions 
[1A[2K[9999D[59/78] sourcecode.jvm[3.3.1-RC1-bin-SNAPSHOT].test.scalacPluginIvyDeps 
[1A[2K[9999D[60/78] sourcecode.jvm[3.3.1-RC1-bin-SNAPSHOT].test.enablePluginScalacOptions 
[1A[2K[9999D[61/78] sourcecode.jvm[3.3.1-RC1-bin-SNAPSHOT].test.scalacOptions 
[1A[2K[9999D[62/78] sourcecode.jvm[3.3.1-RC1-bin-SNAPSHOT].test.allScalacOptions 
[1A[2K[9999D[63/78] sourcecode.jvm[3.3.1-RC1-bin-SNAPSHOT].test.scalaCompilerClasspath 
[1A[2K[9999D[64/78] sourcecode.jvm[3.3.1-RC1-bin-SNAPSHOT].test.scalacPluginClasspath 
[1A[2K[9999D[65/78] sourcecode.jvm[3.3.1-RC1-bin-SNAPSHOT].test.compile 
[info] compiling 16 Scala sources to /Users/y3536zha/Desktop/scala_no_change/dotty/community-build/community-projects/sourcecode/out/sourcecode/jvm/3.3.1-RC1-bin-SNAPSHOT/test/compile.dest/classes ...
[error] error while loading TypeBox,
[error] ZipFile invalid LOC header (bad signature)
java.lang.NoClassDefFoundError: scala/quoted/runtime/StopMacroExpansion while typechecking /Users/y3536zha/Desktop/scala_no_change/dotty/community-build/community-projects/sourcecode/sourcecode/test/src/sourcecode/DebugFull.scala
Exception while compiling /Users/y3536zha/Desktop/scala_no_change/dotty/community-build/community-projects/sourcecode/sourcecode/test/src-3/sourcecode/TestUtil.scala, /Users/y3536zha/Desktop/scala_no_change/dotty/community-build/community-projects/sourcecode/sourcecode/test/src/sourcecode/Apply.scala, /Users/y3536zha/Desktop/scala_no_change/dotty/community-build/community-projects/sourcecode/sourcecode/test/src/sourcecode/ArgsTests.scala, /Users/y3536zha/Desktop/scala_no_change/dotty/community-build/community-projects/sourcecode/sourcecode/test/src/sourcecode/DebugFull.scala, /Users/y3536zha/Desktop/scala_no_change/dotty/community-build/community-projects/sourcecode/sourcecode/test/src/sourcecode/DebugLite.scala, /Users/y3536zha/Desktop/scala_no_change/dotty/community-build/community-projects/sourcecode/sourcecode/test/src/sourcecode/DebugName.scala, /Users/y3536zha/Desktop/scala_no_change/dotty/community-build/community-projects/sourcecode/sourcecode/test/src/sourcecode/EnumExaple.scala, /Users/y3536zha/Desktop/scala_no_change/dotty/community-build/community-projects/sourcecode/sourcecode/test/src/sourcecode/EnumFull.scala, /Users/y3536zha/Desktop/scala_no_change/dotty/community-build/community-projects/sourcecode/sourcecode/test/src/sourcecode/Implicits.scala, /Users/y3536zha/Desktop/scala_no_change/dotty/community-build/community-projects/sourcecode/sourcecode/test/src/sourcecode/Main.scala, /Users/y3536zha/Desktop/scala_no_change/dotty/community-build/community-projects/sourcecode/sourcecode/test/src/sourcecode/ManualImplicit.scala, /Users/y3536zha/Desktop/scala_no_change/dotty/community-build/community-projects/sourcecode/sourcecode/test/src/sourcecode/NoSynthetic.scala, /Users/y3536zha/Desktop/scala_no_change/dotty/community-build/community-projects/sourcecode/sourcecode/test/src/sourcecode/Regressions.scala, /Users/y3536zha/Desktop/scala_no_change/dotty/community-build/community-projects/sourcecode/sourcecode/test/src/sourcecode/Synthetic.scala, /Users/y3536zha/Desktop/scala_no_change/dotty/community-build/community-projects/sourcecode/sourcecode/test/src/sourcecode/Tests.scala, /Users/y3536zha/Desktop/scala_no_change/dotty/community-build/community-projects/sourcecode/sourcecode/test/src/sourcecode/TextTests.scala
[error] ## Exception when compiling 16 sources to /Users/y3536zha/Desktop/scala_no_change/dotty/community-build/community-projects/sourcecode/out/sourcecode/jvm/3.3.1-RC1-bin-SNAPSHOT/test/compile.dest/classes
[error] java.lang.NoClassDefFoundError: scala/quoted/runtime/StopMacroExpansion
[error] dotty.tools.dotc.typer.Implicits.typedImplicit(Implicits.scala:1179)
[error] dotty.tools.dotc.typer.Implicits.typedImplicit$(Implicits.scala:816)
[error] dotty.tools.dotc.typer.Typer.typedImplicit(Typer.scala:116)
[error] dotty.tools.dotc.typer.Implicits$ImplicitSearch.tryImplicit(Implicits.scala:1240)
[error] dotty.tools.dotc.typer.Implicits$ImplicitSearch.rank$1(Implicits.scala:1339)
[error] dotty.tools.dotc.typer.Implicits$ImplicitSearch.searchImplicit(Implicits.scala:1509)
[error] dotty.tools.dotc.typer.Implicits$ImplicitSearch.searchImplicit(Implicits.scala:1537)
[error] dotty.tools.dotc.typer.Implicits$ImplicitSearch.searchImplicit(Implicits.scala:1545)
[error] dotty.tools.dotc.typer.Implicits$ImplicitSearch.bestImplicit(Implicits.scala:1570)
[error] dotty.tools.dotc.typer.Implicits.inferImplicit(Implicits.scala:1058)
[error] dotty.tools.dotc.typer.Implicits.inferImplicit$(Implicits.scala:816)
[error] dotty.tools.dotc.typer.Typer.inferImplicit(Typer.scala:116)
[error] dotty.tools.dotc.typer.Implicits.inferView(Implicits.scala:854)
[error] dotty.tools.dotc.typer.Implicits.inferView$(Implicits.scala:816)
[error] dotty.tools.dotc.typer.Typer.inferView(Typer.scala:116)
[error] dotty.tools.dotc.typer.Typer.adaptToSubType$1(Typer.scala:4156)
[error] dotty.tools.dotc.typer.Typer.adaptNoArgsOther$1(Typer.scala:3973)
[error] dotty.tools.dotc.typer.Typer.adaptNoArgs$1(Typer.scala:4048)
[error] dotty.tools.dotc.typer.Typer.adapt1(Typer.scala:4265)
[error] dotty.tools.dotc.typer.Typer.adapt(Typer.scala:3573)
[error] dotty.tools.dotc.typer.ProtoTypes$FunProto.typedArg(ProtoTypes.scala:497)
[error] dotty.tools.dotc.typer.Applications$ApplyToUntyped.typedArg(Applications.scala:897)
[error] dotty.tools.dotc.typer.Applications$ApplyToUntyped.typedArg(Applications.scala:897)
[error] dotty.tools.dotc.typer.Applications$Application.addTyped$1(Applications.scala:589)
[error] dotty.tools.dotc.typer.Applications$Application.matchArgs(Applications.scala:653)
[error] dotty.tools.dotc.typer.Applications$Application.init(Applications.scala:492)
[error] dotty.tools.dotc.typer.Applications$TypedApply.<init>(Applications.scala:779)
[error] dotty.tools.dotc.typer.Applications$ApplyToUntyped.<init>(Applications.scala:896)
[error] dotty.tools.dotc.typer.Applications.ApplyTo(Applications.scala:1126)
[error] dotty.tools.dotc.typer.Applications.ApplyTo$(Applications.scala:352)
[error] dotty.tools.dotc.typer.Typer.ApplyTo(Typer.scala:116)
[error] dotty.tools.dotc.typer.Applications.simpleApply$1(Applications.scala:969)
[error] dotty.tools.dotc.typer.Applications.realApply$1$$anonfun$2(Applications.scala:1052)
[error] dotty.tools.dotc.typer.Typer.tryEither(Typer.scala:3310)
[error] dotty.tools.dotc.typer.Applications.realApply$1(Applications.scala:1063)
[error] dotty.tools.dotc.typer.Applications.typedApply(Applications.scala:1101)
[error] dotty.tools.dotc.typer.Applications.typedApply$(Applications.scala:352)
[error] dotty.tools.dotc.typer.Typer.typedApply(Typer.scala:116)
[error] dotty.tools.dotc.typer.Typer.typedUnnamed$1(Typer.scala:3035)
[error] dotty.tools.dotc.typer.Typer.typedUnadapted(Typer.scala:3098)
[error] dotty.tools.dotc.typer.Typer.typed(Typer.scala:3170)
[error] dotty.tools.dotc.typer.Typer.typed(Typer.scala:3174)
[error] dotty.tools.dotc.typer.Typer.typedExpr(Typer.scala:3286)
[error] dotty.tools.dotc.typer.Typer.typedBlock(Typer.scala:1166)
[error] dotty.tools.dotc.typer.Typer.typedUnnamed$1(Typer.scala:3043)
[error] dotty.tools.dotc.typer.Typer.typedUnadapted(Typer.scala:3098)
[error] dotty.tools.dotc.typer.Typer.typed(Typer.scala:3170)
[error] dotty.tools.dotc.typer.Typer.typed(Typer.scala:3174)
[error] dotty.tools.dotc.typer.Typer.typedExpr(Typer.scala:3286)
[error] dotty.tools.dotc.typer.Namer.typedAheadExpr$$anonfun$1(Namer.scala:1645)
[error] dotty.tools.dotc.typer.Namer.typedAhead(Namer.scala:1635)
[error] dotty.tools.dotc.typer.Namer.typedAheadExpr(Namer.scala:1645)
[error] dotty.tools.dotc.typer.Namer.typedAheadRhs$1$$anonfun$1(Namer.scala:1898)
[error] dotty.tools.dotc.inlines.PrepareInlineable$.dropInlineIfError(PrepareInlineable.scala:250)
[error] dotty.tools.dotc.typer.Namer.typedAheadRhs$1(Namer.scala:1898)
[error] dotty.tools.dotc.typer.Namer.rhsType$1(Namer.scala:1906)
[error] dotty.tools.dotc.typer.Namer.cookedRhsType$1(Namer.scala:1924)
[error] dotty.tools.dotc.typer.Namer.lhsType$1(Namer.scala:1925)
[error] dotty.tools.dotc.typer.Namer.inferredResultType(Namer.scala:1936)
[error] dotty.tools.dotc.typer.Namer.inferredType$1(Namer.scala:1683)
[error] dotty.tools.dotc.typer.Namer.valOrDefDefSig(Namer.scala:1690)
[error] dotty.tools.dotc.typer.Namer.defDefSig(Namer.scala:1781)
[error] dotty.tools.dotc.typer.Namer$Completer.typeSig(Namer.scala:791)
[error] dotty.tools.dotc.typer.Namer$Completer.completeInCreationContext(Namer.scala:926)
[error] dotty.tools.dotc.typer.Namer$Completer.complete(Namer.scala:814)
[error] dotty.tools.dotc.core.SymDenotations$SymDenotation.completeFrom(SymDenotations.scala:174)
[error] dotty.tools.dotc.core.Denotations$Denotation.completeInfo$1(Denotations.scala:187)
[error] dotty.tools.dotc.core.Denotations$Denotation.info(Denotations.scala:189)
[error] dotty.tools.dotc.core.SymDenotations$SymDenotation.ensureCompleted(SymDenotations.scala:393)
[error] dotty.tools.dotc.typer.Typer.retrieveSym(Typer.scala:2976)
[error] dotty.tools.dotc.typer.Typer.typedNamed$1(Typer.scala:3001)
[error] dotty.tools.dotc.typer.Typer.typedUnadapted(Typer.scala:3097)
[error] dotty.tools.dotc.typer.Typer.typed(Typer.scala:3170)
[error] dotty.tools.dotc.typer.Typer.typed(Typer.scala:3174)
[error] dotty.tools.dotc.typer.Typer.traverse$1(Typer.scala:3196)
[error] dotty.tools.dotc.typer.Typer.typedStats(Typer.scala:3242)
[error] dotty.tools.dotc.typer.Typer.typedClassDef(Typer.scala:2656)
[error] dotty.tools.dotc.typer.Typer.typedTypeOrClassDef$1(Typer.scala:3023)
[error] dotty.tools.dotc.typer.Typer.typedNamed$1(Typer.scala:3027)
[error] dotty.tools.dotc.typer.Typer.typedUnadapted(Typer.scala:3097)
[error] dotty.tools.dotc.typer.Typer.typed(Typer.scala:3170)
[error] dotty.tools.dotc.typer.Typer.typed(Typer.scala:3174)
[error] dotty.tools.dotc.typer.Typer.traverse$1(Typer.scala:3196)
[error] dotty.tools.dotc.typer.Typer.typedStats(Typer.scala:3242)
[error] dotty.tools.dotc.typer.Typer.typedBlockStats(Typer.scala:1159)
[error] dotty.tools.dotc.typer.Typer.typedBlock(Typer.scala:1163)
[error] dotty.tools.dotc.typer.Typer.typedUnnamed$1(Typer.scala:3043)
[error] dotty.tools.dotc.typer.Typer.typedUnadapted(Typer.scala:3098)
[error] dotty.tools.dotc.typer.Typer.typed(Typer.scala:3170)
[error] dotty.tools.dotc.typer.Typer.typed(Typer.scala:3174)
[error] dotty.tools.dotc.typer.Typer.typedExpr(Typer.scala:3286)
[error] dotty.tools.dotc.typer.Namer.typedAheadExpr$$anonfun$1(Namer.scala:1645)
[error] dotty.tools.dotc.typer.Namer.typedAhead(Namer.scala:1635)
[error] dotty.tools.dotc.typer.Namer.typedAheadExpr(Namer.scala:1645)
[error] dotty.tools.dotc.typer.Namer.typedAheadRhs$1$$anonfun$1(Namer.scala:1898)
[error] dotty.tools.dotc.inlines.PrepareInlineable$.dropInlineIfError(PrepareInlineable.scala:250)
[error] dotty.tools.dotc.typer.Namer.typedAheadRhs$1(Namer.scala:1898)
[error] dotty.tools.dotc.typer.Namer.rhsType$1(Namer.scala:1906)
[error] dotty.tools.dotc.typer.Namer.cookedRhsType$1(Namer.scala:1924)
[error] dotty.tools.dotc.typer.Namer.lhsType$1(Namer.scala:1925)
[error] dotty.tools.dotc.typer.Namer.inferredResultType(Namer.scala:1936)
[error] dotty.tools.dotc.typer.Namer.inferredType$1(Namer.scala:1683)
[error] dotty.tools.dotc.typer.Namer.valOrDefDefSig(Namer.scala:1690)
[error] dotty.tools.dotc.typer.Namer.defDefSig(Namer.scala:1781)
[error] dotty.tools.dotc.typer.Namer$Completer.typeSig(Namer.scala:791)
[error] dotty.tools.dotc.typer.Namer$Completer.completeInCreationContext(Namer.scala:926)
[error] dotty.tools.dotc.typer.Namer$Completer.complete(Namer.scala:814)
[error] dotty.tools.dotc.core.SymDenotations$SymDenotation.completeFrom(SymDenotations.scala:174)
[error] dotty.tools.dotc.core.Denotations$Denotation.completeInfo$1(Denotations.scala:187)
[error] dotty.tools.dotc.core.Denotations$Denotation.info(Denotations.scala:189)
[error] dotty.tools.dotc.core.SymDenotations$SymDenotation.ensureCompleted(SymDenotations.scala:393)
[error] dotty.tools.dotc.typer.Typer.retrieveSym(Typer.scala:2976)
[error] dotty.tools.dotc.typer.Typer.typedNamed$1(Typer.scala:3001)
[error] dotty.tools.dotc.typer.Typer.typedUnadapted(Typer.scala:3097)
[error] dotty.tools.dotc.typer.Typer.typed(Typer.scala:3170)
[error] dotty.tools.dotc.typer.Typer.typed(Typer.scala:3174)
[error] dotty.tools.dotc.typer.Typer.traverse$1(Typer.scala:3196)
[error] dotty.tools.dotc.typer.Typer.typedStats(Typer.scala:3242)
[error] dotty.tools.dotc.typer.Typer.typedClassDef(Typer.scala:2656)
[error] dotty.tools.dotc.typer.Typer.typedTypeOrClassDef$1(Typer.scala:3023)
[error] dotty.tools.dotc.typer.Typer.typedNamed$1(Typer.scala:3027)
[error] dotty.tools.dotc.typer.Typer.typedUnadapted(Typer.scala:3097)
[error] dotty.tools.dotc.typer.Typer.typed(Typer.scala:3170)
[error] dotty.tools.dotc.typer.Typer.typed(Typer.scala:3174)
[error] dotty.tools.dotc.typer.Typer.traverse$1(Typer.scala:3196)
[error] dotty.tools.dotc.typer.Typer.typedStats(Typer.scala:3242)
[error] dotty.tools.dotc.typer.Typer.typedPackageDef(Typer.scala:2799)
[error] dotty.tools.dotc.typer.Typer.typedUnnamed$1(Typer.scala:3068)
[error] dotty.tools.dotc.typer.Typer.typedUnadapted(Typer.scala:3098)
[error] dotty.tools.dotc.typer.Typer.typed(Typer.scala:3170)
[error] dotty.tools.dotc.typer.Typer.typed(Typer.scala:3174)
[error] dotty.tools.dotc.typer.Typer.typedExpr(Typer.scala:3286)
[error] dotty.tools.dotc.typer.TyperPhase.typeCheck$$anonfun$1(TyperPhase.scala:44)
[error] dotty.tools.dotc.typer.TyperPhase.typeCheck$$anonfun$adapted$1(TyperPhase.scala:54)
[error] scala.Function0.apply$mcV$sp(Function0.scala:42)
[error] dotty.tools.dotc.core.Phases$Phase.monitor(Phases.scala:437)
[error] dotty.tools.dotc.typer.TyperPhase.typeCheck(TyperPhase.scala:54)
[error] dotty.tools.dotc.typer.TyperPhase.runOn$$anonfun$3(TyperPhase.scala:88)
[error] scala.runtime.function.JProcedure1.apply(JProcedure1.java:15)
[error] scala.runtime.function.JProcedure1.apply(JProcedure1.java:10)
[error] scala.collection.immutable.List.foreach(List.scala:333)
[error] dotty.tools.dotc.typer.TyperPhase.runOn(TyperPhase.scala:88)
[error] dotty.tools.dotc.Run.runPhases$1$$anonfun$1(Run.scala:246)
[error] scala.runtime.function.JProcedure1.apply(JProcedure1.java:15)
[error] scala.runtime.function.JProcedure1.apply(JProcedure1.java:10)
[error] scala.collection.ArrayOps$.foreach$extension(ArrayOps.scala:1321)
[error] dotty.tools.dotc.Run.runPhases$1(Run.scala:262)
[error] dotty.tools.dotc.Run.compileUnits$$anonfun$1(Run.scala:270)
[error] dotty.tools.dotc.Run.compileUnits$$anonfun$adapted$1(Run.scala:279)
[error] dotty.tools.dotc.util.Stats$.maybeMonitored(Stats.scala:67)
[error] dotty.tools.dotc.Run.compileUnits(Run.scala:279)
[error] dotty.tools.dotc.Run.compileSources(Run.scala:194)
[error] dotty.tools.dotc.Run.compile(Run.scala:179)
[error] dotty.tools.dotc.Driver.doCompile(Driver.scala:37)
[error] dotty.tools.xsbt.CompilerBridgeDriver.run(CompilerBridgeDriver.java:88)
[error] dotty.tools.xsbt.CompilerBridge.run(CompilerBridge.java:22)
[error] sbt.internal.inc.AnalyzingCompiler.compile(AnalyzingCompiler.scala:91)
[error] sbt.internal.inc.MixedAnalyzingCompiler.$anonfun$compile$7(MixedAnalyzingCompiler.scala:192)
[error] scala.runtime.java8.JFunction0$mcV$sp.apply(JFunction0$mcV$sp.scala:18)
[error] sbt.internal.inc.MixedAnalyzingCompiler.timed(MixedAnalyzingCompiler.scala:247)
[error] sbt.internal.inc.MixedAnalyzingCompiler.$anonfun$compile$4(MixedAnalyzingCompiler.scala:182)
[error] sbt.internal.inc.MixedAnalyzingCompiler.$anonfun$compile$4$adapted(MixedAnalyzingCompiler.scala:163)
[error] sbt.internal.inc.JarUtils$.withPreviousJar(JarUtils.scala:239)
[error] sbt.internal.inc.MixedAnalyzingCompiler.compileScala$1(MixedAnalyzingCompiler.scala:163)
[error] sbt.internal.inc.MixedAnalyzingCompiler.compile(MixedAnalyzingCompiler.scala:210)
[error] sbt.internal.inc.IncrementalCompilerImpl.$anonfun$compileInternal$1(IncrementalCompilerImpl.scala:528)
[error] sbt.internal.inc.IncrementalCompilerImpl.$anonfun$compileInternal$1$adapted(IncrementalCompilerImpl.scala:528)
[error] sbt.internal.inc.Incremental$.$anonfun$apply$5(Incremental.scala:177)
[error] sbt.internal.inc.Incremental$.$anonfun$apply$5$adapted(Incremental.scala:175)
[error] sbt.internal.inc.Incremental$$anon$2.run(Incremental.scala:461)
[error] sbt.internal.inc.IncrementalCommon$CycleState.next(IncrementalCommon.scala:116)
[error] sbt.internal.inc.IncrementalCommon$$anon$1.next(IncrementalCommon.scala:56)
[error] sbt.internal.inc.IncrementalCommon$$anon$1.next(IncrementalCommon.scala:52)
[error] sbt.internal.inc.IncrementalCommon.cycle(IncrementalCommon.scala:263)
[error] sbt.internal.inc.Incremental$.$anonfun$incrementalCompile$8(Incremental.scala:416)
[error] sbt.internal.inc.Incremental$.withClassfileManager(Incremental.scala:503)
[error] sbt.internal.inc.Incremental$.incrementalCompile(Incremental.scala:403)
[error] sbt.internal.inc.Incremental$.apply(Incremental.scala:169)
[error] sbt.internal.inc.IncrementalCompilerImpl.compileInternal(IncrementalCompilerImpl.scala:528)
[error] sbt.internal.inc.IncrementalCompilerImpl.$anonfun$compileIncrementally$1(IncrementalCompilerImpl.scala:482)
[error] sbt.internal.inc.IncrementalCompilerImpl.handleCompilationError(IncrementalCompilerImpl.scala:332)
[error] sbt.internal.inc.IncrementalCompilerImpl.compileIncrementally(IncrementalCompilerImpl.scala:420)
[error] sbt.internal.inc.IncrementalCompilerImpl.compile(IncrementalCompilerImpl.scala:137)
[error] mill.scalalib.worker.ZincWorkerImpl.compileInternal(ZincWorkerImpl.scala:545)
[error] mill.scalalib.worker.ZincWorkerImpl.$anonfun$compileMixed0$1(ZincWorkerImpl.scala:317)
[error] mill.api.FixSizedCache.withCachedValue(FixSizedCache.scala:66)
[error] mill.scalalib.worker.ZincWorkerImpl.withCompilers(ZincWorkerImpl.scala:399)
[error] mill.scalalib.worker.ZincWorkerImpl.compileMixed0(ZincWorkerImpl.scala:316)
[error] mill.scalalib.worker.ZincWorkerImpl.compileMixed(ZincWorkerImpl.scala:284)
[error] mill.scalalib.ScalaModule.$anonfun$compile$2(ScalaModule.scala:195)
[error] mill.define.Task$TraverseCtx.evaluate(Task.scala:380)
[error] mill.eval.Evaluator.$anonfun$evaluateGroup$13(Evaluator.scala:627)
[error] scala.util.DynamicVariable.withValue(DynamicVariable.scala:59)
[error] scala.Console$.withErr(Console.scala:193)
[error] mill.eval.Evaluator.$anonfun$evaluateGroup$12(Evaluator.scala:627)
[error] scala.util.DynamicVariable.withValue(DynamicVariable.scala:59)
[error] scala.Console$.withOut(Console.scala:164)
[error] mill.eval.Evaluator.$anonfun$evaluateGroup$11(Evaluator.scala:626)
[error] scala.util.DynamicVariable.withValue(DynamicVariable.scala:59)
[error] scala.Console$.withIn(Console.scala:227)
[error] mill.eval.Evaluator.$anonfun$evaluateGroup$8(Evaluator.scala:625)
[error] mill.eval.Evaluator.$anonfun$evaluateGroup$8$adapted(Evaluator.scala:586)
[error] scala.collection.immutable.Vector.foreach(Vector.scala:1856)
[error] mill.eval.Evaluator.evaluateGroup(Evaluator.scala:586)
[error] mill.eval.Evaluator.$anonfun$evaluateGroupCached$21(Evaluator.scala:478)
[error] scala.util.DynamicVariable.withValue(DynamicVariable.scala:59)
[error] mill.eval.Evaluator.evaluateGroupCached(Evaluator.scala:469)
[error] mill.eval.Evaluator.$anonfun$sequentialEvaluate$2(Evaluator.scala:202)
[error] scala.collection.IterableOnceOps.foreach(IterableOnce.scala:563)
[error] scala.collection.IterableOnceOps.foreach$(IterableOnce.scala:561)
[error] scala.collection.AbstractIterator.foreach(Iterator.scala:1293)
[error] mill.eval.Evaluator.sequentialEvaluate(Evaluator.scala:177)
[error] mill.eval.Evaluator.evaluate(Evaluator.scala:162)
[error] mill.main.RunScript$.evaluateNamed(RunScript.scala:364)
[error] mill.main.RunScript$.evaluate(RunScript.scala:349)
[error] mill.main.RunScript$.$anonfun$evaluateTasks$1(RunScript.scala:314)
[error] scala.util.Either.map(Either.scala:382)
[error] mill.main.RunScript$.evaluateTasks(RunScript.scala:312)
[error] mill.main.RunScript$.$anonfun$runScript$8(RunScript.scala:105)
[error] ammonite.util.Res$Success.flatMap(Res.scala:62)
[error] mill.main.RunScript$.runScript(RunScript.scala:104)
[error] mill.main.MainRunner.$anonfun$runScript$1(MainRunner.scala:119)
[error] mill.main.MainRunner.watchLoop2(MainRunner.scala:67)
[error] mill.main.MainRunner.runScript(MainRunner.scala:92)
[error] mill.MillMain$.main0(MillMain.scala:310)
[error] mill.MillMain$.main(MillMain.scala:52)
[error] mill.MillMain.main(MillMain.scala)
[error] java.base/jdk.internal.reflect.NativeMethodAccessorImpl.invoke0(Native Method)
[error] java.base/jdk.internal.reflect.NativeMethodAccessorImpl.invoke(Unknown Source)
[error] java.base/jdk.internal.reflect.DelegatingMethodAccessorImpl.invoke(Unknown Source)
[error] java.base/java.lang.reflect.Method.invoke(Unknown Source)
[error] mill.main.client.IsolatedMillMainLoader.runMain(IsolatedMillMainLoader.java:58)
[error] mill.main.client.MillClientMain.main(MillClientMain.java:67)
[error]            
Exception in thread "main" java.lang.reflect.InvocationTargetException
	at java.base/jdk.internal.reflect.NativeMethodAccessorImpl.invoke0(Native Method)
	at java.base/jdk.internal.reflect.NativeMethodAccessorImpl.invoke(Unknown Source)
	at java.base/jdk.internal.reflect.DelegatingMethodAccessorImpl.invoke(Unknown Source)
	at java.base/java.lang.reflect.Method.invoke(Unknown Source)
	at mill.main.client.IsolatedMillMainLoader.runMain(IsolatedMillMainLoader.java:58)
	at mill.main.client.MillClientMain.main(MillClientMain.java:67)
Caused by: java.lang.NoClassDefFoundError: scala/quoted/runtime/StopMacroExpansion
	at dotty.tools.dotc.typer.Implicits.typedImplicit(Implicits.scala:1179)
	at dotty.tools.dotc.typer.Implicits.typedImplicit$(Implicits.scala:816)
	at dotty.tools.dotc.typer.Typer.typedImplicit(Typer.scala:116)
	at dotty.tools.dotc.typer.Implicits$ImplicitSearch.tryImplicit(Implicits.scala:1240)
	at dotty.tools.dotc.typer.Implicits$ImplicitSearch.rank$1(Implicits.scala:1339)
	at dotty.tools.dotc.typer.Implicits$ImplicitSearch.searchImplicit(Implicits.scala:1509)
	at dotty.tools.dotc.typer.Implicits$ImplicitSearch.searchImplicit(Implicits.scala:1537)
	at dotty.tools.dotc.typer.Implicits$ImplicitSearch.searchImplicit(Implicits.scala:1545)
	at dotty.tools.dotc.typer.Implicits$ImplicitSearch.bestImplicit(Implicits.scala:1570)
	at dotty.tools.dotc.typer.Implicits.inferImplicit(Implicits.scala:1058)
	at dotty.tools.dotc.typer.Implicits.inferImplicit$(Implicits.scala:816)
	at dotty.tools.dotc.typer.Typer.inferImplicit(Typer.scala:116)
	at dotty.tools.dotc.typer.Implicits.inferView(Implicits.scala:854)
	at dotty.tools.dotc.typer.Implicits.inferView$(Implicits.scala:816)
	at dotty.tools.dotc.typer.Typer.inferView(Typer.scala:116)
	at dotty.tools.dotc.typer.Typer.adaptToSubType$1(Typer.scala:4156)
	at dotty.tools.dotc.typer.Typer.adaptNoArgsOther$1(Typer.scala:3973)
	at dotty.tools.dotc.typer.Typer.adaptNoArgs$1(Typer.scala:4048)
	at dotty.tools.dotc.typer.Typer.adapt1(Typer.scala:4265)
	at dotty.tools.dotc.typer.Typer.adapt(Typer.scala:3573)
	at dotty.tools.dotc.typer.ProtoTypes$FunProto.typedArg(ProtoTypes.scala:497)
	at dotty.tools.dotc.typer.Applications$ApplyToUntyped.typedArg(Applications.scala:897)
	at dotty.tools.dotc.typer.Applications$ApplyToUntyped.typedArg(Applications.scala:897)
	at dotty.tools.dotc.typer.Applications$Application.addTyped$1(Applications.scala:589)
	at dotty.tools.dotc.typer.Applications$Application.matchArgs(Applications.scala:653)
	at dotty.tools.dotc.typer.Applications$Application.init(Applications.scala:492)
	at dotty.tools.dotc.typer.Applications$TypedApply.<init>(Applications.scala:779)
	at dotty.tools.dotc.typer.Applications$ApplyToUntyped.<init>(Applications.scala:896)
	at dotty.tools.dotc.typer.Applications.ApplyTo(Applications.scala:1126)
	at dotty.tools.dotc.typer.Applications.ApplyTo$(Applications.scala:352)
	at dotty.tools.dotc.typer.Typer.ApplyTo(Typer.scala:116)
	at dotty.tools.dotc.typer.Applications.simpleApply$1(Applications.scala:969)
	at dotty.tools.dotc.typer.Applications.realApply$1$$anonfun$2(Applications.scala:1052)
	at dotty.tools.dotc.typer.Typer.tryEither(Typer.scala:3310)
	at dotty.tools.dotc.typer.Applications.realApply$1(Applications.scala:1063)
	at dotty.tools.dotc.typer.Applications.typedApply(Applications.scala:1101)
	at dotty.tools.dotc.typer.Applications.typedApply$(Applications.scala:352)
	at dotty.tools.dotc.typer.Typer.typedApply(Typer.scala:116)
	at dotty.tools.dotc.typer.Typer.typedUnnamed$1(Typer.scala:3035)
	at dotty.tools.dotc.typer.Typer.typedUnadapted(Typer.scala:3098)
	at dotty.tools.dotc.typer.Typer.typed(Typer.scala:3170)
	at dotty.tools.dotc.typer.Typer.typed(Typer.scala:3174)
	at dotty.tools.dotc.typer.Typer.typedExpr(Typer.scala:3286)
	at dotty.tools.dotc.typer.Typer.typedBlock(Typer.scala:1166)
	at dotty.tools.dotc.typer.Typer.typedUnnamed$1(Typer.scala:3043)
	at dotty.tools.dotc.typer.Typer.typedUnadapted(Typer.scala:3098)
	at dotty.tools.dotc.typer.Typer.typed(Typer.scala:3170)
	at dotty.tools.dotc.typer.Typer.typed(Typer.scala:3174)
	at dotty.tools.dotc.typer.Typer.typedExpr(Typer.scala:3286)
	at dotty.tools.dotc.typer.Namer.typedAheadExpr$$anonfun$1(Namer.scala:1645)
	at dotty.tools.dotc.typer.Namer.typedAhead(Namer.scala:1635)
	at dotty.tools.dotc.typer.Namer.typedAheadExpr(Namer.scala:1645)
	at dotty.tools.dotc.typer.Namer.typedAheadRhs$1$$anonfun$1(Namer.scala:1898)
	at dotty.tools.dotc.inlines.PrepareInlineable$.dropInlineIfError(PrepareInlineable.scala:250)
	at dotty.tools.dotc.typer.Namer.typedAheadRhs$1(Namer.scala:1898)
	at dotty.tools.dotc.typer.Namer.rhsType$1(Namer.scala:1906)
	at dotty.tools.dotc.typer.Namer.cookedRhsType$1(Namer.scala:1924)
	at dotty.tools.dotc.typer.Namer.lhsType$1(Namer.scala:1925)
	at dotty.tools.dotc.typer.Namer.inferredResultType(Namer.scala:1936)
	at dotty.tools.dotc.typer.Namer.inferredType$1(Namer.scala:1683)
	at dotty.tools.dotc.typer.Namer.valOrDefDefSig(Namer.scala:1690)
	at dotty.tools.dotc.typer.Namer.defDefSig(Namer.scala:1781)
	at dotty.tools.dotc.typer.Namer$Completer.typeSig(Namer.scala:791)
	at dotty.tools.dotc.typer.Namer$Completer.completeInCreationContext(Namer.scala:926)
	at dotty.tools.dotc.typer.Namer$Completer.complete(Namer.scala:814)
	at dotty.tools.dotc.core.SymDenotations$SymDenotation.completeFrom(SymDenotations.scala:174)
	at dotty.tools.dotc.core.Denotations$Denotation.completeInfo$1(Denotations.scala:187)
	at dotty.tools.dotc.core.Denotations$Denotation.info(Denotations.scala:189)
	at dotty.tools.dotc.core.SymDenotations$SymDenotation.ensureCompleted(SymDenotations.scala:393)
	at dotty.tools.dotc.typer.Typer.retrieveSym(Typer.scala:2976)
	at dotty.tools.dotc.typer.Typer.typedNamed$1(Typer.scala:3001)
	at dotty.tools.dotc.typer.Typer.typedUnadapted(Typer.scala:3097)
	at dotty.tools.dotc.typer.Typer.typed(Typer.scala:3170)
	at dotty.tools.dotc.typer.Typer.typed(Typer.scala:3174)
	at dotty.tools.dotc.typer.Typer.traverse$1(Typer.scala:3196)
	at dotty.tools.dotc.typer.Typer.typedStats(Typer.scala:3242)
	at dotty.tools.dotc.typer.Typer.typedClassDef(Typer.scala:2656)
	at dotty.tools.dotc.typer.Typer.typedTypeOrClassDef$1(Typer.scala:3023)
	at dotty.tools.dotc.typer.Typer.typedNamed$1(Typer.scala:3027)
	at dotty.tools.dotc.typer.Typer.typedUnadapted(Typer.scala:3097)
	at dotty.tools.dotc.typer.Typer.typed(Typer.scala:3170)
	at dotty.tools.dotc.typer.Typer.typed(Typer.scala:3174)
	at dotty.tools.dotc.typer.Typer.traverse$1(Typer.scala:3196)
	at dotty.tools.dotc.typer.Typer.typedStats(Typer.scala:3242)
	at dotty.tools.dotc.typer.Typer.typedBlockStats(Typer.scala:1159)
	at dotty.tools.dotc.typer.Typer.typedBlock(Typer.scala:1163)
	at dotty.tools.dotc.typer.Typer.typedUnnamed$1(Typer.scala:3043)
	at dotty.tools.dotc.typer.Typer.typedUnadapted(Typer.scala:3098)
	at dotty.tools.dotc.typer.Typer.typed(Typer.scala:3170)
	at dotty.tools.dotc.typer.Typer.typed(Typer.scala:3174)
	at dotty.tools.dotc.typer.Typer.typedExpr(Typer.scala:3286)
	at dotty.tools.dotc.typer.Namer.typedAheadExpr$$anonfun$1(Namer.scala:1645)
	at dotty.tools.dotc.typer.Namer.typedAhead(Namer.scala:1635)
	at dotty.tools.dotc.typer.Namer.typedAheadExpr(Namer.scala:1645)
	at dotty.tools.dotc.typer.Namer.typedAheadRhs$1$$anonfun$1(Namer.scala:1898)
	at dotty.tools.dotc.inlines.PrepareInlineable$.dropInlineIfError(PrepareInlineable.scala:250)
	at dotty.tools.dotc.typer.Namer.typedAheadRhs$1(Namer.scala:1898)
	at dotty.tools.dotc.typer.Namer.rhsType$1(Namer.scala:1906)
	at dotty.tools.dotc.typer.Namer.cookedRhsType$1(Namer.scala:1924)
	at dotty.tools.dotc.typer.Namer.lhsType$1(Namer.scala:1925)
	at dotty.tools.dotc.typer.Namer.inferredResultType(Namer.scala:1936)
	at dotty.tools.dotc.typer.Namer.inferredType$1(Namer.scala:1683)
	at dotty.tools.dotc.typer.Namer.valOrDefDefSig(Namer.scala:1690)
	at dotty.tools.dotc.typer.Namer.defDefSig(Namer.scala:1781)
	at dotty.tools.dotc.typer.Namer$Completer.typeSig(Namer.scala:791)
	at dotty.tools.dotc.typer.Namer$Completer.completeInCreationContext(Namer.scala:926)
	at dotty.tools.dotc.typer.Namer$Completer.complete(Namer.scala:814)
	at dotty.tools.dotc.core.SymDenotations$SymDenotation.completeFrom(SymDenotations.scala:174)
	at dotty.tools.dotc.core.Denotations$Denotation.completeInfo$1(Denotations.scala:187)
	at dotty.tools.dotc.core.Denotations$Denotation.info(Denotations.scala:189)
	at dotty.tools.dotc.core.SymDenotations$SymDenotation.ensureCompleted(SymDenotations.scala:393)
	at dotty.tools.dotc.typer.Typer.retrieveSym(Typer.scala:2976)
	at dotty.tools.dotc.typer.Typer.typedNamed$1(Typer.scala:3001)
	at dotty.tools.dotc.typer.Typer.typedUnadapted(Typer.scala:3097)
	at dotty.tools.dotc.typer.Typer.typed(Typer.scala:3170)
	at dotty.tools.dotc.typer.Typer.typed(Typer.scala:3174)
	at dotty.tools.dotc.typer.Typer.traverse$1(Typer.scala:3196)
	at dotty.tools.dotc.typer.Typer.typedStats(Typer.scala:3242)
	at dotty.tools.dotc.typer.Typer.typedClassDef(Typer.scala:2656)
	at dotty.tools.dotc.typer.Typer.typedTypeOrClassDef$1(Typer.scala:3023)
	at dotty.tools.dotc.typer.Typer.typedNamed$1(Typer.scala:3027)
	at dotty.tools.dotc.typer.Typer.typedUnadapted(Typer.scala:3097)
	at dotty.tools.dotc.typer.Typer.typed(Typer.scala:3170)
	at dotty.tools.dotc.typer.Typer.typed(Typer.scala:3174)
	at dotty.tools.dotc.typer.Typer.traverse$1(Typer.scala:3196)
	at dotty.tools.dotc.typer.Typer.typedStats(Typer.scala:3242)
	at dotty.tools.dotc.typer.Typer.typedPackageDef(Typer.scala:2799)
	at dotty.tools.dotc.typer.Typer.typedUnnamed$1(Typer.scala:3068)
	at dotty.tools.dotc.typer.Typer.typedUnadapted(Typer.scala:3098)
	at dotty.tools.dotc.typer.Typer.typed(Typer.scala:3170)
	at dotty.tools.dotc.typer.Typer.typed(Typer.scala:3174)
	at dotty.tools.dotc.typer.Typer.typedExpr(Typer.scala:3286)
	at dotty.tools.dotc.typer.TyperPhase.typeCheck$$anonfun$1(TyperPhase.scala:44)
	at dotty.tools.dotc.typer.TyperPhase.typeCheck$$anonfun$adapted$1(TyperPhase.scala:54)
	at scala.Function0.apply$mcV$sp(Function0.scala:42)
	at dotty.tools.dotc.core.Phases$Phase.monitor(Phases.scala:437)
	at dotty.tools.dotc.typer.TyperPhase.typeCheck(TyperPhase.scala:54)
	at dotty.tools.dotc.typer.TyperPhase.runOn$$anonfun$3(TyperPhase.scala:88)
	at scala.runtime.function.JProcedure1.apply(JProcedure1.java:15)
	at scala.runtime.function.JProcedure1.apply(JProcedure1.java:10)
	at scala.collection.immutable.List.foreach(List.scala:333)
	at dotty.tools.dotc.typer.TyperPhase.runOn(TyperPhase.scala:88)
	at dotty.tools.dotc.Run.runPhases$1$$anonfun$1(Run.scala:246)
	at scala.runtime.function.JProcedure1.apply(JProcedure1.java:15)
	at scala.runtime.function.JProcedure1.apply(JProcedure1.java:10)
	at scala.collection.ArrayOps$.foreach$extension(ArrayOps.scala:1321)
	at dotty.tools.dotc.Run.runPhases$1(Run.scala:262)
	at dotty.tools.dotc.Run.compileUnits$$anonfun$1(Run.scala:270)
	at dotty.tools.dotc.Run.compileUnits$$anonfun$adapted$1(Run.scala:279)
	at dotty.tools.dotc.util.Stats$.maybeMonitored(Stats.scala:67)
	at dotty.tools.dotc.Run.compileUnits(Run.scala:279)
	at dotty.tools.dotc.Run.compileSources(Run.scala:194)
	at dotty.tools.dotc.Run.compile(Run.scala:179)
	at dotty.tools.dotc.Driver.doCompile(Driver.scala:37)
	at dotty.tools.xsbt.CompilerBridgeDriver.run(CompilerBridgeDriver.java:88)
	at dotty.tools.xsbt.CompilerBridge.run(CompilerBridge.java:22)
	at sbt.internal.inc.AnalyzingCompiler.compile(AnalyzingCompiler.scala:91)
	at sbt.internal.inc.MixedAnalyzingCompiler.$anonfun$compile$7(MixedAnalyzingCompiler.scala:192)
	at scala.runtime.java8.JFunction0$mcV$sp.apply(JFunction0$mcV$sp.scala:18)
	at sbt.internal.inc.MixedAnalyzingCompiler.timed(MixedAnalyzingCompiler.scala:247)
	at sbt.internal.inc.MixedAnalyzingCompiler.$anonfun$compile$4(MixedAnalyzingCompiler.scala:182)
	at sbt.internal.inc.MixedAnalyzingCompiler.$anonfun$compile$4$adapted(MixedAnalyzingCompiler.scala:163)
	at sbt.internal.inc.JarUtils$.withPreviousJar(JarUtils.scala:239)
	at sbt.internal.inc.MixedAnalyzingCompiler.compileScala$1(MixedAnalyzingCompiler.scala:163)
	at sbt.internal.inc.MixedAnalyzingCompiler.compile(MixedAnalyzingCompiler.scala:210)
	at sbt.internal.inc.IncrementalCompilerImpl.$anonfun$compileInternal$1(IncrementalCompilerImpl.scala:528)
	at sbt.internal.inc.IncrementalCompilerImpl.$anonfun$compileInternal$1$adapted(IncrementalCompilerImpl.scala:528)
	at sbt.internal.inc.Incremental$.$anonfun$apply$5(Incremental.scala:177)
	at sbt.internal.inc.Incremental$.$anonfun$apply$5$adapted(Incremental.scala:175)
	at sbt.internal.inc.Incremental$$anon$2.run(Incremental.scala:461)
	at sbt.internal.inc.IncrementalCommon$CycleState.next(IncrementalCommon.scala:116)
	at sbt.internal.inc.IncrementalCommon$$anon$1.next(IncrementalCommon.scala:56)
	at sbt.internal.inc.IncrementalCommon$$anon$1.next(IncrementalCommon.scala:52)
	at sbt.internal.inc.IncrementalCommon.cycle(IncrementalCommon.scala:263)
	at sbt.internal.inc.Incremental$.$anonfun$incrementalCompile$8(Incremental.scala:416)
	at sbt.internal.inc.Incremental$.withClassfileManager(Incremental.scala:503)
	at sbt.internal.inc.Incremental$.incrementalCompile(Incremental.scala:403)
	at sbt.internal.inc.Incremental$.apply(Incremental.scala:169)
	at sbt.internal.inc.IncrementalCompilerImpl.compileInternal(IncrementalCompilerImpl.scala:528)
	at sbt.internal.inc.IncrementalCompilerImpl.$anonfun$compileIncrementally$1(IncrementalCompilerImpl.scala:482)
	at sbt.internal.inc.IncrementalCompilerImpl.handleCompilationError(IncrementalCompilerImpl.scala:332)
	at sbt.internal.inc.IncrementalCompilerImpl.compileIncrementally(IncrementalCompilerImpl.scala:420)
	at sbt.internal.inc.IncrementalCompilerImpl.compile(IncrementalCompilerImpl.scala:137)
	at mill.scalalib.worker.ZincWorkerImpl.compileInternal(ZincWorkerImpl.scala:545)
	at mill.scalalib.worker.ZincWorkerImpl.$anonfun$compileMixed0$1(ZincWorkerImpl.scala:317)
	at mill.api.FixSizedCache.withCachedValue(FixSizedCache.scala:66)
	at mill.scalalib.worker.ZincWorkerImpl.withCompilers(ZincWorkerImpl.scala:399)
	at mill.scalalib.worker.ZincWorkerImpl.compileMixed0(ZincWorkerImpl.scala:316)
	at mill.scalalib.worker.ZincWorkerImpl.compileMixed(ZincWorkerImpl.scala:284)
	at mill.scalalib.ScalaModule.$anonfun$compile$2(ScalaModule.scala:195)
	at mill.define.Task$TraverseCtx.evaluate(Task.scala:380)
	at mill.eval.Evaluator.$anonfun$evaluateGroup$13(Evaluator.scala:627)
	at scala.util.DynamicVariable.withValue(DynamicVariable.scala:59)
	at scala.Console$.withErr(Console.scala:193)
	at mill.eval.Evaluator.$anonfun$evaluateGroup$12(Evaluator.scala:627)
	at scala.util.DynamicVariable.withValue(DynamicVariable.scala:59)
	at scala.Console$.withOut(Console.scala:164)
	at mill.eval.Evaluator.$anonfun$evaluateGroup$11(Evaluator.scala:626)
	at scala.util.DynamicVariable.withValue(DynamicVariable.scala:59)
	at scala.Console$.withIn(Console.scala:227)
	at mill.eval.Evaluator.$anonfun$evaluateGroup$8(Evaluator.scala:625)
	at mill.eval.Evaluator.$anonfun$evaluateGroup$8$adapted(Evaluator.scala:586)
	at scala.collection.immutable.Vector.foreach(Vector.scala:1856)
	at mill.eval.Evaluator.evaluateGroup(Evaluator.scala:586)
	at mill.eval.Evaluator.$anonfun$evaluateGroupCached$21(Evaluator.scala:478)
	at scala.util.DynamicVariable.withValue(DynamicVariable.scala:59)
	at mill.eval.Evaluator.evaluateGroupCached(Evaluator.scala:469)
	at mill.eval.Evaluator.$anonfun$sequentialEvaluate$2(Evaluator.scala:202)
	at scala.collection.IterableOnceOps.foreach(IterableOnce.scala:563)
	at scala.collection.IterableOnceOps.foreach$(IterableOnce.scala:561)
	at scala.collection.AbstractIterator.foreach(Iterator.scala:1293)
	at mill.eval.Evaluator.sequentialEvaluate(Evaluator.scala:177)
	at mill.eval.Evaluator.evaluate(Evaluator.scala:162)
	at mill.main.RunScript$.evaluateNamed(RunScript.scala:364)
	at mill.main.RunScript$.evaluate(RunScript.scala:349)
	at mill.main.RunScript$.$anonfun$evaluateTasks$1(RunScript.scala:314)
	at scala.util.Either.map(Either.scala:382)
	at mill.main.RunScript$.evaluateTasks(RunScript.scala:312)
	at mill.main.RunScript$.$anonfun$runScript$8(RunScript.scala:105)
	at ammonite.util.Res$Success.flatMap(Res.scala:62)
	at mill.main.RunScript$.runScript(RunScript.scala:104)
	at mill.main.MainRunner.$anonfun$runScript$1(MainRunner.scala:119)
	at mill.main.MainRunner.watchLoop2(MainRunner.scala:67)
	at mill.main.MainRunner.runScript(MainRunner.scala:92)
	at mill.MillMain$.main0(MillMain.scala:310)
	at mill.MillMain$.main(MillMain.scala:52)
	at mill.MillMain.main(MillMain.scala)
	... 6 more
Caused by: java.lang.ClassNotFoundException: scala.quoted.runtime.StopMacroExpansion
	at java.base/java.net.URLClassLoader$1.run(Unknown Source)
	at java.base/java.net.URLClassLoader$1.run(Unknown Source)
	at java.base/java.security.AccessController.doPrivileged(Native Method)
	at java.base/java.net.URLClassLoader.findClass(Unknown Source)
	at mill.api.ClassLoader$$anon$1.findClass(ClassLoader.scala:47)
	at java.base/java.lang.ClassLoader.loadClass(Unknown Source)
	at java.base/java.lang.ClassLoader.loadClass(Unknown Source)
	... 233 more
Caused by: java.util.zip.ZipException: ZipFile invalid LOC header (bad signature)
	at java.base/java.util.zip.ZipFile$ZipFileInputStream.initDataOffset(Unknown Source)
	at java.base/java.util.zip.ZipFile$ZipFileInputStream.read(Unknown Source)
	at java.base/java.util.zip.ZipFile$ZipFileInflaterInputStream.fill(Unknown Source)
	at java.base/java.util.zip.InflaterInputStream.read(Unknown Source)
	at java.base/jdk.internal.loader.Resource.getBytes(Unknown Source)
	at java.base/java.net.URLClassLoader.defineClass(Unknown Source)
	at java.base/java.net.URLClassLoader.access$100(Unknown Source)
	... 240 more
[32mRerunning tests in sourcecode because of a previous run failure.[0m
[32m./mill -i -D dottyVersion=3.3.1-RC1-bin-SNAPSHOT sourcecode.jvm[3.3.1-RC1-bin-SNAPSHOT].test[0m
[3/78] mill.scalalib.ZincWorkerModule.worker 
[1A[2K[9999D[7/78] sourcecode.jvm[3.3.1-RC1-bin-SNAPSHOT].sources.overridden.mill.scalalib.JavaModule.sources 
[1A[2K[9999D[8/78] sourcecode.jvm[3.3.1-RC1-bin-SNAPSHOT].sources.overridden.mill.scalalib.CrossScalaModule.sources 
[1A[2K[9999D[9/78] sourcecode.jvm[3.3.1-RC1-bin-SNAPSHOT].sources 
[1A[2K[9999D[14/78] sourcecode.jvm[3.3.1-RC1-bin-SNAPSHOT].resources 
[1A[2K[9999D[37/78] sourcecode.jvm[3.3.1-RC1-bin-SNAPSHOT].test.sources.overridden.mill.scalalib.JavaModule.sources 
[1A[2K[9999D[38/78] sourcecode.jvm[3.3.1-RC1-bin-SNAPSHOT].test.sources 
[1A[2K[9999D[44/78] sourcecode.jvm[3.3.1-RC1-bin-SNAPSHOT].test.resources 
[1A[2K[9999D[65/78] sourcecode.jvm[3.3.1-RC1-bin-SNAPSHOT].test.compile 
[info] compiling 16 Scala sources to /Users/y3536zha/Desktop/scala_no_change/dotty/community-build/community-projects/sourcecode/out/sourcecode/jvm/3.3.1-RC1-bin-SNAPSHOT/test/compile.dest/classes ...
[info] done compiling
[66/78] sourcecode.jvm[3.3.1-RC1-bin-SNAPSHOT].test.finalMainClassOpt 
[1A[2K[9999D[67/78] sourcecode.jvm[3.3.1-RC1-bin-SNAPSHOT].test.finalMainClass 
[1A[2K[9999D[68/78] sourcecode.jvm[3.3.1-RC1-bin-SNAPSHOT].test.localClasspath 
[1A[2K[9999D[69/78] sourcecode.jvm[3.3.1-RC1-bin-SNAPSHOT].test.runIvyDeps 
[1A[2K[9999D[70/78] sourcecode.jvm[3.3.1-RC1-bin-SNAPSHOT].test.resolvedRunIvyDeps 
[1A[2K[9999D[71/78] sourcecode.jvm[3.3.1-RC1-bin-SNAPSHOT].test.upstreamAssemblyClasspath 
[1A[2K[9999D[72/78] sourcecode.jvm[3.3.1-RC1-bin-SNAPSHOT].test.runClasspath 
[1A[2K[9999D[73/78] sourcecode.jvm[3.3.1-RC1-bin-SNAPSHOT].test.forkArgs 
[1A[2K[9999D[74/78] sourcecode.jvm[3.3.1-RC1-bin-SNAPSHOT].test.forkEnv.overridden.mill.scalalib.JavaModule.forkEnv 
[1A[2K[9999D[75/78] sourcecode.jvm[3.3.1-RC1-bin-SNAPSHOT].test.forkEnv 
[1A[2K[9999D[76/78] sourcecode.jvm[3.3.1-RC1-bin-SNAPSHOT].test.forkWorkingDir 
[1A[2K[9999D[77/78] sourcecode.jvm[3.3.1-RC1-bin-SNAPSHOT].test.runUseArgsFile 
[1A[2K[9999D[78/78] sourcecode.jvm[3.3.1-RC1-bin-SNAPSHOT].test.run 
================Test Begin================
Hello
================LogExample================
/Users/y3536zha/Desktop/scala_no_change/dotty/community-build/community-projects/sourcecode/sourcecode/test/src/sourcecode/Tests.scala:9 Foooooo
================Debug Full================
sourcecode.DebugFull.main Foo [arg]: 123
sourcecode.DebugFull.main Foo#bar [param -> arg]: (lol,123)
================Debug Name================
Foo [arg]: 123
bar [param -> arg]: (lol,123)
================Debug Lite================
[arg]: 123
[param -> arg]: (lol,123)
================Regressions===============
================Test Ended================
[32m[SUCCESS sourcecode][0m
[32m[sourcecode DONE RUNNING][0m
[info] Test run dotty.communitybuild.CommunityBuildTestC finished: 0 failed, 0 ignored, 1 total, 73.298s
[info] Test run dotty.communitybuild.CommunityBuildTestB started
[info] Test run dotty.communitybuild.CommunityBuildTestB finished: 0 failed, 0 ignored, 0 total, 0.0s
[info] Passed: Total 1, Failed 0, Errors 0, Passed 1
[success] Total time: 135 s (02:15), completed Jun 14, 2023, 3:03:53 AM
