[info] welcome to sbt 1.8.0 (Oracle Corporation Java 9.0.4)
[info] loading global plugins from /Users/y3536zha/.sbt/1.0/plugins
[info] loading settings for project dotty-build-build from build.sbt ...
[info] loading project definition from /Users/y3536zha/Desktop/scala_no_change/dotty/project/project
[info] loading settings for project dotty-build from build.sbt,plugins.sbt ...
[info] loading project definition from /Users/y3536zha/Desktop/scala_no_change/dotty/project
[info] loading settings for project scala3 from build.sbt ...
[info] resolving key references (31394 settings) ...
[info] set current project to scala3 (in build file:/Users/y3536zha/Desktop/scala_no_change/dotty/)
SLF4J: No SLF4J providers were found.
SLF4J: Defaulting to no-operation (NOP) logger implementation
SLF4J: See https://www.slf4j.org/codes.html#noProviders for further details.
SLF4J: Class path contains SLF4J bindings targeting slf4j-api versions 1.7.x or earlier.
SLF4J: Ignoring binding found at [jar:file:/Users/y3536zha/.sbt/boot/scala-2.12.17/org.scala-sbt/sbt/1.8.0/log4j-slf4j-impl-2.17.1.jar!/org/slf4j/impl/StaticLoggerBinder.class]
SLF4J: See https://www.slf4j.org/codes.html#ignoredBindings for an explanation.
[info] Wrote /Users/y3536zha/Desktop/scala_no_change/dotty/library/../out/bootstrap/scala3-library-bootstrapped/scala-3.3.1-RC1-bin-SNAPSHOT-nonbootstrapped/scala3-library_3-3.3.1-RC1-bin-SNAPSHOT.pom
[info] Wrote /Users/y3536zha/Desktop/scala_no_change/dotty/interfaces/target/scala3-interfaces-3.3.1-RC1-bin-SNAPSHOT.pom
[info] Wrote /Users/y3536zha/Desktop/scala_no_change/dotty/tasty/../out/bootstrap/tasty-core-bootstrapped/scala-3.3.1-RC1-bin-SNAPSHOT-nonbootstrapped/tasty-core_3-3.3.1-RC1-bin-SNAPSHOT.pom
[info] Wrote /Users/y3536zha/Desktop/scala_no_change/dotty/sbt-community-build/target/scala-2.12/sbt-1.0/sbt-community-build-0.1.0-SNAPSHOT.pom
[info] Wrote /Users/y3536zha/Desktop/scala_no_change/dotty/compiler/../out/bootstrap/scala3-compiler-bootstrapped/scala-3.3.1-RC1-bin-SNAPSHOT-nonbootstrapped/scala3-compiler_3-3.3.1-RC1-bin-SNAPSHOT.pom
[info] Wrote /Users/y3536zha/Desktop/scala_no_change/dotty/library-js/../out/bootstrap/scala3-library-bootstrappedJS/scala-3.3.1-RC1-bin-SNAPSHOT-nonbootstrapped/scala3-library_sjs1_3-3.3.1-RC1-bin-SNAPSHOT.pom
[info] Wrote /Users/y3536zha/Desktop/scala_no_change/dotty/sbt-bridge/src/target/scala3-sbt-bridge-3.3.1-RC1-bin-SNAPSHOT.pom
[info] Wrote /Users/y3536zha/Desktop/scala_no_change/dotty/tasty-inspector/../out/bootstrap/scala3-tasty-inspector/scala-3.3.1-RC1-bin-SNAPSHOT-nonbootstrapped/scala3-tasty-inspector_3-3.3.1-RC1-bin-SNAPSHOT.pom
[info] Wrote /Users/y3536zha/Desktop/scala_no_change/dotty/scaladoc/../out/bootstrap/scaladoc/scala-3.3.1-RC1-bin-SNAPSHOT-nonbootstrapped/scaladoc_3-3.3.1-RC1-bin-SNAPSHOT.pom
[info] :: delivering :: org.scala-lang#scala3-interfaces;3.3.1-RC1-bin-SNAPSHOT :: 3.3.1-RC1-bin-SNAPSHOT :: integration :: Wed Jun 14 03:26:05 EDT 2023
[info] 	delivering ivy file to /Users/y3536zha/Desktop/scala_no_change/dotty/interfaces/target/ivy-3.3.1-RC1-bin-SNAPSHOT.xml
[info] 	published scala3-interfaces to /Users/y3536zha/.ivy2/local/org.scala-lang/scala3-interfaces/3.3.1-RC1-bin-SNAPSHOT/poms/scala3-interfaces.pom
[info] 	published scala3-interfaces to /Users/y3536zha/.ivy2/local/org.scala-lang/scala3-interfaces/3.3.1-RC1-bin-SNAPSHOT/jars/scala3-interfaces.jar
[info] 	published scala3-interfaces to /Users/y3536zha/.ivy2/local/org.scala-lang/scala3-interfaces/3.3.1-RC1-bin-SNAPSHOT/srcs/scala3-interfaces-sources.jar
[info] 	published scala3-interfaces to /Users/y3536zha/.ivy2/local/org.scala-lang/scala3-interfaces/3.3.1-RC1-bin-SNAPSHOT/docs/scala3-interfaces-javadoc.jar
[info] 	published ivy to /Users/y3536zha/.ivy2/local/org.scala-lang/scala3-interfaces/3.3.1-RC1-bin-SNAPSHOT/ivys/ivy.xml
[info] :: delivering :: ch.epfl.lamp#sbt-community-build;0.1.0-SNAPSHOT :: 0.1.0-SNAPSHOT :: integration :: Wed Jun 14 03:26:05 EDT 2023
[info] 	delivering ivy file to /Users/y3536zha/Desktop/scala_no_change/dotty/sbt-community-build/target/scala-2.12/sbt-1.0/ivy-0.1.0-SNAPSHOT.xml
[info] waiting for lock on /Users/y3536zha/.ivy2/.sbt.ivy.lock to be available...
[info] 	published sbt-community-build to /Users/y3536zha/.ivy2/local/ch.epfl.lamp/sbt-community-build/scala_2.12/sbt_1.0/0.1.0-SNAPSHOT/poms/sbt-community-build.pom
[info] 	published sbt-community-build to /Users/y3536zha/.ivy2/local/ch.epfl.lamp/sbt-community-build/scala_2.12/sbt_1.0/0.1.0-SNAPSHOT/jars/sbt-community-build.jar
[info] 	published sbt-community-build to /Users/y3536zha/.ivy2/local/ch.epfl.lamp/sbt-community-build/scala_2.12/sbt_1.0/0.1.0-SNAPSHOT/srcs/sbt-community-build-sources.jar
[info] 	published sbt-community-build to /Users/y3536zha/.ivy2/local/ch.epfl.lamp/sbt-community-build/scala_2.12/sbt_1.0/0.1.0-SNAPSHOT/docs/sbt-community-build-javadoc.jar
[info] 	published ivy to /Users/y3536zha/.ivy2/local/ch.epfl.lamp/sbt-community-build/scala_2.12/sbt_1.0/0.1.0-SNAPSHOT/ivys/ivy.xml
[info] :: delivering :: org.scala-lang#scala3-sbt-bridge;3.3.1-RC1-bin-SNAPSHOT :: 3.3.1-RC1-bin-SNAPSHOT :: integration :: Wed Jun 14 03:26:08 EDT 2023
[info] 	delivering ivy file to /Users/y3536zha/Desktop/scala_no_change/dotty/sbt-bridge/src/target/ivy-3.3.1-RC1-bin-SNAPSHOT.xml
[info] 	published scala3-sbt-bridge to /Users/y3536zha/.ivy2/local/org.scala-lang/scala3-sbt-bridge/3.3.1-RC1-bin-SNAPSHOT/poms/scala3-sbt-bridge.pom
[info] 	published scala3-sbt-bridge to /Users/y3536zha/.ivy2/local/org.scala-lang/scala3-sbt-bridge/3.3.1-RC1-bin-SNAPSHOT/jars/scala3-sbt-bridge.jar
[info] 	published scala3-sbt-bridge to /Users/y3536zha/.ivy2/local/org.scala-lang/scala3-sbt-bridge/3.3.1-RC1-bin-SNAPSHOT/srcs/scala3-sbt-bridge-sources.jar
[info] 	published scala3-sbt-bridge to /Users/y3536zha/.ivy2/local/org.scala-lang/scala3-sbt-bridge/3.3.1-RC1-bin-SNAPSHOT/docs/scala3-sbt-bridge-javadoc.jar
[info] 	published ivy to /Users/y3536zha/.ivy2/local/org.scala-lang/scala3-sbt-bridge/3.3.1-RC1-bin-SNAPSHOT/ivys/ivy.xml
[info] :: delivering :: org.scala-lang#tasty-core_3;3.3.1-RC1-bin-SNAPSHOT :: 3.3.1-RC1-bin-SNAPSHOT :: integration :: Wed Jun 14 03:26:17 EDT 2023
[info] 	delivering ivy file to /Users/y3536zha/Desktop/scala_no_change/dotty/out/bootstrap/tasty-core-bootstrapped/scala-3.3.1-RC1-bin-SNAPSHOT-nonbootstrapped/ivy-3.3.1-RC1-bin-SNAPSHOT.xml
[info] 	published tasty-core_3 to /Users/y3536zha/.ivy2/local/org.scala-lang/tasty-core_3/3.3.1-RC1-bin-SNAPSHOT/poms/tasty-core_3.pom
[info] 	published tasty-core_3 to /Users/y3536zha/.ivy2/local/org.scala-lang/tasty-core_3/3.3.1-RC1-bin-SNAPSHOT/jars/tasty-core_3.jar
[info] 	published tasty-core_3 to /Users/y3536zha/.ivy2/local/org.scala-lang/tasty-core_3/3.3.1-RC1-bin-SNAPSHOT/srcs/tasty-core_3-sources.jar
[info] 	published tasty-core_3 to /Users/y3536zha/.ivy2/local/org.scala-lang/tasty-core_3/3.3.1-RC1-bin-SNAPSHOT/docs/tasty-core_3-javadoc.jar
[info] 	published ivy to /Users/y3536zha/.ivy2/local/org.scala-lang/tasty-core_3/3.3.1-RC1-bin-SNAPSHOT/ivys/ivy.xml
[info] Main Scala API documentation to /Users/y3536zha/Desktop/scala_no_change/dotty/library/../out/bootstrap/scala3-library-bootstrapped/scala-3.3.1-RC1-bin-SNAPSHOT-nonbootstrapped/api...
[info] Main Scala API documentation to /Users/y3536zha/Desktop/scala_no_change/dotty/library-js/../out/bootstrap/scala3-library-bootstrappedJS/scala-3.3.1-RC1-bin-SNAPSHOT-nonbootstrapped/api...
[info] :: delivering :: org.scala-lang#scala3-tasty-inspector_3;3.3.1-RC1-bin-SNAPSHOT :: 3.3.1-RC1-bin-SNAPSHOT :: integration :: Wed Jun 14 03:26:18 EDT 2023
[info] 	delivering ivy file to /Users/y3536zha/Desktop/scala_no_change/dotty/out/bootstrap/scala3-tasty-inspector/scala-3.3.1-RC1-bin-SNAPSHOT-nonbootstrapped/ivy-3.3.1-RC1-bin-SNAPSHOT.xml
[info] 	published scala3-tasty-inspector_3 to /Users/y3536zha/.ivy2/local/org.scala-lang/scala3-tasty-inspector_3/3.3.1-RC1-bin-SNAPSHOT/poms/scala3-tasty-inspector_3.pom
[info] 	published scala3-tasty-inspector_3 to /Users/y3536zha/.ivy2/local/org.scala-lang/scala3-tasty-inspector_3/3.3.1-RC1-bin-SNAPSHOT/jars/scala3-tasty-inspector_3.jar
[info] 	published scala3-tasty-inspector_3 to /Users/y3536zha/.ivy2/local/org.scala-lang/scala3-tasty-inspector_3/3.3.1-RC1-bin-SNAPSHOT/srcs/scala3-tasty-inspector_3-sources.jar
[info] 	published scala3-tasty-inspector_3 to /Users/y3536zha/.ivy2/local/org.scala-lang/scala3-tasty-inspector_3/3.3.1-RC1-bin-SNAPSHOT/docs/scala3-tasty-inspector_3-javadoc.jar
[info] 	published ivy to /Users/y3536zha/.ivy2/local/org.scala-lang/scala3-tasty-inspector_3/3.3.1-RC1-bin-SNAPSHOT/ivys/ivy.xml
[info] :: delivering :: org.scala-lang#scaladoc_3;3.3.1-RC1-bin-SNAPSHOT :: 3.3.1-RC1-bin-SNAPSHOT :: integration :: Wed Jun 14 03:26:18 EDT 2023
[info] 	delivering ivy file to /Users/y3536zha/Desktop/scala_no_change/dotty/out/bootstrap/scaladoc/scala-3.3.1-RC1-bin-SNAPSHOT-nonbootstrapped/ivy-3.3.1-RC1-bin-SNAPSHOT.xml
[info] 	published scaladoc_3 to /Users/y3536zha/.ivy2/local/org.scala-lang/scaladoc_3/3.3.1-RC1-bin-SNAPSHOT/poms/scaladoc_3.pom
[info] 	published scaladoc_3 to /Users/y3536zha/.ivy2/local/org.scala-lang/scaladoc_3/3.3.1-RC1-bin-SNAPSHOT/jars/scaladoc_3.jar
[info] 	published scaladoc_3 to /Users/y3536zha/.ivy2/local/org.scala-lang/scaladoc_3/3.3.1-RC1-bin-SNAPSHOT/srcs/scaladoc_3-sources.jar
[info] 	published scaladoc_3 to /Users/y3536zha/.ivy2/local/org.scala-lang/scaladoc_3/3.3.1-RC1-bin-SNAPSHOT/docs/scaladoc_3-javadoc.jar
[info] 	published ivy to /Users/y3536zha/.ivy2/local/org.scala-lang/scaladoc_3/3.3.1-RC1-bin-SNAPSHOT/ivys/ivy.xml
[warn] bad option '-project-version 3.3.1-RC1-bin-SNAPSHOT' was ignored
[warn] Setting -skip-by-regex set to .+\.internal($|\..+) redundantly
[warn] Setting -skip-by-regex set to .+\.impl($|\..+) redundantly
[warn] Setting -skip-by-id set to scala.runtime.stdLibPatches redundantly
[warn] Setting -skip-by-regex set to .+\.internal($|\..+) redundantly
[warn] Setting -skip-by-id set to scala.runtime.MatchCase redundantly
[warn] Setting -skip-by-regex set to .+\.impl($|\..+) redundantly
[warn] bad option '-project-logo docs/_assets/images/logo.svg' was ignored
[warn] Flag -project-logo set repeatedly
[warn] Setting -social-links set to github::https://github.com/lampepfl/dotty redundantly
[warn] Setting -social-links set to github::https://github.com/lampepfl/dotty redundantly
[warn] Setting -social-links set to discord::https://discord.com/invite/scala redundantly
[warn] Setting -social-links set to discord::https://discord.com/invite/scala redundantly
[warn] Setting -social-links set to twitter::https://twitter.com/scala_lang redundantly
[warn] Setting -social-links set to twitter::https://twitter.com/scala_lang redundantly
[warn] bad option '-project-footer "Copyright (c) 2002-2023, LAMP/EPFL"' was ignored
[warn] Setting -skip-by-id set to scala.runtime.stdLibPatches redundantly
[warn] bad option '-default-template static-site-main' was ignored
[warn] Setting -skip-by-id set to scala.runtime.MatchCase redundantly
[warn] Flag -author set repeatedly
[warn] Flag -project-footer set repeatedly
[warn] Flag -groups set repeatedly
[warn] Flag -author set repeatedly
[warn] Flag -groups set repeatedly
[warn] Flag -default-template set repeatedly
[warn] Setting -external-mappings set to .*scala/.*::scaladoc3::https://dotty.epfl.ch/api/ redundantly
[warn] Setting -external-mappings set to .*java/.*::javadoc::https://docs.oracle.com/javase/8/docs/api/ redundantly
[warn] bad option '-project-version 3.3.1-RC1-bin-SNAPSHOT' was ignored
[warn] Setting -skip-by-regex set to .+\.internal($|\..+) redundantly
[warn] Setting -skip-by-regex set to .+\.impl($|\..+) redundantly
[warn] Setting -skip-by-id set to scala.runtime.stdLibPatches redundantly
[warn] Setting -skip-by-id set to scala.runtime.MatchCase redundantly
[warn] bad option '-project-logo docs/_assets/images/logo.svg' was ignored
[warn] Setting -social-links set to github::https://github.com/lampepfl/dotty redundantly
[warn] Setting -social-links set to discord::https://discord.com/invite/scala redundantly
[warn] Setting -social-links set to twitter::https://twitter.com/scala_lang redundantly
[warn] bad option '-project-footer "Copyright (c) 2002-2023, LAMP/EPFL"' was ignored
[warn] bad option '-default-template static-site-main' was ignored
[warn] Flag -author set repeatedly
[warn] Flag -groups set repeatedly
[info] Skipping unused scalacOptions: -Werror, -Yno-experimental, -Yexplicit-nulls
[info] Skipping unused scalacOptions: -Werror, -Yno-experimental, -Yexplicit-nulls
[info] waiting for lock on /Users/y3536zha/.ivy2/.sbt.ivy.lock to be available...
[info] :: delivering :: org.scala-lang#scala3-compiler_3;3.3.1-RC1-bin-SNAPSHOT :: 3.3.1-RC1-bin-SNAPSHOT :: integration :: Wed Jun 14 03:26:28 EDT 2023
[info] 	delivering ivy file to /Users/y3536zha/Desktop/scala_no_change/dotty/out/bootstrap/scala3-compiler-bootstrapped/scala-3.3.1-RC1-bin-SNAPSHOT-nonbootstrapped/ivy-3.3.1-RC1-bin-SNAPSHOT.xml
[info] 	published scala3-compiler_3 to /Users/y3536zha/.ivy2/local/org.scala-lang/scala3-compiler_3/3.3.1-RC1-bin-SNAPSHOT/poms/scala3-compiler_3.pom
[info] 	published scala3-compiler_3 to /Users/y3536zha/.ivy2/local/org.scala-lang/scala3-compiler_3/3.3.1-RC1-bin-SNAPSHOT/jars/scala3-compiler_3.jar
[info] 	published scala3-compiler_3 to /Users/y3536zha/.ivy2/local/org.scala-lang/scala3-compiler_3/3.3.1-RC1-bin-SNAPSHOT/srcs/scala3-compiler_3-sources.jar
[info] 	published scala3-compiler_3 to /Users/y3536zha/.ivy2/local/org.scala-lang/scala3-compiler_3/3.3.1-RC1-bin-SNAPSHOT/docs/scala3-compiler_3-javadoc.jar
[info] 	published ivy to /Users/y3536zha/.ivy2/local/org.scala-lang/scala3-compiler_3/3.3.1-RC1-bin-SNAPSHOT/ivys/ivy.xml
[warn] -- Warning: library/src/scala/util/FromDigits.scala:21:6 -----------------------
[warn] 21 |  def fromDigits(digits: String): T
[warn]    |      ^
[warn]    |      No DRI found for query: MalformedNumber
[warn] -- Warning: library/src/scala/util/FromDigits.scala:21:6 -----------------------
[warn] 21 |  def fromDigits(digits: String): T
[warn]    |      ^
[warn]    |      No DRI found for query: MalformedNumber
[error] -- [E069] Naming Error: /Users/y3536zha/Desktop/scala_no_change/dotty/library/src/scala/IArray.scala:13:7 
[error] 13 |object IArray:
[error]    |       ^
[error]    |object IArray cannot have the same name as object IArray in package scala -- cannot define object member with the same name as a object member in self reference _.
[error]    |(Note: this can be resolved by using another name)
[error] -- [E069] Naming Error: /Users/y3536zha/Desktop/scala_no_change/dotty/library/src/scala/IArray.scala:13:7 
[error] 13 |object IArray:
[error]    |       ^
[error]    |object IArray cannot have the same name as object IArray in package scala -- cannot define object member with the same name as a object member in self reference _.
[error]    |(Note: this can be resolved by using another name)
[warn] 28 warnings found
[warn] 14 warnings found
[error] one error found
[error] one error found
[info] waiting for lock on /Users/y3536zha/.ivy2/.sbt.ivy.lock to be available...
[info] :: delivering :: org.scala-lang#scala3-library_3;3.3.1-RC1-bin-SNAPSHOT :: 3.3.1-RC1-bin-SNAPSHOT :: integration :: Wed Jun 14 03:27:09 EDT 2023
[info] 	delivering ivy file to /Users/y3536zha/Desktop/scala_no_change/dotty/out/bootstrap/scala3-library-bootstrapped/scala-3.3.1-RC1-bin-SNAPSHOT-nonbootstrapped/ivy-3.3.1-RC1-bin-SNAPSHOT.xml
[info] 	published scala3-library_3 to /Users/y3536zha/.ivy2/local/org.scala-lang/scala3-library_3/3.3.1-RC1-bin-SNAPSHOT/poms/scala3-library_3.pom
[info] 	published scala3-library_3 to /Users/y3536zha/.ivy2/local/org.scala-lang/scala3-library_3/3.3.1-RC1-bin-SNAPSHOT/jars/scala3-library_3.jar
[info] 	published scala3-library_3 to /Users/y3536zha/.ivy2/local/org.scala-lang/scala3-library_3/3.3.1-RC1-bin-SNAPSHOT/srcs/scala3-library_3-sources.jar
[info] 	published scala3-library_3 to /Users/y3536zha/.ivy2/local/org.scala-lang/scala3-library_3/3.3.1-RC1-bin-SNAPSHOT/docs/scala3-library_3-javadoc.jar
[info] 	published ivy to /Users/y3536zha/.ivy2/local/org.scala-lang/scala3-library_3/3.3.1-RC1-bin-SNAPSHOT/ivys/ivy.xml
[info] :: delivering :: org.scala-lang#scala3-library_sjs1_3;3.3.1-RC1-bin-SNAPSHOT :: 3.3.1-RC1-bin-SNAPSHOT :: integration :: Wed Jun 14 03:27:09 EDT 2023
[info] 	delivering ivy file to /Users/y3536zha/Desktop/scala_no_change/dotty/out/bootstrap/scala3-library-bootstrappedJS/scala-3.3.1-RC1-bin-SNAPSHOT-nonbootstrapped/ivy-3.3.1-RC1-bin-SNAPSHOT.xml
[info] 	published scala3-library_sjs1_3 to /Users/y3536zha/.ivy2/local/org.scala-lang/scala3-library_sjs1_3/3.3.1-RC1-bin-SNAPSHOT/poms/scala3-library_sjs1_3.pom
[info] 	published scala3-library_sjs1_3 to /Users/y3536zha/.ivy2/local/org.scala-lang/scala3-library_sjs1_3/3.3.1-RC1-bin-SNAPSHOT/jars/scala3-library_sjs1_3.jar
[info] 	published scala3-library_sjs1_3 to /Users/y3536zha/.ivy2/local/org.scala-lang/scala3-library_sjs1_3/3.3.1-RC1-bin-SNAPSHOT/srcs/scala3-library_sjs1_3-sources.jar
[info] 	published scala3-library_sjs1_3 to /Users/y3536zha/.ivy2/local/org.scala-lang/scala3-library_sjs1_3/3.3.1-RC1-bin-SNAPSHOT/docs/scala3-library_sjs1_3-javadoc.jar
[info] 	published ivy to /Users/y3536zha/.ivy2/local/org.scala-lang/scala3-library_sjs1_3/3.3.1-RC1-bin-SNAPSHOT/ivys/ivy.xml
[info] Test run dotty.communitybuild.CommunityBuildTestA started
[info] Test run dotty.communitybuild.CommunityBuildTestA finished: 0 failed, 0 ignored, 0 total, 0.015s
[info] Test run dotty.communitybuild.CommunityBuildTestC started
[info] Test dotty.communitybuild.CommunityBuildTestC.upickle started
[32m[STARTING upickle][0m
[32mPublishing utest[0m
[32m./mill -i -D dottyVersion=3.3.1-RC1-bin-SNAPSHOT utest.jvm[3.3.1-RC1-bin-SNAPSHOT].publishLocal[0m
[1/58] utest.jvm[3.3.1-RC1-bin-SNAPSHOT].resources 
[1A[2K[9999D[4/58] mill.scalalib.ZincWorkerModule.worker 
[1A[2K[9999D[6/58] utest.jvm[3.3.1-RC1-bin-SNAPSHOT].sources.overridden.mill.scalalib.JavaModule.sources 
[1A[2K[9999D[7/58] utest.jvm[3.3.1-RC1-bin-SNAPSHOT].sources.overridden.mill.scalalib.CrossScalaModule.sources 
[1A[2K[9999D[8/58] utest.jvm[3.3.1-RC1-bin-SNAPSHOT].sources 
[1A[2K[9999D[33/58] utest.jvm[3.3.1-RC1-bin-SNAPSHOT].compile 
[info] compiling 11 Scala sources to /Users/y3536zha/Desktop/scala_no_change/dotty/community-build/community-projects/utest/out/utest/jvm/3.3.1-RC1-bin-SNAPSHOT/compile.dest/classes ...
[warn] there were 3 deprecation warnings; re-run with -deprecation for details
[warn] one warning found
[info] done compiling
[info] compiling 10 Scala sources to /Users/y3536zha/Desktop/scala_no_change/dotty/community-build/community-projects/utest/out/utest/jvm/3.3.1-RC1-bin-SNAPSHOT/compile.dest/classes ...
[warn] there were 3 deprecation warnings; re-run with -deprecation for details
[warn] two warnings found
[info] done compiling
[34/58] utest.jvm[3.3.1-RC1-bin-SNAPSHOT].localClasspath 
[1A[2K[9999D[35/58] utest.jvm[3.3.1-RC1-bin-SNAPSHOT].artifactName 
[1A[2K[9999D[36/58] utest.jvm[3.3.1-RC1-bin-SNAPSHOT].pomSettings 
[1A[2K[9999D[37/58] utest.jvm[3.3.1-RC1-bin-SNAPSHOT].mainClass 
[1A[2K[9999D[38/58] utest.jvm[3.3.1-RC1-bin-SNAPSHOT].finalMainClassOpt 
[1A[2K[9999D[39/58] utest.jvm[3.3.1-RC1-bin-SNAPSHOT].manifest.overridden.mill.scalalib.JavaModule.manifest 
[1A[2K[9999D[40/58] utest.jvm[3.3.1-RC1-bin-SNAPSHOT].manifest.overridden.mill.scalalib.ScalaModule.manifest 
[1A[2K[9999D[41/58] de.tobiasroeser.mill.vcs.version.VcsVersion.vcsState.overridden.de.tobiasroeser.mill.vcs.version.VcsVersion.vcsState 
fatal: no tag exactly matches 'eae17c7a4d0d63bab1406ca75791d3cb6394233d'
[1A[2K[9999D[42/58] de.tobiasroeser.mill.vcs.version.VcsVersion.vcsState 
[1A[2K[9999D[43/58] utest.jvm[3.3.1-RC1-bin-SNAPSHOT].publishVersion 
[1A[2K[9999D[44/58] utest.jvm[3.3.1-RC1-bin-SNAPSHOT].manifest 
[1A[2K[9999D[45/58] utest.jvm[3.3.1-RC1-bin-SNAPSHOT].jar 
[1A[2K[9999D[46/58] utest.jvm[3.3.1-RC1-bin-SNAPSHOT].sourceJar 
[1A[2K[9999D[47/58] utest.jvm[3.3.1-RC1-bin-SNAPSHOT].docJar 
[1A[2K[9999D[48/58] utest.jvm[3.3.1-RC1-bin-SNAPSHOT].crossFullScalaVersion 
[1A[2K[9999D[49/58] utest.jvm[3.3.1-RC1-bin-SNAPSHOT].artifactScalaVersion 
[1A[2K[9999D[50/58] utest.jvm[3.3.1-RC1-bin-SNAPSHOT].artifactSuffix 
[1A[2K[9999D[51/58] utest.jvm[3.3.1-RC1-bin-SNAPSHOT].artifactId 
[1A[2K[9999D[52/58] utest.jvm[3.3.1-RC1-bin-SNAPSHOT].artifactMetadata 
[1A[2K[9999D[53/58] utest.jvm[3.3.1-RC1-bin-SNAPSHOT].versionScheme 
[1A[2K[9999D[54/58] utest.jvm[3.3.1-RC1-bin-SNAPSHOT].publishProperties 
[1A[2K[9999D[55/58] utest.jvm[3.3.1-RC1-bin-SNAPSHOT].pom 
[1A[2K[9999D[56/58] utest.jvm[3.3.1-RC1-bin-SNAPSHOT].extraPublish 
[1A[2K[9999D[57/58] utest.jvm[3.3.1-RC1-bin-SNAPSHOT].ivy 
[1A[2K[9999D[58/58] utest.jvm[3.3.1-RC1-bin-SNAPSHOT].publishLocal 
Publishing Artifact(com.lihaoyi,utest_3,v0.6.8-204-eae17c) to ivy repo /Users/y3536zha/.ivy2/local
[32mPublishing geny[0m
[32m./mill -i -D dottyVersion=3.3.1-RC1-bin-SNAPSHOT geny.jvm[3.3.1-RC1-bin-SNAPSHOT].publishLocal[0m
Compiling /Users/y3536zha/Desktop/scala_no_change/dotty/community-build/community-projects/geny/build.sc
[1/62] geny.jvm[3.3.1-RC1-bin-SNAPSHOT].resources 
[1A[2K[9999D[2/62] geny.jvm[3.3.1-RC1-bin-SNAPSHOT].scalaVersion 
[1A[2K[9999D[4/62] mill.scalalib.ZincWorkerModule.worker 
[1A[2K[9999D[5/62] geny.jvm[3.3.1-RC1-bin-SNAPSHOT].upstreamCompileOutput 
[1A[2K[9999D[6/62] geny.jvm[3.3.1-RC1-bin-SNAPSHOT].sources 
[1A[2K[9999D[7/62] geny.jvm[3.3.1-RC1-bin-SNAPSHOT].generatedSources 
[1A[2K[9999D[8/62] geny.jvm[3.3.1-RC1-bin-SNAPSHOT].allSources 
[1A[2K[9999D[9/62] geny.jvm[3.3.1-RC1-bin-SNAPSHOT].allSourceFiles 
[1A[2K[9999D[10/62] geny.jvm[3.3.1-RC1-bin-SNAPSHOT].transitiveLocalClasspath 
[1A[2K[9999D[11/62] geny.jvm[3.3.1-RC1-bin-SNAPSHOT].unmanagedClasspath 
[1A[2K[9999D[12/62] geny.jvm[3.3.1-RC1-bin-SNAPSHOT].platformSuffix 
[1A[2K[9999D[13/62] geny.jvm[3.3.1-RC1-bin-SNAPSHOT].compileIvyDeps 
[1A[2K[9999D[14/62] geny.jvm[3.3.1-RC1-bin-SNAPSHOT].transitiveCompileIvyDeps 
[1A[2K[9999D[15/62] geny.jvm[3.3.1-RC1-bin-SNAPSHOT].ivyDeps 
[1A[2K[9999D[16/62] geny.jvm[3.3.1-RC1-bin-SNAPSHOT].mandatoryIvyDeps.overridden.mill.scalalib.JavaModule.mandatoryIvyDeps 
[1A[2K[9999D[17/62] geny.jvm[3.3.1-RC1-bin-SNAPSHOT].scalaOrganization 
[1A[2K[9999D[18/62] geny.jvm[3.3.1-RC1-bin-SNAPSHOT].scalaLibraryIvyDeps 
[1A[2K[9999D[19/62] geny.jvm[3.3.1-RC1-bin-SNAPSHOT].mandatoryIvyDeps 
[1A[2K[9999D[20/62] geny.jvm[3.3.1-RC1-bin-SNAPSHOT].transitiveIvyDeps 
[1A[2K[9999D[21/62] geny.jvm[3.3.1-RC1-bin-SNAPSHOT].resolvedIvyDeps 
[1A[2K[9999D[22/62] geny.jvm[3.3.1-RC1-bin-SNAPSHOT].compileClasspath 
[1A[2K[9999D[23/62] geny.jvm[3.3.1-RC1-bin-SNAPSHOT].javacOptions 
[1A[2K[9999D[24/62] geny.jvm[3.3.1-RC1-bin-SNAPSHOT].mandatoryScalacOptions 
[1A[2K[9999D[25/62] geny.jvm[3.3.1-RC1-bin-SNAPSHOT].scalacPluginIvyDeps 
[1A[2K[9999D[26/62] geny.jvm[3.3.1-RC1-bin-SNAPSHOT].enablePluginScalacOptions 
[1A[2K[9999D[27/62] geny.jvm[3.3.1-RC1-bin-SNAPSHOT].scalacOptions 
[1A[2K[9999D[28/62] geny.jvm[3.3.1-RC1-bin-SNAPSHOT].allScalacOptions 
[1A[2K[9999D[29/62] geny.jvm[3.3.1-RC1-bin-SNAPSHOT].scalaCompilerClasspath 
[1A[2K[9999D[30/62] geny.jvm[3.3.1-RC1-bin-SNAPSHOT].scalacPluginClasspath 
[1A[2K[9999D[31/62] geny.jvm[3.3.1-RC1-bin-SNAPSHOT].compile 
[info] compiling 1 Scala source to /Users/y3536zha/Desktop/scala_no_change/dotty/community-build/community-projects/geny/out/geny/jvm/3.3.1-RC1-bin-SNAPSHOT/compile.dest/classes ...
[warn] there was 1 feature warning; re-run with -feature for details
[warn] there were 2 deprecation warnings; re-run with -deprecation for details
[warn] two warnings found
[info] done compiling
[32/62] geny.jvm[3.3.1-RC1-bin-SNAPSHOT].localClasspath 
[1A[2K[9999D[33/62] geny.jvm[3.3.1-RC1-bin-SNAPSHOT].artifactName 
[1A[2K[9999D[34/62] geny.jvm[3.3.1-RC1-bin-SNAPSHOT].pomSettings 
[1A[2K[9999D[35/62] geny.jvm[3.3.1-RC1-bin-SNAPSHOT].mainClass 
[1A[2K[9999D[36/62] geny.jvm[3.3.1-RC1-bin-SNAPSHOT].finalMainClassOpt 
[1A[2K[9999D[37/62] geny.jvm[3.3.1-RC1-bin-SNAPSHOT].manifest.overridden.mill.scalalib.JavaModule.manifest 
[1A[2K[9999D[38/62] geny.jvm[3.3.1-RC1-bin-SNAPSHOT].manifest.overridden.mill.scalalib.ScalaModule.manifest 
[1A[2K[9999D[39/62] de.tobiasroeser.mill.vcs.version.VcsVersion.vcsState.overridden.de.tobiasroeser.mill.vcs.version.VcsVersion.vcsState 
fatal: no tag exactly matches 'd981da16a05ff4978857e7aa88489c873b8d8922'
[1A[2K[9999D[40/62] de.tobiasroeser.mill.vcs.version.VcsVersion.vcsState 
[1A[2K[9999D[41/62] geny.jvm[3.3.1-RC1-bin-SNAPSHOT].publishVersion 
[1A[2K[9999D[42/62] geny.jvm[3.3.1-RC1-bin-SNAPSHOT].manifest 
[1A[2K[9999D[43/62] geny.jvm[3.3.1-RC1-bin-SNAPSHOT].jar 
[1A[2K[9999D[44/62] geny.jvm[3.3.1-RC1-bin-SNAPSHOT].sourceJar 
[1A[2K[9999D[45/62] geny.jvm[3.3.1-RC1-bin-SNAPSHOT].scalaDocClasspath 
[1A[2K[9999D[46/62] geny.jvm[3.3.1-RC1-bin-SNAPSHOT].scalaDocPluginIvyDeps 
[1A[2K[9999D[47/62] geny.jvm[3.3.1-RC1-bin-SNAPSHOT].enableScalaDocPluginScalacOptions 
[1A[2K[9999D[48/62] geny.jvm[3.3.1-RC1-bin-SNAPSHOT].scalaDocOptions 
[1A[2K[9999D[49/62] geny.jvm[3.3.1-RC1-bin-SNAPSHOT].docResources 
[1A[2K[9999D[50/62] geny.jvm[3.3.1-RC1-bin-SNAPSHOT].docSources 
[1A[2K[9999D[51/62] geny.jvm[3.3.1-RC1-bin-SNAPSHOT].docJar 
[33m[33m-- Warning: geny/src/geny/Internal.scala:25:6 ----------------------------------[0m[0m
[33m25 |[0m  [33mdef[0m [36mtransfer0[0m([36msrc[0m: [35mInputStream[0m,
[33m[33m   |[0m      ^[0m
[33m   |[0m      No DRI found for query: sink
1 warning found
1 targets failed
geny.jvm[3.3.1-RC1-bin-SNAPSHOT].docJar java.lang.reflect.InvocationTargetException
    java.base/jdk.internal.reflect.NativeMethodAccessorImpl.invoke0(Native Method)
    java.base/jdk.internal.reflect.NativeMethodAccessorImpl.invoke(Unknown Source)
    java.base/jdk.internal.reflect.DelegatingMethodAccessorImpl.invoke(Unknown Source)
    java.base/java.lang.reflect.Method.invoke(Unknown Source)
    mill.scalalib.worker.ZincWorkerImpl.$anonfun$docJar$1(ZincWorkerImpl.scala:95)
    mill.scalalib.worker.ZincWorkerImpl.$anonfun$docJar$1$adapted(ZincWorkerImpl.scala:82)
    mill.api.FixSizedCache.withCachedValue(FixSizedCache.scala:66)
    mill.scalalib.worker.ZincWorkerImpl.withCompilers(ZincWorkerImpl.scala:399)
    mill.scalalib.worker.ZincWorkerImpl.docJar(ZincWorkerImpl.scala:82)
    mill.scalalib.ScalaModule.packageWithZinc$1(ScalaModule.scala:245)
    mill.scalalib.ScalaModule.$anonfun$docJar$2(ScalaModule.scala:326)
    mill.define.Task$TraverseCtx.evaluate(Task.scala:380)
java.util.zip.ZipException: ZipFile invalid LOC header (bad signature)
    java.base/java.util.zip.ZipFile$ZipFileInputStream.initDataOffset(Unknown Source)
    java.base/java.util.zip.ZipFile$ZipFileInputStream.read(Unknown Source)
    java.base/java.util.zip.ZipFile$ZipFileInflaterInputStream.fill(Unknown Source)
    java.base/java.util.zip.InflaterInputStream.read(Unknown Source)
    java.base/java.io.FilterInputStream.read(Unknown Source)
    java.base/java.io.FilterInputStream.read(Unknown Source)
    java.base/java.nio.file.Files.copy(Unknown Source)
    java.base/java.nio.file.Files.copy(Unknown Source)
    dotty.tools.scaladoc.renderers.Writer.copy(Writer.scala:35)
    dotty.tools.scaladoc.renderers.Writer.copy$(Writer.scala:13)
    dotty.tools.scaladoc.renderers.Renderer.copy(Renderer.scala:27)
    dotty.tools.scaladoc.renderers.Resources.renderResource(Resources.scala:569)
    dotty.tools.scaladoc.renderers.Resources.renderResource$(Resources.scala:26)
    dotty.tools.scaladoc.renderers.Renderer.renderResource(Renderer.scala:27)
    dotty.tools.scaladoc.renderers.HtmlRenderer.renderResources$$anonfun$1(HtmlRenderer.scala:83)
    scala.collection.immutable.List.flatMap(List.scala:293)
    scala.collection.immutable.List.flatMap(List.scala:79)
    dotty.tools.scaladoc.renderers.HtmlRenderer.renderResources(HtmlRenderer.scala:83)
    dotty.tools.scaladoc.renderers.HtmlRenderer.render(HtmlRenderer.scala:57)
    dotty.tools.scaladoc.Scaladoc$.run(Scaladoc.scala:242)
    dotty.tools.scaladoc.Scaladoc$.run$$anonfun$1(Scaladoc.scala:73)
    scala.runtime.function.JProcedure1.apply(JProcedure1.java:15)
    scala.runtime.function.JProcedure1.apply(JProcedure1.java:10)
    scala.Option.map(Option.scala:242)
    dotty.tools.scaladoc.Scaladoc$.run(Scaladoc.scala:77)
    dotty.tools.scaladoc.Main.run(Main.scala:18)
    java.base/jdk.internal.reflect.NativeMethodAccessorImpl.invoke0(Native Method)
    java.base/jdk.internal.reflect.NativeMethodAccessorImpl.invoke(Unknown Source)
    java.base/jdk.internal.reflect.DelegatingMethodAccessorImpl.invoke(Unknown Source)
    java.base/java.lang.reflect.Method.invoke(Unknown Source)
    mill.scalalib.worker.ZincWorkerImpl.$anonfun$docJar$1(ZincWorkerImpl.scala:95)
    mill.scalalib.worker.ZincWorkerImpl.$anonfun$docJar$1$adapted(ZincWorkerImpl.scala:82)
    mill.api.FixSizedCache.withCachedValue(FixSizedCache.scala:66)
    mill.scalalib.worker.ZincWorkerImpl.withCompilers(ZincWorkerImpl.scala:399)
    mill.scalalib.worker.ZincWorkerImpl.docJar(ZincWorkerImpl.scala:82)
    mill.scalalib.ScalaModule.packageWithZinc$1(ScalaModule.scala:245)
    mill.scalalib.ScalaModule.$anonfun$docJar$2(ScalaModule.scala:326)
    mill.define.Task$TraverseCtx.evaluate(Task.scala:380)
[error] Test dotty.communitybuild.CommunityBuildTestC.upickle failed: java.lang.RuntimeException: Publish command exited with code 1 for project geny. Project details:
[error] MillCommunityProject(geny,geny.jvm[3.3.1-RC1-bin-SNAPSHOT],List(MillCommunityProject(utest,utest.jvm[3.3.1-RC1-bin-SNAPSHOT],List(),dotty.communitybuild.MillCommunityProject$$$Lambda$51/1450933909@3435a5fd,true,false)),dotty.communitybuild.MillCommunityProject$$$Lambda$51/1450933909@67424404,false,false), took 100.663 sec
[error]     at dotty.communitybuild.CommunityProject.publish(projects.scala:64)
[error]     at dotty.communitybuild.CommunityProject.publish$(projects.scala:35)
[error]     at dotty.communitybuild.MillCommunityProject.publish(projects.scala:87)
[error]     at dotty.communitybuild.CommunityBuildRunner$.run$$anonfun$1(CommunityBuildRunner.scala:24)
[error]     at scala.runtime.function.JProcedure1.apply(JProcedure1.java:15)
[error]     at scala.runtime.function.JProcedure1.apply(JProcedure1.java:10)
[error]     at scala.collection.immutable.List.foreach(List.scala:333)
[error]     at dotty.communitybuild.CommunityBuildRunner$.run(CommunityBuildRunner.scala:24)
[error]     at dotty.communitybuild.CommunityBuildTestC.upickle(CommunityBuildTest.scala:100)
[error]     at jdk.internal.reflect.NativeMethodAccessorImpl.invoke0(Native Method)
[error]     at jdk.internal.reflect.NativeMethodAccessorImpl.invoke(Unknown Source)
[error]     at jdk.internal.reflect.DelegatingMethodAccessorImpl.invoke(Unknown Source)
[error]     at java.lang.reflect.Method.invoke(Unknown Source)
[error]     ...
[info] Test run dotty.communitybuild.CommunityBuildTestC finished: 1 failed, 0 ignored, 1 total, 100.671s
********************************************************************************
Failed projects:
 - dotty.communitybuild.CommunityBuildTestC.upickle
********************************************************************************
[info] Test run dotty.communitybuild.CommunityBuildTestB started
[info] Test run dotty.communitybuild.CommunityBuildTestB finished: 0 failed, 0 ignored, 0 total, 0.0s
[error] Failed: Total 1, Failed 1, Errors 0, Passed 0
[error] Failed tests:
[error] 	dotty.communitybuild.CommunityBuildTestC
[error] (community-build / Test / testOnly) sbt.TestsFailedException: Tests unsuccessful
[error] Total time: 170 s (02:50), completed Jun 14, 2023, 3:28:51 AM
