[info] welcome to sbt 1.8.0 (Oracle Corporation Java 9.0.4)
[info] loading global plugins from /Users/y3536zha/.sbt/1.0/plugins
[info] loading settings for project scala_flexible_type_with_test_script-build-build from build.sbt ...
[info] loading project definition from /Users/y3536zha/Desktop/scala_flexible/scala_flexible_type_with_test_script/project/project
[info] loading settings for project scala_flexible_type_with_test_script-build from build.sbt,plugins.sbt ...
[info] loading project definition from /Users/y3536zha/Desktop/scala_flexible/scala_flexible_type_with_test_script/project
[info] loading settings for project scala3 from build.sbt ...
[info] resolving key references (31394 settings) ...
[info] set current project to scala3 (in build file:/Users/y3536zha/Desktop/scala_flexible/scala_flexible_type_with_test_script/)
SLF4J: No SLF4J providers were found.
SLF4J: Defaulting to no-operation (NOP) logger implementation
SLF4J: See https://www.slf4j.org/codes.html#noProviders for further details.
SLF4J: Class path contains SLF4J bindings targeting slf4j-api versions 1.7.x or earlier.
SLF4J: Ignoring binding found at [jar:file:/Users/y3536zha/.sbt/boot/scala-2.12.17/org.scala-sbt/sbt/1.8.0/log4j-slf4j-impl-2.17.1.jar!/org/slf4j/impl/StaticLoggerBinder.class]
SLF4J: See https://www.slf4j.org/codes.html#ignoredBindings for an explanation.
[info] Wrote /Users/y3536zha/Desktop/scala_flexible/scala_flexible_type_with_test_script/tasty/../out/bootstrap/tasty-core-bootstrapped/scala-3.3.1-RC1-bin-SNAPSHOT-nonbootstrapped/tasty-core_3-3.3.1-RC1-bin-SNAPSHOT.pom
[info] Wrote /Users/y3536zha/Desktop/scala_flexible/scala_flexible_type_with_test_script/interfaces/target/scala3-interfaces-3.3.1-RC1-bin-SNAPSHOT.pom
[info] Wrote /Users/y3536zha/Desktop/scala_flexible/scala_flexible_type_with_test_script/sbt-community-build/target/scala-2.12/sbt-1.0/sbt-community-build-0.1.0-SNAPSHOT.pom
[info] Wrote /Users/y3536zha/Desktop/scala_flexible/scala_flexible_type_with_test_script/library-js/../out/bootstrap/scala3-library-bootstrappedJS/scala-3.3.1-RC1-bin-SNAPSHOT-nonbootstrapped/scala3-library_sjs1_3-3.3.1-RC1-bin-SNAPSHOT.pom
[info] Wrote /Users/y3536zha/Desktop/scala_flexible/scala_flexible_type_with_test_script/library/../out/bootstrap/scala3-library-bootstrapped/scala-3.3.1-RC1-bin-SNAPSHOT-nonbootstrapped/scala3-library_3-3.3.1-RC1-bin-SNAPSHOT.pom
[info] Wrote /Users/y3536zha/Desktop/scala_flexible/scala_flexible_type_with_test_script/compiler/../out/bootstrap/scala3-compiler-bootstrapped/scala-3.3.1-RC1-bin-SNAPSHOT-nonbootstrapped/scala3-compiler_3-3.3.1-RC1-bin-SNAPSHOT.pom
[info] Wrote /Users/y3536zha/Desktop/scala_flexible/scala_flexible_type_with_test_script/tasty-inspector/../out/bootstrap/scala3-tasty-inspector/scala-3.3.1-RC1-bin-SNAPSHOT-nonbootstrapped/scala3-tasty-inspector_3-3.3.1-RC1-bin-SNAPSHOT.pom
[info] Wrote /Users/y3536zha/Desktop/scala_flexible/scala_flexible_type_with_test_script/scaladoc/../out/bootstrap/scaladoc/scala-3.3.1-RC1-bin-SNAPSHOT-nonbootstrapped/scaladoc_3-3.3.1-RC1-bin-SNAPSHOT.pom
[info] Wrote /Users/y3536zha/Desktop/scala_flexible/scala_flexible_type_with_test_script/sbt-bridge/src/target/scala3-sbt-bridge-3.3.1-RC1-bin-SNAPSHOT.pom
[info] waiting for lock on /Users/y3536zha/.ivy2/.sbt.ivy.lock to be available...
[info] :: delivering :: org.scala-lang#scala3-interfaces;3.3.1-RC1-bin-SNAPSHOT :: 3.3.1-RC1-bin-SNAPSHOT :: integration :: Wed Jun 14 00:33:02 EDT 2023
[info] 	delivering ivy file to /Users/y3536zha/Desktop/scala_flexible/scala_flexible_type_with_test_script/interfaces/target/ivy-3.3.1-RC1-bin-SNAPSHOT.xml
[info] :: delivering :: ch.epfl.lamp#sbt-community-build;0.1.0-SNAPSHOT :: 0.1.0-SNAPSHOT :: integration :: Wed Jun 14 00:33:02 EDT 2023
[info] 	delivering ivy file to /Users/y3536zha/Desktop/scala_flexible/scala_flexible_type_with_test_script/sbt-community-build/target/scala-2.12/sbt-1.0/ivy-0.1.0-SNAPSHOT.xml
[info] 	published scala3-interfaces to /Users/y3536zha/.ivy2/local/org.scala-lang/scala3-interfaces/3.3.1-RC1-bin-SNAPSHOT/poms/scala3-interfaces.pom
[info] 	published scala3-interfaces to /Users/y3536zha/.ivy2/local/org.scala-lang/scala3-interfaces/3.3.1-RC1-bin-SNAPSHOT/jars/scala3-interfaces.jar
[info] 	published scala3-interfaces to /Users/y3536zha/.ivy2/local/org.scala-lang/scala3-interfaces/3.3.1-RC1-bin-SNAPSHOT/srcs/scala3-interfaces-sources.jar
[info] 	published scala3-interfaces to /Users/y3536zha/.ivy2/local/org.scala-lang/scala3-interfaces/3.3.1-RC1-bin-SNAPSHOT/docs/scala3-interfaces-javadoc.jar
[info] 	published ivy to /Users/y3536zha/.ivy2/local/org.scala-lang/scala3-interfaces/3.3.1-RC1-bin-SNAPSHOT/ivys/ivy.xml
[info] 	published sbt-community-build to /Users/y3536zha/.ivy2/local/ch.epfl.lamp/sbt-community-build/scala_2.12/sbt_1.0/0.1.0-SNAPSHOT/poms/sbt-community-build.pom
[info] 	published sbt-community-build to /Users/y3536zha/.ivy2/local/ch.epfl.lamp/sbt-community-build/scala_2.12/sbt_1.0/0.1.0-SNAPSHOT/jars/sbt-community-build.jar
[info] 	published sbt-community-build to /Users/y3536zha/.ivy2/local/ch.epfl.lamp/sbt-community-build/scala_2.12/sbt_1.0/0.1.0-SNAPSHOT/srcs/sbt-community-build-sources.jar
[info] 	published sbt-community-build to /Users/y3536zha/.ivy2/local/ch.epfl.lamp/sbt-community-build/scala_2.12/sbt_1.0/0.1.0-SNAPSHOT/docs/sbt-community-build-javadoc.jar
[info] 	published ivy to /Users/y3536zha/.ivy2/local/ch.epfl.lamp/sbt-community-build/scala_2.12/sbt_1.0/0.1.0-SNAPSHOT/ivys/ivy.xml
[info] :: delivering :: org.scala-lang#scala3-sbt-bridge;3.3.1-RC1-bin-SNAPSHOT :: 3.3.1-RC1-bin-SNAPSHOT :: integration :: Wed Jun 14 00:33:02 EDT 2023
[info] 	delivering ivy file to /Users/y3536zha/Desktop/scala_flexible/scala_flexible_type_with_test_script/sbt-bridge/src/target/ivy-3.3.1-RC1-bin-SNAPSHOT.xml
[info] 	published scala3-sbt-bridge to /Users/y3536zha/.ivy2/local/org.scala-lang/scala3-sbt-bridge/3.3.1-RC1-bin-SNAPSHOT/poms/scala3-sbt-bridge.pom
[info] 	published scala3-sbt-bridge to /Users/y3536zha/.ivy2/local/org.scala-lang/scala3-sbt-bridge/3.3.1-RC1-bin-SNAPSHOT/jars/scala3-sbt-bridge.jar
[info] 	published scala3-sbt-bridge to /Users/y3536zha/.ivy2/local/org.scala-lang/scala3-sbt-bridge/3.3.1-RC1-bin-SNAPSHOT/srcs/scala3-sbt-bridge-sources.jar
[info] 	published scala3-sbt-bridge to /Users/y3536zha/.ivy2/local/org.scala-lang/scala3-sbt-bridge/3.3.1-RC1-bin-SNAPSHOT/docs/scala3-sbt-bridge-javadoc.jar
[info] 	published ivy to /Users/y3536zha/.ivy2/local/org.scala-lang/scala3-sbt-bridge/3.3.1-RC1-bin-SNAPSHOT/ivys/ivy.xml
[info] :: delivering :: org.scala-lang#tasty-core_3;3.3.1-RC1-bin-SNAPSHOT :: 3.3.1-RC1-bin-SNAPSHOT :: integration :: Wed Jun 14 00:33:10 EDT 2023
[info] 	delivering ivy file to /Users/y3536zha/Desktop/scala_flexible/scala_flexible_type_with_test_script/out/bootstrap/tasty-core-bootstrapped/scala-3.3.1-RC1-bin-SNAPSHOT-nonbootstrapped/ivy-3.3.1-RC1-bin-SNAPSHOT.xml
[info] 	published tasty-core_3 to /Users/y3536zha/.ivy2/local/org.scala-lang/tasty-core_3/3.3.1-RC1-bin-SNAPSHOT/poms/tasty-core_3.pom
[info] 	published tasty-core_3 to /Users/y3536zha/.ivy2/local/org.scala-lang/tasty-core_3/3.3.1-RC1-bin-SNAPSHOT/jars/tasty-core_3.jar
[info] 	published tasty-core_3 to /Users/y3536zha/.ivy2/local/org.scala-lang/tasty-core_3/3.3.1-RC1-bin-SNAPSHOT/srcs/tasty-core_3-sources.jar
[info] 	published tasty-core_3 to /Users/y3536zha/.ivy2/local/org.scala-lang/tasty-core_3/3.3.1-RC1-bin-SNAPSHOT/docs/tasty-core_3-javadoc.jar
[info] 	published ivy to /Users/y3536zha/.ivy2/local/org.scala-lang/tasty-core_3/3.3.1-RC1-bin-SNAPSHOT/ivys/ivy.xml
[info] Main Scala API documentation to /Users/y3536zha/Desktop/scala_flexible/scala_flexible_type_with_test_script/library/../out/bootstrap/scala3-library-bootstrapped/scala-3.3.1-RC1-bin-SNAPSHOT-nonbootstrapped/api...
[info] Main Scala API documentation to /Users/y3536zha/Desktop/scala_flexible/scala_flexible_type_with_test_script/library-js/../out/bootstrap/scala3-library-bootstrappedJS/scala-3.3.1-RC1-bin-SNAPSHOT-nonbootstrapped/api...
[info] :: delivering :: org.scala-lang#scala3-tasty-inspector_3;3.3.1-RC1-bin-SNAPSHOT :: 3.3.1-RC1-bin-SNAPSHOT :: integration :: Wed Jun 14 00:33:11 EDT 2023
[info] 	delivering ivy file to /Users/y3536zha/Desktop/scala_flexible/scala_flexible_type_with_test_script/out/bootstrap/scala3-tasty-inspector/scala-3.3.1-RC1-bin-SNAPSHOT-nonbootstrapped/ivy-3.3.1-RC1-bin-SNAPSHOT.xml
[info] 	published scala3-tasty-inspector_3 to /Users/y3536zha/.ivy2/local/org.scala-lang/scala3-tasty-inspector_3/3.3.1-RC1-bin-SNAPSHOT/poms/scala3-tasty-inspector_3.pom
[info] 	published scala3-tasty-inspector_3 to /Users/y3536zha/.ivy2/local/org.scala-lang/scala3-tasty-inspector_3/3.3.1-RC1-bin-SNAPSHOT/jars/scala3-tasty-inspector_3.jar
[info] 	published scala3-tasty-inspector_3 to /Users/y3536zha/.ivy2/local/org.scala-lang/scala3-tasty-inspector_3/3.3.1-RC1-bin-SNAPSHOT/srcs/scala3-tasty-inspector_3-sources.jar
[info] 	published scala3-tasty-inspector_3 to /Users/y3536zha/.ivy2/local/org.scala-lang/scala3-tasty-inspector_3/3.3.1-RC1-bin-SNAPSHOT/docs/scala3-tasty-inspector_3-javadoc.jar
[info] 	published ivy to /Users/y3536zha/.ivy2/local/org.scala-lang/scala3-tasty-inspector_3/3.3.1-RC1-bin-SNAPSHOT/ivys/ivy.xml
[info] :: delivering :: org.scala-lang#scaladoc_3;3.3.1-RC1-bin-SNAPSHOT :: 3.3.1-RC1-bin-SNAPSHOT :: integration :: Wed Jun 14 00:33:11 EDT 2023
[info] 	delivering ivy file to /Users/y3536zha/Desktop/scala_flexible/scala_flexible_type_with_test_script/out/bootstrap/scaladoc/scala-3.3.1-RC1-bin-SNAPSHOT-nonbootstrapped/ivy-3.3.1-RC1-bin-SNAPSHOT.xml
[info] 	published scaladoc_3 to /Users/y3536zha/.ivy2/local/org.scala-lang/scaladoc_3/3.3.1-RC1-bin-SNAPSHOT/poms/scaladoc_3.pom
[info] 	published scaladoc_3 to /Users/y3536zha/.ivy2/local/org.scala-lang/scaladoc_3/3.3.1-RC1-bin-SNAPSHOT/jars/scaladoc_3.jar
[info] 	published scaladoc_3 to /Users/y3536zha/.ivy2/local/org.scala-lang/scaladoc_3/3.3.1-RC1-bin-SNAPSHOT/srcs/scaladoc_3-sources.jar
[info] 	published scaladoc_3 to /Users/y3536zha/.ivy2/local/org.scala-lang/scaladoc_3/3.3.1-RC1-bin-SNAPSHOT/docs/scaladoc_3-javadoc.jar
[info] 	published ivy to /Users/y3536zha/.ivy2/local/org.scala-lang/scaladoc_3/3.3.1-RC1-bin-SNAPSHOT/ivys/ivy.xml
[warn] Setting -skip-by-regex set to .+\.internal($|\..+) redundantly
[warn] bad option '-project-version 3.3.1-RC1-bin-SNAPSHOT' was ignored
[warn] Setting -skip-by-regex set to .+\.impl($|\..+) redundantly
[warn] Setting -skip-by-regex set to .+\.internal($|\..+) redundantly
[warn] Flag -project-logo set repeatedly
[warn] Setting -skip-by-regex set to .+\.impl($|\..+) redundantly
[warn] Setting -social-links set to github::https://github.com/lampepfl/dotty redundantly
[warn] Setting -skip-by-id set to scala.runtime.stdLibPatches redundantly
[warn] Setting -social-links set to discord::https://discord.com/invite/scala redundantly
[warn] Setting -skip-by-id set to scala.runtime.MatchCase redundantly
[warn] Setting -social-links set to twitter::https://twitter.com/scala_lang redundantly
[warn] bad option '-project-logo docs/_assets/images/logo.svg' was ignored
[warn] Setting -skip-by-id set to scala.runtime.stdLibPatches redundantly
[warn] Setting -social-links set to github::https://github.com/lampepfl/dotty redundantly
[warn] Setting -skip-by-id set to scala.runtime.MatchCase redundantly
[warn] Setting -social-links set to discord::https://discord.com/invite/scala redundantly
[warn] Flag -project-footer set repeatedly
[warn] Setting -social-links set to twitter::https://twitter.com/scala_lang redundantly
[warn] bad option '-project-footer "Copyright (c) 2002-2023, LAMP/EPFL"' was ignored
[warn] bad option '-default-template static-site-main' was ignored
[warn] Flag -author set repeatedly
[warn] Flag -author set repeatedly
[warn] Flag -groups set repeatedly
[warn] Flag -groups set repeatedly
[warn] Flag -default-template set repeatedly
[warn] Setting -external-mappings set to .*scala/.*::scaladoc3::https://dotty.epfl.ch/api/ redundantly
[warn] Setting -external-mappings set to .*java/.*::javadoc::https://docs.oracle.com/javase/8/docs/api/ redundantly
[warn] bad option '-project-version 3.3.1-RC1-bin-SNAPSHOT' was ignored
[warn] Setting -skip-by-regex set to .+\.internal($|\..+) redundantly
[warn] Setting -skip-by-regex set to .+\.impl($|\..+) redundantly
[warn] Setting -skip-by-id set to scala.runtime.stdLibPatches redundantly
[warn] Setting -skip-by-id set to scala.runtime.MatchCase redundantly
[warn] bad option '-project-logo docs/_assets/images/logo.svg' was ignored
[warn] Setting -social-links set to github::https://github.com/lampepfl/dotty redundantly
[warn] Setting -social-links set to discord::https://discord.com/invite/scala redundantly
[warn] Setting -social-links set to twitter::https://twitter.com/scala_lang redundantly
[warn] bad option '-project-footer "Copyright (c) 2002-2023, LAMP/EPFL"' was ignored
[warn] bad option '-default-template static-site-main' was ignored
[warn] Flag -author set repeatedly
[warn] Flag -groups set repeatedly
[info] Skipping unused scalacOptions: -Werror, -Yno-experimental, -Yexplicit-nulls
[info] Skipping unused scalacOptions: -Werror, -Yno-experimental, -Yexplicit-nulls
[info] :: delivering :: org.scala-lang#scala3-compiler_3;3.3.1-RC1-bin-SNAPSHOT :: 3.3.1-RC1-bin-SNAPSHOT :: integration :: Wed Jun 14 00:33:17 EDT 2023
[info] 	delivering ivy file to /Users/y3536zha/Desktop/scala_flexible/scala_flexible_type_with_test_script/out/bootstrap/scala3-compiler-bootstrapped/scala-3.3.1-RC1-bin-SNAPSHOT-nonbootstrapped/ivy-3.3.1-RC1-bin-SNAPSHOT.xml
[info] 	published scala3-compiler_3 to /Users/y3536zha/.ivy2/local/org.scala-lang/scala3-compiler_3/3.3.1-RC1-bin-SNAPSHOT/poms/scala3-compiler_3.pom
[info] 	published scala3-compiler_3 to /Users/y3536zha/.ivy2/local/org.scala-lang/scala3-compiler_3/3.3.1-RC1-bin-SNAPSHOT/jars/scala3-compiler_3.jar
[info] 	published scala3-compiler_3 to /Users/y3536zha/.ivy2/local/org.scala-lang/scala3-compiler_3/3.3.1-RC1-bin-SNAPSHOT/srcs/scala3-compiler_3-sources.jar
[info] 	published scala3-compiler_3 to /Users/y3536zha/.ivy2/local/org.scala-lang/scala3-compiler_3/3.3.1-RC1-bin-SNAPSHOT/docs/scala3-compiler_3-javadoc.jar
[info] 	published ivy to /Users/y3536zha/.ivy2/local/org.scala-lang/scala3-compiler_3/3.3.1-RC1-bin-SNAPSHOT/ivys/ivy.xml
[warn] -- Warning: library/src/scala/util/FromDigits.scala:21:6 -----------------------
[warn] 21 |  def fromDigits(digits: String): T
[warn]    |      ^
[warn]    |      No DRI found for query: MalformedNumber
[warn] -- Warning: library/src/scala/util/FromDigits.scala:21:6 -----------------------
[warn] 21 |  def fromDigits(digits: String): T
[warn]    |      ^
[warn]    |      No DRI found for query: MalformedNumber
[error] -- [E069] Naming Error: /Users/y3536zha/Desktop/scala_flexible/scala_flexible_type_with_test_script/library/src/scala/IArray.scala:13:7 
[error] 13 |object IArray:
[error]    |       ^
[error]    |object IArray cannot have the same name as object IArray in package scala -- cannot define object member with the same name as a object member in self reference _.
[error]    |(Note: this can be resolved by using another name)
[warn] 28 warnings found
[error] one error found
[error] -- [E069] Naming Error: /Users/y3536zha/Desktop/scala_flexible/scala_flexible_type_with_test_script/library/src/scala/IArray.scala:13:7 
[error] 13 |object IArray:
[error]    |       ^
[error]    |object IArray cannot have the same name as object IArray in package scala -- cannot define object member with the same name as a object member in self reference _.
[error]    |(Note: this can be resolved by using another name)
[warn] 14 warnings found
[error] one error found
[info] :: delivering :: org.scala-lang#scala3-library_sjs1_3;3.3.1-RC1-bin-SNAPSHOT :: 3.3.1-RC1-bin-SNAPSHOT :: integration :: Wed Jun 14 00:34:07 EDT 2023
[info] 	delivering ivy file to /Users/y3536zha/Desktop/scala_flexible/scala_flexible_type_with_test_script/out/bootstrap/scala3-library-bootstrappedJS/scala-3.3.1-RC1-bin-SNAPSHOT-nonbootstrapped/ivy-3.3.1-RC1-bin-SNAPSHOT.xml
[info] 	published scala3-library_sjs1_3 to /Users/y3536zha/.ivy2/local/org.scala-lang/scala3-library_sjs1_3/3.3.1-RC1-bin-SNAPSHOT/poms/scala3-library_sjs1_3.pom
[info] 	published scala3-library_sjs1_3 to /Users/y3536zha/.ivy2/local/org.scala-lang/scala3-library_sjs1_3/3.3.1-RC1-bin-SNAPSHOT/jars/scala3-library_sjs1_3.jar
[info] 	published scala3-library_sjs1_3 to /Users/y3536zha/.ivy2/local/org.scala-lang/scala3-library_sjs1_3/3.3.1-RC1-bin-SNAPSHOT/srcs/scala3-library_sjs1_3-sources.jar
[info] 	published scala3-library_sjs1_3 to /Users/y3536zha/.ivy2/local/org.scala-lang/scala3-library_sjs1_3/3.3.1-RC1-bin-SNAPSHOT/docs/scala3-library_sjs1_3-javadoc.jar
[info] 	published ivy to /Users/y3536zha/.ivy2/local/org.scala-lang/scala3-library_sjs1_3/3.3.1-RC1-bin-SNAPSHOT/ivys/ivy.xml
[info] :: delivering :: org.scala-lang#scala3-library_3;3.3.1-RC1-bin-SNAPSHOT :: 3.3.1-RC1-bin-SNAPSHOT :: integration :: Wed Jun 14 00:34:07 EDT 2023
[info] 	delivering ivy file to /Users/y3536zha/Desktop/scala_flexible/scala_flexible_type_with_test_script/out/bootstrap/scala3-library-bootstrapped/scala-3.3.1-RC1-bin-SNAPSHOT-nonbootstrapped/ivy-3.3.1-RC1-bin-SNAPSHOT.xml
[info] 	published scala3-library_3 to /Users/y3536zha/.ivy2/local/org.scala-lang/scala3-library_3/3.3.1-RC1-bin-SNAPSHOT/poms/scala3-library_3.pom
[info] 	published scala3-library_3 to /Users/y3536zha/.ivy2/local/org.scala-lang/scala3-library_3/3.3.1-RC1-bin-SNAPSHOT/jars/scala3-library_3.jar
[info] 	published scala3-library_3 to /Users/y3536zha/.ivy2/local/org.scala-lang/scala3-library_3/3.3.1-RC1-bin-SNAPSHOT/srcs/scala3-library_3-sources.jar
[info] 	published scala3-library_3 to /Users/y3536zha/.ivy2/local/org.scala-lang/scala3-library_3/3.3.1-RC1-bin-SNAPSHOT/docs/scala3-library_3-javadoc.jar
[info] 	published ivy to /Users/y3536zha/.ivy2/local/org.scala-lang/scala3-library_3/3.3.1-RC1-bin-SNAPSHOT/ivys/ivy.xml
[info] Test run dotty.communitybuild.CommunityBuildTestA started
[info] Test run dotty.communitybuild.CommunityBuildTestA finished: 0 failed, 0 ignored, 0 total, 0.0s
[info] Test run dotty.communitybuild.CommunityBuildTestC started
[info] Test run dotty.communitybuild.CommunityBuildTestC finished: 0 failed, 0 ignored, 0 total, 0.0s
[info] Test run dotty.communitybuild.CommunityBuildTestB started
[info] Test dotty.communitybuild.CommunityBuildTestB.catsMtl started
[32m[STARTING cats-mtl][0m
[32mPublishing scalacheck[0m
[32msbt -sbt-version 1.8.0 -Dsbt.supershell=false -Ddotty.communitybuild.dir=/Users/y3536zha/Desktop/scala_flexible/scala_flexible_type_with_test_script/community-build --addPluginSbtFile=/Users/y3536zha/Desktop/scala_flexible/scala_flexible_type_with_test_script/community-build/sbt-injected-plugins clean; set Global/logLevel := Level.Error; set Global/updateOptions ~= (_.withLatestSnapshots(false)); set Global/scalacOptions ++= List("-Xcheck-macros","-Ysafe-init","-Yexplicit-nulls","-Yflexible-types");++3.3.1-RC1-bin-SNAPSHOT!; coreJVM/publishLocal;coreJS/publishLocal[0m
[info] welcome to sbt 1.8.0 (Oracle Corporation Java 9.0.4)
[info] loading global plugins from /Users/y3536zha/.sbt/1.0/plugins
[info] loading settings for project scalacheck-build from plugin.sbt,sbt-injected-plugins ...
[info] loading project definition from /Users/y3536zha/Desktop/scala_flexible/scala_flexible_type_with_test_script/community-build/community-projects/scalacheck/project
[info] loading settings for project root from build.sbt ...
SLF4J: No SLF4J providers were found.
SLF4J: Defaulting to no-operation (NOP) logger implementation
SLF4J: See https://www.slf4j.org/codes.html#noProviders for further details.
SLF4J: Class path contains SLF4J bindings targeting slf4j-api versions 1.7.x or earlier.
SLF4J: Ignoring binding found at [jar:file:/Users/y3536zha/.sbt/boot/scala-2.12.17/org.scala-sbt/sbt/1.8.0/log4j-slf4j-impl-2.17.1.jar!/org/slf4j/impl/StaticLoggerBinder.class]
SLF4J: See https://www.slf4j.org/codes.html#ignoredBindings for an explanation.
[info] set current project to scalacheck (in build file:/Users/y3536zha/Desktop/scala_flexible/scala_flexible_type_with_test_script/community-build/community-projects/scalacheck/)
[success] Total time: 0 s, completed Jun 14, 2023, 12:34:51 AM
[info] Defining Global / logLevel
[info] The new value will be used by Test / test / testListeners, Test / testOnly / testListeners and 64 others.
[info] 	Run `last` for details.
[info] Reapplying settings...
[info] set current project to scalacheck (in build file:/Users/y3536zha/Desktop/scala_flexible/scala_flexible_type_with_test_script/community-build/community-projects/scalacheck/)
[info] Defining Global / updateOptions
[info] The new value will be used by bench / dependencyTreeIgnoreMissingUpdate / updateOptions, bench / ivyConfiguration and 21 others.
[info] 	Run `last` for details.
[info] Reapplying settings...
[info] set current project to scalacheck (in build file:/Users/y3536zha/Desktop/scala_flexible/scala_flexible_type_with_test_script/community-build/community-projects/scalacheck/)
[info] Defining Global / scalacOptions
[info] The new value will be used by bench / scalacOptions, coreJS / scalacOptions and 5 others.
[info] 	Run `last` for details.
[info] Reapplying settings...
[info] set current project to scalacheck (in build file:/Users/y3536zha/Desktop/scala_flexible/scala_flexible_type_with_test_script/community-build/community-projects/scalacheck/)
[info] Forcing Scala version to 3.3.1-RC1-bin-SNAPSHOT on all projects.
[info] Reapplying settings...
[info] Loading dependency tracking file /Users/y3536zha/Desktop/scala_flexible/scala_flexible_type_with_test_script/community-build/dotty-community-build-deps
[info] Dependency tracking file /Users/y3536zha/Desktop/scala_flexible/scala_flexible_type_with_test_script/community-build/dotty-community-build-deps does not exist
[info] set current project to scalacheck (in build file:/Users/y3536zha/Desktop/scala_flexible/scala_flexible_type_with_test_script/community-build/community-projects/scalacheck/)
java.lang.NoClassDefFoundError: dotty/tools/dotc/printing/Texts$Text$ while typechecking /Users/y3536zha/Desktop/scala_flexible/scala_flexible_type_with_test_script/community-build/community-projects/scalacheck/core/shared/src/main/scala/org/scalacheck/Arbitrary.scala
Exception while compiling /Users/y3536zha/Desktop/scala_flexible/scala_flexible_type_with_test_script/community-build/community-projects/scalacheck/core/jvm/src/main/scala/org/scalacheck/Platform.scala, /Users/y3536zha/Desktop/scala_flexible/scala_flexible_type_with_test_script/community-build/community-projects/scalacheck/core/jvm/src/main/scala/org/scalacheck/time/JavaTimeArbitrary.scala, /Users/y3536zha/Desktop/scala_flexible/scala_flexible_type_with_test_script/community-build/community-projects/scalacheck/core/jvm/src/main/scala/org/scalacheck/time/JavaTimeChoose.scala, /Users/y3536zha/Desktop/scala_flexible/scala_flexible_type_with_test_script/community-build/community-projects/scalacheck/core/jvm/src/main/scala/org/scalacheck/time/JavaTimeCogen.scala, /Users/y3536zha/Desktop/scala_flexible/scala_flexible_type_with_test_script/community-build/community-projects/scalacheck/core/jvm/src/main/scala/org/scalacheck/time/JavaTimeShrink.scala, /Users/y3536zha/Desktop/scala_flexible/scala_flexible_type_with_test_script/community-build/community-projects/scalacheck/core/jvm/target/scala-3.3.1-RC1-bin-SNAPSHOT/src_managed/main/org/scalacheck/ArbitraryArities.scala, /Users/y3536zha/Desktop/scala_flexible/scala_flexible_type_with_test_script/community-build/community-projects/scalacheck/core/jvm/target/scala-3.3.1-RC1-bin-SNAPSHOT/src_managed/main/org/scalacheck/CogenArities.scala, /Users/y3536zha/Desktop/scala_flexible/scala_flexible_type_with_test_script/community-build/community-projects/scalacheck/core/jvm/target/scala-3.3.1-RC1-bin-SNAPSHOT/src_managed/main/org/scalacheck/GenArities.scala, /Users/y3536zha/Desktop/scala_flexible/scala_flexible_type_with_test_script/community-build/community-projects/scalacheck/core/shared/src/main/scala-2.13+/org/scalacheck/ScalaVersionSpecific.scala, /Users/y3536zha/Desktop/scala_flexible/scala_flexible_type_with_test_script/community-build/community-projects/scalacheck/core/shared/src/main/scala-2.13+/org/scalacheck/util/BuildableVersionSpecific.scala, /Users/y3536zha/Desktop/scala_flexible/scala_flexible_type_with_test_script/community-build/community-projects/scalacheck/core/shared/src/main/scala/org/scalacheck/Arbitrary.scala, /Users/y3536zha/Desktop/scala_flexible/scala_flexible_type_with_test_script/community-build/community-projects/scalacheck/core/shared/src/main/scala/org/scalacheck/Cogen.scala, /Users/y3536zha/Desktop/scala_flexible/scala_flexible_type_with_test_script/community-build/community-projects/scalacheck/core/shared/src/main/scala/org/scalacheck/Gen.scala, /Users/y3536zha/Desktop/scala_flexible/scala_flexible_type_with_test_script/community-build/community-projects/scalacheck/core/shared/src/main/scala/org/scalacheck/Prop.scala, /Users/y3536zha/Desktop/scala_flexible/scala_flexible_type_with_test_script/community-build/community-projects/scalacheck/core/shared/src/main/scala/org/scalacheck/Properties.scala, /Users/y3536zha/Desktop/scala_flexible/scala_flexible_type_with_test_script/community-build/community-projects/scalacheck/core/shared/src/main/scala/org/scalacheck/ScalaCheckFramework.scala, /Users/y3536zha/Desktop/scala_flexible/scala_flexible_type_with_test_script/community-build/community-projects/scalacheck/core/shared/src/main/scala/org/scalacheck/Shrink.scala, /Users/y3536zha/Desktop/scala_flexible/scala_flexible_type_with_test_script/community-build/community-projects/scalacheck/core/shared/src/main/scala/org/scalacheck/Test.scala, /Users/y3536zha/Desktop/scala_flexible/scala_flexible_type_with_test_script/community-build/community-projects/scalacheck/core/shared/src/main/scala/org/scalacheck/commands/Commands.scala, /Users/y3536zha/Desktop/scala_flexible/scala_flexible_type_with_test_script/community-build/community-projects/scalacheck/core/shared/src/main/scala/org/scalacheck/rng/Seed.scala, /Users/y3536zha/Desktop/scala_flexible/scala_flexible_type_with_test_script/community-build/community-projects/scalacheck/core/shared/src/main/scala/org/scalacheck/util/Buildable.scala, /Users/y3536zha/Desktop/scala_flexible/scala_flexible_type_with_test_script/community-build/community-projects/scalacheck/core/shared/src/main/scala/org/scalacheck/util/CmdLineParser.scala, /Users/y3536zha/Desktop/scala_flexible/scala_flexible_type_with_test_script/community-build/community-projects/scalacheck/core/shared/src/main/scala/org/scalacheck/util/ConsoleReporter.scala, /Users/y3536zha/Desktop/scala_flexible/scala_flexible_type_with_test_script/community-build/community-projects/scalacheck/core/shared/src/main/scala/org/scalacheck/util/FreqMap.scala, /Users/y3536zha/Desktop/scala_flexible/scala_flexible_type_with_test_script/community-build/community-projects/scalacheck/core/shared/src/main/scala/org/scalacheck/util/Pretty.scala
[error] ## Exception when compiling 25 sources to /Users/y3536zha/Desktop/scala_flexible/scala_flexible_type_with_test_script/community-build/community-projects/scalacheck/core/jvm/target/scala-3.3.1-RC1-bin-SNAPSHOT/classes
[error] java.lang.NoClassDefFoundError: dotty/tools/dotc/printing/Texts$Text$
[error] dotty.tools.dotc.printing.PlainPrinter.toText$$anonfun$2$$anonfun$5(PlainPrinter.scala:237)
[error] dotty.tools.dotc.printing.Printer.atPrec(Printer.scala:43)
[error] dotty.tools.dotc.printing.Printer.changePrec(Printer.scala:71)
[error] dotty.tools.dotc.printing.PlainPrinter.toText$$anonfun$2(PlainPrinter.scala:243)
[error] dotty.tools.dotc.printing.MessageLimiter.controlled(MessageLimiter.scala:23)
[error] dotty.tools.dotc.printing.PlainPrinter.controlled(PlainPrinter.scala:39)
[error] dotty.tools.dotc.printing.PlainPrinter.toText(PlainPrinter.scala:292)
[error] dotty.tools.dotc.printing.RefinedPrinter.toText$$anonfun$1(RefinedPrinter.scala:299)
[error] dotty.tools.dotc.printing.MessageLimiter.controlled(MessageLimiter.scala:23)
[error] dotty.tools.dotc.printing.PlainPrinter.controlled(PlainPrinter.scala:39)
[error] dotty.tools.dotc.printing.RefinedPrinter.toText(RefinedPrinter.scala:301)
[error] dotty.tools.dotc.core.Types$Type.toText(Types.scala:1927)
[error] dotty.tools.dotc.printing.Showable.show(Showable.scala:23)
[error] dotty.tools.dotc.printing.Showable.show$(Showable.scala:9)
[error] dotty.tools.dotc.core.Types$Type.show(Types.scala:94)
[error] dotty.tools.dotc.core.Decorators$.tryToShow(Decorators.scala:278)
[error] dotty.tools.dotc.printing.Formatting$StringFormatter.showArg(Formatting.scala:123)
[error] dotty.tools.dotc.printing.Formatting$StringFormatter.treatArg(Formatting.scala:133)
[error] dotty.tools.dotc.printing.Formatting$StringFormatter.$anonfun$3(Formatting.scala:146)
[error] scala.collection.LazyZip2$$anon$1$$anon$2.next(LazyZipOps.scala:42)
[error] scala.collection.mutable.Growable.addAll(Growable.scala:62)
[error] scala.collection.mutable.Growable.addAll$(Growable.scala:57)
[error] scala.collection.mutable.ArrayBuilder.addAll(ArrayBuilder.scala:66)
[error] scala.collection.IterableOnceOps.toArray(IterableOnce.scala:1319)
[error] scala.collection.IterableOnceOps.toArray$(IterableOnce.scala:1313)
[error] scala.collection.AbstractIterable.toArray(Iterable.scala:933)
[error] scala.Array$.from(Array.scala:73)
[error] scala.collection.immutable.ArraySeq$.from(ArraySeq.scala:282)
[error] scala.collection.immutable.ArraySeq$.from(ArraySeq.scala:273)
[error] scala.collection.ClassTagIterableFactory$AnyIterableDelegate.from(Factory.scala:671)
[error] scala.collection.BuildFromLowPriority2$$anon$11.fromSpecific(BuildFrom.scala:112)
[error] scala.collection.BuildFromLowPriority2$$anon$11.fromSpecific(BuildFrom.scala:109)
[error] scala.collection.LazyZip2.map(LazyZipOps.scala:37)
[error] dotty.tools.dotc.printing.Formatting$StringFormatter.assemble(Formatting.scala:146)
[error] dotty.tools.dotc.core.Decorators$.i(Decorators.scala:307)
[error] dotty.tools.dotc.typer.Applications$Application.infoStr$1(Applications.scala:503)
[error] dotty.tools.dotc.typer.Applications$Application.methString(Applications.scala:504)
[error] dotty.tools.dotc.typer.Applications$Application.missingArg$1(Applications.scala:597)
[error] dotty.tools.dotc.typer.Applications$Application.tryDefault$1(Applications.scala:628)
[error] dotty.tools.dotc.typer.Applications$Application.matchArgs(Applications.scala:655)
[error] dotty.tools.dotc.typer.Applications$Application.matchArgs(Applications.scala:653)
[error] dotty.tools.dotc.typer.Applications$Application.init(Applications.scala:492)
[error] dotty.tools.dotc.typer.Applications$TestApplication.<init>(Applications.scala:740)
[error] dotty.tools.dotc.typer.Applications$ApplicableToTrees.<init>(Applications.scala:747)
[error] dotty.tools.dotc.typer.Applications.isApp$1(Applications.scala:1478)
[error] dotty.tools.dotc.typer.Applications.isApplicableMethodRef(Applications.scala:1479)
[error] dotty.tools.dotc.typer.Applications.isApplicableMethodRef$(Applications.scala:352)
[error] dotty.tools.dotc.typer.Typer.isApplicableMethodRef(Typer.scala:116)
[error] dotty.tools.dotc.typer.Applications.isApplicableType$$anonfun$1(Applications.scala:1493)
[error] dotty.tools.dotc.typer.Applications.onMethod(Applications.scala:1506)
[error] dotty.tools.dotc.typer.Applications.isApplicableType(Applications.scala:1494)
[error] dotty.tools.dotc.typer.Applications.isApplicableType$(Applications.scala:352)
[error] dotty.tools.dotc.typer.Typer.isApplicableType(Typer.scala:116)
[error] dotty.tools.dotc.typer.ProtoTypes$FunProto.isMatchedBy(ProtoTypes.scala:353)
[error] dotty.tools.dotc.core.TypeComparer.isMatchedByProto(TypeComparer.scala:2062)
[error] dotty.tools.dotc.core.TypeComparer.firstTry$1(TypeComparer.scala:339)
[error] dotty.tools.dotc.core.TypeComparer.recur(TypeComparer.scala:1476)
[error] dotty.tools.dotc.core.TypeComparer.isSubType(TypeComparer.scala:208)
[error] dotty.tools.dotc.core.TypeComparer.isSubType(TypeComparer.scala:218)
[error] dotty.tools.dotc.core.TypeComparer.topLevelSubType(TypeComparer.scala:128)
[error] dotty.tools.dotc.core.TypeComparer$.topLevelSubType(TypeComparer.scala:2967)
[error] dotty.tools.dotc.core.Types$Type.$less$colon$less(Types.scala:1040)
[error] dotty.tools.dotc.core.Types$Type.relaxed_$less$colon$less(Types.scala:1072)
[error] dotty.tools.dotc.typer.ProtoTypes$Compatibility.isCompatible(ProtoTypes.scala:41)
[error] dotty.tools.dotc.typer.ProtoTypes$Compatibility.isCompatible$(ProtoTypes.scala:28)
[error] dotty.tools.dotc.typer.ProtoTypes$NoViewsAllowed$.isCompatible(ProtoTypes.scala:122)
[error] dotty.tools.dotc.typer.ProtoTypes$Compatibility.testCompat$1(ProtoTypes.scala:58)
[error] dotty.tools.dotc.typer.ProtoTypes$Compatibility.normalizedCompatible(ProtoTypes.scala:72)
[error] dotty.tools.dotc.typer.ProtoTypes$Compatibility.normalizedCompatible$(ProtoTypes.scala:28)
[error] dotty.tools.dotc.typer.ProtoTypes$NoViewsAllowed$.normalizedCompatible(ProtoTypes.scala:122)
[error] dotty.tools.dotc.typer.ProtoTypes$SelectionProto.qualifies$1(ProtoTypes.scala:211)
[error] dotty.tools.dotc.typer.ProtoTypes$SelectionProto.liftedTree1$1(ProtoTypes.scala:215)
[error] dotty.tools.dotc.typer.ProtoTypes$SelectionProto.isMatchedBy(ProtoTypes.scala:228)
[error] dotty.tools.dotc.core.TypeComparer.isMatchedByProto(TypeComparer.scala:2062)
[error] dotty.tools.dotc.core.TypeComparer.firstTry$1(TypeComparer.scala:339)
[error] dotty.tools.dotc.core.TypeComparer.recur(TypeComparer.scala:1476)
[error] dotty.tools.dotc.core.TypeComparer.isSubType(TypeComparer.scala:208)
[error] dotty.tools.dotc.core.TypeComparer.isSubType(TypeComparer.scala:218)
[error] dotty.tools.dotc.core.TypeComparer.topLevelSubType(TypeComparer.scala:128)
[error] dotty.tools.dotc.core.TypeComparer.necessarySubType(TypeComparer.scala:139)
[error] dotty.tools.dotc.core.TypeComparer$.necessarySubType(TypeComparer.scala:2970)
[error] dotty.tools.dotc.typer.ProtoTypes$Compatibility.necessarilyCompatible(ProtoTypes.scala:49)
[error] dotty.tools.dotc.typer.ProtoTypes$Compatibility.necessarilyCompatible$(ProtoTypes.scala:28)
[error] dotty.tools.dotc.typer.Typer.necessarilyCompatible(Typer.scala:116)
[error] dotty.tools.dotc.typer.ProtoTypes$Compatibility.constrainResult(ProtoTypes.scala:99)
[error] dotty.tools.dotc.typer.ProtoTypes$Compatibility.constrainResult$(ProtoTypes.scala:28)
[error] dotty.tools.dotc.typer.Typer.constrainResult(Typer.scala:116)
[error] dotty.tools.dotc.typer.ProtoTypes$Compatibility.constrainResult(ProtoTypes.scala:119)
[error] dotty.tools.dotc.typer.ProtoTypes$Compatibility.constrainResult$(ProtoTypes.scala:28)
[error] dotty.tools.dotc.typer.Typer.constrainResult(Typer.scala:116)
[error] dotty.tools.dotc.typer.Applications$Application.init(Applications.scala:486)
[error] dotty.tools.dotc.typer.Applications$TestApplication.<init>(Applications.scala:740)
[error] dotty.tools.dotc.typer.Applications$ApplicableToTypes.<init>(Applications.scala:759)
[error] dotty.tools.dotc.typer.Applications.isApplicableMethodRef(Applications.scala:1486)
[error] dotty.tools.dotc.typer.Applications.isApplicableMethodRef$(Applications.scala:352)
[error] dotty.tools.dotc.typer.Typer.isApplicableMethodRef(Typer.scala:116)
[error] dotty.tools.dotc.typer.Applications.isApplicableType$$anonfun$2(Applications.scala:1501)
[error] dotty.tools.dotc.typer.Applications.onMethod(Applications.scala:1508)
[error] dotty.tools.dotc.typer.Applications.isApplicableType(Applications.scala:1502)
[error] dotty.tools.dotc.typer.Applications.isApplicableType$(Applications.scala:352)
[error] dotty.tools.dotc.typer.Typer.isApplicableType(Typer.scala:116)
[error] dotty.tools.dotc.typer.ProtoTypes$ViewProto.isMatchedBy(ProtoTypes.scala:600)
[error] dotty.tools.dotc.core.TypeComparer.isMatchedByProto(TypeComparer.scala:2062)
[error] dotty.tools.dotc.core.TypeComparer.firstTry$1(TypeComparer.scala:339)
[error] dotty.tools.dotc.core.TypeComparer.recur(TypeComparer.scala:1476)
[error] dotty.tools.dotc.core.TypeComparer.isSubType(TypeComparer.scala:208)
[error] dotty.tools.dotc.core.TypeComparer.isSubType(TypeComparer.scala:218)
[error] dotty.tools.dotc.core.TypeComparer.topLevelSubType(TypeComparer.scala:128)
[error] dotty.tools.dotc.core.TypeComparer$.topLevelSubType(TypeComparer.scala:2967)
[error] dotty.tools.dotc.core.Types$Type.$less$colon$less(Types.scala:1040)
[error] dotty.tools.dotc.core.Types$Type.relaxed_$less$colon$less(Types.scala:1072)
[error] dotty.tools.dotc.typer.ProtoTypes$Compatibility.isCompatible(ProtoTypes.scala:41)
[error] dotty.tools.dotc.typer.ProtoTypes$Compatibility.isCompatible$(ProtoTypes.scala:28)
[error] dotty.tools.dotc.typer.ProtoTypes$NoViewsAllowed$.isCompatible(ProtoTypes.scala:122)
[error] dotty.tools.dotc.typer.Implicits$ImplicitRefs.candidateKind$1(Implicits.scala:238)
[error] dotty.tools.dotc.typer.Implicits$ImplicitRefs.tryCandidate$1(Implicits.scala:252)
[error] dotty.tools.dotc.typer.Implicits$ImplicitRefs.filterMatching$$anonfun$2(Implicits.scala:261)
[error] scala.runtime.function.JProcedure1.apply(JProcedure1.java:15)
[error] scala.runtime.function.JProcedure1.apply(JProcedure1.java:10)
[error] scala.collection.immutable.List.foreach(List.scala:333)
[error] dotty.tools.dotc.typer.Implicits$ImplicitRefs.filterMatching(Implicits.scala:261)
[error] dotty.tools.dotc.typer.Implicits$ContextualImplicits.computeEligible(Implicits.scala:366)
[error] dotty.tools.dotc.typer.Implicits$ContextualImplicits.eligible(Implicits.scala:348)
[error] dotty.tools.dotc.typer.Implicits$ContextualImplicits.computeEligible(Implicits.scala:368)
[error] dotty.tools.dotc.typer.Implicits$ContextualImplicits.eligible(Implicits.scala:348)
[error] dotty.tools.dotc.typer.Implicits$ImplicitSearch.searchImplicit(Implicits.scala:1535)
[error] dotty.tools.dotc.typer.Implicits$ImplicitSearch.bestImplicit(Implicits.scala:1570)
[error] dotty.tools.dotc.typer.Implicits.inferImplicit(Implicits.scala:1058)
[error] dotty.tools.dotc.typer.Implicits.inferImplicit$(Implicits.scala:816)
[error] dotty.tools.dotc.typer.Typer.inferImplicit(Typer.scala:116)
[error] dotty.tools.dotc.typer.Implicits.inferView(Implicits.scala:854)
[error] dotty.tools.dotc.typer.Implicits.inferView$(Implicits.scala:816)
[error] dotty.tools.dotc.typer.Typer.inferView(Typer.scala:116)
[error] dotty.tools.dotc.typer.Typer.tryExtensionOrConversion(Typer.scala:3513)
[error] dotty.tools.dotc.typer.Typer.tryInsertImplicitOnQualifier$$anonfun$1(Typer.scala:3433)
[error] dotty.tools.dotc.typer.Typer.tryEither(Typer.scala:3310)
[error] dotty.tools.dotc.typer.Typer.tryInsertImplicitOnQualifier(Typer.scala:3439)
[error] dotty.tools.dotc.typer.Applications.tryWithImplicitOnQualifier$1(Applications.scala:987)
[error] dotty.tools.dotc.typer.Applications.realApply$1$$anonfun$3(Applications.scala:1060)
[error] dotty.tools.dotc.typer.Typer.tryEither(Typer.scala:3313)
[error] dotty.tools.dotc.typer.Applications.realApply$1(Applications.scala:1063)
[error] dotty.tools.dotc.typer.Applications.typedApply(Applications.scala:1101)
[error] dotty.tools.dotc.typer.Applications.typedApply$(Applications.scala:352)
[error] dotty.tools.dotc.typer.Typer.typedApply(Typer.scala:116)
[error] dotty.tools.dotc.typer.Typer.typedUnnamed$1(Typer.scala:3035)
[error] dotty.tools.dotc.typer.Typer.typedUnadapted(Typer.scala:3098)
[error] dotty.tools.dotc.typer.ProtoTypes$FunProto.$anonfun$7(ProtoTypes.scala:495)
[error] dotty.tools.dotc.typer.ProtoTypes$FunProto.cacheTypedArg(ProtoTypes.scala:418)
[error] dotty.tools.dotc.typer.ProtoTypes$FunProto.typedArg(ProtoTypes.scala:496)
[error] dotty.tools.dotc.typer.Applications$ApplyToUntyped.typedArg(Applications.scala:897)
[error] dotty.tools.dotc.typer.Applications$ApplyToUntyped.typedArg(Applications.scala:897)
[error] dotty.tools.dotc.typer.Applications$Application.addTyped$1(Applications.scala:589)
[error] dotty.tools.dotc.typer.Applications$Application.matchArgs(Applications.scala:653)
[error] dotty.tools.dotc.typer.Applications$Application.matchArgs(Applications.scala:653)
[error] dotty.tools.dotc.typer.Applications$Application.init(Applications.scala:492)
[error] dotty.tools.dotc.typer.Applications$TypedApply.<init>(Applications.scala:779)
[error] dotty.tools.dotc.typer.Applications$ApplyToUntyped.<init>(Applications.scala:896)
[error] dotty.tools.dotc.typer.Applications.ApplyTo(Applications.scala:1126)
[error] dotty.tools.dotc.typer.Applications.ApplyTo$(Applications.scala:352)
[error] dotty.tools.dotc.typer.Typer.ApplyTo(Typer.scala:116)
[error] dotty.tools.dotc.typer.Applications.simpleApply$1(Applications.scala:969)
[error] dotty.tools.dotc.typer.Applications.realApply$1$$anonfun$2(Applications.scala:1052)
[error] dotty.tools.dotc.typer.Typer.tryEither(Typer.scala:3310)
[error] dotty.tools.dotc.typer.Applications.realApply$1(Applications.scala:1063)
[error] dotty.tools.dotc.typer.Applications.typedApply(Applications.scala:1101)
[error] dotty.tools.dotc.typer.Applications.typedApply$(Applications.scala:352)
[error] dotty.tools.dotc.typer.Typer.typedApply(Typer.scala:116)
[error] dotty.tools.dotc.typer.Typer.typedUnnamed$1(Typer.scala:3035)
[error] dotty.tools.dotc.typer.Typer.typedUnadapted(Typer.scala:3098)
[error] dotty.tools.dotc.typer.Typer.typed(Typer.scala:3170)
[error] dotty.tools.dotc.typer.Typer.typed(Typer.scala:3174)
[error] dotty.tools.dotc.typer.Typer.typedTuple(Typer.scala:2944)
[error] dotty.tools.dotc.typer.Typer.typedUnnamed$1(Typer.scala:3072)
[error] dotty.tools.dotc.typer.Typer.typedUnadapted(Typer.scala:3098)
[error] dotty.tools.dotc.typer.ProtoTypes$FunProto.$anonfun$7(ProtoTypes.scala:495)
[error] dotty.tools.dotc.typer.ProtoTypes$FunProto.cacheTypedArg(ProtoTypes.scala:418)
[error] dotty.tools.dotc.typer.ProtoTypes$FunProto.typedArg(ProtoTypes.scala:496)
[error] dotty.tools.dotc.typer.Applications$ApplyToUntyped.typedArg(Applications.scala:897)
[error] dotty.tools.dotc.typer.Applications$ApplyToUntyped.typedArg(Applications.scala:897)
[error] dotty.tools.dotc.typer.Applications$Application.$anonfun$5$$anonfun$1(Applications.scala:643)
[error] scala.collection.immutable.List.map(List.scala:250)
[error] dotty.tools.dotc.typer.Applications$Application.$anonfun$5(Applications.scala:643)
[error] dotty.tools.dotc.typer.Applications.harmonic(Applications.scala:2329)
[error] dotty.tools.dotc.typer.Applications.harmonic$(Applications.scala:352)
[error] dotty.tools.dotc.typer.Typer.harmonic(Typer.scala:116)
[error] dotty.tools.dotc.typer.Applications$Application.matchArgs(Applications.scala:645)
[error] dotty.tools.dotc.typer.Applications$Application.init(Applications.scala:492)
[error] dotty.tools.dotc.typer.Applications$TypedApply.<init>(Applications.scala:779)
[error] dotty.tools.dotc.typer.Applications$ApplyToUntyped.<init>(Applications.scala:896)
[error] dotty.tools.dotc.typer.Applications.ApplyTo(Applications.scala:1126)
[error] dotty.tools.dotc.typer.Applications.ApplyTo$(Applications.scala:352)
[error] dotty.tools.dotc.typer.Typer.ApplyTo(Typer.scala:116)
[error] dotty.tools.dotc.typer.Applications.simpleApply$1(Applications.scala:969)
[error] dotty.tools.dotc.typer.Applications.realApply$1$$anonfun$2(Applications.scala:1052)
[error] dotty.tools.dotc.typer.Typer.tryEither(Typer.scala:3310)
[error] dotty.tools.dotc.typer.Applications.realApply$1(Applications.scala:1063)
[error] dotty.tools.dotc.typer.Applications.typedApply(Applications.scala:1101)
[error] dotty.tools.dotc.typer.Applications.typedApply$(Applications.scala:352)
[error] dotty.tools.dotc.typer.Typer.typedApply(Typer.scala:116)
[error] dotty.tools.dotc.typer.Typer.typedUnnamed$1(Typer.scala:3035)
[error] dotty.tools.dotc.typer.Typer.typedUnadapted(Typer.scala:3098)
[error] dotty.tools.dotc.typer.ProtoTypes$FunProto.$anonfun$7(ProtoTypes.scala:495)
[error] dotty.tools.dotc.typer.ProtoTypes$FunProto.cacheTypedArg(ProtoTypes.scala:418)
[error] dotty.tools.dotc.typer.ProtoTypes$FunProto.typedArg(ProtoTypes.scala:496)
[error] dotty.tools.dotc.typer.Applications$ApplyToUntyped.typedArg(Applications.scala:897)
[error] dotty.tools.dotc.typer.Applications$ApplyToUntyped.typedArg(Applications.scala:897)
[error] dotty.tools.dotc.typer.Applications$Application.addTyped$1(Applications.scala:589)
[error] dotty.tools.dotc.typer.Applications$Application.matchArgs(Applications.scala:653)
[error] dotty.tools.dotc.typer.Applications$Application.init(Applications.scala:492)
[error] dotty.tools.dotc.typer.Applications$TypedApply.<init>(Applications.scala:779)
[error] dotty.tools.dotc.typer.Applications$ApplyToUntyped.<init>(Applications.scala:896)
[error] dotty.tools.dotc.typer.Applications.ApplyTo(Applications.scala:1126)
[error] dotty.tools.dotc.typer.Applications.ApplyTo$(Applications.scala:352)
[error] dotty.tools.dotc.typer.Typer.ApplyTo(Typer.scala:116)
[error] dotty.tools.dotc.typer.Applications.simpleApply$1(Applications.scala:969)
[error] dotty.tools.dotc.typer.Applications.realApply$1$$anonfun$2(Applications.scala:1052)
[error] dotty.tools.dotc.typer.Typer.tryEither(Typer.scala:3310)
[error] dotty.tools.dotc.typer.Applications.realApply$1(Applications.scala:1063)
[error] dotty.tools.dotc.typer.Applications.typedApply(Applications.scala:1101)
[error] dotty.tools.dotc.typer.Applications.typedApply$(Applications.scala:352)
[error] dotty.tools.dotc.typer.Typer.typedApply(Typer.scala:116)
[error] dotty.tools.dotc.typer.Typer.typedUnnamed$1(Typer.scala:3035)
[error] dotty.tools.dotc.typer.Typer.typedUnadapted(Typer.scala:3098)
[error] dotty.tools.dotc.typer.Typer.typed(Typer.scala:3170)
[error] dotty.tools.dotc.typer.Typer.typed(Typer.scala:3174)
[error] dotty.tools.dotc.typer.Typer.typedExpr(Typer.scala:3286)
[error] dotty.tools.dotc.typer.Typer.typedBlock(Typer.scala:1166)
[error] dotty.tools.dotc.typer.Typer.typedUnnamed$1(Typer.scala:3043)
[error] dotty.tools.dotc.typer.Typer.typedUnadapted(Typer.scala:3098)
[error] dotty.tools.dotc.typer.Typer.typed(Typer.scala:3170)
[error] dotty.tools.dotc.typer.Typer.typed(Typer.scala:3174)
[error] dotty.tools.dotc.typer.Typer.typedExpr(Typer.scala:3286)
[error] dotty.tools.dotc.typer.Typer.typedValDef(Typer.scala:2417)
[error] dotty.tools.dotc.typer.Typer.typedNamed$1(Typer.scala:3008)
[error] dotty.tools.dotc.typer.Typer.typedUnadapted(Typer.scala:3097)
[error] dotty.tools.dotc.typer.Typer.typed(Typer.scala:3170)
[error] dotty.tools.dotc.typer.Typer.typed(Typer.scala:3174)
[error] dotty.tools.dotc.typer.Typer.traverse$1(Typer.scala:3196)
[error] dotty.tools.dotc.typer.Typer.typedStats(Typer.scala:3242)
[error] dotty.tools.dotc.typer.Typer.typedClassDef(Typer.scala:2656)
[error] dotty.tools.dotc.typer.Typer.typedTypeOrClassDef$1(Typer.scala:3023)
[error] dotty.tools.dotc.typer.Typer.typedNamed$1(Typer.scala:3027)
[error] dotty.tools.dotc.typer.Typer.typedUnadapted(Typer.scala:3097)
[error] dotty.tools.dotc.typer.Typer.typed(Typer.scala:3170)
[error] dotty.tools.dotc.typer.Typer.typed(Typer.scala:3174)
[error] dotty.tools.dotc.typer.Typer.traverse$1(Typer.scala:3196)
[error] dotty.tools.dotc.typer.Typer.typedStats(Typer.scala:3242)
[error] dotty.tools.dotc.typer.Typer.typedPackageDef(Typer.scala:2799)
[error] dotty.tools.dotc.typer.Typer.typedUnnamed$1(Typer.scala:3068)
[error] dotty.tools.dotc.typer.Typer.typedUnadapted(Typer.scala:3098)
[error] dotty.tools.dotc.typer.Typer.typed(Typer.scala:3170)
[error] dotty.tools.dotc.typer.Typer.typed(Typer.scala:3174)
[error] dotty.tools.dotc.typer.Typer.typedExpr(Typer.scala:3286)
[error] dotty.tools.dotc.typer.TyperPhase.typeCheck$$anonfun$1(TyperPhase.scala:44)
[error] dotty.tools.dotc.typer.TyperPhase.typeCheck$$anonfun$adapted$1(TyperPhase.scala:54)
[error] scala.Function0.apply$mcV$sp(Function0.scala:42)
[error] dotty.tools.dotc.core.Phases$Phase.monitor(Phases.scala:437)
[error] dotty.tools.dotc.typer.TyperPhase.typeCheck(TyperPhase.scala:54)
[error] dotty.tools.dotc.typer.TyperPhase.runOn$$anonfun$3(TyperPhase.scala:88)
[error] scala.runtime.function.JProcedure1.apply(JProcedure1.java:15)
[error] scala.runtime.function.JProcedure1.apply(JProcedure1.java:10)
[error] scala.collection.immutable.List.foreach(List.scala:333)
[error] dotty.tools.dotc.typer.TyperPhase.runOn(TyperPhase.scala:88)
[error] dotty.tools.dotc.Run.runPhases$1$$anonfun$1(Run.scala:246)
[error] scala.runtime.function.JProcedure1.apply(JProcedure1.java:15)
[error] scala.runtime.function.JProcedure1.apply(JProcedure1.java:10)
[error] scala.collection.ArrayOps$.foreach$extension(ArrayOps.scala:1321)
[error] dotty.tools.dotc.Run.runPhases$1(Run.scala:262)
[error] dotty.tools.dotc.Run.compileUnits$$anonfun$1(Run.scala:270)
[error] dotty.tools.dotc.Run.compileUnits$$anonfun$adapted$1(Run.scala:279)
[error] dotty.tools.dotc.util.Stats$.maybeMonitored(Stats.scala:67)
[error] dotty.tools.dotc.Run.compileUnits(Run.scala:279)
[error] dotty.tools.dotc.Run.compileSources(Run.scala:194)
[error] dotty.tools.dotc.Run.compile(Run.scala:179)
[error] dotty.tools.dotc.Driver.doCompile(Driver.scala:37)
[error] dotty.tools.xsbt.CompilerBridgeDriver.run(CompilerBridgeDriver.java:88)
[error] dotty.tools.xsbt.CompilerBridge.run(CompilerBridge.java:22)
[error] sbt.internal.inc.AnalyzingCompiler.compile(AnalyzingCompiler.scala:91)
[error] sbt.internal.inc.MixedAnalyzingCompiler.$anonfun$compile$7(MixedAnalyzingCompiler.scala:193)
[error] scala.runtime.java8.JFunction0$mcV$sp.apply(JFunction0$mcV$sp.java:23)
[error] sbt.internal.inc.MixedAnalyzingCompiler.timed(MixedAnalyzingCompiler.scala:248)
[error] sbt.internal.inc.MixedAnalyzingCompiler.$anonfun$compile$4(MixedAnalyzingCompiler.scala:183)
[error] sbt.internal.inc.MixedAnalyzingCompiler.$anonfun$compile$4$adapted(MixedAnalyzingCompiler.scala:163)
[error] sbt.internal.inc.JarUtils$.withPreviousJar(JarUtils.scala:239)
[error] sbt.internal.inc.MixedAnalyzingCompiler.compileScala$1(MixedAnalyzingCompiler.scala:163)
[error] sbt.internal.inc.MixedAnalyzingCompiler.compile(MixedAnalyzingCompiler.scala:211)
[error] sbt.internal.inc.IncrementalCompilerImpl.$anonfun$compileInternal$1(IncrementalCompilerImpl.scala:534)
[error] sbt.internal.inc.IncrementalCompilerImpl.$anonfun$compileInternal$1$adapted(IncrementalCompilerImpl.scala:534)
[error] sbt.internal.inc.Incremental$.$anonfun$apply$5(Incremental.scala:179)
[error] sbt.internal.inc.Incremental$.$anonfun$apply$5$adapted(Incremental.scala:177)
[error] sbt.internal.inc.Incremental$$anon$2.run(Incremental.scala:463)
[error] sbt.internal.inc.IncrementalCommon$CycleState.next(IncrementalCommon.scala:116)
[error] sbt.internal.inc.IncrementalCommon$$anon$1.next(IncrementalCommon.scala:56)
[error] sbt.internal.inc.IncrementalCommon$$anon$1.next(IncrementalCommon.scala:52)
[error] sbt.internal.inc.IncrementalCommon.cycle(IncrementalCommon.scala:263)
[error] sbt.internal.inc.Incremental$.$anonfun$incrementalCompile$8(Incremental.scala:418)
[error] sbt.internal.inc.Incremental$.withClassfileManager(Incremental.scala:506)
[error] sbt.internal.inc.Incremental$.incrementalCompile(Incremental.scala:405)
[error] sbt.internal.inc.Incremental$.apply(Incremental.scala:171)
[error] sbt.internal.inc.IncrementalCompilerImpl.compileInternal(IncrementalCompilerImpl.scala:534)
[error] sbt.internal.inc.IncrementalCompilerImpl.$anonfun$compileIncrementally$1(IncrementalCompilerImpl.scala:488)
[error] sbt.internal.inc.IncrementalCompilerImpl.handleCompilationError(IncrementalCompilerImpl.scala:332)
[error] sbt.internal.inc.IncrementalCompilerImpl.compileIncrementally(IncrementalCompilerImpl.scala:425)
[error] sbt.internal.inc.IncrementalCompilerImpl.compile(IncrementalCompilerImpl.scala:137)
[error] sbt.Defaults$.compileIncrementalTaskImpl(Defaults.scala:2363)
[error] sbt.Defaults$.$anonfun$compileIncrementalTask$2(Defaults.scala:2313)
[error] sbt.internal.server.BspCompileTask$.$anonfun$compute$1(BspCompileTask.scala:30)
[error] sbt.internal.io.Retry$.apply(Retry.scala:46)
[error] sbt.internal.io.Retry$.apply(Retry.scala:28)
[error] sbt.internal.io.Retry$.apply(Retry.scala:23)
[error] sbt.internal.server.BspCompileTask$.compute(BspCompileTask.scala:30)
[error] sbt.Defaults$.$anonfun$compileIncrementalTask$1(Defaults.scala:2311)
[error] scala.Function1.$anonfun$compose$1(Function1.scala:49)
[error] sbt.internal.util.$tilde$greater.$anonfun$$u2219$1(TypeFunctions.scala:62)
[error] sbt.std.Transform$$anon$4.work(Transform.scala:68)
[error] sbt.Execute.$anonfun$submit$2(Execute.scala:282)
[error] sbt.internal.util.ErrorHandling$.wideConvert(ErrorHandling.scala:23)
[error] sbt.Execute.work(Execute.scala:291)
[error] sbt.Execute.$anonfun$submit$1(Execute.scala:282)
[error] sbt.ConcurrentRestrictions$$anon$4.$anonfun$submitValid$1(ConcurrentRestrictions.scala:265)
[error] sbt.CompletionService$$anon$2.call(CompletionService.scala:64)
[error] java.base/java.util.concurrent.FutureTask.run(Unknown Source)
[error] java.base/java.util.concurrent.Executors$RunnableAdapter.call(Unknown Source)
[error] java.base/java.util.concurrent.FutureTask.run(Unknown Source)
[error] java.base/java.util.concurrent.ThreadPoolExecutor.runWorker(Unknown Source)
[error] java.base/java.util.concurrent.ThreadPoolExecutor$Worker.run(Unknown Source)
[error] java.base/java.lang.Thread.run(Unknown Source)
[error]            
[error] java.lang.NoClassDefFoundError: dotty/tools/dotc/printing/Texts$Text$
[error] 	at dotty.tools.dotc.printing.PlainPrinter.toText$$anonfun$2$$anonfun$5(PlainPrinter.scala:237)
[error] 	at dotty.tools.dotc.printing.Printer.atPrec(Printer.scala:43)
[error] 	at dotty.tools.dotc.printing.Printer.changePrec(Printer.scala:71)
[error] 	at dotty.tools.dotc.printing.PlainPrinter.toText$$anonfun$2(PlainPrinter.scala:243)
[error] 	at dotty.tools.dotc.printing.MessageLimiter.controlled(MessageLimiter.scala:23)
[error] 	at dotty.tools.dotc.printing.PlainPrinter.controlled(PlainPrinter.scala:39)
[error] 	at dotty.tools.dotc.printing.PlainPrinter.toText(PlainPrinter.scala:292)
[error] 	at dotty.tools.dotc.printing.RefinedPrinter.toText$$anonfun$1(RefinedPrinter.scala:299)
[error] 	at dotty.tools.dotc.printing.MessageLimiter.controlled(MessageLimiter.scala:23)
[error] 	at dotty.tools.dotc.printing.PlainPrinter.controlled(PlainPrinter.scala:39)
[error] 	at dotty.tools.dotc.printing.RefinedPrinter.toText(RefinedPrinter.scala:301)
[error] 	at dotty.tools.dotc.core.Types$Type.toText(Types.scala:1927)
[error] 	at dotty.tools.dotc.printing.Showable.show(Showable.scala:23)
[error] 	at dotty.tools.dotc.printing.Showable.show$(Showable.scala:9)
[error] 	at dotty.tools.dotc.core.Types$Type.show(Types.scala:94)
[error] 	at dotty.tools.dotc.core.Decorators$.tryToShow(Decorators.scala:278)
[error] 	at dotty.tools.dotc.printing.Formatting$StringFormatter.showArg(Formatting.scala:123)
[error] 	at dotty.tools.dotc.printing.Formatting$StringFormatter.treatArg(Formatting.scala:133)
[error] 	at dotty.tools.dotc.printing.Formatting$StringFormatter.$anonfun$3(Formatting.scala:146)
[error] 	at scala.collection.LazyZip2$$anon$1$$anon$2.next(LazyZipOps.scala:42)
[error] 	at scala.collection.mutable.Growable.addAll(Growable.scala:62)
[error] 	at scala.collection.mutable.Growable.addAll$(Growable.scala:57)
[error] 	at scala.collection.mutable.ArrayBuilder.addAll(ArrayBuilder.scala:66)
[error] 	at scala.collection.IterableOnceOps.toArray(IterableOnce.scala:1319)
[error] 	at scala.collection.IterableOnceOps.toArray$(IterableOnce.scala:1313)
[error] 	at scala.collection.AbstractIterable.toArray(Iterable.scala:933)
[error] 	at scala.Array$.from(Array.scala:73)
[error] 	at scala.collection.immutable.ArraySeq$.from(ArraySeq.scala:282)
[error] 	at scala.collection.immutable.ArraySeq$.from(ArraySeq.scala:273)
[error] 	at scala.collection.ClassTagIterableFactory$AnyIterableDelegate.from(Factory.scala:671)
[error] 	at scala.collection.BuildFromLowPriority2$$anon$11.fromSpecific(BuildFrom.scala:112)
[error] 	at scala.collection.BuildFromLowPriority2$$anon$11.fromSpecific(BuildFrom.scala:109)
[error] 	at scala.collection.LazyZip2.map(LazyZipOps.scala:37)
[error] 	at dotty.tools.dotc.printing.Formatting$StringFormatter.assemble(Formatting.scala:146)
[error] 	at dotty.tools.dotc.core.Decorators$.i(Decorators.scala:307)
[error] 	at dotty.tools.dotc.typer.Applications$Application.infoStr$1(Applications.scala:503)
[error] 	at dotty.tools.dotc.typer.Applications$Application.methString(Applications.scala:504)
[error] 	at dotty.tools.dotc.typer.Applications$Application.missingArg$1(Applications.scala:597)
[error] 	at dotty.tools.dotc.typer.Applications$Application.tryDefault$1(Applications.scala:628)
[error] 	at dotty.tools.dotc.typer.Applications$Application.matchArgs(Applications.scala:655)
[error] 	at dotty.tools.dotc.typer.Applications$Application.matchArgs(Applications.scala:653)
[error] 	at dotty.tools.dotc.typer.Applications$Application.init(Applications.scala:492)
[error] 	at dotty.tools.dotc.typer.Applications$TestApplication.<init>(Applications.scala:740)
[error] 	at dotty.tools.dotc.typer.Applications$ApplicableToTrees.<init>(Applications.scala:747)
[error] 	at dotty.tools.dotc.typer.Applications.isApp$1(Applications.scala:1478)
[error] 	at dotty.tools.dotc.typer.Applications.isApplicableMethodRef(Applications.scala:1479)
[error] 	at dotty.tools.dotc.typer.Applications.isApplicableMethodRef$(Applications.scala:352)
[error] 	at dotty.tools.dotc.typer.Typer.isApplicableMethodRef(Typer.scala:116)
[error] 	at dotty.tools.dotc.typer.Applications.isApplicableType$$anonfun$1(Applications.scala:1493)
[error] 	at dotty.tools.dotc.typer.Applications.onMethod(Applications.scala:1506)
[error] 	at dotty.tools.dotc.typer.Applications.isApplicableType(Applications.scala:1494)
[error] 	at dotty.tools.dotc.typer.Applications.isApplicableType$(Applications.scala:352)
[error] 	at dotty.tools.dotc.typer.Typer.isApplicableType(Typer.scala:116)
[error] 	at dotty.tools.dotc.typer.ProtoTypes$FunProto.isMatchedBy(ProtoTypes.scala:353)
[error] 	at dotty.tools.dotc.core.TypeComparer.isMatchedByProto(TypeComparer.scala:2062)
[error] 	at dotty.tools.dotc.core.TypeComparer.firstTry$1(TypeComparer.scala:339)
[error] 	at dotty.tools.dotc.core.TypeComparer.recur(TypeComparer.scala:1476)
[error] 	at dotty.tools.dotc.core.TypeComparer.isSubType(TypeComparer.scala:208)
[error] 	at dotty.tools.dotc.core.TypeComparer.isSubType(TypeComparer.scala:218)
[error] 	at dotty.tools.dotc.core.TypeComparer.topLevelSubType(TypeComparer.scala:128)
[error] 	at dotty.tools.dotc.core.TypeComparer$.topLevelSubType(TypeComparer.scala:2967)
[error] 	at dotty.tools.dotc.core.Types$Type.$less$colon$less(Types.scala:1040)
[error] 	at dotty.tools.dotc.core.Types$Type.relaxed_$less$colon$less(Types.scala:1072)
[error] 	at dotty.tools.dotc.typer.ProtoTypes$Compatibility.isCompatible(ProtoTypes.scala:41)
[error] 	at dotty.tools.dotc.typer.ProtoTypes$Compatibility.isCompatible$(ProtoTypes.scala:28)
[error] 	at dotty.tools.dotc.typer.ProtoTypes$NoViewsAllowed$.isCompatible(ProtoTypes.scala:122)
[error] 	at dotty.tools.dotc.typer.ProtoTypes$Compatibility.testCompat$1(ProtoTypes.scala:58)
[error] 	at dotty.tools.dotc.typer.ProtoTypes$Compatibility.normalizedCompatible(ProtoTypes.scala:72)
[error] 	at dotty.tools.dotc.typer.ProtoTypes$Compatibility.normalizedCompatible$(ProtoTypes.scala:28)
[error] 	at dotty.tools.dotc.typer.ProtoTypes$NoViewsAllowed$.normalizedCompatible(ProtoTypes.scala:122)
[error] 	at dotty.tools.dotc.typer.ProtoTypes$SelectionProto.qualifies$1(ProtoTypes.scala:211)
[error] 	at dotty.tools.dotc.typer.ProtoTypes$SelectionProto.liftedTree1$1(ProtoTypes.scala:215)
[error] 	at dotty.tools.dotc.typer.ProtoTypes$SelectionProto.isMatchedBy(ProtoTypes.scala:228)
[error] 	at dotty.tools.dotc.core.TypeComparer.isMatchedByProto(TypeComparer.scala:2062)
[error] 	at dotty.tools.dotc.core.TypeComparer.firstTry$1(TypeComparer.scala:339)
[error] 	at dotty.tools.dotc.core.TypeComparer.recur(TypeComparer.scala:1476)
[error] 	at dotty.tools.dotc.core.TypeComparer.isSubType(TypeComparer.scala:208)
[error] 	at dotty.tools.dotc.core.TypeComparer.isSubType(TypeComparer.scala:218)
[error] 	at dotty.tools.dotc.core.TypeComparer.topLevelSubType(TypeComparer.scala:128)
[error] 	at dotty.tools.dotc.core.TypeComparer.necessarySubType(TypeComparer.scala:139)
[error] 	at dotty.tools.dotc.core.TypeComparer$.necessarySubType(TypeComparer.scala:2970)
[error] 	at dotty.tools.dotc.typer.ProtoTypes$Compatibility.necessarilyCompatible(ProtoTypes.scala:49)
[error] 	at dotty.tools.dotc.typer.ProtoTypes$Compatibility.necessarilyCompatible$(ProtoTypes.scala:28)
[error] 	at dotty.tools.dotc.typer.Typer.necessarilyCompatible(Typer.scala:116)
[error] 	at dotty.tools.dotc.typer.ProtoTypes$Compatibility.constrainResult(ProtoTypes.scala:99)
[error] 	at dotty.tools.dotc.typer.ProtoTypes$Compatibility.constrainResult$(ProtoTypes.scala:28)
[error] 	at dotty.tools.dotc.typer.Typer.constrainResult(Typer.scala:116)
[error] 	at dotty.tools.dotc.typer.ProtoTypes$Compatibility.constrainResult(ProtoTypes.scala:119)
[error] 	at dotty.tools.dotc.typer.ProtoTypes$Compatibility.constrainResult$(ProtoTypes.scala:28)
[error] 	at dotty.tools.dotc.typer.Typer.constrainResult(Typer.scala:116)
[error] 	at dotty.tools.dotc.typer.Applications$Application.init(Applications.scala:486)
[error] 	at dotty.tools.dotc.typer.Applications$TestApplication.<init>(Applications.scala:740)
[error] 	at dotty.tools.dotc.typer.Applications$ApplicableToTypes.<init>(Applications.scala:759)
[error] 	at dotty.tools.dotc.typer.Applications.isApplicableMethodRef(Applications.scala:1486)
[error] 	at dotty.tools.dotc.typer.Applications.isApplicableMethodRef$(Applications.scala:352)
[error] 	at dotty.tools.dotc.typer.Typer.isApplicableMethodRef(Typer.scala:116)
[error] 	at dotty.tools.dotc.typer.Applications.isApplicableType$$anonfun$2(Applications.scala:1501)
[error] 	at dotty.tools.dotc.typer.Applications.onMethod(Applications.scala:1508)
[error] 	at dotty.tools.dotc.typer.Applications.isApplicableType(Applications.scala:1502)
[error] 	at dotty.tools.dotc.typer.Applications.isApplicableType$(Applications.scala:352)
[error] 	at dotty.tools.dotc.typer.Typer.isApplicableType(Typer.scala:116)
[error] 	at dotty.tools.dotc.typer.ProtoTypes$ViewProto.isMatchedBy(ProtoTypes.scala:600)
[error] 	at dotty.tools.dotc.core.TypeComparer.isMatchedByProto(TypeComparer.scala:2062)
[error] 	at dotty.tools.dotc.core.TypeComparer.firstTry$1(TypeComparer.scala:339)
[error] 	at dotty.tools.dotc.core.TypeComparer.recur(TypeComparer.scala:1476)
[error] 	at dotty.tools.dotc.core.TypeComparer.isSubType(TypeComparer.scala:208)
[error] 	at dotty.tools.dotc.core.TypeComparer.isSubType(TypeComparer.scala:218)
[error] 	at dotty.tools.dotc.core.TypeComparer.topLevelSubType(TypeComparer.scala:128)
[error] 	at dotty.tools.dotc.core.TypeComparer$.topLevelSubType(TypeComparer.scala:2967)
[error] 	at dotty.tools.dotc.core.Types$Type.$less$colon$less(Types.scala:1040)
[error] 	at dotty.tools.dotc.core.Types$Type.relaxed_$less$colon$less(Types.scala:1072)
[error] 	at dotty.tools.dotc.typer.ProtoTypes$Compatibility.isCompatible(ProtoTypes.scala:41)
[error] 	at dotty.tools.dotc.typer.ProtoTypes$Compatibility.isCompatible$(ProtoTypes.scala:28)
[error] 	at dotty.tools.dotc.typer.ProtoTypes$NoViewsAllowed$.isCompatible(ProtoTypes.scala:122)
[error] 	at dotty.tools.dotc.typer.Implicits$ImplicitRefs.candidateKind$1(Implicits.scala:238)
[error] 	at dotty.tools.dotc.typer.Implicits$ImplicitRefs.tryCandidate$1(Implicits.scala:252)
[error] 	at dotty.tools.dotc.typer.Implicits$ImplicitRefs.filterMatching$$anonfun$2(Implicits.scala:261)
[error] 	at scala.runtime.function.JProcedure1.apply(JProcedure1.java:15)
[error] 	at scala.runtime.function.JProcedure1.apply(JProcedure1.java:10)
[error] 	at scala.collection.immutable.List.foreach(List.scala:333)
[error] 	at dotty.tools.dotc.typer.Implicits$ImplicitRefs.filterMatching(Implicits.scala:261)
[error] 	at dotty.tools.dotc.typer.Implicits$ContextualImplicits.computeEligible(Implicits.scala:366)
[error] 	at dotty.tools.dotc.typer.Implicits$ContextualImplicits.eligible(Implicits.scala:348)
[error] 	at dotty.tools.dotc.typer.Implicits$ContextualImplicits.computeEligible(Implicits.scala:368)
[error] 	at dotty.tools.dotc.typer.Implicits$ContextualImplicits.eligible(Implicits.scala:348)
[error] 	at dotty.tools.dotc.typer.Implicits$ImplicitSearch.searchImplicit(Implicits.scala:1535)
[error] 	at dotty.tools.dotc.typer.Implicits$ImplicitSearch.bestImplicit(Implicits.scala:1570)
[error] 	at dotty.tools.dotc.typer.Implicits.inferImplicit(Implicits.scala:1058)
[error] 	at dotty.tools.dotc.typer.Implicits.inferImplicit$(Implicits.scala:816)
[error] 	at dotty.tools.dotc.typer.Typer.inferImplicit(Typer.scala:116)
[error] 	at dotty.tools.dotc.typer.Implicits.inferView(Implicits.scala:854)
[error] 	at dotty.tools.dotc.typer.Implicits.inferView$(Implicits.scala:816)
[error] 	at dotty.tools.dotc.typer.Typer.inferView(Typer.scala:116)
[error] 	at dotty.tools.dotc.typer.Typer.tryExtensionOrConversion(Typer.scala:3513)
[error] 	at dotty.tools.dotc.typer.Typer.tryInsertImplicitOnQualifier$$anonfun$1(Typer.scala:3433)
[error] 	at dotty.tools.dotc.typer.Typer.tryEither(Typer.scala:3310)
[error] 	at dotty.tools.dotc.typer.Typer.tryInsertImplicitOnQualifier(Typer.scala:3439)
[error] 	at dotty.tools.dotc.typer.Applications.tryWithImplicitOnQualifier$1(Applications.scala:987)
[error] 	at dotty.tools.dotc.typer.Applications.realApply$1$$anonfun$3(Applications.scala:1060)
[error] 	at dotty.tools.dotc.typer.Typer.tryEither(Typer.scala:3313)
[error] 	at dotty.tools.dotc.typer.Applications.realApply$1(Applications.scala:1063)
[error] 	at dotty.tools.dotc.typer.Applications.typedApply(Applications.scala:1101)
[error] 	at dotty.tools.dotc.typer.Applications.typedApply$(Applications.scala:352)
[error] 	at dotty.tools.dotc.typer.Typer.typedApply(Typer.scala:116)
[error] 	at dotty.tools.dotc.typer.Typer.typedUnnamed$1(Typer.scala:3035)
[error] 	at dotty.tools.dotc.typer.Typer.typedUnadapted(Typer.scala:3098)
[error] 	at dotty.tools.dotc.typer.ProtoTypes$FunProto.$anonfun$7(ProtoTypes.scala:495)
[error] 	at dotty.tools.dotc.typer.ProtoTypes$FunProto.cacheTypedArg(ProtoTypes.scala:418)
[error] 	at dotty.tools.dotc.typer.ProtoTypes$FunProto.typedArg(ProtoTypes.scala:496)
[error] 	at dotty.tools.dotc.typer.Applications$ApplyToUntyped.typedArg(Applications.scala:897)
[error] 	at dotty.tools.dotc.typer.Applications$ApplyToUntyped.typedArg(Applications.scala:897)
[error] 	at dotty.tools.dotc.typer.Applications$Application.addTyped$1(Applications.scala:589)
[error] 	at dotty.tools.dotc.typer.Applications$Application.matchArgs(Applications.scala:653)
[error] 	at dotty.tools.dotc.typer.Applications$Application.matchArgs(Applications.scala:653)
[error] 	at dotty.tools.dotc.typer.Applications$Application.init(Applications.scala:492)
[error] 	at dotty.tools.dotc.typer.Applications$TypedApply.<init>(Applications.scala:779)
[error] 	at dotty.tools.dotc.typer.Applications$ApplyToUntyped.<init>(Applications.scala:896)
[error] 	at dotty.tools.dotc.typer.Applications.ApplyTo(Applications.scala:1126)
[error] 	at dotty.tools.dotc.typer.Applications.ApplyTo$(Applications.scala:352)
[error] 	at dotty.tools.dotc.typer.Typer.ApplyTo(Typer.scala:116)
[error] 	at dotty.tools.dotc.typer.Applications.simpleApply$1(Applications.scala:969)
[error] 	at dotty.tools.dotc.typer.Applications.realApply$1$$anonfun$2(Applications.scala:1052)
[error] 	at dotty.tools.dotc.typer.Typer.tryEither(Typer.scala:3310)
[error] 	at dotty.tools.dotc.typer.Applications.realApply$1(Applications.scala:1063)
[error] 	at dotty.tools.dotc.typer.Applications.typedApply(Applications.scala:1101)
[error] 	at dotty.tools.dotc.typer.Applications.typedApply$(Applications.scala:352)
[error] 	at dotty.tools.dotc.typer.Typer.typedApply(Typer.scala:116)
[error] 	at dotty.tools.dotc.typer.Typer.typedUnnamed$1(Typer.scala:3035)
[error] 	at dotty.tools.dotc.typer.Typer.typedUnadapted(Typer.scala:3098)
[error] 	at dotty.tools.dotc.typer.Typer.typed(Typer.scala:3170)
[error] 	at dotty.tools.dotc.typer.Typer.typed(Typer.scala:3174)
[error] 	at dotty.tools.dotc.typer.Typer.typedTuple(Typer.scala:2944)
[error] 	at dotty.tools.dotc.typer.Typer.typedUnnamed$1(Typer.scala:3072)
[error] 	at dotty.tools.dotc.typer.Typer.typedUnadapted(Typer.scala:3098)
[error] 	at dotty.tools.dotc.typer.ProtoTypes$FunProto.$anonfun$7(ProtoTypes.scala:495)
[error] 	at dotty.tools.dotc.typer.ProtoTypes$FunProto.cacheTypedArg(ProtoTypes.scala:418)
[error] 	at dotty.tools.dotc.typer.ProtoTypes$FunProto.typedArg(ProtoTypes.scala:496)
[error] 	at dotty.tools.dotc.typer.Applications$ApplyToUntyped.typedArg(Applications.scala:897)
[error] 	at dotty.tools.dotc.typer.Applications$ApplyToUntyped.typedArg(Applications.scala:897)
[error] 	at dotty.tools.dotc.typer.Applications$Application.$anonfun$5$$anonfun$1(Applications.scala:643)
[error] 	at scala.collection.immutable.List.map(List.scala:250)
[error] 	at dotty.tools.dotc.typer.Applications$Application.$anonfun$5(Applications.scala:643)
[error] 	at dotty.tools.dotc.typer.Applications.harmonic(Applications.scala:2329)
[error] 	at dotty.tools.dotc.typer.Applications.harmonic$(Applications.scala:352)
[error] 	at dotty.tools.dotc.typer.Typer.harmonic(Typer.scala:116)
[error] 	at dotty.tools.dotc.typer.Applications$Application.matchArgs(Applications.scala:645)
[error] 	at dotty.tools.dotc.typer.Applications$Application.init(Applications.scala:492)
[error] 	at dotty.tools.dotc.typer.Applications$TypedApply.<init>(Applications.scala:779)
[error] 	at dotty.tools.dotc.typer.Applications$ApplyToUntyped.<init>(Applications.scala:896)
[error] 	at dotty.tools.dotc.typer.Applications.ApplyTo(Applications.scala:1126)
[error] 	at dotty.tools.dotc.typer.Applications.ApplyTo$(Applications.scala:352)
[error] 	at dotty.tools.dotc.typer.Typer.ApplyTo(Typer.scala:116)
[error] 	at dotty.tools.dotc.typer.Applications.simpleApply$1(Applications.scala:969)
[error] 	at dotty.tools.dotc.typer.Applications.realApply$1$$anonfun$2(Applications.scala:1052)
[error] 	at dotty.tools.dotc.typer.Typer.tryEither(Typer.scala:3310)
[error] 	at dotty.tools.dotc.typer.Applications.realApply$1(Applications.scala:1063)
[error] 	at dotty.tools.dotc.typer.Applications.typedApply(Applications.scala:1101)
[error] 	at dotty.tools.dotc.typer.Applications.typedApply$(Applications.scala:352)
[error] 	at dotty.tools.dotc.typer.Typer.typedApply(Typer.scala:116)
[error] 	at dotty.tools.dotc.typer.Typer.typedUnnamed$1(Typer.scala:3035)
[error] 	at dotty.tools.dotc.typer.Typer.typedUnadapted(Typer.scala:3098)
[error] 	at dotty.tools.dotc.typer.ProtoTypes$FunProto.$anonfun$7(ProtoTypes.scala:495)
[error] 	at dotty.tools.dotc.typer.ProtoTypes$FunProto.cacheTypedArg(ProtoTypes.scala:418)
[error] 	at dotty.tools.dotc.typer.ProtoTypes$FunProto.typedArg(ProtoTypes.scala:496)
[error] 	at dotty.tools.dotc.typer.Applications$ApplyToUntyped.typedArg(Applications.scala:897)
[error] 	at dotty.tools.dotc.typer.Applications$ApplyToUntyped.typedArg(Applications.scala:897)
[error] 	at dotty.tools.dotc.typer.Applications$Application.addTyped$1(Applications.scala:589)
[error] 	at dotty.tools.dotc.typer.Applications$Application.matchArgs(Applications.scala:653)
[error] 	at dotty.tools.dotc.typer.Applications$Application.init(Applications.scala:492)
[error] 	at dotty.tools.dotc.typer.Applications$TypedApply.<init>(Applications.scala:779)
[error] 	at dotty.tools.dotc.typer.Applications$ApplyToUntyped.<init>(Applications.scala:896)
[error] 	at dotty.tools.dotc.typer.Applications.ApplyTo(Applications.scala:1126)
[error] 	at dotty.tools.dotc.typer.Applications.ApplyTo$(Applications.scala:352)
[error] 	at dotty.tools.dotc.typer.Typer.ApplyTo(Typer.scala:116)
[error] 	at dotty.tools.dotc.typer.Applications.simpleApply$1(Applications.scala:969)
[error] 	at dotty.tools.dotc.typer.Applications.realApply$1$$anonfun$2(Applications.scala:1052)
[error] 	at dotty.tools.dotc.typer.Typer.tryEither(Typer.scala:3310)
[error] 	at dotty.tools.dotc.typer.Applications.realApply$1(Applications.scala:1063)
[error] 	at dotty.tools.dotc.typer.Applications.typedApply(Applications.scala:1101)
[error] 	at dotty.tools.dotc.typer.Applications.typedApply$(Applications.scala:352)
[error] 	at dotty.tools.dotc.typer.Typer.typedApply(Typer.scala:116)
[error] 	at dotty.tools.dotc.typer.Typer.typedUnnamed$1(Typer.scala:3035)
[error] 	at dotty.tools.dotc.typer.Typer.typedUnadapted(Typer.scala:3098)
[error] 	at dotty.tools.dotc.typer.Typer.typed(Typer.scala:3170)
[error] 	at dotty.tools.dotc.typer.Typer.typed(Typer.scala:3174)
[error] 	at dotty.tools.dotc.typer.Typer.typedExpr(Typer.scala:3286)
[error] 	at dotty.tools.dotc.typer.Typer.typedBlock(Typer.scala:1166)
[error] 	at dotty.tools.dotc.typer.Typer.typedUnnamed$1(Typer.scala:3043)
[error] 	at dotty.tools.dotc.typer.Typer.typedUnadapted(Typer.scala:3098)
[error] 	at dotty.tools.dotc.typer.Typer.typed(Typer.scala:3170)
[error] 	at dotty.tools.dotc.typer.Typer.typed(Typer.scala:3174)
[error] 	at dotty.tools.dotc.typer.Typer.typedExpr(Typer.scala:3286)
[error] 	at dotty.tools.dotc.typer.Typer.typedValDef(Typer.scala:2417)
[error] 	at dotty.tools.dotc.typer.Typer.typedNamed$1(Typer.scala:3008)
[error] 	at dotty.tools.dotc.typer.Typer.typedUnadapted(Typer.scala:3097)
[error] 	at dotty.tools.dotc.typer.Typer.typed(Typer.scala:3170)
[error] 	at dotty.tools.dotc.typer.Typer.typed(Typer.scala:3174)
[error] 	at dotty.tools.dotc.typer.Typer.traverse$1(Typer.scala:3196)
[error] 	at dotty.tools.dotc.typer.Typer.typedStats(Typer.scala:3242)
[error] 	at dotty.tools.dotc.typer.Typer.typedClassDef(Typer.scala:2656)
[error] 	at dotty.tools.dotc.typer.Typer.typedTypeOrClassDef$1(Typer.scala:3023)
[error] 	at dotty.tools.dotc.typer.Typer.typedNamed$1(Typer.scala:3027)
[error] 	at dotty.tools.dotc.typer.Typer.typedUnadapted(Typer.scala:3097)
[error] 	at dotty.tools.dotc.typer.Typer.typed(Typer.scala:3170)
[error] 	at dotty.tools.dotc.typer.Typer.typed(Typer.scala:3174)
[error] 	at dotty.tools.dotc.typer.Typer.traverse$1(Typer.scala:3196)
[error] 	at dotty.tools.dotc.typer.Typer.typedStats(Typer.scala:3242)
[error] 	at dotty.tools.dotc.typer.Typer.typedPackageDef(Typer.scala:2799)
[error] 	at dotty.tools.dotc.typer.Typer.typedUnnamed$1(Typer.scala:3068)
[error] 	at dotty.tools.dotc.typer.Typer.typedUnadapted(Typer.scala:3098)
[error] 	at dotty.tools.dotc.typer.Typer.typed(Typer.scala:3170)
[error] 	at dotty.tools.dotc.typer.Typer.typed(Typer.scala:3174)
[error] 	at dotty.tools.dotc.typer.Typer.typedExpr(Typer.scala:3286)
[error] 	at dotty.tools.dotc.typer.TyperPhase.typeCheck$$anonfun$1(TyperPhase.scala:44)
[error] 	at dotty.tools.dotc.typer.TyperPhase.typeCheck$$anonfun$adapted$1(TyperPhase.scala:54)
[error] 	at scala.Function0.apply$mcV$sp(Function0.scala:42)
[error] 	at dotty.tools.dotc.core.Phases$Phase.monitor(Phases.scala:437)
[error] 	at dotty.tools.dotc.typer.TyperPhase.typeCheck(TyperPhase.scala:54)
[error] 	at dotty.tools.dotc.typer.TyperPhase.runOn$$anonfun$3(TyperPhase.scala:88)
[error] 	at scala.runtime.function.JProcedure1.apply(JProcedure1.java:15)
[error] 	at scala.runtime.function.JProcedure1.apply(JProcedure1.java:10)
[error] 	at scala.collection.immutable.List.foreach(List.scala:333)
[error] 	at dotty.tools.dotc.typer.TyperPhase.runOn(TyperPhase.scala:88)
[error] 	at dotty.tools.dotc.Run.runPhases$1$$anonfun$1(Run.scala:246)
[error] 	at scala.runtime.function.JProcedure1.apply(JProcedure1.java:15)
[error] 	at scala.runtime.function.JProcedure1.apply(JProcedure1.java:10)
[error] 	at scala.collection.ArrayOps$.foreach$extension(ArrayOps.scala:1321)
[error] 	at dotty.tools.dotc.Run.runPhases$1(Run.scala:262)
[error] 	at dotty.tools.dotc.Run.compileUnits$$anonfun$1(Run.scala:270)
[error] 	at dotty.tools.dotc.Run.compileUnits$$anonfun$adapted$1(Run.scala:279)
[error] 	at dotty.tools.dotc.util.Stats$.maybeMonitored(Stats.scala:67)
[error] 	at dotty.tools.dotc.Run.compileUnits(Run.scala:279)
[error] 	at dotty.tools.dotc.Run.compileSources(Run.scala:194)
[error] 	at dotty.tools.dotc.Run.compile(Run.scala:179)
[error] 	at dotty.tools.dotc.Driver.doCompile(Driver.scala:37)
[error] 	at dotty.tools.xsbt.CompilerBridgeDriver.run(CompilerBridgeDriver.java:88)
[error] 	at dotty.tools.xsbt.CompilerBridge.run(CompilerBridge.java:22)
[error] 	at sbt.internal.inc.AnalyzingCompiler.compile(AnalyzingCompiler.scala:91)
[error] 	at sbt.internal.inc.MixedAnalyzingCompiler.$anonfun$compile$7(MixedAnalyzingCompiler.scala:193)
[error] 	at scala.runtime.java8.JFunction0$mcV$sp.apply(JFunction0$mcV$sp.java:23)
[error] 	at sbt.internal.inc.MixedAnalyzingCompiler.timed(MixedAnalyzingCompiler.scala:248)
[error] 	at sbt.internal.inc.MixedAnalyzingCompiler.$anonfun$compile$4(MixedAnalyzingCompiler.scala:183)
[error] 	at sbt.internal.inc.MixedAnalyzingCompiler.$anonfun$compile$4$adapted(MixedAnalyzingCompiler.scala:163)
[error] 	at sbt.internal.inc.JarUtils$.withPreviousJar(JarUtils.scala:239)
[error] 	at sbt.internal.inc.MixedAnalyzingCompiler.compileScala$1(MixedAnalyzingCompiler.scala:163)
[error] 	at sbt.internal.inc.MixedAnalyzingCompiler.compile(MixedAnalyzingCompiler.scala:211)
[error] 	at sbt.internal.inc.IncrementalCompilerImpl.$anonfun$compileInternal$1(IncrementalCompilerImpl.scala:534)
[error] 	at sbt.internal.inc.IncrementalCompilerImpl.$anonfun$compileInternal$1$adapted(IncrementalCompilerImpl.scala:534)
[error] 	at sbt.internal.inc.Incremental$.$anonfun$apply$5(Incremental.scala:179)
[error] 	at sbt.internal.inc.Incremental$.$anonfun$apply$5$adapted(Incremental.scala:177)
[error] 	at sbt.internal.inc.Incremental$$anon$2.run(Incremental.scala:463)
[error] 	at sbt.internal.inc.IncrementalCommon$CycleState.next(IncrementalCommon.scala:116)
[error] 	at sbt.internal.inc.IncrementalCommon$$anon$1.next(IncrementalCommon.scala:56)
[error] 	at sbt.internal.inc.IncrementalCommon$$anon$1.next(IncrementalCommon.scala:52)
[error] 	at sbt.internal.inc.IncrementalCommon.cycle(IncrementalCommon.scala:263)
[error] 	at sbt.internal.inc.Incremental$.$anonfun$incrementalCompile$8(Incremental.scala:418)
[error] 	at sbt.internal.inc.Incremental$.withClassfileManager(Incremental.scala:506)
[error] 	at sbt.internal.inc.Incremental$.incrementalCompile(Incremental.scala:405)
[error] 	at sbt.internal.inc.Incremental$.apply(Incremental.scala:171)
[error] 	at sbt.internal.inc.IncrementalCompilerImpl.compileInternal(IncrementalCompilerImpl.scala:534)
[error] 	at sbt.internal.inc.IncrementalCompilerImpl.$anonfun$compileIncrementally$1(IncrementalCompilerImpl.scala:488)
[error] 	at sbt.internal.inc.IncrementalCompilerImpl.handleCompilationError(IncrementalCompilerImpl.scala:332)
[error] 	at sbt.internal.inc.IncrementalCompilerImpl.compileIncrementally(IncrementalCompilerImpl.scala:425)
[error] 	at sbt.internal.inc.IncrementalCompilerImpl.compile(IncrementalCompilerImpl.scala:137)
[error] 	at sbt.Defaults$.compileIncrementalTaskImpl(Defaults.scala:2363)
[error] 	at sbt.Defaults$.$anonfun$compileIncrementalTask$2(Defaults.scala:2313)
[error] 	at sbt.internal.server.BspCompileTask$.$anonfun$compute$1(BspCompileTask.scala:30)
[error] 	at sbt.internal.io.Retry$.apply(Retry.scala:46)
[error] 	at sbt.internal.io.Retry$.apply(Retry.scala:28)
[error] 	at sbt.internal.io.Retry$.apply(Retry.scala:23)
[error] 	at sbt.internal.server.BspCompileTask$.compute(BspCompileTask.scala:30)
[error] 	at sbt.Defaults$.$anonfun$compileIncrementalTask$1(Defaults.scala:2311)
[error] 	at scala.Function1.$anonfun$compose$1(Function1.scala:49)
[error] 	at sbt.internal.util.$tilde$greater.$anonfun$$u2219$1(TypeFunctions.scala:62)
[error] 	at sbt.std.Transform$$anon$4.work(Transform.scala:68)
[error] 	at sbt.Execute.$anonfun$submit$2(Execute.scala:282)
[error] 	at sbt.internal.util.ErrorHandling$.wideConvert(ErrorHandling.scala:23)
[error] 	at sbt.Execute.work(Execute.scala:291)
[error] 	at sbt.Execute.$anonfun$submit$1(Execute.scala:282)
[error] 	at sbt.ConcurrentRestrictions$$anon$4.$anonfun$submitValid$1(ConcurrentRestrictions.scala:265)
[error] 	at sbt.CompletionService$$anon$2.call(CompletionService.scala:64)
[error] 	at java.base/java.util.concurrent.FutureTask.run(Unknown Source)
[error] 	at java.base/java.util.concurrent.Executors$RunnableAdapter.call(Unknown Source)
[error] 	at java.base/java.util.concurrent.FutureTask.run(Unknown Source)
[error] 	at java.base/java.util.concurrent.ThreadPoolExecutor.runWorker(Unknown Source)
[error] 	at java.base/java.util.concurrent.ThreadPoolExecutor$Worker.run(Unknown Source)
[error] 	at java.base/java.lang.Thread.run(Unknown Source)
[error] Caused by: java.lang.ClassNotFoundException: dotty.tools.dotc.printing.Texts$Text$
[error] 	at java.base/java.net.URLClassLoader$1.run(Unknown Source)
[error] 	at java.base/java.net.URLClassLoader$1.run(Unknown Source)
[error] 	at java.base/java.security.AccessController.doPrivileged(Native Method)
[error] 	at java.base/java.net.URLClassLoader.findClass(Unknown Source)
[error] 	at java.base/java.lang.ClassLoader.loadClass(Unknown Source)
[error] 	at java.base/java.lang.ClassLoader.loadClass(Unknown Source)
[error] 	at dotty.tools.dotc.printing.PlainPrinter.toText$$anonfun$2$$anonfun$5(PlainPrinter.scala:237)
[error] 	at dotty.tools.dotc.printing.Printer.atPrec(Printer.scala:43)
[error] 	at dotty.tools.dotc.printing.Printer.changePrec(Printer.scala:71)
[error] 	at dotty.tools.dotc.printing.PlainPrinter.toText$$anonfun$2(PlainPrinter.scala:243)
[error] 	at dotty.tools.dotc.printing.MessageLimiter.controlled(MessageLimiter.scala:23)
[error] 	at dotty.tools.dotc.printing.PlainPrinter.controlled(PlainPrinter.scala:39)
[error] 	at dotty.tools.dotc.printing.PlainPrinter.toText(PlainPrinter.scala:292)
[error] 	at dotty.tools.dotc.printing.RefinedPrinter.toText$$anonfun$1(RefinedPrinter.scala:299)
[error] 	at dotty.tools.dotc.printing.MessageLimiter.controlled(MessageLimiter.scala:23)
[error] 	at dotty.tools.dotc.printing.PlainPrinter.controlled(PlainPrinter.scala:39)
[error] 	at dotty.tools.dotc.printing.RefinedPrinter.toText(RefinedPrinter.scala:301)
[error] 	at dotty.tools.dotc.core.Types$Type.toText(Types.scala:1927)
[error] 	at dotty.tools.dotc.printing.Showable.show(Showable.scala:23)
[error] 	at dotty.tools.dotc.printing.Showable.show$(Showable.scala:9)
[error] 	at dotty.tools.dotc.core.Types$Type.show(Types.scala:94)
[error] 	at dotty.tools.dotc.core.Decorators$.tryToShow(Decorators.scala:278)
[error] 	at dotty.tools.dotc.printing.Formatting$StringFormatter.showArg(Formatting.scala:123)
[error] 	at dotty.tools.dotc.printing.Formatting$StringFormatter.treatArg(Formatting.scala:133)
[error] 	at dotty.tools.dotc.printing.Formatting$StringFormatter.$anonfun$3(Formatting.scala:146)
[error] 	at scala.collection.LazyZip2$$anon$1$$anon$2.next(LazyZipOps.scala:42)
[error] 	at scala.collection.mutable.Growable.addAll(Growable.scala:62)
[error] 	at scala.collection.mutable.Growable.addAll$(Growable.scala:57)
[error] 	at scala.collection.mutable.ArrayBuilder.addAll(ArrayBuilder.scala:66)
[error] 	at scala.collection.IterableOnceOps.toArray(IterableOnce.scala:1319)
[error] 	at scala.collection.IterableOnceOps.toArray$(IterableOnce.scala:1313)
[error] 	at scala.collection.AbstractIterable.toArray(Iterable.scala:933)
[error] 	at scala.Array$.from(Array.scala:73)
[error] 	at scala.collection.immutable.ArraySeq$.from(ArraySeq.scala:282)
[error] 	at scala.collection.immutable.ArraySeq$.from(ArraySeq.scala:273)
[error] 	at scala.collection.ClassTagIterableFactory$AnyIterableDelegate.from(Factory.scala:671)
[error] 	at scala.collection.BuildFromLowPriority2$$anon$11.fromSpecific(BuildFrom.scala:112)
[error] 	at scala.collection.BuildFromLowPriority2$$anon$11.fromSpecific(BuildFrom.scala:109)
[error] 	at scala.collection.LazyZip2.map(LazyZipOps.scala:37)
[error] 	at dotty.tools.dotc.printing.Formatting$StringFormatter.assemble(Formatting.scala:146)
[error] 	at dotty.tools.dotc.core.Decorators$.i(Decorators.scala:307)
[error] 	at dotty.tools.dotc.typer.Applications$Application.infoStr$1(Applications.scala:503)
[error] 	at dotty.tools.dotc.typer.Applications$Application.methString(Applications.scala:504)
[error] 	at dotty.tools.dotc.typer.Applications$Application.missingArg$1(Applications.scala:597)
[error] 	at dotty.tools.dotc.typer.Applications$Application.tryDefault$1(Applications.scala:628)
[error] 	at dotty.tools.dotc.typer.Applications$Application.matchArgs(Applications.scala:655)
[error] 	at dotty.tools.dotc.typer.Applications$Application.matchArgs(Applications.scala:653)
[error] 	at dotty.tools.dotc.typer.Applications$Application.init(Applications.scala:492)
[error] 	at dotty.tools.dotc.typer.Applications$TestApplication.<init>(Applications.scala:740)
[error] 	at dotty.tools.dotc.typer.Applications$ApplicableToTrees.<init>(Applications.scala:747)
[error] 	at dotty.tools.dotc.typer.Applications.isApp$1(Applications.scala:1478)
[error] 	at dotty.tools.dotc.typer.Applications.isApplicableMethodRef(Applications.scala:1479)
[error] 	at dotty.tools.dotc.typer.Applications.isApplicableMethodRef$(Applications.scala:352)
[error] 	at dotty.tools.dotc.typer.Typer.isApplicableMethodRef(Typer.scala:116)
[error] 	at dotty.tools.dotc.typer.Applications.isApplicableType$$anonfun$1(Applications.scala:1493)
[error] 	at dotty.tools.dotc.typer.Applications.onMethod(Applications.scala:1506)
[error] 	at dotty.tools.dotc.typer.Applications.isApplicableType(Applications.scala:1494)
[error] 	at dotty.tools.dotc.typer.Applications.isApplicableType$(Applications.scala:352)
[error] 	at dotty.tools.dotc.typer.Typer.isApplicableType(Typer.scala:116)
[error] 	at dotty.tools.dotc.typer.ProtoTypes$FunProto.isMatchedBy(ProtoTypes.scala:353)
[error] 	at dotty.tools.dotc.core.TypeComparer.isMatchedByProto(TypeComparer.scala:2062)
[error] 	at dotty.tools.dotc.core.TypeComparer.firstTry$1(TypeComparer.scala:339)
[error] 	at dotty.tools.dotc.core.TypeComparer.recur(TypeComparer.scala:1476)
[error] 	at dotty.tools.dotc.core.TypeComparer.isSubType(TypeComparer.scala:208)
[error] 	at dotty.tools.dotc.core.TypeComparer.isSubType(TypeComparer.scala:218)
[error] 	at dotty.tools.dotc.core.TypeComparer.topLevelSubType(TypeComparer.scala:128)
[error] 	at dotty.tools.dotc.core.TypeComparer$.topLevelSubType(TypeComparer.scala:2967)
[error] 	at dotty.tools.dotc.core.Types$Type.$less$colon$less(Types.scala:1040)
[error] 	at dotty.tools.dotc.core.Types$Type.relaxed_$less$colon$less(Types.scala:1072)
[error] 	at dotty.tools.dotc.typer.ProtoTypes$Compatibility.isCompatible(ProtoTypes.scala:41)
[error] 	at dotty.tools.dotc.typer.ProtoTypes$Compatibility.isCompatible$(ProtoTypes.scala:28)
[error] 	at dotty.tools.dotc.typer.ProtoTypes$NoViewsAllowed$.isCompatible(ProtoTypes.scala:122)
[error] 	at dotty.tools.dotc.typer.ProtoTypes$Compatibility.testCompat$1(ProtoTypes.scala:58)
[error] 	at dotty.tools.dotc.typer.ProtoTypes$Compatibility.normalizedCompatible(ProtoTypes.scala:72)
[error] 	at dotty.tools.dotc.typer.ProtoTypes$Compatibility.normalizedCompatible$(ProtoTypes.scala:28)
[error] 	at dotty.tools.dotc.typer.ProtoTypes$NoViewsAllowed$.normalizedCompatible(ProtoTypes.scala:122)
[error] 	at dotty.tools.dotc.typer.ProtoTypes$SelectionProto.qualifies$1(ProtoTypes.scala:211)
[error] 	at dotty.tools.dotc.typer.ProtoTypes$SelectionProto.liftedTree1$1(ProtoTypes.scala:215)
[error] 	at dotty.tools.dotc.typer.ProtoTypes$SelectionProto.isMatchedBy(ProtoTypes.scala:228)
[error] 	at dotty.tools.dotc.core.TypeComparer.isMatchedByProto(TypeComparer.scala:2062)
[error] 	at dotty.tools.dotc.core.TypeComparer.firstTry$1(TypeComparer.scala:339)
[error] 	at dotty.tools.dotc.core.TypeComparer.recur(TypeComparer.scala:1476)
[error] 	at dotty.tools.dotc.core.TypeComparer.isSubType(TypeComparer.scala:208)
[error] 	at dotty.tools.dotc.core.TypeComparer.isSubType(TypeComparer.scala:218)
[error] 	at dotty.tools.dotc.core.TypeComparer.topLevelSubType(TypeComparer.scala:128)
[error] 	at dotty.tools.dotc.core.TypeComparer.necessarySubType(TypeComparer.scala:139)
[error] 	at dotty.tools.dotc.core.TypeComparer$.necessarySubType(TypeComparer.scala:2970)
[error] 	at dotty.tools.dotc.typer.ProtoTypes$Compatibility.necessarilyCompatible(ProtoTypes.scala:49)
[error] 	at dotty.tools.dotc.typer.ProtoTypes$Compatibility.necessarilyCompatible$(ProtoTypes.scala:28)
[error] 	at dotty.tools.dotc.typer.Typer.necessarilyCompatible(Typer.scala:116)
[error] 	at dotty.tools.dotc.typer.ProtoTypes$Compatibility.constrainResult(ProtoTypes.scala:99)
[error] 	at dotty.tools.dotc.typer.ProtoTypes$Compatibility.constrainResult$(ProtoTypes.scala:28)
[error] 	at dotty.tools.dotc.typer.Typer.constrainResult(Typer.scala:116)
[error] 	at dotty.tools.dotc.typer.ProtoTypes$Compatibility.constrainResult(ProtoTypes.scala:119)
[error] 	at dotty.tools.dotc.typer.ProtoTypes$Compatibility.constrainResult$(ProtoTypes.scala:28)
[error] 	at dotty.tools.dotc.typer.Typer.constrainResult(Typer.scala:116)
[error] 	at dotty.tools.dotc.typer.Applications$Application.init(Applications.scala:486)
[error] 	at dotty.tools.dotc.typer.Applications$TestApplication.<init>(Applications.scala:740)
[error] 	at dotty.tools.dotc.typer.Applications$ApplicableToTypes.<init>(Applications.scala:759)
[error] 	at dotty.tools.dotc.typer.Applications.isApplicableMethodRef(Applications.scala:1486)
[error] 	at dotty.tools.dotc.typer.Applications.isApplicableMethodRef$(Applications.scala:352)
[error] 	at dotty.tools.dotc.typer.Typer.isApplicableMethodRef(Typer.scala:116)
[error] 	at dotty.tools.dotc.typer.Applications.isApplicableType$$anonfun$2(Applications.scala:1501)
[error] 	at dotty.tools.dotc.typer.Applications.onMethod(Applications.scala:1508)
[error] 	at dotty.tools.dotc.typer.Applications.isApplicableType(Applications.scala:1502)
[error] 	at dotty.tools.dotc.typer.Applications.isApplicableType$(Applications.scala:352)
[error] 	at dotty.tools.dotc.typer.Typer.isApplicableType(Typer.scala:116)
[error] 	at dotty.tools.dotc.typer.ProtoTypes$ViewProto.isMatchedBy(ProtoTypes.scala:600)
[error] 	at dotty.tools.dotc.core.TypeComparer.isMatchedByProto(TypeComparer.scala:2062)
[error] 	at dotty.tools.dotc.core.TypeComparer.firstTry$1(TypeComparer.scala:339)
[error] 	at dotty.tools.dotc.core.TypeComparer.recur(TypeComparer.scala:1476)
[error] 	at dotty.tools.dotc.core.TypeComparer.isSubType(TypeComparer.scala:208)
[error] 	at dotty.tools.dotc.core.TypeComparer.isSubType(TypeComparer.scala:218)
[error] 	at dotty.tools.dotc.core.TypeComparer.topLevelSubType(TypeComparer.scala:128)
[error] 	at dotty.tools.dotc.core.TypeComparer$.topLevelSubType(TypeComparer.scala:2967)
[error] 	at dotty.tools.dotc.core.Types$Type.$less$colon$less(Types.scala:1040)
[error] 	at dotty.tools.dotc.core.Types$Type.relaxed_$less$colon$less(Types.scala:1072)
[error] 	at dotty.tools.dotc.typer.ProtoTypes$Compatibility.isCompatible(ProtoTypes.scala:41)
[error] 	at dotty.tools.dotc.typer.ProtoTypes$Compatibility.isCompatible$(ProtoTypes.scala:28)
[error] 	at dotty.tools.dotc.typer.ProtoTypes$NoViewsAllowed$.isCompatible(ProtoTypes.scala:122)
[error] 	at dotty.tools.dotc.typer.Implicits$ImplicitRefs.candidateKind$1(Implicits.scala:238)
[error] 	at dotty.tools.dotc.typer.Implicits$ImplicitRefs.tryCandidate$1(Implicits.scala:252)
[error] 	at dotty.tools.dotc.typer.Implicits$ImplicitRefs.filterMatching$$anonfun$2(Implicits.scala:261)
[error] 	at scala.runtime.function.JProcedure1.apply(JProcedure1.java:15)
[error] 	at scala.runtime.function.JProcedure1.apply(JProcedure1.java:10)
[error] 	at scala.collection.immutable.List.foreach(List.scala:333)
[error] 	at dotty.tools.dotc.typer.Implicits$ImplicitRefs.filterMatching(Implicits.scala:261)
[error] 	at dotty.tools.dotc.typer.Implicits$ContextualImplicits.computeEligible(Implicits.scala:366)
[error] 	at dotty.tools.dotc.typer.Implicits$ContextualImplicits.eligible(Implicits.scala:348)
[error] 	at dotty.tools.dotc.typer.Implicits$ContextualImplicits.computeEligible(Implicits.scala:368)
[error] 	at dotty.tools.dotc.typer.Implicits$ContextualImplicits.eligible(Implicits.scala:348)
[error] 	at dotty.tools.dotc.typer.Implicits$ImplicitSearch.searchImplicit(Implicits.scala:1535)
[error] 	at dotty.tools.dotc.typer.Implicits$ImplicitSearch.bestImplicit(Implicits.scala:1570)
[error] 	at dotty.tools.dotc.typer.Implicits.inferImplicit(Implicits.scala:1058)
[error] 	at dotty.tools.dotc.typer.Implicits.inferImplicit$(Implicits.scala:816)
[error] 	at dotty.tools.dotc.typer.Typer.inferImplicit(Typer.scala:116)
[error] 	at dotty.tools.dotc.typer.Implicits.inferView(Implicits.scala:854)
[error] 	at dotty.tools.dotc.typer.Implicits.inferView$(Implicits.scala:816)
[error] 	at dotty.tools.dotc.typer.Typer.inferView(Typer.scala:116)
[error] 	at dotty.tools.dotc.typer.Typer.tryExtensionOrConversion(Typer.scala:3513)
[error] 	at dotty.tools.dotc.typer.Typer.tryInsertImplicitOnQualifier$$anonfun$1(Typer.scala:3433)
[error] 	at dotty.tools.dotc.typer.Typer.tryEither(Typer.scala:3310)
[error] 	at dotty.tools.dotc.typer.Typer.tryInsertImplicitOnQualifier(Typer.scala:3439)
[error] 	at dotty.tools.dotc.typer.Applications.tryWithImplicitOnQualifier$1(Applications.scala:987)
[error] 	at dotty.tools.dotc.typer.Applications.realApply$1$$anonfun$3(Applications.scala:1060)
[error] 	at dotty.tools.dotc.typer.Typer.tryEither(Typer.scala:3313)
[error] 	at dotty.tools.dotc.typer.Applications.realApply$1(Applications.scala:1063)
[error] 	at dotty.tools.dotc.typer.Applications.typedApply(Applications.scala:1101)
[error] 	at dotty.tools.dotc.typer.Applications.typedApply$(Applications.scala:352)
[error] 	at dotty.tools.dotc.typer.Typer.typedApply(Typer.scala:116)
[error] 	at dotty.tools.dotc.typer.Typer.typedUnnamed$1(Typer.scala:3035)
[error] 	at dotty.tools.dotc.typer.Typer.typedUnadapted(Typer.scala:3098)
[error] 	at dotty.tools.dotc.typer.ProtoTypes$FunProto.$anonfun$7(ProtoTypes.scala:495)
[error] 	at dotty.tools.dotc.typer.ProtoTypes$FunProto.cacheTypedArg(ProtoTypes.scala:418)
[error] 	at dotty.tools.dotc.typer.ProtoTypes$FunProto.typedArg(ProtoTypes.scala:496)
[error] 	at dotty.tools.dotc.typer.Applications$ApplyToUntyped.typedArg(Applications.scala:897)
[error] 	at dotty.tools.dotc.typer.Applications$ApplyToUntyped.typedArg(Applications.scala:897)
[error] 	at dotty.tools.dotc.typer.Applications$Application.addTyped$1(Applications.scala:589)
[error] 	at dotty.tools.dotc.typer.Applications$Application.matchArgs(Applications.scala:653)
[error] 	at dotty.tools.dotc.typer.Applications$Application.matchArgs(Applications.scala:653)
[error] 	at dotty.tools.dotc.typer.Applications$Application.init(Applications.scala:492)
[error] 	at dotty.tools.dotc.typer.Applications$TypedApply.<init>(Applications.scala:779)
[error] 	at dotty.tools.dotc.typer.Applications$ApplyToUntyped.<init>(Applications.scala:896)
[error] 	at dotty.tools.dotc.typer.Applications.ApplyTo(Applications.scala:1126)
[error] 	at dotty.tools.dotc.typer.Applications.ApplyTo$(Applications.scala:352)
[error] 	at dotty.tools.dotc.typer.Typer.ApplyTo(Typer.scala:116)
[error] 	at dotty.tools.dotc.typer.Applications.simpleApply$1(Applications.scala:969)
[error] 	at dotty.tools.dotc.typer.Applications.realApply$1$$anonfun$2(Applications.scala:1052)
[error] 	at dotty.tools.dotc.typer.Typer.tryEither(Typer.scala:3310)
[error] 	at dotty.tools.dotc.typer.Applications.realApply$1(Applications.scala:1063)
[error] 	at dotty.tools.dotc.typer.Applications.typedApply(Applications.scala:1101)
[error] 	at dotty.tools.dotc.typer.Applications.typedApply$(Applications.scala:352)
[error] 	at dotty.tools.dotc.typer.Typer.typedApply(Typer.scala:116)
[error] 	at dotty.tools.dotc.typer.Typer.typedUnnamed$1(Typer.scala:3035)
[error] 	at dotty.tools.dotc.typer.Typer.typedUnadapted(Typer.scala:3098)
[error] 	at dotty.tools.dotc.typer.Typer.typed(Typer.scala:3170)
[error] 	at dotty.tools.dotc.typer.Typer.typed(Typer.scala:3174)
[error] 	at dotty.tools.dotc.typer.Typer.typedTuple(Typer.scala:2944)
[error] 	at dotty.tools.dotc.typer.Typer.typedUnnamed$1(Typer.scala:3072)
[error] 	at dotty.tools.dotc.typer.Typer.typedUnadapted(Typer.scala:3098)
[error] 	at dotty.tools.dotc.typer.ProtoTypes$FunProto.$anonfun$7(ProtoTypes.scala:495)
[error] 	at dotty.tools.dotc.typer.ProtoTypes$FunProto.cacheTypedArg(ProtoTypes.scala:418)
[error] 	at dotty.tools.dotc.typer.ProtoTypes$FunProto.typedArg(ProtoTypes.scala:496)
[error] 	at dotty.tools.dotc.typer.Applications$ApplyToUntyped.typedArg(Applications.scala:897)
[error] 	at dotty.tools.dotc.typer.Applications$ApplyToUntyped.typedArg(Applications.scala:897)
[error] 	at dotty.tools.dotc.typer.Applications$Application.$anonfun$5$$anonfun$1(Applications.scala:643)
[error] 	at scala.collection.immutable.List.map(List.scala:250)
[error] 	at dotty.tools.dotc.typer.Applications$Application.$anonfun$5(Applications.scala:643)
[error] 	at dotty.tools.dotc.typer.Applications.harmonic(Applications.scala:2329)
[error] 	at dotty.tools.dotc.typer.Applications.harmonic$(Applications.scala:352)
[error] 	at dotty.tools.dotc.typer.Typer.harmonic(Typer.scala:116)
[error] 	at dotty.tools.dotc.typer.Applications$Application.matchArgs(Applications.scala:645)
[error] 	at dotty.tools.dotc.typer.Applications$Application.init(Applications.scala:492)
[error] 	at dotty.tools.dotc.typer.Applications$TypedApply.<init>(Applications.scala:779)
[error] 	at dotty.tools.dotc.typer.Applications$ApplyToUntyped.<init>(Applications.scala:896)
[error] 	at dotty.tools.dotc.typer.Applications.ApplyTo(Applications.scala:1126)
[error] 	at dotty.tools.dotc.typer.Applications.ApplyTo$(Applications.scala:352)
[error] 	at dotty.tools.dotc.typer.Typer.ApplyTo(Typer.scala:116)
[error] 	at dotty.tools.dotc.typer.Applications.simpleApply$1(Applications.scala:969)
[error] 	at dotty.tools.dotc.typer.Applications.realApply$1$$anonfun$2(Applications.scala:1052)
[error] 	at dotty.tools.dotc.typer.Typer.tryEither(Typer.scala:3310)
[error] 	at dotty.tools.dotc.typer.Applications.realApply$1(Applications.scala:1063)
[error] 	at dotty.tools.dotc.typer.Applications.typedApply(Applications.scala:1101)
[error] 	at dotty.tools.dotc.typer.Applications.typedApply$(Applications.scala:352)
[error] 	at dotty.tools.dotc.typer.Typer.typedApply(Typer.scala:116)
[error] 	at dotty.tools.dotc.typer.Typer.typedUnnamed$1(Typer.scala:3035)
[error] 	at dotty.tools.dotc.typer.Typer.typedUnadapted(Typer.scala:3098)
[error] 	at dotty.tools.dotc.typer.ProtoTypes$FunProto.$anonfun$7(ProtoTypes.scala:495)
[error] 	at dotty.tools.dotc.typer.ProtoTypes$FunProto.cacheTypedArg(ProtoTypes.scala:418)
[error] 	at dotty.tools.dotc.typer.ProtoTypes$FunProto.typedArg(ProtoTypes.scala:496)
[error] 	at dotty.tools.dotc.typer.Applications$ApplyToUntyped.typedArg(Applications.scala:897)
[error] 	at dotty.tools.dotc.typer.Applications$ApplyToUntyped.typedArg(Applications.scala:897)
[error] 	at dotty.tools.dotc.typer.Applications$Application.addTyped$1(Applications.scala:589)
[error] 	at dotty.tools.dotc.typer.Applications$Application.matchArgs(Applications.scala:653)
[error] 	at dotty.tools.dotc.typer.Applications$Application.init(Applications.scala:492)
[error] 	at dotty.tools.dotc.typer.Applications$TypedApply.<init>(Applications.scala:779)
[error] 	at dotty.tools.dotc.typer.Applications$ApplyToUntyped.<init>(Applications.scala:896)
[error] 	at dotty.tools.dotc.typer.Applications.ApplyTo(Applications.scala:1126)
[error] 	at dotty.tools.dotc.typer.Applications.ApplyTo$(Applications.scala:352)
[error] 	at dotty.tools.dotc.typer.Typer.ApplyTo(Typer.scala:116)
[error] 	at dotty.tools.dotc.typer.Applications.simpleApply$1(Applications.scala:969)
[error] 	at dotty.tools.dotc.typer.Applications.realApply$1$$anonfun$2(Applications.scala:1052)
[error] 	at dotty.tools.dotc.typer.Typer.tryEither(Typer.scala:3310)
[error] 	at dotty.tools.dotc.typer.Applications.realApply$1(Applications.scala:1063)
[error] 	at dotty.tools.dotc.typer.Applications.typedApply(Applications.scala:1101)
[error] 	at dotty.tools.dotc.typer.Applications.typedApply$(Applications.scala:352)
[error] 	at dotty.tools.dotc.typer.Typer.typedApply(Typer.scala:116)
[error] 	at dotty.tools.dotc.typer.Typer.typedUnnamed$1(Typer.scala:3035)
[error] 	at dotty.tools.dotc.typer.Typer.typedUnadapted(Typer.scala:3098)
[error] 	at dotty.tools.dotc.typer.Typer.typed(Typer.scala:3170)
[error] 	at dotty.tools.dotc.typer.Typer.typed(Typer.scala:3174)
[error] 	at dotty.tools.dotc.typer.Typer.typedExpr(Typer.scala:3286)
[error] 	at dotty.tools.dotc.typer.Typer.typedBlock(Typer.scala:1166)
[error] 	at dotty.tools.dotc.typer.Typer.typedUnnamed$1(Typer.scala:3043)
[error] 	at dotty.tools.dotc.typer.Typer.typedUnadapted(Typer.scala:3098)
[error] 	at dotty.tools.dotc.typer.Typer.typed(Typer.scala:3170)
[error] 	at dotty.tools.dotc.typer.Typer.typed(Typer.scala:3174)
[error] 	at dotty.tools.dotc.typer.Typer.typedExpr(Typer.scala:3286)
[error] 	at dotty.tools.dotc.typer.Typer.typedValDef(Typer.scala:2417)
[error] 	at dotty.tools.dotc.typer.Typer.typedNamed$1(Typer.scala:3008)
[error] 	at dotty.tools.dotc.typer.Typer.typedUnadapted(Typer.scala:3097)
[error] 	at dotty.tools.dotc.typer.Typer.typed(Typer.scala:3170)
[error] 	at dotty.tools.dotc.typer.Typer.typed(Typer.scala:3174)
[error] 	at dotty.tools.dotc.typer.Typer.traverse$1(Typer.scala:3196)
[error] 	at dotty.tools.dotc.typer.Typer.typedStats(Typer.scala:3242)
[error] 	at dotty.tools.dotc.typer.Typer.typedClassDef(Typer.scala:2656)
[error] 	at dotty.tools.dotc.typer.Typer.typedTypeOrClassDef$1(Typer.scala:3023)
[error] 	at dotty.tools.dotc.typer.Typer.typedNamed$1(Typer.scala:3027)
[error] 	at dotty.tools.dotc.typer.Typer.typedUnadapted(Typer.scala:3097)
[error] 	at dotty.tools.dotc.typer.Typer.typed(Typer.scala:3170)
[error] 	at dotty.tools.dotc.typer.Typer.typed(Typer.scala:3174)
[error] 	at dotty.tools.dotc.typer.Typer.traverse$1(Typer.scala:3196)
[error] 	at dotty.tools.dotc.typer.Typer.typedStats(Typer.scala:3242)
[error] 	at dotty.tools.dotc.typer.Typer.typedPackageDef(Typer.scala:2799)
[error] 	at dotty.tools.dotc.typer.Typer.typedUnnamed$1(Typer.scala:3068)
[error] 	at dotty.tools.dotc.typer.Typer.typedUnadapted(Typer.scala:3098)
[error] 	at dotty.tools.dotc.typer.Typer.typed(Typer.scala:3170)
[error] 	at dotty.tools.dotc.typer.Typer.typed(Typer.scala:3174)
[error] 	at dotty.tools.dotc.typer.Typer.typedExpr(Typer.scala:3286)
[error] 	at dotty.tools.dotc.typer.TyperPhase.typeCheck$$anonfun$1(TyperPhase.scala:44)
[error] 	at dotty.tools.dotc.typer.TyperPhase.typeCheck$$anonfun$adapted$1(TyperPhase.scala:54)
[error] 	at scala.Function0.apply$mcV$sp(Function0.scala:42)
[error] 	at dotty.tools.dotc.core.Phases$Phase.monitor(Phases.scala:437)
[error] 	at dotty.tools.dotc.typer.TyperPhase.typeCheck(TyperPhase.scala:54)
[error] 	at dotty.tools.dotc.typer.TyperPhase.runOn$$anonfun$3(TyperPhase.scala:88)
[error] 	at scala.runtime.function.JProcedure1.apply(JProcedure1.java:15)
[error] 	at scala.runtime.function.JProcedure1.apply(JProcedure1.java:10)
[error] 	at scala.collection.immutable.List.foreach(List.scala:333)
[error] 	at dotty.tools.dotc.typer.TyperPhase.runOn(TyperPhase.scala:88)
[error] 	at dotty.tools.dotc.Run.runPhases$1$$anonfun$1(Run.scala:246)
[error] 	at scala.runtime.function.JProcedure1.apply(JProcedure1.java:15)
[error] 	at scala.runtime.function.JProcedure1.apply(JProcedure1.java:10)
[error] 	at scala.collection.ArrayOps$.foreach$extension(ArrayOps.scala:1321)
[error] 	at dotty.tools.dotc.Run.runPhases$1(Run.scala:262)
[error] 	at dotty.tools.dotc.Run.compileUnits$$anonfun$1(Run.scala:270)
[error] 	at dotty.tools.dotc.Run.compileUnits$$anonfun$adapted$1(Run.scala:279)
[error] 	at dotty.tools.dotc.util.Stats$.maybeMonitored(Stats.scala:67)
[error] 	at dotty.tools.dotc.Run.compileUnits(Run.scala:279)
[error] 	at dotty.tools.dotc.Run.compileSources(Run.scala:194)
[error] 	at dotty.tools.dotc.Run.compile(Run.scala:179)
[error] 	at dotty.tools.dotc.Driver.doCompile(Driver.scala:37)
[error] 	at dotty.tools.xsbt.CompilerBridgeDriver.run(CompilerBridgeDriver.java:88)
[error] 	at dotty.tools.xsbt.CompilerBridge.run(CompilerBridge.java:22)
[error] 	at sbt.internal.inc.AnalyzingCompiler.compile(AnalyzingCompiler.scala:91)
[error] 	at sbt.internal.inc.MixedAnalyzingCompiler.$anonfun$compile$7(MixedAnalyzingCompiler.scala:193)
[error] 	at scala.runtime.java8.JFunction0$mcV$sp.apply(JFunction0$mcV$sp.java:23)
[error] 	at sbt.internal.inc.MixedAnalyzingCompiler.timed(MixedAnalyzingCompiler.scala:248)
[error] 	at sbt.internal.inc.MixedAnalyzingCompiler.$anonfun$compile$4(MixedAnalyzingCompiler.scala:183)
[error] 	at sbt.internal.inc.MixedAnalyzingCompiler.$anonfun$compile$4$adapted(MixedAnalyzingCompiler.scala:163)
[error] 	at sbt.internal.inc.JarUtils$.withPreviousJar(JarUtils.scala:239)
[error] 	at sbt.internal.inc.MixedAnalyzingCompiler.compileScala$1(MixedAnalyzingCompiler.scala:163)
[error] 	at sbt.internal.inc.MixedAnalyzingCompiler.compile(MixedAnalyzingCompiler.scala:211)
[error] 	at sbt.internal.inc.IncrementalCompilerImpl.$anonfun$compileInternal$1(IncrementalCompilerImpl.scala:534)
[error] 	at sbt.internal.inc.IncrementalCompilerImpl.$anonfun$compileInternal$1$adapted(IncrementalCompilerImpl.scala:534)
[error] 	at sbt.internal.inc.Incremental$.$anonfun$apply$5(Incremental.scala:179)
[error] 	at sbt.internal.inc.Incremental$.$anonfun$apply$5$adapted(Incremental.scala:177)
[error] 	at sbt.internal.inc.Incremental$$anon$2.run(Incremental.scala:463)
[error] 	at sbt.internal.inc.IncrementalCommon$CycleState.next(IncrementalCommon.scala:116)
[error] 	at sbt.internal.inc.IncrementalCommon$$anon$1.next(IncrementalCommon.scala:56)
[error] 	at sbt.internal.inc.IncrementalCommon$$anon$1.next(IncrementalCommon.scala:52)
[error] 	at sbt.internal.inc.IncrementalCommon.cycle(IncrementalCommon.scala:263)
[error] 	at sbt.internal.inc.Incremental$.$anonfun$incrementalCompile$8(Incremental.scala:418)
[error] 	at sbt.internal.inc.Incremental$.withClassfileManager(Incremental.scala:506)
[error] 	at sbt.internal.inc.Incremental$.incrementalCompile(Incremental.scala:405)
[error] 	at sbt.internal.inc.Incremental$.apply(Incremental.scala:171)
[error] 	at sbt.internal.inc.IncrementalCompilerImpl.compileInternal(IncrementalCompilerImpl.scala:534)
[error] 	at sbt.internal.inc.IncrementalCompilerImpl.$anonfun$compileIncrementally$1(IncrementalCompilerImpl.scala:488)
[error] 	at sbt.internal.inc.IncrementalCompilerImpl.handleCompilationError(IncrementalCompilerImpl.scala:332)
[error] 	at sbt.internal.inc.IncrementalCompilerImpl.compileIncrementally(IncrementalCompilerImpl.scala:425)
[error] 	at sbt.internal.inc.IncrementalCompilerImpl.compile(IncrementalCompilerImpl.scala:137)
[error] 	at sbt.Defaults$.compileIncrementalTaskImpl(Defaults.scala:2363)
[error] 	at sbt.Defaults$.$anonfun$compileIncrementalTask$2(Defaults.scala:2313)
[error] 	at sbt.internal.server.BspCompileTask$.$anonfun$compute$1(BspCompileTask.scala:30)
[error] 	at sbt.internal.io.Retry$.apply(Retry.scala:46)
[error] 	at sbt.internal.io.Retry$.apply(Retry.scala:28)
[error] 	at sbt.internal.io.Retry$.apply(Retry.scala:23)
[error] 	at sbt.internal.server.BspCompileTask$.compute(BspCompileTask.scala:30)
[error] 	at sbt.Defaults$.$anonfun$compileIncrementalTask$1(Defaults.scala:2311)
[error] 	at scala.Function1.$anonfun$compose$1(Function1.scala:49)
[error] 	at sbt.internal.util.$tilde$greater.$anonfun$$u2219$1(TypeFunctions.scala:62)
[error] 	at sbt.std.Transform$$anon$4.work(Transform.scala:68)
[error] 	at sbt.Execute.$anonfun$submit$2(Execute.scala:282)
[error] 	at sbt.internal.util.ErrorHandling$.wideConvert(ErrorHandling.scala:23)
[error] 	at sbt.Execute.work(Execute.scala:291)
[error] 	at sbt.Execute.$anonfun$submit$1(Execute.scala:282)
[error] 	at sbt.ConcurrentRestrictions$$anon$4.$anonfun$submitValid$1(ConcurrentRestrictions.scala:265)
[error] 	at sbt.CompletionService$$anon$2.call(CompletionService.scala:64)
[error] 	at java.base/java.util.concurrent.FutureTask.run(Unknown Source)
[error] 	at java.base/java.util.concurrent.Executors$RunnableAdapter.call(Unknown Source)
[error] 	at java.base/java.util.concurrent.FutureTask.run(Unknown Source)
[error] 	at java.base/java.util.concurrent.ThreadPoolExecutor.runWorker(Unknown Source)
[error] 	at java.base/java.util.concurrent.ThreadPoolExecutor$Worker.run(Unknown Source)
[error] 	at java.base/java.lang.Thread.run(Unknown Source)
[error] Caused by: java.io.EOFException
[error] 	at java.base/java.io.RandomAccessFile.readFully(Unknown Source)
[error] 	at java.base/java.util.zip.ZipFile$Source.readFullyAt(Unknown Source)
[error] 	at java.base/java.util.zip.ZipFile$Source.access$1200(Unknown Source)
[error] 	at java.base/java.util.zip.ZipFile$ZipFileInputStream.initDataOffset(Unknown Source)
[error] 	at java.base/java.util.zip.ZipFile$ZipFileInputStream.read(Unknown Source)
[error] 	at java.base/java.util.zip.ZipFile$ZipFileInflaterInputStream.fill(Unknown Source)
[error] 	at java.base/java.util.zip.InflaterInputStream.read(Unknown Source)
[error] 	at java.base/jdk.internal.loader.Resource.getBytes(Unknown Source)
[error] 	at java.base/java.net.URLClassLoader.defineClass(Unknown Source)
[error] 	at java.base/java.net.URLClassLoader.access$100(Unknown Source)
[error] 	at java.base/java.net.URLClassLoader$1.run(Unknown Source)
[error] 	at java.base/java.net.URLClassLoader$1.run(Unknown Source)
[error] 	at java.base/java.security.AccessController.doPrivileged(Native Method)
[error] 	at java.base/java.net.URLClassLoader.findClass(Unknown Source)
[error] 	at java.base/java.lang.ClassLoader.loadClass(Unknown Source)
[error] 	at java.base/java.lang.ClassLoader.loadClass(Unknown Source)
[error] 	at dotty.tools.dotc.printing.PlainPrinter.toText$$anonfun$2$$anonfun$5(PlainPrinter.scala:237)
[error] 	at dotty.tools.dotc.printing.Printer.atPrec(Printer.scala:43)
[error] 	at dotty.tools.dotc.printing.Printer.changePrec(Printer.scala:71)
[error] 	at dotty.tools.dotc.printing.PlainPrinter.toText$$anonfun$2(PlainPrinter.scala:243)
[error] 	at dotty.tools.dotc.printing.MessageLimiter.controlled(MessageLimiter.scala:23)
[error] 	at dotty.tools.dotc.printing.PlainPrinter.controlled(PlainPrinter.scala:39)
[error] 	at dotty.tools.dotc.printing.PlainPrinter.toText(PlainPrinter.scala:292)
[error] 	at dotty.tools.dotc.printing.RefinedPrinter.toText$$anonfun$1(RefinedPrinter.scala:299)
[error] 	at dotty.tools.dotc.printing.MessageLimiter.controlled(MessageLimiter.scala:23)
[error] 	at dotty.tools.dotc.printing.PlainPrinter.controlled(PlainPrinter.scala:39)
[error] 	at dotty.tools.dotc.printing.RefinedPrinter.toText(RefinedPrinter.scala:301)
[error] 	at dotty.tools.dotc.core.Types$Type.toText(Types.scala:1927)
[error] 	at dotty.tools.dotc.printing.Showable.show(Showable.scala:23)
[error] 	at dotty.tools.dotc.printing.Showable.show$(Showable.scala:9)
[error] 	at dotty.tools.dotc.core.Types$Type.show(Types.scala:94)
[error] 	at dotty.tools.dotc.core.Decorators$.tryToShow(Decorators.scala:278)
[error] 	at dotty.tools.dotc.printing.Formatting$StringFormatter.showArg(Formatting.scala:123)
[error] 	at dotty.tools.dotc.printing.Formatting$StringFormatter.treatArg(Formatting.scala:133)
[error] 	at dotty.tools.dotc.printing.Formatting$StringFormatter.$anonfun$3(Formatting.scala:146)
[error] 	at scala.collection.LazyZip2$$anon$1$$anon$2.next(LazyZipOps.scala:42)
[error] 	at scala.collection.mutable.Growable.addAll(Growable.scala:62)
[error] 	at scala.collection.mutable.Growable.addAll$(Growable.scala:57)
[error] 	at scala.collection.mutable.ArrayBuilder.addAll(ArrayBuilder.scala:66)
[error] 	at scala.collection.IterableOnceOps.toArray(IterableOnce.scala:1319)
[error] 	at scala.collection.IterableOnceOps.toArray$(IterableOnce.scala:1313)
[error] 	at scala.collection.AbstractIterable.toArray(Iterable.scala:933)
[error] 	at scala.Array$.from(Array.scala:73)
[error] 	at scala.collection.immutable.ArraySeq$.from(ArraySeq.scala:282)
[error] 	at scala.collection.immutable.ArraySeq$.from(ArraySeq.scala:273)
[error] 	at scala.collection.ClassTagIterableFactory$AnyIterableDelegate.from(Factory.scala:671)
[error] 	at scala.collection.BuildFromLowPriority2$$anon$11.fromSpecific(BuildFrom.scala:112)
[error] 	at scala.collection.BuildFromLowPriority2$$anon$11.fromSpecific(BuildFrom.scala:109)
[error] 	at scala.collection.LazyZip2.map(LazyZipOps.scala:37)
[error] 	at dotty.tools.dotc.printing.Formatting$StringFormatter.assemble(Formatting.scala:146)
[error] 	at dotty.tools.dotc.core.Decorators$.i(Decorators.scala:307)
[error] 	at dotty.tools.dotc.typer.Applications$Application.infoStr$1(Applications.scala:503)
[error] 	at dotty.tools.dotc.typer.Applications$Application.methString(Applications.scala:504)
[error] 	at dotty.tools.dotc.typer.Applications$Application.missingArg$1(Applications.scala:597)
[error] 	at dotty.tools.dotc.typer.Applications$Application.tryDefault$1(Applications.scala:628)
[error] 	at dotty.tools.dotc.typer.Applications$Application.matchArgs(Applications.scala:655)
[error] 	at dotty.tools.dotc.typer.Applications$Application.matchArgs(Applications.scala:653)
[error] 	at dotty.tools.dotc.typer.Applications$Application.init(Applications.scala:492)
[error] 	at dotty.tools.dotc.typer.Applications$TestApplication.<init>(Applications.scala:740)
[error] 	at dotty.tools.dotc.typer.Applications$ApplicableToTrees.<init>(Applications.scala:747)
[error] 	at dotty.tools.dotc.typer.Applications.isApp$1(Applications.scala:1478)
[error] 	at dotty.tools.dotc.typer.Applications.isApplicableMethodRef(Applications.scala:1479)
[error] 	at dotty.tools.dotc.typer.Applications.isApplicableMethodRef$(Applications.scala:352)
[error] 	at dotty.tools.dotc.typer.Typer.isApplicableMethodRef(Typer.scala:116)
[error] 	at dotty.tools.dotc.typer.Applications.isApplicableType$$anonfun$1(Applications.scala:1493)
[error] 	at dotty.tools.dotc.typer.Applications.onMethod(Applications.scala:1506)
[error] 	at dotty.tools.dotc.typer.Applications.isApplicableType(Applications.scala:1494)
[error] 	at dotty.tools.dotc.typer.Applications.isApplicableType$(Applications.scala:352)
[error] 	at dotty.tools.dotc.typer.Typer.isApplicableType(Typer.scala:116)
[error] 	at dotty.tools.dotc.typer.ProtoTypes$FunProto.isMatchedBy(ProtoTypes.scala:353)
[error] 	at dotty.tools.dotc.core.TypeComparer.isMatchedByProto(TypeComparer.scala:2062)
[error] 	at dotty.tools.dotc.core.TypeComparer.firstTry$1(TypeComparer.scala:339)
[error] 	at dotty.tools.dotc.core.TypeComparer.recur(TypeComparer.scala:1476)
[error] 	at dotty.tools.dotc.core.TypeComparer.isSubType(TypeComparer.scala:208)
[error] 	at dotty.tools.dotc.core.TypeComparer.isSubType(TypeComparer.scala:218)
[error] 	at dotty.tools.dotc.core.TypeComparer.topLevelSubType(TypeComparer.scala:128)
[error] 	at dotty.tools.dotc.core.TypeComparer$.topLevelSubType(TypeComparer.scala:2967)
[error] 	at dotty.tools.dotc.core.Types$Type.$less$colon$less(Types.scala:1040)
[error] 	at dotty.tools.dotc.core.Types$Type.relaxed_$less$colon$less(Types.scala:1072)
[error] 	at dotty.tools.dotc.typer.ProtoTypes$Compatibility.isCompatible(ProtoTypes.scala:41)
[error] 	at dotty.tools.dotc.typer.ProtoTypes$Compatibility.isCompatible$(ProtoTypes.scala:28)
[error] 	at dotty.tools.dotc.typer.ProtoTypes$NoViewsAllowed$.isCompatible(ProtoTypes.scala:122)
[error] 	at dotty.tools.dotc.typer.ProtoTypes$Compatibility.testCompat$1(ProtoTypes.scala:58)
[error] 	at dotty.tools.dotc.typer.ProtoTypes$Compatibility.normalizedCompatible(ProtoTypes.scala:72)
[error] 	at dotty.tools.dotc.typer.ProtoTypes$Compatibility.normalizedCompatible$(ProtoTypes.scala:28)
[error] 	at dotty.tools.dotc.typer.ProtoTypes$NoViewsAllowed$.normalizedCompatible(ProtoTypes.scala:122)
[error] 	at dotty.tools.dotc.typer.ProtoTypes$SelectionProto.qualifies$1(ProtoTypes.scala:211)
[error] 	at dotty.tools.dotc.typer.ProtoTypes$SelectionProto.liftedTree1$1(ProtoTypes.scala:215)
[error] 	at dotty.tools.dotc.typer.ProtoTypes$SelectionProto.isMatchedBy(ProtoTypes.scala:228)
[error] 	at dotty.tools.dotc.core.TypeComparer.isMatchedByProto(TypeComparer.scala:2062)
[error] 	at dotty.tools.dotc.core.TypeComparer.firstTry$1(TypeComparer.scala:339)
[error] 	at dotty.tools.dotc.core.TypeComparer.recur(TypeComparer.scala:1476)
[error] 	at dotty.tools.dotc.core.TypeComparer.isSubType(TypeComparer.scala:208)
[error] 	at dotty.tools.dotc.core.TypeComparer.isSubType(TypeComparer.scala:218)
[error] 	at dotty.tools.dotc.core.TypeComparer.topLevelSubType(TypeComparer.scala:128)
[error] 	at dotty.tools.dotc.core.TypeComparer.necessarySubType(TypeComparer.scala:139)
[error] 	at dotty.tools.dotc.core.TypeComparer$.necessarySubType(TypeComparer.scala:2970)
[error] 	at dotty.tools.dotc.typer.ProtoTypes$Compatibility.necessarilyCompatible(ProtoTypes.scala:49)
[error] 	at dotty.tools.dotc.typer.ProtoTypes$Compatibility.necessarilyCompatible$(ProtoTypes.scala:28)
[error] 	at dotty.tools.dotc.typer.Typer.necessarilyCompatible(Typer.scala:116)
[error] 	at dotty.tools.dotc.typer.ProtoTypes$Compatibility.constrainResult(ProtoTypes.scala:99)
[error] 	at dotty.tools.dotc.typer.ProtoTypes$Compatibility.constrainResult$(ProtoTypes.scala:28)
[error] 	at dotty.tools.dotc.typer.Typer.constrainResult(Typer.scala:116)
[error] 	at dotty.tools.dotc.typer.ProtoTypes$Compatibility.constrainResult(ProtoTypes.scala:119)
[error] 	at dotty.tools.dotc.typer.ProtoTypes$Compatibility.constrainResult$(ProtoTypes.scala:28)
[error] 	at dotty.tools.dotc.typer.Typer.constrainResult(Typer.scala:116)
[error] 	at dotty.tools.dotc.typer.Applications$Application.init(Applications.scala:486)
[error] 	at dotty.tools.dotc.typer.Applications$TestApplication.<init>(Applications.scala:740)
[error] 	at dotty.tools.dotc.typer.Applications$ApplicableToTypes.<init>(Applications.scala:759)
[error] 	at dotty.tools.dotc.typer.Applications.isApplicableMethodRef(Applications.scala:1486)
[error] 	at dotty.tools.dotc.typer.Applications.isApplicableMethodRef$(Applications.scala:352)
[error] 	at dotty.tools.dotc.typer.Typer.isApplicableMethodRef(Typer.scala:116)
[error] 	at dotty.tools.dotc.typer.Applications.isApplicableType$$anonfun$2(Applications.scala:1501)
[error] 	at dotty.tools.dotc.typer.Applications.onMethod(Applications.scala:1508)
[error] 	at dotty.tools.dotc.typer.Applications.isApplicableType(Applications.scala:1502)
[error] 	at dotty.tools.dotc.typer.Applications.isApplicableType$(Applications.scala:352)
[error] 	at dotty.tools.dotc.typer.Typer.isApplicableType(Typer.scala:116)
[error] 	at dotty.tools.dotc.typer.ProtoTypes$ViewProto.isMatchedBy(ProtoTypes.scala:600)
[error] 	at dotty.tools.dotc.core.TypeComparer.isMatchedByProto(TypeComparer.scala:2062)
[error] 	at dotty.tools.dotc.core.TypeComparer.firstTry$1(TypeComparer.scala:339)
[error] 	at dotty.tools.dotc.core.TypeComparer.recur(TypeComparer.scala:1476)
[error] 	at dotty.tools.dotc.core.TypeComparer.isSubType(TypeComparer.scala:208)
[error] 	at dotty.tools.dotc.core.TypeComparer.isSubType(TypeComparer.scala:218)
[error] 	at dotty.tools.dotc.core.TypeComparer.topLevelSubType(TypeComparer.scala:128)
[error] 	at dotty.tools.dotc.core.TypeComparer$.topLevelSubType(TypeComparer.scala:2967)
[error] 	at dotty.tools.dotc.core.Types$Type.$less$colon$less(Types.scala:1040)
[error] 	at dotty.tools.dotc.core.Types$Type.relaxed_$less$colon$less(Types.scala:1072)
[error] 	at dotty.tools.dotc.typer.ProtoTypes$Compatibility.isCompatible(ProtoTypes.scala:41)
[error] 	at dotty.tools.dotc.typer.ProtoTypes$Compatibility.isCompatible$(ProtoTypes.scala:28)
[error] 	at dotty.tools.dotc.typer.ProtoTypes$NoViewsAllowed$.isCompatible(ProtoTypes.scala:122)
[error] 	at dotty.tools.dotc.typer.Implicits$ImplicitRefs.candidateKind$1(Implicits.scala:238)
[error] 	at dotty.tools.dotc.typer.Implicits$ImplicitRefs.tryCandidate$1(Implicits.scala:252)
[error] 	at dotty.tools.dotc.typer.Implicits$ImplicitRefs.filterMatching$$anonfun$2(Implicits.scala:261)
[error] 	at scala.runtime.function.JProcedure1.apply(JProcedure1.java:15)
[error] 	at scala.runtime.function.JProcedure1.apply(JProcedure1.java:10)
[error] 	at scala.collection.immutable.List.foreach(List.scala:333)
[error] 	at dotty.tools.dotc.typer.Implicits$ImplicitRefs.filterMatching(Implicits.scala:261)
[error] 	at dotty.tools.dotc.typer.Implicits$ContextualImplicits.computeEligible(Implicits.scala:366)
[error] 	at dotty.tools.dotc.typer.Implicits$ContextualImplicits.eligible(Implicits.scala:348)
[error] 	at dotty.tools.dotc.typer.Implicits$ContextualImplicits.computeEligible(Implicits.scala:368)
[error] 	at dotty.tools.dotc.typer.Implicits$ContextualImplicits.eligible(Implicits.scala:348)
[error] 	at dotty.tools.dotc.typer.Implicits$ImplicitSearch.searchImplicit(Implicits.scala:1535)
[error] 	at dotty.tools.dotc.typer.Implicits$ImplicitSearch.bestImplicit(Implicits.scala:1570)
[error] 	at dotty.tools.dotc.typer.Implicits.inferImplicit(Implicits.scala:1058)
[error] 	at dotty.tools.dotc.typer.Implicits.inferImplicit$(Implicits.scala:816)
[error] 	at dotty.tools.dotc.typer.Typer.inferImplicit(Typer.scala:116)
[error] 	at dotty.tools.dotc.typer.Implicits.inferView(Implicits.scala:854)
[error] 	at dotty.tools.dotc.typer.Implicits.inferView$(Implicits.scala:816)
[error] 	at dotty.tools.dotc.typer.Typer.inferView(Typer.scala:116)
[error] 	at dotty.tools.dotc.typer.Typer.tryExtensionOrConversion(Typer.scala:3513)
[error] 	at dotty.tools.dotc.typer.Typer.tryInsertImplicitOnQualifier$$anonfun$1(Typer.scala:3433)
[error] 	at dotty.tools.dotc.typer.Typer.tryEither(Typer.scala:3310)
[error] 	at dotty.tools.dotc.typer.Typer.tryInsertImplicitOnQualifier(Typer.scala:3439)
[error] 	at dotty.tools.dotc.typer.Applications.tryWithImplicitOnQualifier$1(Applications.scala:987)
[error] 	at dotty.tools.dotc.typer.Applications.realApply$1$$anonfun$3(Applications.scala:1060)
[error] 	at dotty.tools.dotc.typer.Typer.tryEither(Typer.scala:3313)
[error] 	at dotty.tools.dotc.typer.Applications.realApply$1(Applications.scala:1063)
[error] 	at dotty.tools.dotc.typer.Applications.typedApply(Applications.scala:1101)
[error] 	at dotty.tools.dotc.typer.Applications.typedApply$(Applications.scala:352)
[error] 	at dotty.tools.dotc.typer.Typer.typedApply(Typer.scala:116)
[error] 	at dotty.tools.dotc.typer.Typer.typedUnnamed$1(Typer.scala:3035)
[error] 	at dotty.tools.dotc.typer.Typer.typedUnadapted(Typer.scala:3098)
[error] 	at dotty.tools.dotc.typer.ProtoTypes$FunProto.$anonfun$7(ProtoTypes.scala:495)
[error] 	at dotty.tools.dotc.typer.ProtoTypes$FunProto.cacheTypedArg(ProtoTypes.scala:418)
[error] 	at dotty.tools.dotc.typer.ProtoTypes$FunProto.typedArg(ProtoTypes.scala:496)
[error] 	at dotty.tools.dotc.typer.Applications$ApplyToUntyped.typedArg(Applications.scala:897)
[error] 	at dotty.tools.dotc.typer.Applications$ApplyToUntyped.typedArg(Applications.scala:897)
[error] 	at dotty.tools.dotc.typer.Applications$Application.addTyped$1(Applications.scala:589)
[error] 	at dotty.tools.dotc.typer.Applications$Application.matchArgs(Applications.scala:653)
[error] 	at dotty.tools.dotc.typer.Applications$Application.matchArgs(Applications.scala:653)
[error] 	at dotty.tools.dotc.typer.Applications$Application.init(Applications.scala:492)
[error] 	at dotty.tools.dotc.typer.Applications$TypedApply.<init>(Applications.scala:779)
[error] 	at dotty.tools.dotc.typer.Applications$ApplyToUntyped.<init>(Applications.scala:896)
[error] 	at dotty.tools.dotc.typer.Applications.ApplyTo(Applications.scala:1126)
[error] 	at dotty.tools.dotc.typer.Applications.ApplyTo$(Applications.scala:352)
[error] 	at dotty.tools.dotc.typer.Typer.ApplyTo(Typer.scala:116)
[error] 	at dotty.tools.dotc.typer.Applications.simpleApply$1(Applications.scala:969)
[error] 	at dotty.tools.dotc.typer.Applications.realApply$1$$anonfun$2(Applications.scala:1052)
[error] 	at dotty.tools.dotc.typer.Typer.tryEither(Typer.scala:3310)
[error] 	at dotty.tools.dotc.typer.Applications.realApply$1(Applications.scala:1063)
[error] 	at dotty.tools.dotc.typer.Applications.typedApply(Applications.scala:1101)
[error] 	at dotty.tools.dotc.typer.Applications.typedApply$(Applications.scala:352)
[error] 	at dotty.tools.dotc.typer.Typer.typedApply(Typer.scala:116)
[error] 	at dotty.tools.dotc.typer.Typer.typedUnnamed$1(Typer.scala:3035)
[error] 	at dotty.tools.dotc.typer.Typer.typedUnadapted(Typer.scala:3098)
[error] 	at dotty.tools.dotc.typer.Typer.typed(Typer.scala:3170)
[error] 	at dotty.tools.dotc.typer.Typer.typed(Typer.scala:3174)
[error] 	at dotty.tools.dotc.typer.Typer.typedTuple(Typer.scala:2944)
[error] 	at dotty.tools.dotc.typer.Typer.typedUnnamed$1(Typer.scala:3072)
[error] 	at dotty.tools.dotc.typer.Typer.typedUnadapted(Typer.scala:3098)
[error] 	at dotty.tools.dotc.typer.ProtoTypes$FunProto.$anonfun$7(ProtoTypes.scala:495)
[error] 	at dotty.tools.dotc.typer.ProtoTypes$FunProto.cacheTypedArg(ProtoTypes.scala:418)
[error] 	at dotty.tools.dotc.typer.ProtoTypes$FunProto.typedArg(ProtoTypes.scala:496)
[error] 	at dotty.tools.dotc.typer.Applications$ApplyToUntyped.typedArg(Applications.scala:897)
[error] 	at dotty.tools.dotc.typer.Applications$ApplyToUntyped.typedArg(Applications.scala:897)
[error] 	at dotty.tools.dotc.typer.Applications$Application.$anonfun$5$$anonfun$1(Applications.scala:643)
[error] 	at scala.collection.immutable.List.map(List.scala:250)
[error] 	at dotty.tools.dotc.typer.Applications$Application.$anonfun$5(Applications.scala:643)
[error] 	at dotty.tools.dotc.typer.Applications.harmonic(Applications.scala:2329)
[error] 	at dotty.tools.dotc.typer.Applications.harmonic$(Applications.scala:352)
[error] 	at dotty.tools.dotc.typer.Typer.harmonic(Typer.scala:116)
[error] 	at dotty.tools.dotc.typer.Applications$Application.matchArgs(Applications.scala:645)
[error] 	at dotty.tools.dotc.typer.Applications$Application.init(Applications.scala:492)
[error] 	at dotty.tools.dotc.typer.Applications$TypedApply.<init>(Applications.scala:779)
[error] 	at dotty.tools.dotc.typer.Applications$ApplyToUntyped.<init>(Applications.scala:896)
[error] 	at dotty.tools.dotc.typer.Applications.ApplyTo(Applications.scala:1126)
[error] 	at dotty.tools.dotc.typer.Applications.ApplyTo$(Applications.scala:352)
[error] 	at dotty.tools.dotc.typer.Typer.ApplyTo(Typer.scala:116)
[error] 	at dotty.tools.dotc.typer.Applications.simpleApply$1(Applications.scala:969)
[error] 	at dotty.tools.dotc.typer.Applications.realApply$1$$anonfun$2(Applications.scala:1052)
[error] 	at dotty.tools.dotc.typer.Typer.tryEither(Typer.scala:3310)
[error] 	at dotty.tools.dotc.typer.Applications.realApply$1(Applications.scala:1063)
[error] 	at dotty.tools.dotc.typer.Applications.typedApply(Applications.scala:1101)
[error] 	at dotty.tools.dotc.typer.Applications.typedApply$(Applications.scala:352)
[error] 	at dotty.tools.dotc.typer.Typer.typedApply(Typer.scala:116)
[error] 	at dotty.tools.dotc.typer.Typer.typedUnnamed$1(Typer.scala:3035)
[error] 	at dotty.tools.dotc.typer.Typer.typedUnadapted(Typer.scala:3098)
[error] 	at dotty.tools.dotc.typer.ProtoTypes$FunProto.$anonfun$7(ProtoTypes.scala:495)
[error] 	at dotty.tools.dotc.typer.ProtoTypes$FunProto.cacheTypedArg(ProtoTypes.scala:418)
[error] 	at dotty.tools.dotc.typer.ProtoTypes$FunProto.typedArg(ProtoTypes.scala:496)
[error] 	at dotty.tools.dotc.typer.Applications$ApplyToUntyped.typedArg(Applications.scala:897)
[error] 	at dotty.tools.dotc.typer.Applications$ApplyToUntyped.typedArg(Applications.scala:897)
[error] 	at dotty.tools.dotc.typer.Applications$Application.addTyped$1(Applications.scala:589)
[error] 	at dotty.tools.dotc.typer.Applications$Application.matchArgs(Applications.scala:653)
[error] 	at dotty.tools.dotc.typer.Applications$Application.init(Applications.scala:492)
[error] 	at dotty.tools.dotc.typer.Applications$TypedApply.<init>(Applications.scala:779)
[error] 	at dotty.tools.dotc.typer.Applications$ApplyToUntyped.<init>(Applications.scala:896)
[error] 	at dotty.tools.dotc.typer.Applications.ApplyTo(Applications.scala:1126)
[error] 	at dotty.tools.dotc.typer.Applications.ApplyTo$(Applications.scala:352)
[error] 	at dotty.tools.dotc.typer.Typer.ApplyTo(Typer.scala:116)
[error] 	at dotty.tools.dotc.typer.Applications.simpleApply$1(Applications.scala:969)
[error] 	at dotty.tools.dotc.typer.Applications.realApply$1$$anonfun$2(Applications.scala:1052)
[error] 	at dotty.tools.dotc.typer.Typer.tryEither(Typer.scala:3310)
[error] 	at dotty.tools.dotc.typer.Applications.realApply$1(Applications.scala:1063)
[error] 	at dotty.tools.dotc.typer.Applications.typedApply(Applications.scala:1101)
[error] 	at dotty.tools.dotc.typer.Applications.typedApply$(Applications.scala:352)
[error] 	at dotty.tools.dotc.typer.Typer.typedApply(Typer.scala:116)
[error] 	at dotty.tools.dotc.typer.Typer.typedUnnamed$1(Typer.scala:3035)
[error] 	at dotty.tools.dotc.typer.Typer.typedUnadapted(Typer.scala:3098)
[error] 	at dotty.tools.dotc.typer.Typer.typed(Typer.scala:3170)
[error] 	at dotty.tools.dotc.typer.Typer.typed(Typer.scala:3174)
[error] 	at dotty.tools.dotc.typer.Typer.typedExpr(Typer.scala:3286)
[error] 	at dotty.tools.dotc.typer.Typer.typedBlock(Typer.scala:1166)
[error] 	at dotty.tools.dotc.typer.Typer.typedUnnamed$1(Typer.scala:3043)
[error] 	at dotty.tools.dotc.typer.Typer.typedUnadapted(Typer.scala:3098)
[error] 	at dotty.tools.dotc.typer.Typer.typed(Typer.scala:3170)
[error] 	at dotty.tools.dotc.typer.Typer.typed(Typer.scala:3174)
[error] 	at dotty.tools.dotc.typer.Typer.typedExpr(Typer.scala:3286)
[error] 	at dotty.tools.dotc.typer.Typer.typedValDef(Typer.scala:2417)
[error] 	at dotty.tools.dotc.typer.Typer.typedNamed$1(Typer.scala:3008)
[error] 	at dotty.tools.dotc.typer.Typer.typedUnadapted(Typer.scala:3097)
[error] 	at dotty.tools.dotc.typer.Typer.typed(Typer.scala:3170)
[error] 	at dotty.tools.dotc.typer.Typer.typed(Typer.scala:3174)
[error] 	at dotty.tools.dotc.typer.Typer.traverse$1(Typer.scala:3196)
[error] 	at dotty.tools.dotc.typer.Typer.typedStats(Typer.scala:3242)
[error] 	at dotty.tools.dotc.typer.Typer.typedClassDef(Typer.scala:2656)
[error] 	at dotty.tools.dotc.typer.Typer.typedTypeOrClassDef$1(Typer.scala:3023)
[error] 	at dotty.tools.dotc.typer.Typer.typedNamed$1(Typer.scala:3027)
[error] 	at dotty.tools.dotc.typer.Typer.typedUnadapted(Typer.scala:3097)
[error] 	at dotty.tools.dotc.typer.Typer.typed(Typer.scala:3170)
[error] 	at dotty.tools.dotc.typer.Typer.typed(Typer.scala:3174)
[error] 	at dotty.tools.dotc.typer.Typer.traverse$1(Typer.scala:3196)
[error] 	at dotty.tools.dotc.typer.Typer.typedStats(Typer.scala:3242)
[error] 	at dotty.tools.dotc.typer.Typer.typedPackageDef(Typer.scala:2799)
[error] 	at dotty.tools.dotc.typer.Typer.typedUnnamed$1(Typer.scala:3068)
[error] 	at dotty.tools.dotc.typer.Typer.typedUnadapted(Typer.scala:3098)
[error] 	at dotty.tools.dotc.typer.Typer.typed(Typer.scala:3170)
[error] 	at dotty.tools.dotc.typer.Typer.typed(Typer.scala:3174)
[error] 	at dotty.tools.dotc.typer.Typer.typedExpr(Typer.scala:3286)
[error] 	at dotty.tools.dotc.typer.TyperPhase.typeCheck$$anonfun$1(TyperPhase.scala:44)
[error] 	at dotty.tools.dotc.typer.TyperPhase.typeCheck$$anonfun$adapted$1(TyperPhase.scala:54)
[error] 	at scala.Function0.apply$mcV$sp(Function0.scala:42)
[error] 	at dotty.tools.dotc.core.Phases$Phase.monitor(Phases.scala:437)
[error] 	at dotty.tools.dotc.typer.TyperPhase.typeCheck(TyperPhase.scala:54)
[error] 	at dotty.tools.dotc.typer.TyperPhase.runOn$$anonfun$3(TyperPhase.scala:88)
[error] 	at scala.runtime.function.JProcedure1.apply(JProcedure1.java:15)
[error] 	at scala.runtime.function.JProcedure1.apply(JProcedure1.java:10)
[error] 	at scala.collection.immutable.List.foreach(List.scala:333)
[error] 	at dotty.tools.dotc.typer.TyperPhase.runOn(TyperPhase.scala:88)
[error] 	at dotty.tools.dotc.Run.runPhases$1$$anonfun$1(Run.scala:246)
[error] 	at scala.runtime.function.JProcedure1.apply(JProcedure1.java:15)
[error] 	at scala.runtime.function.JProcedure1.apply(JProcedure1.java:10)
[error] 	at scala.collection.ArrayOps$.foreach$extension(ArrayOps.scala:1321)
[error] 	at dotty.tools.dotc.Run.runPhases$1(Run.scala:262)
[error] 	at dotty.tools.dotc.Run.compileUnits$$anonfun$1(Run.scala:270)
[error] 	at dotty.tools.dotc.Run.compileUnits$$anonfun$adapted$1(Run.scala:279)
[error] 	at dotty.tools.dotc.util.Stats$.maybeMonitored(Stats.scala:67)
[error] 	at dotty.tools.dotc.Run.compileUnits(Run.scala:279)
[error] 	at dotty.tools.dotc.Run.compileSources(Run.scala:194)
[error] 	at dotty.tools.dotc.Run.compile(Run.scala:179)
[error] 	at dotty.tools.dotc.Driver.doCompile(Driver.scala:37)
[error] 	at dotty.tools.xsbt.CompilerBridgeDriver.run(CompilerBridgeDriver.java:88)
[error] 	at dotty.tools.xsbt.CompilerBridge.run(CompilerBridge.java:22)
[error] 	at sbt.internal.inc.AnalyzingCompiler.compile(AnalyzingCompiler.scala:91)
[error] 	at sbt.internal.inc.MixedAnalyzingCompiler.$anonfun$compile$7(MixedAnalyzingCompiler.scala:193)
[error] 	at scala.runtime.java8.JFunction0$mcV$sp.apply(JFunction0$mcV$sp.java:23)
[error] 	at sbt.internal.inc.MixedAnalyzingCompiler.timed(MixedAnalyzingCompiler.scala:248)
[error] 	at sbt.internal.inc.MixedAnalyzingCompiler.$anonfun$compile$4(MixedAnalyzingCompiler.scala:183)
[error] 	at sbt.internal.inc.MixedAnalyzingCompiler.$anonfun$compile$4$adapted(MixedAnalyzingCompiler.scala:163)
[error] 	at sbt.internal.inc.JarUtils$.withPreviousJar(JarUtils.scala:239)
[error] 	at sbt.internal.inc.MixedAnalyzingCompiler.compileScala$1(MixedAnalyzingCompiler.scala:163)
[error] 	at sbt.internal.inc.MixedAnalyzingCompiler.compile(MixedAnalyzingCompiler.scala:211)
[error] 	at sbt.internal.inc.IncrementalCompilerImpl.$anonfun$compileInternal$1(IncrementalCompilerImpl.scala:534)
[error] 	at sbt.internal.inc.IncrementalCompilerImpl.$anonfun$compileInternal$1$adapted(IncrementalCompilerImpl.scala:534)
[error] 	at sbt.internal.inc.Incremental$.$anonfun$apply$5(Incremental.scala:179)
[error] 	at sbt.internal.inc.Incremental$.$anonfun$apply$5$adapted(Incremental.scala:177)
[error] 	at sbt.internal.inc.Incremental$$anon$2.run(Incremental.scala:463)
[error] 	at sbt.internal.inc.IncrementalCommon$CycleState.next(IncrementalCommon.scala:116)
[error] 	at sbt.internal.inc.IncrementalCommon$$anon$1.next(IncrementalCommon.scala:56)
[error] 	at sbt.internal.inc.IncrementalCommon$$anon$1.next(IncrementalCommon.scala:52)
[error] 	at sbt.internal.inc.IncrementalCommon.cycle(IncrementalCommon.scala:263)
[error] 	at sbt.internal.inc.Incremental$.$anonfun$incrementalCompile$8(Incremental.scala:418)
[error] 	at sbt.internal.inc.Incremental$.withClassfileManager(Incremental.scala:506)
[error] 	at sbt.internal.inc.Incremental$.incrementalCompile(Incremental.scala:405)
[error] 	at sbt.internal.inc.Incremental$.apply(Incremental.scala:171)
[error] 	at sbt.internal.inc.IncrementalCompilerImpl.compileInternal(IncrementalCompilerImpl.scala:534)
[error] 	at sbt.internal.inc.IncrementalCompilerImpl.$anonfun$compileIncrementally$1(IncrementalCompilerImpl.scala:488)
[error] 	at sbt.internal.inc.IncrementalCompilerImpl.handleCompilationError(IncrementalCompilerImpl.scala:332)
[error] 	at sbt.internal.inc.IncrementalCompilerImpl.compileIncrementally(IncrementalCompilerImpl.scala:425)
[error] 	at sbt.internal.inc.IncrementalCompilerImpl.compile(IncrementalCompilerImpl.scala:137)
[error] 	at sbt.Defaults$.compileIncrementalTaskImpl(Defaults.scala:2363)
[error] 	at sbt.Defaults$.$anonfun$compileIncrementalTask$2(Defaults.scala:2313)
[error] 	at sbt.internal.server.BspCompileTask$.$anonfun$compute$1(BspCompileTask.scala:30)
[error] 	at sbt.internal.io.Retry$.apply(Retry.scala:46)
[error] 	at sbt.internal.io.Retry$.apply(Retry.scala:28)
[error] 	at sbt.internal.io.Retry$.apply(Retry.scala:23)
[error] 	at sbt.internal.server.BspCompileTask$.compute(BspCompileTask.scala:30)
[error] 	at sbt.Defaults$.$anonfun$compileIncrementalTask$1(Defaults.scala:2311)
[error] 	at scala.Function1.$anonfun$compose$1(Function1.scala:49)
[error] 	at sbt.internal.util.$tilde$greater.$anonfun$$u2219$1(TypeFunctions.scala:62)
[error] 	at sbt.std.Transform$$anon$4.work(Transform.scala:68)
[error] 	at sbt.Execute.$anonfun$submit$2(Execute.scala:282)
[error] 	at sbt.internal.util.ErrorHandling$.wideConvert(ErrorHandling.scala:23)
[error] 	at sbt.Execute.work(Execute.scala:291)
[error] 	at sbt.Execute.$anonfun$submit$1(Execute.scala:282)
[error] 	at sbt.ConcurrentRestrictions$$anon$4.$anonfun$submitValid$1(ConcurrentRestrictions.scala:265)
[error] 	at sbt.CompletionService$$anon$2.call(CompletionService.scala:64)
[error] 	at java.base/java.util.concurrent.FutureTask.run(Unknown Source)
[error] 	at java.base/java.util.concurrent.Executors$RunnableAdapter.call(Unknown Source)
[error] 	at java.base/java.util.concurrent.FutureTask.run(Unknown Source)
[error] 	at java.base/java.util.concurrent.ThreadPoolExecutor.runWorker(Unknown Source)
[error] 	at java.base/java.util.concurrent.ThreadPoolExecutor$Worker.run(Unknown Source)
[error] 	at java.base/java.lang.Thread.run(Unknown Source)
[error] (coreJVM / Compile / compileIncremental) java.lang.NoClassDefFoundError: dotty/tools/dotc/printing/Texts$Text$
[error] Total time: 29 s, completed Jun 14, 2023, 12:35:28 AM
[error] Test dotty.communitybuild.CommunityBuildTestB.catsMtl failed: java.lang.RuntimeException: Publish command exited with code 1 for project scalacheck. Project details:
[error] SbtCommunityProject(scalacheck,coreJVM/test;coreJS/test,List(),List(),dotty.communitybuild.SbtCommunityProject$$$Lambda$51/739969408@673e3634,coreJVM/publishLocal;coreJS/publishLocal,null,List(-Xcheck-macros, -Ysafe-init, -Yexplicit-nulls, -Yflexible-types),false), took 79.983 sec
[error]     at dotty.communitybuild.CommunityProject.publish(projects.scala:64)
[error]     at dotty.communitybuild.CommunityProject.publish$(projects.scala:35)
[error]     at dotty.communitybuild.SbtCommunityProject.publish(projects.scala:104)
[error]     at dotty.communitybuild.CommunityProject.publishDependencies$$anonfun$1(projects.scala:52)
[error]     at scala.runtime.function.JProcedure1.apply(JProcedure1.java:15)
[error]     at scala.runtime.function.JProcedure1.apply(JProcedure1.java:10)
[error]     at scala.collection.immutable.List.foreach(List.scala:333)
[error]     at dotty.communitybuild.CommunityProject.publishDependencies(projects.scala:52)
[error]     at dotty.communitybuild.CommunityProject.publishDependencies$(projects.scala:35)
[error]     at dotty.communitybuild.SbtCommunityProject.publishDependencies(projects.scala:104)
[error]     at dotty.communitybuild.CommunityProject.publish(projects.scala:58)
[error]     at dotty.communitybuild.CommunityProject.publish$(projects.scala:35)
[error]     at dotty.communitybuild.SbtCommunityProject.publish(projects.scala:104)
[error]     at dotty.communitybuild.CommunityProject.publishDependencies$$anonfun$1(projects.scala:52)
[error]     at scala.runtime.function.JProcedure1.apply(JProcedure1.java:15)
[error]     at scala.runtime.function.JProcedure1.apply(JProcedure1.java:10)
[error]     at scala.collection.immutable.List.foreach(List.scala:333)
[error]     at dotty.communitybuild.CommunityProject.publishDependencies(projects.scala:52)
[error]     at dotty.communitybuild.CommunityProject.publishDependencies$(projects.scala:35)
[error]     at dotty.communitybuild.SbtCommunityProject.publishDependencies(projects.scala:104)
[error]     at dotty.communitybuild.CommunityProject.publish(projects.scala:58)
[error]     at dotty.communitybuild.CommunityProject.publish$(projects.scala:35)
[error]     at dotty.communitybuild.SbtCommunityProject.publish(projects.scala:104)
[error]     at dotty.communitybuild.CommunityBuildRunner$.run$$anonfun$1(CommunityBuildRunner.scala:24)
[error]     at scala.runtime.function.JProcedure1.apply(JProcedure1.java:15)
[error]     at scala.runtime.function.JProcedure1.apply(JProcedure1.java:10)
[error]     at scala.collection.immutable.List.foreach(List.scala:333)
[error]     at dotty.communitybuild.CommunityBuildRunner$.run(CommunityBuildRunner.scala:24)
[error]     at dotty.communitybuild.CommunityBuildTestB.catsMtl(CommunityBuildTest.scala:41)
[error]     at jdk.internal.reflect.NativeMethodAccessorImpl.invoke0(Native Method)
[error]     at jdk.internal.reflect.NativeMethodAccessorImpl.invoke(Unknown Source)
[error]     at jdk.internal.reflect.DelegatingMethodAccessorImpl.invoke(Unknown Source)
[error]     at java.lang.reflect.Method.invoke(Unknown Source)
[error]     ...
[info] Test run dotty.communitybuild.CommunityBuildTestB finished: 1 failed, 0 ignored, 1 total, 79.997s
********************************************************************************
Failed projects:
 - dotty.communitybuild.CommunityBuildTestB.catsMtl
********************************************************************************
[error] Failed: Total 1, Failed 1, Errors 0, Passed 0
[error] Failed tests:
[error] 	dotty.communitybuild.CommunityBuildTestB
[error] (community-build / Test / testOnly) sbt.TestsFailedException: Tests unsuccessful
[error] Total time: 154 s (02:34), completed Jun 14, 2023, 12:35:29 AM
