[info] welcome to sbt 1.8.0 (Oracle Corporation Java 9.0.4)
[info] loading global plugins from /Users/y3536zha/.sbt/1.0/plugins
[info] loading settings for project scala_flexible_type_with_test_script-build-build from build.sbt ...
[info] loading project definition from /Users/y3536zha/Desktop/scala_flexible/scala_flexible_type_with_test_script/project/project
[info] loading settings for project scala_flexible_type_with_test_script-build from build.sbt,plugins.sbt ...
[info] loading project definition from /Users/y3536zha/Desktop/scala_flexible/scala_flexible_type_with_test_script/project
[info] loading settings for project scala3 from build.sbt ...
[info] resolving key references (31394 settings) ...
[info] set current project to scala3 (in build file:/Users/y3536zha/Desktop/scala_flexible/scala_flexible_type_with_test_script/)
SLF4J: No SLF4J providers were found.
SLF4J: Defaulting to no-operation (NOP) logger implementation
SLF4J: See https://www.slf4j.org/codes.html#noProviders for further details.
SLF4J: Class path contains SLF4J bindings targeting slf4j-api versions 1.7.x or earlier.
SLF4J: Ignoring binding found at [jar:file:/Users/y3536zha/.sbt/boot/scala-2.12.17/org.scala-sbt/sbt/1.8.0/log4j-slf4j-impl-2.17.1.jar!/org/slf4j/impl/StaticLoggerBinder.class]
SLF4J: See https://www.slf4j.org/codes.html#ignoredBindings for an explanation.
[info] Wrote /Users/y3536zha/Desktop/scala_flexible/scala_flexible_type_with_test_script/library/../out/bootstrap/scala3-library-bootstrapped/scala-3.3.1-RC1-bin-SNAPSHOT-nonbootstrapped/scala3-library_3-3.3.1-RC1-bin-SNAPSHOT.pom
[info] Wrote /Users/y3536zha/Desktop/scala_flexible/scala_flexible_type_with_test_script/sbt-community-build/target/scala-2.12/sbt-1.0/sbt-community-build-0.1.0-SNAPSHOT.pom
[info] waiting for lock on /Users/y3536zha/.ivy2/.sbt.ivy.lock to be available...
[info] Wrote /Users/y3536zha/Desktop/scala_flexible/scala_flexible_type_with_test_script/tasty/../out/bootstrap/tasty-core-bootstrapped/scala-3.3.1-RC1-bin-SNAPSHOT-nonbootstrapped/tasty-core_3-3.3.1-RC1-bin-SNAPSHOT.pom
[info] waiting for lock on /Users/y3536zha/.ivy2/.sbt.ivy.lock to be available...
[info] Wrote /Users/y3536zha/Desktop/scala_flexible/scala_flexible_type_with_test_script/interfaces/target/scala3-interfaces-3.3.1-RC1-bin-SNAPSHOT.pom
[info] Wrote /Users/y3536zha/Desktop/scala_flexible/scala_flexible_type_with_test_script/library-js/../out/bootstrap/scala3-library-bootstrappedJS/scala-3.3.1-RC1-bin-SNAPSHOT-nonbootstrapped/scala3-library_sjs1_3-3.3.1-RC1-bin-SNAPSHOT.pom
[info] Wrote /Users/y3536zha/Desktop/scala_flexible/scala_flexible_type_with_test_script/compiler/../out/bootstrap/scala3-compiler-bootstrapped/scala-3.3.1-RC1-bin-SNAPSHOT-nonbootstrapped/scala3-compiler_3-3.3.1-RC1-bin-SNAPSHOT.pom
[info] Wrote /Users/y3536zha/Desktop/scala_flexible/scala_flexible_type_with_test_script/tasty-inspector/../out/bootstrap/scala3-tasty-inspector/scala-3.3.1-RC1-bin-SNAPSHOT-nonbootstrapped/scala3-tasty-inspector_3-3.3.1-RC1-bin-SNAPSHOT.pom
[info] Wrote /Users/y3536zha/Desktop/scala_flexible/scala_flexible_type_with_test_script/sbt-bridge/src/target/scala3-sbt-bridge-3.3.1-RC1-bin-SNAPSHOT.pom
[info] Wrote /Users/y3536zha/Desktop/scala_flexible/scala_flexible_type_with_test_script/scaladoc/../out/bootstrap/scaladoc/scala-3.3.1-RC1-bin-SNAPSHOT-nonbootstrapped/scaladoc_3-3.3.1-RC1-bin-SNAPSHOT.pom
[info] :: delivering :: org.scala-lang#scala3-interfaces;3.3.1-RC1-bin-SNAPSHOT :: 3.3.1-RC1-bin-SNAPSHOT :: integration :: Wed Jun 14 01:21:56 EDT 2023
[info] 	delivering ivy file to /Users/y3536zha/Desktop/scala_flexible/scala_flexible_type_with_test_script/interfaces/target/ivy-3.3.1-RC1-bin-SNAPSHOT.xml
[info] 	published scala3-interfaces to /Users/y3536zha/.ivy2/local/org.scala-lang/scala3-interfaces/3.3.1-RC1-bin-SNAPSHOT/poms/scala3-interfaces.pom
[info] 	published scala3-interfaces to /Users/y3536zha/.ivy2/local/org.scala-lang/scala3-interfaces/3.3.1-RC1-bin-SNAPSHOT/jars/scala3-interfaces.jar
[info] 	published scala3-interfaces to /Users/y3536zha/.ivy2/local/org.scala-lang/scala3-interfaces/3.3.1-RC1-bin-SNAPSHOT/srcs/scala3-interfaces-sources.jar
[info] 	published scala3-interfaces to /Users/y3536zha/.ivy2/local/org.scala-lang/scala3-interfaces/3.3.1-RC1-bin-SNAPSHOT/docs/scala3-interfaces-javadoc.jar
[info] 	published ivy to /Users/y3536zha/.ivy2/local/org.scala-lang/scala3-interfaces/3.3.1-RC1-bin-SNAPSHOT/ivys/ivy.xml
[info] :: delivering :: ch.epfl.lamp#sbt-community-build;0.1.0-SNAPSHOT :: 0.1.0-SNAPSHOT :: integration :: Wed Jun 14 01:21:56 EDT 2023
[info] 	delivering ivy file to /Users/y3536zha/Desktop/scala_flexible/scala_flexible_type_with_test_script/sbt-community-build/target/scala-2.12/sbt-1.0/ivy-0.1.0-SNAPSHOT.xml
[info] 	published sbt-community-build to /Users/y3536zha/.ivy2/local/ch.epfl.lamp/sbt-community-build/scala_2.12/sbt_1.0/0.1.0-SNAPSHOT/poms/sbt-community-build.pom
[info] 	published sbt-community-build to /Users/y3536zha/.ivy2/local/ch.epfl.lamp/sbt-community-build/scala_2.12/sbt_1.0/0.1.0-SNAPSHOT/jars/sbt-community-build.jar
[info] 	published sbt-community-build to /Users/y3536zha/.ivy2/local/ch.epfl.lamp/sbt-community-build/scala_2.12/sbt_1.0/0.1.0-SNAPSHOT/srcs/sbt-community-build-sources.jar
[info] 	published sbt-community-build to /Users/y3536zha/.ivy2/local/ch.epfl.lamp/sbt-community-build/scala_2.12/sbt_1.0/0.1.0-SNAPSHOT/docs/sbt-community-build-javadoc.jar
[info] 	published ivy to /Users/y3536zha/.ivy2/local/ch.epfl.lamp/sbt-community-build/scala_2.12/sbt_1.0/0.1.0-SNAPSHOT/ivys/ivy.xml
[info] :: delivering :: org.scala-lang#scala3-sbt-bridge;3.3.1-RC1-bin-SNAPSHOT :: 3.3.1-RC1-bin-SNAPSHOT :: integration :: Wed Jun 14 01:21:59 EDT 2023
[info] 	delivering ivy file to /Users/y3536zha/Desktop/scala_flexible/scala_flexible_type_with_test_script/sbt-bridge/src/target/ivy-3.3.1-RC1-bin-SNAPSHOT.xml
[info] 	published scala3-sbt-bridge to /Users/y3536zha/.ivy2/local/org.scala-lang/scala3-sbt-bridge/3.3.1-RC1-bin-SNAPSHOT/poms/scala3-sbt-bridge.pom
[info] 	published scala3-sbt-bridge to /Users/y3536zha/.ivy2/local/org.scala-lang/scala3-sbt-bridge/3.3.1-RC1-bin-SNAPSHOT/jars/scala3-sbt-bridge.jar
[info] 	published scala3-sbt-bridge to /Users/y3536zha/.ivy2/local/org.scala-lang/scala3-sbt-bridge/3.3.1-RC1-bin-SNAPSHOT/srcs/scala3-sbt-bridge-sources.jar
[info] 	published scala3-sbt-bridge to /Users/y3536zha/.ivy2/local/org.scala-lang/scala3-sbt-bridge/3.3.1-RC1-bin-SNAPSHOT/docs/scala3-sbt-bridge-javadoc.jar
[info] 	published ivy to /Users/y3536zha/.ivy2/local/org.scala-lang/scala3-sbt-bridge/3.3.1-RC1-bin-SNAPSHOT/ivys/ivy.xml
[info] :: delivering :: org.scala-lang#tasty-core_3;3.3.1-RC1-bin-SNAPSHOT :: 3.3.1-RC1-bin-SNAPSHOT :: integration :: Wed Jun 14 01:22:05 EDT 2023
[info] 	delivering ivy file to /Users/y3536zha/Desktop/scala_flexible/scala_flexible_type_with_test_script/out/bootstrap/tasty-core-bootstrapped/scala-3.3.1-RC1-bin-SNAPSHOT-nonbootstrapped/ivy-3.3.1-RC1-bin-SNAPSHOT.xml
[info] 	published tasty-core_3 to /Users/y3536zha/.ivy2/local/org.scala-lang/tasty-core_3/3.3.1-RC1-bin-SNAPSHOT/poms/tasty-core_3.pom
[info] 	published tasty-core_3 to /Users/y3536zha/.ivy2/local/org.scala-lang/tasty-core_3/3.3.1-RC1-bin-SNAPSHOT/jars/tasty-core_3.jar
[info] 	published tasty-core_3 to /Users/y3536zha/.ivy2/local/org.scala-lang/tasty-core_3/3.3.1-RC1-bin-SNAPSHOT/srcs/tasty-core_3-sources.jar
[info] 	published tasty-core_3 to /Users/y3536zha/.ivy2/local/org.scala-lang/tasty-core_3/3.3.1-RC1-bin-SNAPSHOT/docs/tasty-core_3-javadoc.jar
[info] 	published ivy to /Users/y3536zha/.ivy2/local/org.scala-lang/tasty-core_3/3.3.1-RC1-bin-SNAPSHOT/ivys/ivy.xml
[info] Main Scala API documentation to /Users/y3536zha/Desktop/scala_flexible/scala_flexible_type_with_test_script/library/../out/bootstrap/scala3-library-bootstrapped/scala-3.3.1-RC1-bin-SNAPSHOT-nonbootstrapped/api...
[info] Main Scala API documentation to /Users/y3536zha/Desktop/scala_flexible/scala_flexible_type_with_test_script/library-js/../out/bootstrap/scala3-library-bootstrappedJS/scala-3.3.1-RC1-bin-SNAPSHOT-nonbootstrapped/api...
[info] :: delivering :: org.scala-lang#scaladoc_3;3.3.1-RC1-bin-SNAPSHOT :: 3.3.1-RC1-bin-SNAPSHOT :: integration :: Wed Jun 14 01:22:05 EDT 2023
[info] 	delivering ivy file to /Users/y3536zha/Desktop/scala_flexible/scala_flexible_type_with_test_script/out/bootstrap/scaladoc/scala-3.3.1-RC1-bin-SNAPSHOT-nonbootstrapped/ivy-3.3.1-RC1-bin-SNAPSHOT.xml
[info] 	published scaladoc_3 to /Users/y3536zha/.ivy2/local/org.scala-lang/scaladoc_3/3.3.1-RC1-bin-SNAPSHOT/poms/scaladoc_3.pom
[info] 	published scaladoc_3 to /Users/y3536zha/.ivy2/local/org.scala-lang/scaladoc_3/3.3.1-RC1-bin-SNAPSHOT/jars/scaladoc_3.jar
[info] 	published scaladoc_3 to /Users/y3536zha/.ivy2/local/org.scala-lang/scaladoc_3/3.3.1-RC1-bin-SNAPSHOT/srcs/scaladoc_3-sources.jar
[info] 	published scaladoc_3 to /Users/y3536zha/.ivy2/local/org.scala-lang/scaladoc_3/3.3.1-RC1-bin-SNAPSHOT/docs/scaladoc_3-javadoc.jar
[info] 	published ivy to /Users/y3536zha/.ivy2/local/org.scala-lang/scaladoc_3/3.3.1-RC1-bin-SNAPSHOT/ivys/ivy.xml
[info] :: delivering :: org.scala-lang#scala3-tasty-inspector_3;3.3.1-RC1-bin-SNAPSHOT :: 3.3.1-RC1-bin-SNAPSHOT :: integration :: Wed Jun 14 01:22:05 EDT 2023
[info] 	delivering ivy file to /Users/y3536zha/Desktop/scala_flexible/scala_flexible_type_with_test_script/out/bootstrap/scala3-tasty-inspector/scala-3.3.1-RC1-bin-SNAPSHOT-nonbootstrapped/ivy-3.3.1-RC1-bin-SNAPSHOT.xml
[info] 	published scala3-tasty-inspector_3 to /Users/y3536zha/.ivy2/local/org.scala-lang/scala3-tasty-inspector_3/3.3.1-RC1-bin-SNAPSHOT/poms/scala3-tasty-inspector_3.pom
[info] 	published scala3-tasty-inspector_3 to /Users/y3536zha/.ivy2/local/org.scala-lang/scala3-tasty-inspector_3/3.3.1-RC1-bin-SNAPSHOT/jars/scala3-tasty-inspector_3.jar
[info] 	published scala3-tasty-inspector_3 to /Users/y3536zha/.ivy2/local/org.scala-lang/scala3-tasty-inspector_3/3.3.1-RC1-bin-SNAPSHOT/srcs/scala3-tasty-inspector_3-sources.jar
[info] 	published scala3-tasty-inspector_3 to /Users/y3536zha/.ivy2/local/org.scala-lang/scala3-tasty-inspector_3/3.3.1-RC1-bin-SNAPSHOT/docs/scala3-tasty-inspector_3-javadoc.jar
[info] 	published ivy to /Users/y3536zha/.ivy2/local/org.scala-lang/scala3-tasty-inspector_3/3.3.1-RC1-bin-SNAPSHOT/ivys/ivy.xml
[warn] Setting -skip-by-regex set to .+\.internal($|\..+) redundantly
[warn] bad option '-project-version 3.3.1-RC1-bin-SNAPSHOT' was ignored
[warn] Setting -skip-by-regex set to .+\.impl($|\..+) redundantly
[warn] Setting -skip-by-regex set to .+\.internal($|\..+) redundantly
[warn] Flag -project-logo set repeatedly
[warn] Setting -skip-by-regex set to .+\.impl($|\..+) redundantly
[warn] Setting -social-links set to github::https://github.com/lampepfl/dotty redundantly
[warn] Setting -skip-by-id set to scala.runtime.stdLibPatches redundantly
[warn] Setting -social-links set to discord::https://discord.com/invite/scala redundantly
[warn] Setting -skip-by-id set to scala.runtime.MatchCase redundantly
[warn] bad option '-project-logo docs/_assets/images/logo.svg' was ignored
[warn] Setting -social-links set to twitter::https://twitter.com/scala_lang redundantly
[warn] Setting -social-links set to github::https://github.com/lampepfl/dotty redundantly
[warn] Setting -skip-by-id set to scala.runtime.stdLibPatches redundantly
[warn] Setting -social-links set to discord::https://discord.com/invite/scala redundantly
[warn] Setting -skip-by-id set to scala.runtime.MatchCase redundantly
[warn] Flag -project-footer set repeatedly
[warn] Flag -author set repeatedly
[warn] Flag -groups set repeatedly
[warn] Setting -social-links set to twitter::https://twitter.com/scala_lang redundantly
[warn] bad option '-project-footer "Copyright (c) 2002-2023, LAMP/EPFL"' was ignored
[warn] bad option '-default-template static-site-main' was ignored
[warn] Flag -default-template set repeatedly
[warn] Setting -external-mappings set to .*scala/.*::scaladoc3::https://dotty.epfl.ch/api/ redundantly
[warn] Flag -author set repeatedly
[warn] Flag -groups set repeatedly
[warn] Setting -external-mappings set to .*java/.*::javadoc::https://docs.oracle.com/javase/8/docs/api/ redundantly
[warn] bad option '-project-version 3.3.1-RC1-bin-SNAPSHOT' was ignored
[warn] Setting -skip-by-regex set to .+\.internal($|\..+) redundantly
[warn] Setting -skip-by-regex set to .+\.impl($|\..+) redundantly
[warn] Setting -skip-by-id set to scala.runtime.stdLibPatches redundantly
[warn] Setting -skip-by-id set to scala.runtime.MatchCase redundantly
[warn] bad option '-project-logo docs/_assets/images/logo.svg' was ignored
[warn] Setting -social-links set to github::https://github.com/lampepfl/dotty redundantly
[warn] Setting -social-links set to discord::https://discord.com/invite/scala redundantly
[warn] Setting -social-links set to twitter::https://twitter.com/scala_lang redundantly
[warn] bad option '-project-footer "Copyright (c) 2002-2023, LAMP/EPFL"' was ignored
[warn] bad option '-default-template static-site-main' was ignored
[warn] Flag -author set repeatedly
[warn] Flag -groups set repeatedly
[info] Skipping unused scalacOptions: -Werror, -Yno-experimental, -Yexplicit-nulls
[info] Skipping unused scalacOptions: -Werror, -Yno-experimental, -Yexplicit-nulls
[info] waiting for lock on /Users/y3536zha/.ivy2/.sbt.ivy.lock to be available...
[info] :: delivering :: org.scala-lang#scala3-compiler_3;3.3.1-RC1-bin-SNAPSHOT :: 3.3.1-RC1-bin-SNAPSHOT :: integration :: Wed Jun 14 01:22:08 EDT 2023
[info] 	delivering ivy file to /Users/y3536zha/Desktop/scala_flexible/scala_flexible_type_with_test_script/out/bootstrap/scala3-compiler-bootstrapped/scala-3.3.1-RC1-bin-SNAPSHOT-nonbootstrapped/ivy-3.3.1-RC1-bin-SNAPSHOT.xml
[info] 	published scala3-compiler_3 to /Users/y3536zha/.ivy2/local/org.scala-lang/scala3-compiler_3/3.3.1-RC1-bin-SNAPSHOT/poms/scala3-compiler_3.pom
[info] 	published scala3-compiler_3 to /Users/y3536zha/.ivy2/local/org.scala-lang/scala3-compiler_3/3.3.1-RC1-bin-SNAPSHOT/jars/scala3-compiler_3.jar
[info] 	published scala3-compiler_3 to /Users/y3536zha/.ivy2/local/org.scala-lang/scala3-compiler_3/3.3.1-RC1-bin-SNAPSHOT/srcs/scala3-compiler_3-sources.jar
[info] 	published scala3-compiler_3 to /Users/y3536zha/.ivy2/local/org.scala-lang/scala3-compiler_3/3.3.1-RC1-bin-SNAPSHOT/docs/scala3-compiler_3-javadoc.jar
[info] 	published ivy to /Users/y3536zha/.ivy2/local/org.scala-lang/scala3-compiler_3/3.3.1-RC1-bin-SNAPSHOT/ivys/ivy.xml
[warn] -- Warning: library/src/scala/util/FromDigits.scala:21:6 -----------------------
[warn] -- Warning: library/src/scala/util/FromDigits.scala:21:6 -----------------------
[warn] 21 |  def fromDigits(digits: String): T
[warn] 21 |  def fromDigits(digits: String): T
[warn]    |      ^
[warn]    |      ^
[warn]    |      No DRI found for query: MalformedNumber
[warn]    |      No DRI found for query: MalformedNumber
[error] -- [E069] Naming Error: /Users/y3536zha/Desktop/scala_flexible/scala_flexible_type_with_test_script/library/src/scala/IArray.scala:13:7 
[error] 13 |object IArray:
[error]    |       ^
[error]    |object IArray cannot have the same name as object IArray in package scala -- cannot define object member with the same name as a object member in self reference _.
[error]    |(Note: this can be resolved by using another name)
[warn] 14 warnings found
[error] one error found
[error] -- [E069] Naming Error: /Users/y3536zha/Desktop/scala_flexible/scala_flexible_type_with_test_script/library/src/scala/IArray.scala:13:7 
[error] 13 |object IArray:
[error]    |       ^
[error]    |object IArray cannot have the same name as object IArray in package scala -- cannot define object member with the same name as a object member in self reference _.
[error]    |(Note: this can be resolved by using another name)
[warn] 28 warnings found
[error] one error found
[info] :: delivering :: org.scala-lang#scala3-library_sjs1_3;3.3.1-RC1-bin-SNAPSHOT :: 3.3.1-RC1-bin-SNAPSHOT :: integration :: Wed Jun 14 01:22:33 EDT 2023
[info] 	delivering ivy file to /Users/y3536zha/Desktop/scala_flexible/scala_flexible_type_with_test_script/out/bootstrap/scala3-library-bootstrappedJS/scala-3.3.1-RC1-bin-SNAPSHOT-nonbootstrapped/ivy-3.3.1-RC1-bin-SNAPSHOT.xml
[info] :: delivering :: org.scala-lang#scala3-library_3;3.3.1-RC1-bin-SNAPSHOT :: 3.3.1-RC1-bin-SNAPSHOT :: integration :: Wed Jun 14 01:22:33 EDT 2023
[info] 	delivering ivy file to /Users/y3536zha/Desktop/scala_flexible/scala_flexible_type_with_test_script/out/bootstrap/scala3-library-bootstrapped/scala-3.3.1-RC1-bin-SNAPSHOT-nonbootstrapped/ivy-3.3.1-RC1-bin-SNAPSHOT.xml
[info] 	published scala3-library_sjs1_3 to /Users/y3536zha/.ivy2/local/org.scala-lang/scala3-library_sjs1_3/3.3.1-RC1-bin-SNAPSHOT/poms/scala3-library_sjs1_3.pom
[info] 	published scala3-library_sjs1_3 to /Users/y3536zha/.ivy2/local/org.scala-lang/scala3-library_sjs1_3/3.3.1-RC1-bin-SNAPSHOT/jars/scala3-library_sjs1_3.jar
[info] 	published scala3-library_sjs1_3 to /Users/y3536zha/.ivy2/local/org.scala-lang/scala3-library_sjs1_3/3.3.1-RC1-bin-SNAPSHOT/srcs/scala3-library_sjs1_3-sources.jar
[info] 	published scala3-library_sjs1_3 to /Users/y3536zha/.ivy2/local/org.scala-lang/scala3-library_sjs1_3/3.3.1-RC1-bin-SNAPSHOT/docs/scala3-library_sjs1_3-javadoc.jar
[info] 	published ivy to /Users/y3536zha/.ivy2/local/org.scala-lang/scala3-library_sjs1_3/3.3.1-RC1-bin-SNAPSHOT/ivys/ivy.xml
[info] 	published scala3-library_3 to /Users/y3536zha/.ivy2/local/org.scala-lang/scala3-library_3/3.3.1-RC1-bin-SNAPSHOT/poms/scala3-library_3.pom
[info] 	published scala3-library_3 to /Users/y3536zha/.ivy2/local/org.scala-lang/scala3-library_3/3.3.1-RC1-bin-SNAPSHOT/jars/scala3-library_3.jar
[info] 	published scala3-library_3 to /Users/y3536zha/.ivy2/local/org.scala-lang/scala3-library_3/3.3.1-RC1-bin-SNAPSHOT/srcs/scala3-library_3-sources.jar
[info] 	published scala3-library_3 to /Users/y3536zha/.ivy2/local/org.scala-lang/scala3-library_3/3.3.1-RC1-bin-SNAPSHOT/docs/scala3-library_3-javadoc.jar
[info] 	published ivy to /Users/y3536zha/.ivy2/local/org.scala-lang/scala3-library_3/3.3.1-RC1-bin-SNAPSHOT/ivys/ivy.xml
[info] Test run dotty.communitybuild.CommunityBuildTestA started
[info] Test run dotty.communitybuild.CommunityBuildTestA finished: 0 failed, 0 ignored, 0 total, 0.001s
[info] Test run dotty.communitybuild.CommunityBuildTestC started
[info] Test dotty.communitybuild.CommunityBuildTestC.fansi started
[32m[STARTING fansi][0m
[32mPublishing utest[0m
[32m./mill -i -D dottyVersion=3.3.1-RC1-bin-SNAPSHOT utest.jvm[3.3.1-RC1-bin-SNAPSHOT].publishLocal[0m
Compiling /Users/y3536zha/Desktop/scala_flexible/scala_flexible_type_with_test_script/community-build/community-projects/utest/build.sc
[1/58] utest.jvm[3.3.1-RC1-bin-SNAPSHOT].resources 
[1A[2K[9999D[2/58] utest.jvm[3.3.1-RC1-bin-SNAPSHOT].scalaVersion 
[1A[2K[9999D[4/58] mill.scalalib.ZincWorkerModule.worker 
[1A[2K[9999D[5/58] utest.jvm[3.3.1-RC1-bin-SNAPSHOT].upstreamCompileOutput 
[1A[2K[9999D[6/58] utest.jvm[3.3.1-RC1-bin-SNAPSHOT].sources.overridden.mill.scalalib.JavaModule.sources 
[1A[2K[9999D[7/58] utest.jvm[3.3.1-RC1-bin-SNAPSHOT].sources.overridden.mill.scalalib.CrossScalaModule.sources 
[1A[2K[9999D[8/58] utest.jvm[3.3.1-RC1-bin-SNAPSHOT].sources 
[1A[2K[9999D[9/58] utest.jvm[3.3.1-RC1-bin-SNAPSHOT].generatedSources 
[1A[2K[9999D[10/58] utest.jvm[3.3.1-RC1-bin-SNAPSHOT].allSources 
[1A[2K[9999D[11/58] utest.jvm[3.3.1-RC1-bin-SNAPSHOT].allSourceFiles 
[1A[2K[9999D[12/58] utest.jvm[3.3.1-RC1-bin-SNAPSHOT].transitiveLocalClasspath 
[1A[2K[9999D[13/58] utest.jvm[3.3.1-RC1-bin-SNAPSHOT].unmanagedClasspath 
[1A[2K[9999D[14/58] utest.jvm[3.3.1-RC1-bin-SNAPSHOT].platformSuffix 
[1A[2K[9999D[15/58] utest.jvm[3.3.1-RC1-bin-SNAPSHOT].compileIvyDeps 
[1A[2K[9999D[16/58] utest.jvm[3.3.1-RC1-bin-SNAPSHOT].transitiveCompileIvyDeps 
[1A[2K[9999D[17/58] utest.jvm[3.3.1-RC1-bin-SNAPSHOT].ivyDeps 
[1A[2K[9999D[18/58] utest.jvm[3.3.1-RC1-bin-SNAPSHOT].mandatoryIvyDeps.overridden.mill.scalalib.JavaModule.mandatoryIvyDeps 
[1A[2K[9999D[19/58] utest.jvm[3.3.1-RC1-bin-SNAPSHOT].scalaOrganization 
[1A[2K[9999D[20/58] utest.jvm[3.3.1-RC1-bin-SNAPSHOT].scalaLibraryIvyDeps 
[1A[2K[9999D[21/58] utest.jvm[3.3.1-RC1-bin-SNAPSHOT].mandatoryIvyDeps 
[1A[2K[9999D[22/58] utest.jvm[3.3.1-RC1-bin-SNAPSHOT].transitiveIvyDeps 
[1A[2K[9999D[23/58] utest.jvm[3.3.1-RC1-bin-SNAPSHOT].resolvedIvyDeps 
[1A[2K[9999D[24/58] utest.jvm[3.3.1-RC1-bin-SNAPSHOT].compileClasspath 
[1A[2K[9999D[25/58] utest.jvm[3.3.1-RC1-bin-SNAPSHOT].javacOptions 
[1A[2K[9999D[26/58] utest.jvm[3.3.1-RC1-bin-SNAPSHOT].mandatoryScalacOptions 
[1A[2K[9999D[27/58] utest.jvm[3.3.1-RC1-bin-SNAPSHOT].scalacPluginIvyDeps 
[1A[2K[9999D[28/58] utest.jvm[3.3.1-RC1-bin-SNAPSHOT].enablePluginScalacOptions 
[1A[2K[9999D[29/58] utest.jvm[3.3.1-RC1-bin-SNAPSHOT].scalacOptions 
[1A[2K[9999D[30/58] utest.jvm[3.3.1-RC1-bin-SNAPSHOT].allScalacOptions 
[1A[2K[9999D[31/58] utest.jvm[3.3.1-RC1-bin-SNAPSHOT].scalaCompilerClasspath 
[1A[2K[9999D[32/58] utest.jvm[3.3.1-RC1-bin-SNAPSHOT].scalacPluginClasspath 
[1A[2K[9999D[33/58] utest.jvm[3.3.1-RC1-bin-SNAPSHOT].compile 
[info] compiling 11 Scala sources to /Users/y3536zha/Desktop/scala_flexible/scala_flexible_type_with_test_script/community-build/community-projects/utest/out/utest/jvm/3.3.1-RC1-bin-SNAPSHOT/compile.dest/classes ...
[warn] there were 3 deprecation warnings; re-run with -deprecation for details
[warn] one warning found
[info] done compiling
[info] compiling 10 Scala sources to /Users/y3536zha/Desktop/scala_flexible/scala_flexible_type_with_test_script/community-build/community-projects/utest/out/utest/jvm/3.3.1-RC1-bin-SNAPSHOT/compile.dest/classes ...
[warn] there were 3 deprecation warnings; re-run with -deprecation for details
[warn] two warnings found
[info] done compiling
[34/58] utest.jvm[3.3.1-RC1-bin-SNAPSHOT].localClasspath 
[1A[2K[9999D[35/58] utest.jvm[3.3.1-RC1-bin-SNAPSHOT].artifactName 
[1A[2K[9999D[36/58] utest.jvm[3.3.1-RC1-bin-SNAPSHOT].pomSettings 
[1A[2K[9999D[37/58] utest.jvm[3.3.1-RC1-bin-SNAPSHOT].mainClass 
[1A[2K[9999D[38/58] utest.jvm[3.3.1-RC1-bin-SNAPSHOT].finalMainClassOpt 
[1A[2K[9999D[39/58] utest.jvm[3.3.1-RC1-bin-SNAPSHOT].manifest.overridden.mill.scalalib.JavaModule.manifest 
[1A[2K[9999D[40/58] utest.jvm[3.3.1-RC1-bin-SNAPSHOT].manifest.overridden.mill.scalalib.ScalaModule.manifest 
[1A[2K[9999D[41/58] de.tobiasroeser.mill.vcs.version.VcsVersion.vcsState.overridden.de.tobiasroeser.mill.vcs.version.VcsVersion.vcsState 
fatal: no tag exactly matches 'eae17c7a4d0d63bab1406ca75791d3cb6394233d'
[1A[2K[9999D[42/58] de.tobiasroeser.mill.vcs.version.VcsVersion.vcsState 
[1A[2K[9999D[43/58] utest.jvm[3.3.1-RC1-bin-SNAPSHOT].publishVersion 
[1A[2K[9999D[44/58] utest.jvm[3.3.1-RC1-bin-SNAPSHOT].manifest 
[1A[2K[9999D[45/58] utest.jvm[3.3.1-RC1-bin-SNAPSHOT].jar 
[1A[2K[9999D[46/58] utest.jvm[3.3.1-RC1-bin-SNAPSHOT].sourceJar 
[1A[2K[9999D[47/58] utest.jvm[3.3.1-RC1-bin-SNAPSHOT].docJar 
[1A[2K[9999D[48/58] utest.jvm[3.3.1-RC1-bin-SNAPSHOT].crossFullScalaVersion 
[1A[2K[9999D[49/58] utest.jvm[3.3.1-RC1-bin-SNAPSHOT].artifactScalaVersion 
[1A[2K[9999D[50/58] utest.jvm[3.3.1-RC1-bin-SNAPSHOT].artifactSuffix 
[1A[2K[9999D[51/58] utest.jvm[3.3.1-RC1-bin-SNAPSHOT].artifactId 
[1A[2K[9999D[52/58] utest.jvm[3.3.1-RC1-bin-SNAPSHOT].artifactMetadata 
[1A[2K[9999D[53/58] utest.jvm[3.3.1-RC1-bin-SNAPSHOT].versionScheme 
[1A[2K[9999D[54/58] utest.jvm[3.3.1-RC1-bin-SNAPSHOT].publishProperties 
[1A[2K[9999D[55/58] utest.jvm[3.3.1-RC1-bin-SNAPSHOT].pom 
[1A[2K[9999D[56/58] utest.jvm[3.3.1-RC1-bin-SNAPSHOT].extraPublish 
[1A[2K[9999D[57/58] utest.jvm[3.3.1-RC1-bin-SNAPSHOT].ivy 
[1A[2K[9999D[58/58] utest.jvm[3.3.1-RC1-bin-SNAPSHOT].publishLocal 
Publishing Artifact(com.lihaoyi,utest_3,v0.6.8-204-eae17c) to ivy repo /Users/y3536zha/.ivy2/local
[32mPublishing sourcecode[0m
[32m./mill -i -D dottyVersion=3.3.1-RC1-bin-SNAPSHOT sourcecode.jvm[3.3.1-RC1-bin-SNAPSHOT].publishLocal[0m
Compiling /Users/y3536zha/Desktop/scala_flexible/scala_flexible_type_with_test_script/community-build/community-projects/sourcecode/build.sc
[1/64] sourcecode.jvm[3.3.1-RC1-bin-SNAPSHOT].resources 
[1A[2K[9999D[2/64] sourcecode.jvm[3.3.1-RC1-bin-SNAPSHOT].scalaVersion 
[1A[2K[9999D[4/64] mill.scalalib.ZincWorkerModule.worker 
[1A[2K[9999D[5/64] sourcecode.jvm[3.3.1-RC1-bin-SNAPSHOT].upstreamCompileOutput 
[1A[2K[9999D[6/64] sourcecode.jvm[3.3.1-RC1-bin-SNAPSHOT].sources.overridden.mill.scalalib.JavaModule.sources 
[1A[2K[9999D[7/64] sourcecode.jvm[3.3.1-RC1-bin-SNAPSHOT].sources.overridden.mill.scalalib.CrossScalaModule.sources 
[1A[2K[9999D[8/64] sourcecode.jvm[3.3.1-RC1-bin-SNAPSHOT].sources 
[1A[2K[9999D[9/64] sourcecode.jvm[3.3.1-RC1-bin-SNAPSHOT].generatedSources 
[1A[2K[9999D[10/64] sourcecode.jvm[3.3.1-RC1-bin-SNAPSHOT].allSources 
[1A[2K[9999D[11/64] sourcecode.jvm[3.3.1-RC1-bin-SNAPSHOT].allSourceFiles 
[1A[2K[9999D[12/64] sourcecode.jvm[3.3.1-RC1-bin-SNAPSHOT].transitiveLocalClasspath 
[1A[2K[9999D[13/64] sourcecode.jvm[3.3.1-RC1-bin-SNAPSHOT].unmanagedClasspath 
[1A[2K[9999D[14/64] sourcecode.jvm[3.3.1-RC1-bin-SNAPSHOT].platformSuffix 
[1A[2K[9999D[15/64] sourcecode.jvm[3.3.1-RC1-bin-SNAPSHOT].compileIvyDeps 
[1A[2K[9999D[16/64] sourcecode.jvm[3.3.1-RC1-bin-SNAPSHOT].transitiveCompileIvyDeps 
[1A[2K[9999D[17/64] sourcecode.jvm[3.3.1-RC1-bin-SNAPSHOT].ivyDeps 
[1A[2K[9999D[18/64] sourcecode.jvm[3.3.1-RC1-bin-SNAPSHOT].mandatoryIvyDeps.overridden.mill.scalalib.JavaModule.mandatoryIvyDeps 
[1A[2K[9999D[19/64] sourcecode.jvm[3.3.1-RC1-bin-SNAPSHOT].scalaOrganization 
[1A[2K[9999D[20/64] sourcecode.jvm[3.3.1-RC1-bin-SNAPSHOT].scalaLibraryIvyDeps 
[1A[2K[9999D[21/64] sourcecode.jvm[3.3.1-RC1-bin-SNAPSHOT].mandatoryIvyDeps 
[1A[2K[9999D[22/64] sourcecode.jvm[3.3.1-RC1-bin-SNAPSHOT].transitiveIvyDeps 
[1A[2K[9999D[23/64] sourcecode.jvm[3.3.1-RC1-bin-SNAPSHOT].resolvedIvyDeps 
[1A[2K[9999D[24/64] sourcecode.jvm[3.3.1-RC1-bin-SNAPSHOT].compileClasspath 
[1A[2K[9999D[25/64] sourcecode.jvm[3.3.1-RC1-bin-SNAPSHOT].javacOptions 
[1A[2K[9999D[26/64] sourcecode.jvm[3.3.1-RC1-bin-SNAPSHOT].mandatoryScalacOptions 
[1A[2K[9999D[27/64] sourcecode.jvm[3.3.1-RC1-bin-SNAPSHOT].scalacPluginIvyDeps 
[1A[2K[9999D[28/64] sourcecode.jvm[3.3.1-RC1-bin-SNAPSHOT].enablePluginScalacOptions 
[1A[2K[9999D[29/64] sourcecode.jvm[3.3.1-RC1-bin-SNAPSHOT].scalacOptions 
[1A[2K[9999D[30/64] sourcecode.jvm[3.3.1-RC1-bin-SNAPSHOT].allScalacOptions 
[1A[2K[9999D[31/64] sourcecode.jvm[3.3.1-RC1-bin-SNAPSHOT].scalaCompilerClasspath 
[1A[2K[9999D[32/64] sourcecode.jvm[3.3.1-RC1-bin-SNAPSHOT].scalacPluginClasspath 
[1A[2K[9999D[33/64] sourcecode.jvm[3.3.1-RC1-bin-SNAPSHOT].compile 
[info] compiling 1 Scala source to /Users/y3536zha/Desktop/scala_flexible/scala_flexible_type_with_test_script/community-build/community-projects/sourcecode/out/sourcecode/jvm/3.3.1-RC1-bin-SNAPSHOT/compile.dest/classes ...
[warn] there were 2 deprecation warnings; re-run with -deprecation for details
[warn] one warning found
[info] done compiling
[info] compiling 2 Scala sources to /Users/y3536zha/Desktop/scala_flexible/scala_flexible_type_with_test_script/community-build/community-projects/sourcecode/out/sourcecode/jvm/3.3.1-RC1-bin-SNAPSHOT/compile.dest/classes ...
[warn] there was 1 feature warning; re-run with -feature for details
[warn] there were 2 deprecation warnings; re-run with -deprecation for details
[warn] three warnings found
[info] done compiling
[34/64] sourcecode.jvm[3.3.1-RC1-bin-SNAPSHOT].localClasspath 
[1A[2K[9999D[35/64] sourcecode.jvm[3.3.1-RC1-bin-SNAPSHOT].artifactName 
[1A[2K[9999D[36/64] sourcecode.jvm[3.3.1-RC1-bin-SNAPSHOT].pomSettings 
[1A[2K[9999D[37/64] sourcecode.jvm[3.3.1-RC1-bin-SNAPSHOT].mainClass 
[1A[2K[9999D[38/64] sourcecode.jvm[3.3.1-RC1-bin-SNAPSHOT].finalMainClassOpt 
[1A[2K[9999D[39/64] sourcecode.jvm[3.3.1-RC1-bin-SNAPSHOT].manifest.overridden.mill.scalalib.JavaModule.manifest 
[1A[2K[9999D[40/64] sourcecode.jvm[3.3.1-RC1-bin-SNAPSHOT].manifest.overridden.mill.scalalib.ScalaModule.manifest 
[1A[2K[9999D[41/64] de.tobiasroeser.mill.vcs.version.VcsVersion.vcsState.overridden.de.tobiasroeser.mill.vcs.version.VcsVersion.vcsState 
fatal: no tag exactly matches '28b4f6c21fddeb33d694dc210f51b0535a2ada68'
[1A[2K[9999D[42/64] de.tobiasroeser.mill.vcs.version.VcsVersion.vcsState 
[1A[2K[9999D[43/64] sourcecode.jvm[3.3.1-RC1-bin-SNAPSHOT].publishVersion 
[1A[2K[9999D[44/64] sourcecode.jvm[3.3.1-RC1-bin-SNAPSHOT].manifest 
[1A[2K[9999D[45/64] sourcecode.jvm[3.3.1-RC1-bin-SNAPSHOT].jar 
[1A[2K[9999D[46/64] sourcecode.jvm[3.3.1-RC1-bin-SNAPSHOT].sourceJar 
[1A[2K[9999D[47/64] sourcecode.jvm[3.3.1-RC1-bin-SNAPSHOT].scalaDocClasspath 
[1A[2K[9999D[48/64] sourcecode.jvm[3.3.1-RC1-bin-SNAPSHOT].scalaDocPluginIvyDeps 
[1A[2K[9999D[49/64] sourcecode.jvm[3.3.1-RC1-bin-SNAPSHOT].enableScalaDocPluginScalacOptions 
[1A[2K[9999D[50/64] sourcecode.jvm[3.3.1-RC1-bin-SNAPSHOT].scalaDocOptions 
[1A[2K[9999D[51/64] sourcecode.jvm[3.3.1-RC1-bin-SNAPSHOT].docResources 
[1A[2K[9999D[52/64] sourcecode.jvm[3.3.1-RC1-bin-SNAPSHOT].docSources 
[1A[2K[9999D[53/64] sourcecode.jvm[3.3.1-RC1-bin-SNAPSHOT].docJar 
1 targets failed
sourcecode.jvm[3.3.1-RC1-bin-SNAPSHOT].docJar java.lang.reflect.InvocationTargetException
    java.base/jdk.internal.reflect.NativeMethodAccessorImpl.invoke0(Native Method)
    java.base/jdk.internal.reflect.NativeMethodAccessorImpl.invoke(Unknown Source)
    java.base/jdk.internal.reflect.DelegatingMethodAccessorImpl.invoke(Unknown Source)
    java.base/java.lang.reflect.Method.invoke(Unknown Source)
    mill.scalalib.worker.ZincWorkerImpl.$anonfun$docJar$1(ZincWorkerImpl.scala:95)
    mill.scalalib.worker.ZincWorkerImpl.$anonfun$docJar$1$adapted(ZincWorkerImpl.scala:82)
    mill.api.FixSizedCache.withCachedValue(FixSizedCache.scala:66)
    mill.scalalib.worker.ZincWorkerImpl.withCompilers(ZincWorkerImpl.scala:399)
    mill.scalalib.worker.ZincWorkerImpl.docJar(ZincWorkerImpl.scala:82)
    mill.scalalib.ScalaModule.packageWithZinc$1(ScalaModule.scala:245)
    mill.scalalib.ScalaModule.$anonfun$docJar$2(ScalaModule.scala:326)
    mill.define.Task$TraverseCtx.evaluate(Task.scala:380)
java.lang.NoClassDefFoundError: dotty/tools/dotc/Run$
    dotty.tools.dotc.Driver.doCompile(Driver.scala:45)
    dotty.tools.dotc.Driver.process(Driver.scala:197)
    scala.tasty.inspector.OldTastyInspector.inspectFilesInContext(OldTastyInspector.scala:72)
    scala.tasty.inspector.OldTastyInspector.inspectFilesInContext$(OldTastyInspector.scala:22)
    scala.tasty.inspector.DocTastyInspector.inspectFilesInContext(DocTastyInspector.scala:5)
    dotty.tools.scaladoc.tasty.ScaladocTastyInspector.result(TastyParser.scala:147)
    dotty.tools.scaladoc.ScalaModuleProvider$.mkModule(ScalaModuleProvider.scala:11)
    dotty.tools.scaladoc.Scaladoc$.run(Scaladoc.scala:241)
    dotty.tools.scaladoc.Scaladoc$.run$$anonfun$1(Scaladoc.scala:73)
    scala.runtime.function.JProcedure1.apply(JProcedure1.java:15)
    scala.runtime.function.JProcedure1.apply(JProcedure1.java:10)
    scala.Option.map(Option.scala:242)
    dotty.tools.scaladoc.Scaladoc$.run(Scaladoc.scala:77)
    dotty.tools.scaladoc.Main.run(Main.scala:18)
    java.base/jdk.internal.reflect.NativeMethodAccessorImpl.invoke0(Native Method)
    java.base/jdk.internal.reflect.NativeMethodAccessorImpl.invoke(Unknown Source)
    java.base/jdk.internal.reflect.DelegatingMethodAccessorImpl.invoke(Unknown Source)
    java.base/java.lang.reflect.Method.invoke(Unknown Source)
    mill.scalalib.worker.ZincWorkerImpl.$anonfun$docJar$1(ZincWorkerImpl.scala:95)
    mill.scalalib.worker.ZincWorkerImpl.$anonfun$docJar$1$adapted(ZincWorkerImpl.scala:82)
    mill.api.FixSizedCache.withCachedValue(FixSizedCache.scala:66)
    mill.scalalib.worker.ZincWorkerImpl.withCompilers(ZincWorkerImpl.scala:399)
    mill.scalalib.worker.ZincWorkerImpl.docJar(ZincWorkerImpl.scala:82)
    mill.scalalib.ScalaModule.packageWithZinc$1(ScalaModule.scala:245)
    mill.scalalib.ScalaModule.$anonfun$docJar$2(ScalaModule.scala:326)
    mill.define.Task$TraverseCtx.evaluate(Task.scala:380)
java.lang.ClassNotFoundException: dotty.tools.dotc.Run$
    java.base/java.net.URLClassLoader$1.run(Unknown Source)
    java.base/java.net.URLClassLoader$1.run(Unknown Source)
    java.base/java.security.AccessController.doPrivileged(Native Method)
    java.base/java.net.URLClassLoader.findClass(Unknown Source)
    mill.api.ClassLoader$$anon$1.findClass(ClassLoader.scala:47)
    java.base/java.lang.ClassLoader.loadClass(Unknown Source)
    java.base/java.lang.ClassLoader.loadClass(Unknown Source)
    dotty.tools.dotc.Driver.doCompile(Driver.scala:45)
    dotty.tools.dotc.Driver.process(Driver.scala:197)
    scala.tasty.inspector.OldTastyInspector.inspectFilesInContext(OldTastyInspector.scala:72)
    scala.tasty.inspector.OldTastyInspector.inspectFilesInContext$(OldTastyInspector.scala:22)
    scala.tasty.inspector.DocTastyInspector.inspectFilesInContext(DocTastyInspector.scala:5)
    dotty.tools.scaladoc.tasty.ScaladocTastyInspector.result(TastyParser.scala:147)
    dotty.tools.scaladoc.ScalaModuleProvider$.mkModule(ScalaModuleProvider.scala:11)
    dotty.tools.scaladoc.Scaladoc$.run(Scaladoc.scala:241)
    dotty.tools.scaladoc.Scaladoc$.run$$anonfun$1(Scaladoc.scala:73)
    scala.runtime.function.JProcedure1.apply(JProcedure1.java:15)
    scala.runtime.function.JProcedure1.apply(JProcedure1.java:10)
    scala.Option.map(Option.scala:242)
    dotty.tools.scaladoc.Scaladoc$.run(Scaladoc.scala:77)
    dotty.tools.scaladoc.Main.run(Main.scala:18)
    java.base/jdk.internal.reflect.NativeMethodAccessorImpl.invoke0(Native Method)
    java.base/jdk.internal.reflect.NativeMethodAccessorImpl.invoke(Unknown Source)
    java.base/jdk.internal.reflect.DelegatingMethodAccessorImpl.invoke(Unknown Source)
    java.base/java.lang.reflect.Method.invoke(Unknown Source)
    mill.scalalib.worker.ZincWorkerImpl.$anonfun$docJar$1(ZincWorkerImpl.scala:95)
    mill.scalalib.worker.ZincWorkerImpl.$anonfun$docJar$1$adapted(ZincWorkerImpl.scala:82)
    mill.api.FixSizedCache.withCachedValue(FixSizedCache.scala:66)
    mill.scalalib.worker.ZincWorkerImpl.withCompilers(ZincWorkerImpl.scala:399)
    mill.scalalib.worker.ZincWorkerImpl.docJar(ZincWorkerImpl.scala:82)
    mill.scalalib.ScalaModule.packageWithZinc$1(ScalaModule.scala:245)
    mill.scalalib.ScalaModule.$anonfun$docJar$2(ScalaModule.scala:326)
    mill.define.Task$TraverseCtx.evaluate(Task.scala:380)
java.util.zip.ZipException: ZipFile invalid LOC header (bad signature)
    java.base/java.util.zip.ZipFile$ZipFileInputStream.initDataOffset(Unknown Source)
    java.base/java.util.zip.ZipFile$ZipFileInputStream.read(Unknown Source)
    java.base/java.util.zip.ZipFile$ZipFileInflaterInputStream.fill(Unknown Source)
    java.base/java.util.zip.InflaterInputStream.read(Unknown Source)
    java.base/jdk.internal.loader.Resource.getBytes(Unknown Source)
    java.base/java.net.URLClassLoader.defineClass(Unknown Source)
    java.base/java.net.URLClassLoader.access$100(Unknown Source)
    java.base/java.net.URLClassLoader$1.run(Unknown Source)
    java.base/java.net.URLClassLoader$1.run(Unknown Source)
    java.base/java.security.AccessController.doPrivileged(Native Method)
    java.base/java.net.URLClassLoader.findClass(Unknown Source)
    mill.api.ClassLoader$$anon$1.findClass(ClassLoader.scala:47)
    java.base/java.lang.ClassLoader.loadClass(Unknown Source)
    java.base/java.lang.ClassLoader.loadClass(Unknown Source)
    dotty.tools.dotc.Driver.doCompile(Driver.scala:45)
    dotty.tools.dotc.Driver.process(Driver.scala:197)
    scala.tasty.inspector.OldTastyInspector.inspectFilesInContext(OldTastyInspector.scala:72)
    scala.tasty.inspector.OldTastyInspector.inspectFilesInContext$(OldTastyInspector.scala:22)
    scala.tasty.inspector.DocTastyInspector.inspectFilesInContext(DocTastyInspector.scala:5)
    dotty.tools.scaladoc.tasty.ScaladocTastyInspector.result(TastyParser.scala:147)
    dotty.tools.scaladoc.ScalaModuleProvider$.mkModule(ScalaModuleProvider.scala:11)
    dotty.tools.scaladoc.Scaladoc$.run(Scaladoc.scala:241)
    dotty.tools.scaladoc.Scaladoc$.run$$anonfun$1(Scaladoc.scala:73)
    scala.runtime.function.JProcedure1.apply(JProcedure1.java:15)
    scala.runtime.function.JProcedure1.apply(JProcedure1.java:10)
    scala.Option.map(Option.scala:242)
    dotty.tools.scaladoc.Scaladoc$.run(Scaladoc.scala:77)
    dotty.tools.scaladoc.Main.run(Main.scala:18)
    java.base/jdk.internal.reflect.NativeMethodAccessorImpl.invoke0(Native Method)
    java.base/jdk.internal.reflect.NativeMethodAccessorImpl.invoke(Unknown Source)
    java.base/jdk.internal.reflect.DelegatingMethodAccessorImpl.invoke(Unknown Source)
    java.base/java.lang.reflect.Method.invoke(Unknown Source)
    mill.scalalib.worker.ZincWorkerImpl.$anonfun$docJar$1(ZincWorkerImpl.scala:95)
    mill.scalalib.worker.ZincWorkerImpl.$anonfun$docJar$1$adapted(ZincWorkerImpl.scala:82)
    mill.api.FixSizedCache.withCachedValue(FixSizedCache.scala:66)
    mill.scalalib.worker.ZincWorkerImpl.withCompilers(ZincWorkerImpl.scala:399)
    mill.scalalib.worker.ZincWorkerImpl.docJar(ZincWorkerImpl.scala:82)
    mill.scalalib.ScalaModule.packageWithZinc$1(ScalaModule.scala:245)
    mill.scalalib.ScalaModule.$anonfun$docJar$2(ScalaModule.scala:326)
    mill.define.Task$TraverseCtx.evaluate(Task.scala:380)
[error] Test dotty.communitybuild.CommunityBuildTestC.fansi failed: java.lang.RuntimeException: Publish command exited with code 1 for project sourcecode. Project details:
[error] MillCommunityProject(sourcecode,sourcecode.jvm[3.3.1-RC1-bin-SNAPSHOT],List(),dotty.communitybuild.MillCommunityProject$$$Lambda$51/546650196@761000e2,true,false), took 66.312 sec
[error]     at dotty.communitybuild.CommunityProject.publish(projects.scala:64)
[error]     at dotty.communitybuild.CommunityProject.publish$(projects.scala:35)
[error]     at dotty.communitybuild.MillCommunityProject.publish(projects.scala:87)
[error]     at dotty.communitybuild.CommunityBuildRunner$.run$$anonfun$1(CommunityBuildRunner.scala:24)
[error]     at scala.runtime.function.JProcedure1.apply(JProcedure1.java:15)
[error]     at scala.runtime.function.JProcedure1.apply(JProcedure1.java:10)
[error]     at scala.collection.immutable.List.foreach(List.scala:333)
[error]     at dotty.communitybuild.CommunityBuildRunner$.run(CommunityBuildRunner.scala:24)
[error]     at dotty.communitybuild.CommunityBuildTestC.fansi(CommunityBuildTest.scala:68)
[error]     at jdk.internal.reflect.NativeMethodAccessorImpl.invoke0(Native Method)
[error]     at jdk.internal.reflect.NativeMethodAccessorImpl.invoke(Unknown Source)
[error]     at jdk.internal.reflect.DelegatingMethodAccessorImpl.invoke(Unknown Source)
[error]     at java.lang.reflect.Method.invoke(Unknown Source)
[error]     ...
[info] Test run dotty.communitybuild.CommunityBuildTestC finished: 1 failed, 0 ignored, 1 total, 66.318s
********************************************************************************
Failed projects:
 - dotty.communitybuild.CommunityBuildTestC.fansi
********************************************************************************
[info] Test run dotty.communitybuild.CommunityBuildTestB started
[info] Test run dotty.communitybuild.CommunityBuildTestB finished: 0 failed, 0 ignored, 0 total, 0.0s
[error] Failed: Total 1, Failed 1, Errors 0, Passed 0
[error] Failed tests:
[error] 	dotty.communitybuild.CommunityBuildTestC
[error] (community-build / Test / testOnly) sbt.TestsFailedException: Tests unsuccessful
[error] Total time: 107 s (01:47), completed Jun 14, 2023, 1:23:41 AM
