[info] welcome to sbt 1.8.0 (Oracle Corporation Java 9.0.4)
[info] loading global plugins from /Users/y3536zha/.sbt/1.0/plugins
[info] waiting for lock on /Users/y3536zha/.ivy2/.sbt.ivy.lock to be available...
[info] loading settings for project scala_flexible_type_with_test_script-build-build from build.sbt ...
[info] loading project definition from /Users/y3536zha/Desktop/scala_flexible/scala_flexible_type_with_test_script/project/project
[info] loading settings for project scala_flexible_type_with_test_script-build from build.sbt,plugins.sbt ...
[info] loading project definition from /Users/y3536zha/Desktop/scala_flexible/scala_flexible_type_with_test_script/project
[info] loading settings for project scala3 from build.sbt ...
[info] resolving key references (31394 settings) ...
[info] set current project to scala3 (in build file:/Users/y3536zha/Desktop/scala_flexible/scala_flexible_type_with_test_script/)
SLF4J: No SLF4J providers were found.
SLF4J: Defaulting to no-operation (NOP) logger implementation
SLF4J: See https://www.slf4j.org/codes.html#noProviders for further details.
SLF4J: Class path contains SLF4J bindings targeting slf4j-api versions 1.7.x or earlier.
SLF4J: Ignoring binding found at [jar:file:/Users/y3536zha/.sbt/boot/scala-2.12.17/org.scala-sbt/sbt/1.8.0/log4j-slf4j-impl-2.17.1.jar!/org/slf4j/impl/StaticLoggerBinder.class]
SLF4J: See https://www.slf4j.org/codes.html#ignoredBindings for an explanation.
[info] Wrote /Users/y3536zha/Desktop/scala_flexible/scala_flexible_type_with_test_script/interfaces/target/scala3-interfaces-3.3.1-RC1-bin-SNAPSHOT.pom
[info] Wrote /Users/y3536zha/Desktop/scala_flexible/scala_flexible_type_with_test_script/library/../out/bootstrap/scala3-library-bootstrapped/scala-3.3.1-RC1-bin-SNAPSHOT-nonbootstrapped/scala3-library_3-3.3.1-RC1-bin-SNAPSHOT.pom
[info] Wrote /Users/y3536zha/Desktop/scala_flexible/scala_flexible_type_with_test_script/library-js/../out/bootstrap/scala3-library-bootstrappedJS/scala-3.3.1-RC1-bin-SNAPSHOT-nonbootstrapped/scala3-library_sjs1_3-3.3.1-RC1-bin-SNAPSHOT.pom
[info] Wrote /Users/y3536zha/Desktop/scala_flexible/scala_flexible_type_with_test_script/tasty/../out/bootstrap/tasty-core-bootstrapped/scala-3.3.1-RC1-bin-SNAPSHOT-nonbootstrapped/tasty-core_3-3.3.1-RC1-bin-SNAPSHOT.pom
[info] Wrote /Users/y3536zha/Desktop/scala_flexible/scala_flexible_type_with_test_script/sbt-community-build/target/scala-2.12/sbt-1.0/sbt-community-build-0.1.0-SNAPSHOT.pom
[info] Wrote /Users/y3536zha/Desktop/scala_flexible/scala_flexible_type_with_test_script/compiler/../out/bootstrap/scala3-compiler-bootstrapped/scala-3.3.1-RC1-bin-SNAPSHOT-nonbootstrapped/scala3-compiler_3-3.3.1-RC1-bin-SNAPSHOT.pom
[info] Wrote /Users/y3536zha/Desktop/scala_flexible/scala_flexible_type_with_test_script/sbt-bridge/src/target/scala3-sbt-bridge-3.3.1-RC1-bin-SNAPSHOT.pom
[info] Wrote /Users/y3536zha/Desktop/scala_flexible/scala_flexible_type_with_test_script/tasty-inspector/../out/bootstrap/scala3-tasty-inspector/scala-3.3.1-RC1-bin-SNAPSHOT-nonbootstrapped/scala3-tasty-inspector_3-3.3.1-RC1-bin-SNAPSHOT.pom
[info] Wrote /Users/y3536zha/Desktop/scala_flexible/scala_flexible_type_with_test_script/scaladoc/../out/bootstrap/scaladoc/scala-3.3.1-RC1-bin-SNAPSHOT-nonbootstrapped/scaladoc_3-3.3.1-RC1-bin-SNAPSHOT.pom
[info] :: delivering :: org.scala-lang#scala3-interfaces;3.3.1-RC1-bin-SNAPSHOT :: 3.3.1-RC1-bin-SNAPSHOT :: integration :: Wed Jun 14 00:14:02 EDT 2023
[info] 	delivering ivy file to /Users/y3536zha/Desktop/scala_flexible/scala_flexible_type_with_test_script/interfaces/target/ivy-3.3.1-RC1-bin-SNAPSHOT.xml
[info] 	published scala3-interfaces to /Users/y3536zha/.ivy2/local/org.scala-lang/scala3-interfaces/3.3.1-RC1-bin-SNAPSHOT/poms/scala3-interfaces.pom
[info] 	published scala3-interfaces to /Users/y3536zha/.ivy2/local/org.scala-lang/scala3-interfaces/3.3.1-RC1-bin-SNAPSHOT/jars/scala3-interfaces.jar
[info] 	published scala3-interfaces to /Users/y3536zha/.ivy2/local/org.scala-lang/scala3-interfaces/3.3.1-RC1-bin-SNAPSHOT/srcs/scala3-interfaces-sources.jar
[info] 	published scala3-interfaces to /Users/y3536zha/.ivy2/local/org.scala-lang/scala3-interfaces/3.3.1-RC1-bin-SNAPSHOT/docs/scala3-interfaces-javadoc.jar
[info] 	published ivy to /Users/y3536zha/.ivy2/local/org.scala-lang/scala3-interfaces/3.3.1-RC1-bin-SNAPSHOT/ivys/ivy.xml
[info] :: delivering :: ch.epfl.lamp#sbt-community-build;0.1.0-SNAPSHOT :: 0.1.0-SNAPSHOT :: integration :: Wed Jun 14 00:14:02 EDT 2023
[info] 	delivering ivy file to /Users/y3536zha/Desktop/scala_flexible/scala_flexible_type_with_test_script/sbt-community-build/target/scala-2.12/sbt-1.0/ivy-0.1.0-SNAPSHOT.xml
[info] 	published sbt-community-build to /Users/y3536zha/.ivy2/local/ch.epfl.lamp/sbt-community-build/scala_2.12/sbt_1.0/0.1.0-SNAPSHOT/poms/sbt-community-build.pom
[info] 	published sbt-community-build to /Users/y3536zha/.ivy2/local/ch.epfl.lamp/sbt-community-build/scala_2.12/sbt_1.0/0.1.0-SNAPSHOT/jars/sbt-community-build.jar
[info] 	published sbt-community-build to /Users/y3536zha/.ivy2/local/ch.epfl.lamp/sbt-community-build/scala_2.12/sbt_1.0/0.1.0-SNAPSHOT/srcs/sbt-community-build-sources.jar
[info] 	published sbt-community-build to /Users/y3536zha/.ivy2/local/ch.epfl.lamp/sbt-community-build/scala_2.12/sbt_1.0/0.1.0-SNAPSHOT/docs/sbt-community-build-javadoc.jar
[info] 	published ivy to /Users/y3536zha/.ivy2/local/ch.epfl.lamp/sbt-community-build/scala_2.12/sbt_1.0/0.1.0-SNAPSHOT/ivys/ivy.xml
[info] :: delivering :: org.scala-lang#scala3-sbt-bridge;3.3.1-RC1-bin-SNAPSHOT :: 3.3.1-RC1-bin-SNAPSHOT :: integration :: Wed Jun 14 00:14:06 EDT 2023
[info] 	delivering ivy file to /Users/y3536zha/Desktop/scala_flexible/scala_flexible_type_with_test_script/sbt-bridge/src/target/ivy-3.3.1-RC1-bin-SNAPSHOT.xml
[info] 	published scala3-sbt-bridge to /Users/y3536zha/.ivy2/local/org.scala-lang/scala3-sbt-bridge/3.3.1-RC1-bin-SNAPSHOT/poms/scala3-sbt-bridge.pom
[info] 	published scala3-sbt-bridge to /Users/y3536zha/.ivy2/local/org.scala-lang/scala3-sbt-bridge/3.3.1-RC1-bin-SNAPSHOT/jars/scala3-sbt-bridge.jar
[info] 	published scala3-sbt-bridge to /Users/y3536zha/.ivy2/local/org.scala-lang/scala3-sbt-bridge/3.3.1-RC1-bin-SNAPSHOT/srcs/scala3-sbt-bridge-sources.jar
[info] 	published scala3-sbt-bridge to /Users/y3536zha/.ivy2/local/org.scala-lang/scala3-sbt-bridge/3.3.1-RC1-bin-SNAPSHOT/docs/scala3-sbt-bridge-javadoc.jar
[info] 	published ivy to /Users/y3536zha/.ivy2/local/org.scala-lang/scala3-sbt-bridge/3.3.1-RC1-bin-SNAPSHOT/ivys/ivy.xml
[info] :: delivering :: org.scala-lang#tasty-core_3;3.3.1-RC1-bin-SNAPSHOT :: 3.3.1-RC1-bin-SNAPSHOT :: integration :: Wed Jun 14 00:14:15 EDT 2023
[info] 	delivering ivy file to /Users/y3536zha/Desktop/scala_flexible/scala_flexible_type_with_test_script/out/bootstrap/tasty-core-bootstrapped/scala-3.3.1-RC1-bin-SNAPSHOT-nonbootstrapped/ivy-3.3.1-RC1-bin-SNAPSHOT.xml
[info] 	published tasty-core_3 to /Users/y3536zha/.ivy2/local/org.scala-lang/tasty-core_3/3.3.1-RC1-bin-SNAPSHOT/poms/tasty-core_3.pom
[info] 	published tasty-core_3 to /Users/y3536zha/.ivy2/local/org.scala-lang/tasty-core_3/3.3.1-RC1-bin-SNAPSHOT/jars/tasty-core_3.jar
[info] 	published tasty-core_3 to /Users/y3536zha/.ivy2/local/org.scala-lang/tasty-core_3/3.3.1-RC1-bin-SNAPSHOT/srcs/tasty-core_3-sources.jar
[info] 	published tasty-core_3 to /Users/y3536zha/.ivy2/local/org.scala-lang/tasty-core_3/3.3.1-RC1-bin-SNAPSHOT/docs/tasty-core_3-javadoc.jar
[info] 	published ivy to /Users/y3536zha/.ivy2/local/org.scala-lang/tasty-core_3/3.3.1-RC1-bin-SNAPSHOT/ivys/ivy.xml
[info] Main Scala API documentation to /Users/y3536zha/Desktop/scala_flexible/scala_flexible_type_with_test_script/library/../out/bootstrap/scala3-library-bootstrapped/scala-3.3.1-RC1-bin-SNAPSHOT-nonbootstrapped/api...
[info] Main Scala API documentation to /Users/y3536zha/Desktop/scala_flexible/scala_flexible_type_with_test_script/library-js/../out/bootstrap/scala3-library-bootstrappedJS/scala-3.3.1-RC1-bin-SNAPSHOT-nonbootstrapped/api...
[info] :: delivering :: org.scala-lang#scala3-tasty-inspector_3;3.3.1-RC1-bin-SNAPSHOT :: 3.3.1-RC1-bin-SNAPSHOT :: integration :: Wed Jun 14 00:14:16 EDT 2023
[info] 	delivering ivy file to /Users/y3536zha/Desktop/scala_flexible/scala_flexible_type_with_test_script/out/bootstrap/scala3-tasty-inspector/scala-3.3.1-RC1-bin-SNAPSHOT-nonbootstrapped/ivy-3.3.1-RC1-bin-SNAPSHOT.xml
[info] 	published scala3-tasty-inspector_3 to /Users/y3536zha/.ivy2/local/org.scala-lang/scala3-tasty-inspector_3/3.3.1-RC1-bin-SNAPSHOT/poms/scala3-tasty-inspector_3.pom
[info] 	published scala3-tasty-inspector_3 to /Users/y3536zha/.ivy2/local/org.scala-lang/scala3-tasty-inspector_3/3.3.1-RC1-bin-SNAPSHOT/jars/scala3-tasty-inspector_3.jar
[info] 	published scala3-tasty-inspector_3 to /Users/y3536zha/.ivy2/local/org.scala-lang/scala3-tasty-inspector_3/3.3.1-RC1-bin-SNAPSHOT/srcs/scala3-tasty-inspector_3-sources.jar
[info] 	published scala3-tasty-inspector_3 to /Users/y3536zha/.ivy2/local/org.scala-lang/scala3-tasty-inspector_3/3.3.1-RC1-bin-SNAPSHOT/docs/scala3-tasty-inspector_3-javadoc.jar
[info] 	published ivy to /Users/y3536zha/.ivy2/local/org.scala-lang/scala3-tasty-inspector_3/3.3.1-RC1-bin-SNAPSHOT/ivys/ivy.xml
[info] :: delivering :: org.scala-lang#scaladoc_3;3.3.1-RC1-bin-SNAPSHOT :: 3.3.1-RC1-bin-SNAPSHOT :: integration :: Wed Jun 14 00:14:16 EDT 2023
[info] 	delivering ivy file to /Users/y3536zha/Desktop/scala_flexible/scala_flexible_type_with_test_script/out/bootstrap/scaladoc/scala-3.3.1-RC1-bin-SNAPSHOT-nonbootstrapped/ivy-3.3.1-RC1-bin-SNAPSHOT.xml
[info] 	published scaladoc_3 to /Users/y3536zha/.ivy2/local/org.scala-lang/scaladoc_3/3.3.1-RC1-bin-SNAPSHOT/poms/scaladoc_3.pom
[info] 	published scaladoc_3 to /Users/y3536zha/.ivy2/local/org.scala-lang/scaladoc_3/3.3.1-RC1-bin-SNAPSHOT/jars/scaladoc_3.jar
[info] 	published scaladoc_3 to /Users/y3536zha/.ivy2/local/org.scala-lang/scaladoc_3/3.3.1-RC1-bin-SNAPSHOT/srcs/scaladoc_3-sources.jar
[info] 	published scaladoc_3 to /Users/y3536zha/.ivy2/local/org.scala-lang/scaladoc_3/3.3.1-RC1-bin-SNAPSHOT/docs/scaladoc_3-javadoc.jar
[info] 	published ivy to /Users/y3536zha/.ivy2/local/org.scala-lang/scaladoc_3/3.3.1-RC1-bin-SNAPSHOT/ivys/ivy.xml
[warn] Setting -skip-by-regex set to .+\.internal($|\..+) redundantly
[warn] bad option '-project-version 3.3.1-RC1-bin-SNAPSHOT' was ignored
[warn] Setting -skip-by-regex set to .+\.impl($|\..+) redundantly
[warn] Setting -skip-by-regex set to .+\.internal($|\..+) redundantly
[warn] Flag -project-logo set repeatedly
[warn] Setting -social-links set to github::https://github.com/lampepfl/dotty redundantly
[warn] Setting -skip-by-regex set to .+\.impl($|\..+) redundantly
[warn] Setting -social-links set to discord::https://discord.com/invite/scala redundantly
[warn] Setting -skip-by-id set to scala.runtime.stdLibPatches redundantly
[warn] Setting -social-links set to twitter::https://twitter.com/scala_lang redundantly
[warn] Setting -skip-by-id set to scala.runtime.stdLibPatches redundantly
[warn] Setting -skip-by-id set to scala.runtime.MatchCase redundantly
[warn] Setting -skip-by-id set to scala.runtime.MatchCase redundantly
[warn] Flag -project-footer set repeatedly
[warn] Flag -author set repeatedly
[warn] Flag -groups set repeatedly
[warn] bad option '-project-logo docs/_assets/images/logo.svg' was ignored
[warn] Flag -default-template set repeatedly
[warn] Setting -external-mappings set to .*scala/.*::scaladoc3::https://dotty.epfl.ch/api/ redundantly
[warn] Setting -social-links set to github::https://github.com/lampepfl/dotty redundantly
[warn] Setting -external-mappings set to .*java/.*::javadoc::https://docs.oracle.com/javase/8/docs/api/ redundantly
[warn] Setting -social-links set to discord::https://discord.com/invite/scala redundantly
[warn] bad option '-project-version 3.3.1-RC1-bin-SNAPSHOT' was ignored
[warn] Setting -skip-by-regex set to .+\.internal($|\..+) redundantly
[warn] Setting -skip-by-regex set to .+\.impl($|\..+) redundantly
[warn] Setting -skip-by-id set to scala.runtime.stdLibPatches redundantly
[warn] Setting -social-links set to twitter::https://twitter.com/scala_lang redundantly
[warn] Setting -skip-by-id set to scala.runtime.MatchCase redundantly
[warn] bad option '-project-logo docs/_assets/images/logo.svg' was ignored
[warn] Setting -social-links set to github::https://github.com/lampepfl/dotty redundantly
[warn] bad option '-project-footer "Copyright (c) 2002-2023, LAMP/EPFL"' was ignored
[warn] Setting -social-links set to discord::https://discord.com/invite/scala redundantly
[warn] Setting -social-links set to twitter::https://twitter.com/scala_lang redundantly
[warn] bad option '-default-template static-site-main' was ignored
[warn] bad option '-project-footer "Copyright (c) 2002-2023, LAMP/EPFL"' was ignored
[warn] bad option '-default-template static-site-main' was ignored
[warn] Flag -author set repeatedly
[warn] Flag -groups set repeatedly
[info] Skipping unused scalacOptions: -Werror, -Yno-experimental, -Yexplicit-nulls
[warn] Flag -author set repeatedly
[warn] Flag -groups set repeatedly
[info] Skipping unused scalacOptions: -Werror, -Yno-experimental, -Yexplicit-nulls
[info] :: delivering :: org.scala-lang#scala3-compiler_3;3.3.1-RC1-bin-SNAPSHOT :: 3.3.1-RC1-bin-SNAPSHOT :: integration :: Wed Jun 14 00:14:24 EDT 2023
[info] 	delivering ivy file to /Users/y3536zha/Desktop/scala_flexible/scala_flexible_type_with_test_script/out/bootstrap/scala3-compiler-bootstrapped/scala-3.3.1-RC1-bin-SNAPSHOT-nonbootstrapped/ivy-3.3.1-RC1-bin-SNAPSHOT.xml
[info] 	published scala3-compiler_3 to /Users/y3536zha/.ivy2/local/org.scala-lang/scala3-compiler_3/3.3.1-RC1-bin-SNAPSHOT/poms/scala3-compiler_3.pom
[info] 	published scala3-compiler_3 to /Users/y3536zha/.ivy2/local/org.scala-lang/scala3-compiler_3/3.3.1-RC1-bin-SNAPSHOT/jars/scala3-compiler_3.jar
[info] 	published scala3-compiler_3 to /Users/y3536zha/.ivy2/local/org.scala-lang/scala3-compiler_3/3.3.1-RC1-bin-SNAPSHOT/srcs/scala3-compiler_3-sources.jar
[info] 	published scala3-compiler_3 to /Users/y3536zha/.ivy2/local/org.scala-lang/scala3-compiler_3/3.3.1-RC1-bin-SNAPSHOT/docs/scala3-compiler_3-javadoc.jar
[info] 	published ivy to /Users/y3536zha/.ivy2/local/org.scala-lang/scala3-compiler_3/3.3.1-RC1-bin-SNAPSHOT/ivys/ivy.xml
[warn] -- Warning: library/src/scala/util/FromDigits.scala:21:6 -----------------------
[warn] 21 |  def fromDigits(digits: String): T
[warn]    |      ^
[warn]    |      No DRI found for query: MalformedNumber
[warn] -- Warning: library/src/scala/util/FromDigits.scala:21:6 -----------------------
[warn] 21 |  def fromDigits(digits: String): T
[warn]    |      ^
[warn]    |      No DRI found for query: MalformedNumber
[error] -- [E069] Naming Error: /Users/y3536zha/Desktop/scala_flexible/scala_flexible_type_with_test_script/library/src/scala/IArray.scala:13:7 
[error] 13 |object IArray:
[error]    |       ^
[error]    |object IArray cannot have the same name as object IArray in package scala -- cannot define object member with the same name as a object member in self reference _.
[error]    |(Note: this can be resolved by using another name)
[error] -- [E069] Naming Error: /Users/y3536zha/Desktop/scala_flexible/scala_flexible_type_with_test_script/library/src/scala/IArray.scala:13:7 
[error] 13 |object IArray:
[error]    |       ^
[error]    |object IArray cannot have the same name as object IArray in package scala -- cannot define object member with the same name as a object member in self reference _.
[error]    |(Note: this can be resolved by using another name)
[warn] 28 warnings found
[warn] 14 warnings found
[error] one error found
[error] one error found
[info] :: delivering :: org.scala-lang#scala3-library_sjs1_3;3.3.1-RC1-bin-SNAPSHOT :: 3.3.1-RC1-bin-SNAPSHOT :: integration :: Wed Jun 14 00:15:13 EDT 2023
[info] 	delivering ivy file to /Users/y3536zha/Desktop/scala_flexible/scala_flexible_type_with_test_script/out/bootstrap/scala3-library-bootstrappedJS/scala-3.3.1-RC1-bin-SNAPSHOT-nonbootstrapped/ivy-3.3.1-RC1-bin-SNAPSHOT.xml
[info] 	published scala3-library_sjs1_3 to /Users/y3536zha/.ivy2/local/org.scala-lang/scala3-library_sjs1_3/3.3.1-RC1-bin-SNAPSHOT/poms/scala3-library_sjs1_3.pom
[info] 	published scala3-library_sjs1_3 to /Users/y3536zha/.ivy2/local/org.scala-lang/scala3-library_sjs1_3/3.3.1-RC1-bin-SNAPSHOT/jars/scala3-library_sjs1_3.jar
[info] 	published scala3-library_sjs1_3 to /Users/y3536zha/.ivy2/local/org.scala-lang/scala3-library_sjs1_3/3.3.1-RC1-bin-SNAPSHOT/srcs/scala3-library_sjs1_3-sources.jar
[info] 	published scala3-library_sjs1_3 to /Users/y3536zha/.ivy2/local/org.scala-lang/scala3-library_sjs1_3/3.3.1-RC1-bin-SNAPSHOT/docs/scala3-library_sjs1_3-javadoc.jar
[info] 	published ivy to /Users/y3536zha/.ivy2/local/org.scala-lang/scala3-library_sjs1_3/3.3.1-RC1-bin-SNAPSHOT/ivys/ivy.xml
[info] :: delivering :: org.scala-lang#scala3-library_3;3.3.1-RC1-bin-SNAPSHOT :: 3.3.1-RC1-bin-SNAPSHOT :: integration :: Wed Jun 14 00:15:13 EDT 2023
[info] 	delivering ivy file to /Users/y3536zha/Desktop/scala_flexible/scala_flexible_type_with_test_script/out/bootstrap/scala3-library-bootstrapped/scala-3.3.1-RC1-bin-SNAPSHOT-nonbootstrapped/ivy-3.3.1-RC1-bin-SNAPSHOT.xml
[info] 	published scala3-library_3 to /Users/y3536zha/.ivy2/local/org.scala-lang/scala3-library_3/3.3.1-RC1-bin-SNAPSHOT/poms/scala3-library_3.pom
[info] 	published scala3-library_3 to /Users/y3536zha/.ivy2/local/org.scala-lang/scala3-library_3/3.3.1-RC1-bin-SNAPSHOT/jars/scala3-library_3.jar
[info] 	published scala3-library_3 to /Users/y3536zha/.ivy2/local/org.scala-lang/scala3-library_3/3.3.1-RC1-bin-SNAPSHOT/srcs/scala3-library_3-sources.jar
[info] 	published scala3-library_3 to /Users/y3536zha/.ivy2/local/org.scala-lang/scala3-library_3/3.3.1-RC1-bin-SNAPSHOT/docs/scala3-library_3-javadoc.jar
[info] 	published ivy to /Users/y3536zha/.ivy2/local/org.scala-lang/scala3-library_3/3.3.1-RC1-bin-SNAPSHOT/ivys/ivy.xml
[info] Test run dotty.communitybuild.CommunityBuildTestA started
[info] Test dotty.communitybuild.CommunityBuildTestA.scissSerialscissSerialscissSerial started
[32m[STARTING AsyncFile][0m
[32mPublishing Log[0m
[32msbt -sbt-version 1.8.0 -Dsbt.supershell=false -Ddotty.communitybuild.dir=/Users/y3536zha/Desktop/scala_flexible/scala_flexible_type_with_test_script/community-build --addPluginSbtFile=/Users/y3536zha/Desktop/scala_flexible/scala_flexible_type_with_test_script/community-build/sbt-injected-plugins clean; set Global/logLevel := Level.Error; set Global/updateOptions ~= (_.withLatestSnapshots(false)); set Global/scalacOptions ++= List("-Xcheck-macros","-Ysafe-init","-Yexplicit-nulls","-Yflexible-types");++3.3.1-RC1-bin-SNAPSHOT!; rootJVM/publishLocal[0m
[info] welcome to sbt 1.8.0 (Oracle Corporation Java 9.0.4)
[info] loading global plugins from /Users/y3536zha/.sbt/1.0/plugins
[info] waiting for lock on /Users/y3536zha/.ivy2/.sbt.ivy.lock to be available...
[info] loading settings for project log-build from plugins.sbt,sbt-injected-plugins ...
[info] loading project definition from /Users/y3536zha/Desktop/scala_flexible/scala_flexible_type_with_test_script/community-build/community-projects/Log/project
/Users/y3536zha/Desktop/scala_flexible/scala_flexible_type_with_test_script/community-build/community-projects/Log/build.sbt:29: warning: method in in trait ScopingSetting is deprecated (since 1.5.0): `in` is deprecated; migrate to slash syntax - https://www.scala-sbt.org/1.x/docs/Migrating-from-sbt-013x.html#slash
    scalacOptions in (Compile, compile) ++= {
                  ^
/Users/y3536zha/Desktop/scala_flexible/scala_flexible_type_with_test_script/community-build/community-projects/Log/build.sbt:42: warning: method in in trait ScopingSetting is deprecated (since 1.5.0): `in` is deprecated; migrate to slash syntax - https://www.scala-sbt.org/1.x/docs/Migrating-from-sbt-013x.html#slash
  publishArtifact in Test := false,
                  ^
[info] loading settings for project log from build.sbt ...
[info] set current project to log (in build file:/Users/y3536zha/Desktop/scala_flexible/scala_flexible_type_with_test_script/community-build/community-projects/Log/)
[success] Total time: 0 s, completed Jun 14, 2023, 12:15:41 AM
[info] Defining Global / logLevel
[info] The new value will be used by Test / test / testListeners, Test / testOnly / testListeners and 21 others.
[info] 	Run `last` for details.
[info] Reapplying settings...
[info] set current project to log (in build file:/Users/y3536zha/Desktop/scala_flexible/scala_flexible_type_with_test_script/community-build/community-projects/Log/)
[info] Defining Global / updateOptions
[info] The new value will be used by dependencyTreeIgnoreMissingUpdate / updateOptions, ivyConfiguration and 6 others.
[info] 	Run `last` for details.
[info] Reapplying settings...
[info] set current project to log (in build file:/Users/y3536zha/Desktop/scala_flexible/scala_flexible_type_with_test_script/community-build/community-projects/Log/)
[info] Defining Global / scalacOptions
[info] The new value will be used by Compile / scalacOptions, rootJS / scalacOptions, rootJVM / scalacOptions
[info] Reapplying settings...
[info] set current project to log (in build file:/Users/y3536zha/Desktop/scala_flexible/scala_flexible_type_with_test_script/community-build/community-projects/Log/)
[info] Forcing Scala version to 3.3.1-RC1-bin-SNAPSHOT on all projects.
[info] Reapplying settings...
[info] Loading dependency tracking file /Users/y3536zha/Desktop/scala_flexible/scala_flexible_type_with_test_script/community-build/dotty-community-build-deps
[info] Dependency tracking file /Users/y3536zha/Desktop/scala_flexible/scala_flexible_type_with_test_script/community-build/dotty-community-build-deps does not exist
[info] set current project to log (in build file:/Users/y3536zha/Desktop/scala_flexible/scala_flexible_type_with_test_script/community-build/community-projects/Log/)
Exception while compiling /Users/y3536zha/Desktop/scala_flexible/scala_flexible_type_with_test_script/community-build/community-projects/Log/jvm/target/scala-3.3.1-RC1-bin-SNAPSHOT/classes/de/sciss/log/Level.tasty, /Users/y3536zha/Desktop/scala_flexible/scala_flexible_type_with_test_script/community-build/community-projects/Log/jvm/target/scala-3.3.1-RC1-bin-SNAPSHOT/classes/de/sciss/log/Logger.tasty, /Users/y3536zha/Desktop/scala_flexible/scala_flexible_type_with_test_script/community-build/community-projects/Log/jvm/target/scala-3.3.1-RC1-bin-SNAPSHOT/classes/de/sciss/log/LoggerPlatform.tasty
[error] java.lang.RuntimeException: java.lang.reflect.InvocationTargetException
[error] 	at xsbt.DottydocRunner.run(DottydocRunner.java:65)
[error] 	at xsbt.ScaladocInterface.run(ScaladocInterface.java:11)
[error] 	at java.base/jdk.internal.reflect.NativeMethodAccessorImpl.invoke0(Native Method)
[error] 	at java.base/jdk.internal.reflect.NativeMethodAccessorImpl.invoke(Unknown Source)
[error] 	at java.base/jdk.internal.reflect.DelegatingMethodAccessorImpl.invoke(Unknown Source)
[error] 	at java.base/java.lang.reflect.Method.invoke(Unknown Source)
[error] 	at sbt.internal.inc.AnalyzingCompiler.invoke(AnalyzingCompiler.scala:329)
[error] 	at sbt.internal.inc.AnalyzingCompiler.doc(AnalyzingCompiler.scala:175)
[error] 	at sbt.internal.inc.AnalyzingCompiler.doc(AnalyzingCompiler.scala:133)
[error] 	at sbt.Doc$.$anonfun$scaladoc$1(Doc.scala:52)
[error] 	at sbt.Doc$.$anonfun$scaladoc$1$adapted(Doc.scala:40)
[error] 	at sbt.RawCompileLike$.$anonfun$prepare$1(RawCompileLike.scala:79)
[error] 	at sbt.RawCompileLike$.$anonfun$prepare$1$adapted(RawCompileLike.scala:72)
[error] 	at sbt.RawCompileLike$.$anonfun$cached$4(RawCompileLike.scala:63)
[error] 	at sbt.RawCompileLike$.$anonfun$cached$4$adapted(RawCompileLike.scala:61)
[error] 	at sbt.util.Tracked$.$anonfun$inputChangedW$1(Tracked.scala:219)
[error] 	at sbt.RawCompileLike$.$anonfun$cached$1(RawCompileLike.scala:68)
[error] 	at sbt.RawCompileLike$.$anonfun$cached$1$adapted(RawCompileLike.scala:52)
[error] 	at sbt.Defaults$.$anonfun$docTaskSettings$4(Defaults.scala:2156)
[error] 	at scala.Function1.$anonfun$compose$1(Function1.scala:49)
[error] 	at sbt.internal.util.$tilde$greater.$anonfun$$u2219$1(TypeFunctions.scala:62)
[error] 	at sbt.std.Transform$$anon$4.work(Transform.scala:68)
[error] 	at sbt.Execute.$anonfun$submit$2(Execute.scala:282)
[error] 	at sbt.internal.util.ErrorHandling$.wideConvert(ErrorHandling.scala:23)
[error] 	at sbt.Execute.work(Execute.scala:291)
[error] 	at sbt.Execute.$anonfun$submit$1(Execute.scala:282)
[error] 	at sbt.ConcurrentRestrictions$$anon$4.$anonfun$submitValid$1(ConcurrentRestrictions.scala:265)
[error] 	at sbt.CompletionService$$anon$2.call(CompletionService.scala:64)
[error] 	at java.base/java.util.concurrent.FutureTask.run(Unknown Source)
[error] 	at java.base/java.util.concurrent.Executors$RunnableAdapter.call(Unknown Source)
[error] 	at java.base/java.util.concurrent.FutureTask.run(Unknown Source)
[error] 	at java.base/java.util.concurrent.ThreadPoolExecutor.runWorker(Unknown Source)
[error] 	at java.base/java.util.concurrent.ThreadPoolExecutor$Worker.run(Unknown Source)
[error] 	at java.base/java.lang.Thread.run(Unknown Source)
[error] Caused by: java.lang.reflect.InvocationTargetException
[error] 	at java.base/jdk.internal.reflect.NativeMethodAccessorImpl.invoke0(Native Method)
[error] 	at java.base/jdk.internal.reflect.NativeMethodAccessorImpl.invoke(Unknown Source)
[error] 	at java.base/jdk.internal.reflect.DelegatingMethodAccessorImpl.invoke(Unknown Source)
[error] 	at java.base/java.lang.reflect.Method.invoke(Unknown Source)
[error] 	at xsbt.DottydocRunner.run(DottydocRunner.java:61)
[error] 	at xsbt.ScaladocInterface.run(ScaladocInterface.java:11)
[error] 	at java.base/jdk.internal.reflect.NativeMethodAccessorImpl.invoke0(Native Method)
[error] 	at java.base/jdk.internal.reflect.NativeMethodAccessorImpl.invoke(Unknown Source)
[error] 	at java.base/jdk.internal.reflect.DelegatingMethodAccessorImpl.invoke(Unknown Source)
[error] 	at java.base/java.lang.reflect.Method.invoke(Unknown Source)
[error] 	at sbt.internal.inc.AnalyzingCompiler.invoke(AnalyzingCompiler.scala:329)
[error] 	at sbt.internal.inc.AnalyzingCompiler.doc(AnalyzingCompiler.scala:175)
[error] 	at sbt.internal.inc.AnalyzingCompiler.doc(AnalyzingCompiler.scala:133)
[error] 	at sbt.Doc$.$anonfun$scaladoc$1(Doc.scala:52)
[error] 	at sbt.Doc$.$anonfun$scaladoc$1$adapted(Doc.scala:40)
[error] 	at sbt.RawCompileLike$.$anonfun$prepare$1(RawCompileLike.scala:79)
[error] 	at sbt.RawCompileLike$.$anonfun$prepare$1$adapted(RawCompileLike.scala:72)
[error] 	at sbt.RawCompileLike$.$anonfun$cached$4(RawCompileLike.scala:63)
[error] 	at sbt.RawCompileLike$.$anonfun$cached$4$adapted(RawCompileLike.scala:61)
[error] 	at sbt.util.Tracked$.$anonfun$inputChangedW$1(Tracked.scala:219)
[error] 	at sbt.RawCompileLike$.$anonfun$cached$1(RawCompileLike.scala:68)
[error] 	at sbt.RawCompileLike$.$anonfun$cached$1$adapted(RawCompileLike.scala:52)
[error] 	at sbt.Defaults$.$anonfun$docTaskSettings$4(Defaults.scala:2156)
[error] 	at scala.Function1.$anonfun$compose$1(Function1.scala:49)
[error] 	at sbt.internal.util.$tilde$greater.$anonfun$$u2219$1(TypeFunctions.scala:62)
[error] 	at sbt.std.Transform$$anon$4.work(Transform.scala:68)
[error] 	at sbt.Execute.$anonfun$submit$2(Execute.scala:282)
[error] 	at sbt.internal.util.ErrorHandling$.wideConvert(ErrorHandling.scala:23)
[error] 	at sbt.Execute.work(Execute.scala:291)
[error] 	at sbt.Execute.$anonfun$submit$1(Execute.scala:282)
[error] 	at sbt.ConcurrentRestrictions$$anon$4.$anonfun$submitValid$1(ConcurrentRestrictions.scala:265)
[error] 	at sbt.CompletionService$$anon$2.call(CompletionService.scala:64)
[error] 	at java.base/java.util.concurrent.FutureTask.run(Unknown Source)
[error] 	at java.base/java.util.concurrent.Executors$RunnableAdapter.call(Unknown Source)
[error] 	at java.base/java.util.concurrent.FutureTask.run(Unknown Source)
[error] 	at java.base/java.util.concurrent.ThreadPoolExecutor.runWorker(Unknown Source)
[error] 	at java.base/java.util.concurrent.ThreadPoolExecutor$Worker.run(Unknown Source)
[error] 	at java.base/java.lang.Thread.run(Unknown Source)
[error] Caused by: scala.MatchError: 193 (of class java.lang.Integer)
[error] 	at dotty.tools.dotc.core.tasty.TreeUnpickler$TreeReader.readLengthType$1(TreeUnpickler.scala:416)
[error] 	at dotty.tools.dotc.core.tasty.TreeUnpickler$TreeReader.readType(TreeUnpickler.scala:465)
[error] 	at dotty.tools.dotc.core.tasty.TreeUnpickler$TreeReader.readTpt(TreeUnpickler.scala:1481)
[error] 	at dotty.tools.dotc.core.tasty.TreeUnpickler$TreeReader.readNewDef(TreeUnpickler.scala:893)
[error] 	at dotty.tools.dotc.core.tasty.TreeUnpickler$TreeReader.readIndexedDef(TreeUnpickler.scala:827)
[error] 	at dotty.tools.dotc.core.tasty.TreeUnpickler$TreeReader.readIndexedStat(TreeUnpickler.scala:1087)
[error] 	at dotty.tools.dotc.core.tasty.TreeUnpickler$TreeReader.readIndexedStats(TreeUnpickler.scala:1139)
[error] 	at dotty.tools.dotc.core.tasty.TreeUnpickler.$anonfun$22$$anonfun$1(TreeUnpickler.scala:1054)
[error] 	at dotty.tools.dotc.core.tasty.TreeUnpickler$LazyReader.complete(TreeUnpickler.scala:1587)
[error] 	at dotty.tools.dotc.ast.Trees$WithLazyFields.force(Trees.scala:1033)
[error] 	at dotty.tools.dotc.ast.Trees$WithLazyFields.force$(Trees.scala:1029)
[error] 	at dotty.tools.dotc.ast.Trees$Template.force(Trees.scala:862)
[error] 	at dotty.tools.dotc.ast.Trees$Template.forceFields(Trees.scala:868)
[error] 	at dotty.tools.dotc.ast.Trees$Template.parentsOrDerived(Trees.scala:872)
[error] 	at dotty.tools.dotc.ast.Trees$Template.parents(Trees.scala:874)
[error] 	at dotty.tools.dotc.ast.Trees$Instance$TreeAccumulator.foldOver(Trees.scala:1627)
[error] 	at dotty.tools.dotc.ast.Trees$Instance$TreeTraverser.traverseChildren(Trees.scala:1661)
[error] 	at dotty.tools.dotc.CompilationUnit$Force.traverse(CompilationUnit.scala:172)
[error] 	at dotty.tools.dotc.ast.Trees$Instance$TreeTraverser.apply(Trees.scala:1660)
[error] 	at dotty.tools.dotc.ast.Trees$Instance$TreeTraverser.apply(Trees.scala:1660)
[error] 	at dotty.tools.dotc.ast.Trees$Instance$TreeAccumulator.foldOver(Trees.scala:1624)
[error] 	at dotty.tools.dotc.ast.Trees$Instance$TreeTraverser.traverseChildren(Trees.scala:1661)
[error] 	at dotty.tools.dotc.CompilationUnit$Force.traverse(CompilationUnit.scala:172)
[error] 	at dotty.tools.dotc.ast.Trees$Instance$TreeTraverser.apply(Trees.scala:1660)
[error] 	at dotty.tools.dotc.ast.Trees$Instance$TreeTraverser.apply(Trees.scala:1660)
[error] 	at dotty.tools.dotc.ast.Trees$Instance$TreeAccumulator.fold$1(Trees.scala:1532)
[error] 	at dotty.tools.dotc.ast.Trees$Instance$TreeAccumulator.apply(Trees.scala:1534)
[error] 	at dotty.tools.dotc.ast.Trees$Instance$TreeAccumulator.foldOver(Trees.scala:1633)
[error] 	at dotty.tools.dotc.ast.Trees$Instance$TreeAccumulator.foldOver(Trees.scala:1538)
[error] 	at dotty.tools.dotc.ast.Trees$Instance$TreeTraverser.traverseChildren(Trees.scala:1661)
[error] 	at dotty.tools.dotc.CompilationUnit$Force.traverse(CompilationUnit.scala:172)
[error] 	at dotty.tools.dotc.CompilationUnit$.apply(CompilationUnit.scala:123)
[error] 	at dotty.tools.dotc.CompilationUnit$.apply(CompilationUnit.scala:114)
[error] 	at dotty.tools.dotc.fromtasty.ReadTasty.compilationUnit$1(ReadTasty.scala:42)
[error] 	at dotty.tools.dotc.fromtasty.ReadTasty.readTASTY(ReadTasty.scala:70)
[error] 	at dotty.tools.dotc.fromtasty.ReadTasty.runOn$$anonfun$1(ReadTasty.scala:25)
[error] 	at scala.collection.immutable.List.flatMap(List.scala:293)
[error] 	at dotty.tools.dotc.fromtasty.ReadTasty.runOn(ReadTasty.scala:25)
[error] 	at dotty.tools.dotc.Run.runPhases$1$$anonfun$1(Run.scala:246)
[error] 	at scala.runtime.function.JProcedure1.apply(JProcedure1.java:15)
[error] 	at scala.runtime.function.JProcedure1.apply(JProcedure1.java:10)
[error] 	at scala.collection.ArrayOps$.foreach$extension(ArrayOps.scala:1321)
[error] 	at dotty.tools.dotc.Run.runPhases$1(Run.scala:262)
[error] 	at dotty.tools.dotc.Run.compileUnits$$anonfun$1(Run.scala:270)
[error] 	at dotty.tools.dotc.Run.compileUnits$$anonfun$adapted$1(Run.scala:279)
[error] 	at dotty.tools.dotc.util.Stats$.maybeMonitored(Stats.scala:67)
[error] 	at dotty.tools.dotc.Run.compileUnits(Run.scala:279)
[error] 	at dotty.tools.dotc.Run.compileUnits(Run.scala:200)
[error] 	at dotty.tools.dotc.fromtasty.TASTYRun.compile(TASTYRun.scala:15)
[error] 	at dotty.tools.dotc.Driver.doCompile(Driver.scala:37)
[error] 	at dotty.tools.dotc.Driver.process(Driver.scala:197)
[error] 	at scala.tasty.inspector.OldTastyInspector.inspectFilesInContext(OldTastyInspector.scala:72)
[error] 	at scala.tasty.inspector.OldTastyInspector.inspectFilesInContext$(OldTastyInspector.scala:22)
[error] 	at scala.tasty.inspector.DocTastyInspector.inspectFilesInContext(DocTastyInspector.scala:5)
[error] 	at dotty.tools.scaladoc.tasty.ScaladocTastyInspector.result(TastyParser.scala:147)
[error] 	at dotty.tools.scaladoc.ScalaModuleProvider$.mkModule(ScalaModuleProvider.scala:11)
[error] 	at dotty.tools.scaladoc.Scaladoc$.run(Scaladoc.scala:241)
[error] 	at dotty.tools.scaladoc.Scaladoc$.run$$anonfun$1(Scaladoc.scala:73)
[error] 	at scala.runtime.function.JProcedure1.apply(JProcedure1.java:15)
[error] 	at scala.runtime.function.JProcedure1.apply(JProcedure1.java:10)
[error] 	at scala.Option.map(Option.scala:242)
[error] 	at dotty.tools.scaladoc.Scaladoc$.run(Scaladoc.scala:77)
[error] 	at dotty.tools.dottydoc.Main$.process(Main.scala:25)
[error] 	at dotty.tools.dottydoc.Main.process(Main.scala)
[error] 	at java.base/jdk.internal.reflect.NativeMethodAccessorImpl.invoke0(Native Method)
[error] 	at java.base/jdk.internal.reflect.NativeMethodAccessorImpl.invoke(Unknown Source)
[error] 	at java.base/jdk.internal.reflect.DelegatingMethodAccessorImpl.invoke(Unknown Source)
[error] 	at java.base/java.lang.reflect.Method.invoke(Unknown Source)
[error] 	at xsbt.DottydocRunner.run(DottydocRunner.java:61)
[error] 	at xsbt.ScaladocInterface.run(ScaladocInterface.java:11)
[error] 	at java.base/jdk.internal.reflect.NativeMethodAccessorImpl.invoke0(Native Method)
[error] 	at java.base/jdk.internal.reflect.NativeMethodAccessorImpl.invoke(Unknown Source)
[error] 	at java.base/jdk.internal.reflect.DelegatingMethodAccessorImpl.invoke(Unknown Source)
[error] 	at java.base/java.lang.reflect.Method.invoke(Unknown Source)
[error] 	at sbt.internal.inc.AnalyzingCompiler.invoke(AnalyzingCompiler.scala:329)
[error] 	at sbt.internal.inc.AnalyzingCompiler.doc(AnalyzingCompiler.scala:175)
[error] 	at sbt.internal.inc.AnalyzingCompiler.doc(AnalyzingCompiler.scala:133)
[error] 	at sbt.Doc$.$anonfun$scaladoc$1(Doc.scala:52)
[error] 	at sbt.Doc$.$anonfun$scaladoc$1$adapted(Doc.scala:40)
[error] 	at sbt.RawCompileLike$.$anonfun$prepare$1(RawCompileLike.scala:79)
[error] 	at sbt.RawCompileLike$.$anonfun$prepare$1$adapted(RawCompileLike.scala:72)
[error] 	at sbt.RawCompileLike$.$anonfun$cached$4(RawCompileLike.scala:63)
[error] 	at sbt.RawCompileLike$.$anonfun$cached$4$adapted(RawCompileLike.scala:61)
[error] 	at sbt.util.Tracked$.$anonfun$inputChangedW$1(Tracked.scala:219)
[error] 	at sbt.RawCompileLike$.$anonfun$cached$1(RawCompileLike.scala:68)
[error] 	at sbt.RawCompileLike$.$anonfun$cached$1$adapted(RawCompileLike.scala:52)
[error] 	at sbt.Defaults$.$anonfun$docTaskSettings$4(Defaults.scala:2156)
[error] 	at scala.Function1.$anonfun$compose$1(Function1.scala:49)
[error] 	at sbt.internal.util.$tilde$greater.$anonfun$$u2219$1(TypeFunctions.scala:62)
[error] 	at sbt.std.Transform$$anon$4.work(Transform.scala:68)
[error] 	at sbt.Execute.$anonfun$submit$2(Execute.scala:282)
[error] 	at sbt.internal.util.ErrorHandling$.wideConvert(ErrorHandling.scala:23)
[error] 	at sbt.Execute.work(Execute.scala:291)
[error] 	at sbt.Execute.$anonfun$submit$1(Execute.scala:282)
[error] 	at sbt.ConcurrentRestrictions$$anon$4.$anonfun$submitValid$1(ConcurrentRestrictions.scala:265)
[error] 	at sbt.CompletionService$$anon$2.call(CompletionService.scala:64)
[error] 	at java.base/java.util.concurrent.FutureTask.run(Unknown Source)
[error] 	at java.base/java.util.concurrent.Executors$RunnableAdapter.call(Unknown Source)
[error] 	at java.base/java.util.concurrent.FutureTask.run(Unknown Source)
[error] 	at java.base/java.util.concurrent.ThreadPoolExecutor.runWorker(Unknown Source)
[error] 	at java.base/java.util.concurrent.ThreadPoolExecutor$Worker.run(Unknown Source)
[error] 	at java.base/java.lang.Thread.run(Unknown Source)
[error] (rootJVM / Compile / doc) java.lang.reflect.InvocationTargetException
[error] Total time: 19 s, completed Jun 14, 2023, 12:16:06 AM
[error] Test dotty.communitybuild.CommunityBuildTestA.scissSerialscissSerialscissSerial failed: java.lang.RuntimeException: Publish command exited with code 1 for project Log. Project details:
[error] SbtCommunityProject(Log,rootJVM/test,List(),List(),dotty.communitybuild.SbtCommunityProject$$$Lambda$50/1522452524@b1fc5eb,rootJVM/publishLocal,null,List(-Xcheck-macros, -Ysafe-init, -Yexplicit-nulls, -Yflexible-types),false), took 52.17 sec
[error]     at dotty.communitybuild.CommunityProject.publish(projects.scala:64)
[error]     at dotty.communitybuild.CommunityProject.publish$(projects.scala:35)
[error]     at dotty.communitybuild.SbtCommunityProject.publish(projects.scala:104)
[error]     at dotty.communitybuild.CommunityBuildRunner$.run$$anonfun$1(CommunityBuildRunner.scala:24)
[error]     at scala.runtime.function.JProcedure1.apply(JProcedure1.java:15)
[error]     at scala.runtime.function.JProcedure1.apply(JProcedure1.java:10)
[error]     at scala.collection.immutable.List.foreach(List.scala:333)
[error]     at dotty.communitybuild.CommunityBuildRunner$.run(CommunityBuildRunner.scala:24)
[error]     at dotty.communitybuild.CommunityBuildTestA.scissSerialscissSerialscissSerial(CommunityBuildTest.scala:30)
[error]     at jdk.internal.reflect.NativeMethodAccessorImpl.invoke0(Native Method)
[error]     at jdk.internal.reflect.NativeMethodAccessorImpl.invoke(Unknown Source)
[error]     at jdk.internal.reflect.DelegatingMethodAccessorImpl.invoke(Unknown Source)
[error]     at java.lang.reflect.Method.invoke(Unknown Source)
[error]     ...
[info] Test dotty.communitybuild.CommunityBuildTestA.scissSerial started
[32m[STARTING Serial][0m
[32mPublishing scala-xml[0m
[32msbt -sbt-version 1.8.0 -Dsbt.supershell=false -Ddotty.communitybuild.dir=/Users/y3536zha/Desktop/scala_flexible/scala_flexible_type_with_test_script/community-build --addPluginSbtFile=/Users/y3536zha/Desktop/scala_flexible/scala_flexible_type_with_test_script/community-build/sbt-injected-plugins clean; set Global/logLevel := Level.Error; set Global/updateOptions ~= (_.withLatestSnapshots(false)); set Global/scalacOptions ++= List("-Xcheck-macros","-Ysafe-init","-Yexplicit-nulls","-Yflexible-types");++3.3.1-RC1-bin-SNAPSHOT!; xml/publishLocal[0m
[info] welcome to sbt 1.8.0 (Oracle Corporation Java 9.0.4)
[info] loading global plugins from /Users/y3536zha/.sbt/1.0/plugins
[info] loading settings for project scala-xml-build from plugins.sbt,sbt-injected-plugins ...
[info] loading project definition from /Users/y3536zha/Desktop/scala_flexible/scala_flexible_type_with_test_script/community-build/community-projects/scala-xml/project
[info] loading settings for project scala-xml from build.sbt ...
SLF4J: No SLF4J providers were found.
SLF4J: Defaulting to no-operation (NOP) logger implementation
SLF4J: See https://www.slf4j.org/codes.html#noProviders for further details.
SLF4J: Class path contains SLF4J bindings targeting slf4j-api versions 1.7.x or earlier.
SLF4J: Ignoring binding found at [jar:file:/Users/y3536zha/.sbt/boot/scala-2.12.17/org.scala-sbt/sbt/1.8.0/log4j-slf4j-impl-2.17.1.jar!/org/slf4j/impl/StaticLoggerBinder.class]
SLF4J: See https://www.slf4j.org/codes.html#ignoredBindings for an explanation.
[info] set current project to scala-xml (in build file:/Users/y3536zha/Desktop/scala_flexible/scala_flexible_type_with_test_script/community-build/community-projects/scala-xml/)
[success] Total time: 0 s, completed Jun 14, 2023, 12:16:41 AM
[info] Defining Global / logLevel
[info] The new value will be used by Test / test / testListeners, Test / testOnly / testListeners and 29 others.
[info] 	Run `last` for details.
[info] Reapplying settings...
[info] set current project to scala-xml (in build file:/Users/y3536zha/Desktop/scala_flexible/scala_flexible_type_with_test_script/community-build/community-projects/scala-xml/)
[info] Defining Global / updateOptions
[info] The new value will be used by dependencyTreeIgnoreMissingUpdate / updateOptions, ivyConfiguration and 9 others.
[info] 	Run `last` for details.
[info] Reapplying settings...
[info] set current project to scala-xml (in build file:/Users/y3536zha/Desktop/scala_flexible/scala_flexible_type_with_test_script/community-build/community-projects/scala-xml/)
[info] Defining Global / scalacOptions
[info] The new value will be used by Compile / scalacOptions, xml / scalacOptions and 1 others.
[info] 	Run `last` for details.
[info] Reapplying settings...
[info] set current project to scala-xml (in build file:/Users/y3536zha/Desktop/scala_flexible/scala_flexible_type_with_test_script/community-build/community-projects/scala-xml/)
[info] Forcing Scala version to 3.3.1-RC1-bin-SNAPSHOT on all projects.
[info] Reapplying settings...
[info] Loading dependency tracking file /Users/y3536zha/Desktop/scala_flexible/scala_flexible_type_with_test_script/community-build/dotty-community-build-deps
[info] Dependency tracking file /Users/y3536zha/Desktop/scala_flexible/scala_flexible_type_with_test_script/community-build/dotty-community-build-deps does not exist
[info] set current project to scala-xml (in build file:/Users/y3536zha/Desktop/scala_flexible/scala_flexible_type_with_test_script/community-build/community-projects/scala-xml/)
[error] error while loading $throws$package,
[error] ZipFile invalid LOC header (bad signature)
[error] error while loading language,
[error] ZipFile invalid LOC header (bad signature)
[error] error while loading package$package,
[error] ZipFile invalid LOC header (bad signature)
[error] -- Error: /Users/y3536zha/Desktop/scala_flexible/scala_flexible_type_with_test_script/community-build/community-projects/scala-xml/shared/src/main/scala-2.13+/scala/xml/ScalaVersionSpecific.scala:20:0 
[error] 20 |private[xml] object ScalaVersionSpecific {
[error]    |^
[error]    |package scala.compiletime does not have a member method summonFrom
[error] -- Error: /Users/y3536zha/Desktop/scala_flexible/scala_flexible_type_with_test_script/community-build/community-projects/scala-xml/shared/src/main/scala-2.13+/scala/xml/ScalaVersionSpecific.scala:21:2 
[error] 21 |  import NodeSeq.Coll
[error]    |  ^
[error]    |  package scala.compiletime does not have a member method erasedValue
[error] -- Error: /Users/y3536zha/Desktop/scala_flexible/scala_flexible_type_with_test_script/community-build/community-projects/scala-xml/shared/src/main/scala-2.13+/scala/xml/ScalaVersionSpecific.scala:20:20 
[error] 20 |private[xml] object ScalaVersionSpecific {
[error]    |                    ^
[error]    |      package scala.compiletime does not have a member method summonFrom
[error] -- Error: /Users/y3536zha/Desktop/scala_flexible/scala_flexible_type_with_test_script/community-build/community-projects/scala-xml/shared/src/main/scala-2.13+/scala/xml/ScalaVersionSpecific.scala:22:28 
[error] 22 |  type CBF[-From, -A, +C] = BuildFrom[From, A, C]
[error]    |                            ^
[error]    |               package scala.runtime does not have a member type $throws
[error] error while loading Tuple$package,
[error] ZipFile invalid LOC header (bad signature)
[error] error while loading IArray$package,
[error] ZipFile invalid LOC header (bad signature)
[error] -- Error: /Users/y3536zha/Desktop/scala_flexible/scala_flexible_type_with_test_script/community-build/community-projects/scala-xml/shared/src/main/scala/scala/xml/NodeSeq.scala:51:31 
[error] 51 |abstract class NodeSeq extends AbstractSeq[Node] with immutable.Seq[Node] with ScalaVersionSpecificNodeSeq with Equality with Serializable {
[error]    |                               ^
[error]    |               package scala.runtime does not have a member type $throws
[error] -- Error: /Users/y3536zha/Desktop/scala_flexible/scala_flexible_type_with_test_script/community-build/community-projects/scala-xml/shared/src/main/scala/scala/xml/NodeSeq.scala:51:54 
[error] 51 |abstract class NodeSeq extends AbstractSeq[Node] with immutable.Seq[Node] with ScalaVersionSpecificNodeSeq with Equality with Serializable {
[error]    |                                                      ^
[error]    |               package scala.runtime does not have a member type $throws
[error] -- Error: /Users/y3536zha/Desktop/scala_flexible/scala_flexible_type_with_test_script/community-build/community-projects/scala-xml/shared/src/main/scala-2.13+/scala/xml/ScalaVersionSpecific.scala:30:10 
[error] 30 |  extends SeqOps[Node, immutable.Seq, NodeSeq]
[error]    |          ^
[error]    |          package scala.runtime does not have a member type $throws
[error] -- Error: /Users/y3536zha/Desktop/scala_flexible/scala_flexible_type_with_test_script/community-build/community-projects/scala-xml/shared/src/main/scala-2.13+/scala/xml/ScalaVersionSpecific.scala:31:9 
[error] 31 |    with StrictOptimizedSeqOps[Node, immutable.Seq, NodeSeq] { self: NodeSeq =>
[error]    |         ^
[error]    |         package scala.runtime does not have a member type $throws
[error] -- Error: /Users/y3536zha/Desktop/scala_flexible/scala_flexible_type_with_test_script/community-build/community-projects/scala-xml/shared/src/main/scala-2.13+/scala/xml/ScalaVersionSpecific.scala:23:28 
[error] 23 |  object NodeSeqCBF extends BuildFrom[Coll, Node, NodeSeq] {
[error]    |                            ^
[error]    |               package scala.runtime does not have a member type $throws
[error] -- Error: /Users/y3536zha/Desktop/scala_flexible/scala_flexible_type_with_test_script/community-build/community-projects/scala-xml/shared/src/main/scala-2.13+/scala/xml/ScalaVersionSpecific.scala:23:2 
[error] 23 |  object NodeSeqCBF extends BuildFrom[Coll, Node, NodeSeq] {
[error]    |  ^
[error]    |  package scala.compiletime does not have a member method summonFrom
[error] -- Error: /Users/y3536zha/Desktop/scala_flexible/scala_flexible_type_with_test_script/community-build/community-projects/scala-xml/shared/src/main/scala-2.13+/scala/xml/ScalaVersionSpecific.scala:24:32 
[error] 24 |    def newBuilder(from: Coll): Builder[Node, NodeSeq] = NodeSeq.newBuilder
[error]    |                                ^
[error]    |               package scala.runtime does not have a member type $throws
[error] -- Error: /Users/y3536zha/Desktop/scala_flexible/scala_flexible_type_with_test_script/community-build/community-projects/scala-xml/shared/src/main/scala-2.13+/scala/xml/ScalaVersionSpecific.scala:24:8 
[error] 24 |    def newBuilder(from: Coll): Builder[Node, NodeSeq] = NodeSeq.newBuilder
[error]    |        ^
[error]    |     package scala.compiletime does not have a member method erasedValue
[error] -- Error: /Users/y3536zha/Desktop/scala_flexible/scala_flexible_type_with_test_script/community-build/community-projects/scala-xml/shared/src/main/scala-2.13+/scala/xml/ScalaVersionSpecific.scala:25:37 
[error] 25 |    def fromSpecific(from: Coll)(it: IterableOnce[Node]): NodeSeq = (NodeSeq.newBuilder ++= from).result()
[error]    |                                     ^
[error]    |               package scala.runtime does not have a member type $throws
[error] -- Error: /Users/y3536zha/Desktop/scala_flexible/scala_flexible_type_with_test_script/community-build/community-projects/scala-xml/shared/src/main/scala-2.13+/scala/xml/ScalaVersionSpecific.scala:25:8 
[error] 25 |    def fromSpecific(from: Coll)(it: IterableOnce[Node]): NodeSeq = (NodeSeq.newBuilder ++= from).result()
[error]    |        ^
[error]    |     package scala.compiletime does not have a member method erasedValue
[error] -- Error: /Users/y3536zha/Desktop/scala_flexible/scala_flexible_type_with_test_script/community-build/community-projects/scala-xml/shared/src/main/scala-2.13+/scala/xml/ScalaVersionSpecific.scala:32:34 
[error] 32 |  override def fromSpecific(coll: IterableOnce[Node]): NodeSeq = (NodeSeq.newBuilder ++= coll).result()
[error]    |                                  ^
[error]    |               package scala.runtime does not have a member type $throws
[error] -- Error: /Users/y3536zha/Desktop/scala_flexible/scala_flexible_type_with_test_script/community-build/community-projects/scala-xml/shared/src/main/scala-2.13+/scala/xml/ScalaVersionSpecific.scala:32:15 
[error] 32 |  override def fromSpecific(coll: IterableOnce[Node]): NodeSeq = (NodeSeq.newBuilder ++= coll).result()
[error]    |               ^
[error]    |     package scala.compiletime does not have a member method erasedValue
[error] -- Error: /Users/y3536zha/Desktop/scala_flexible/scala_flexible_type_with_test_script/community-build/community-projects/scala-xml/shared/src/main/scala-2.13+/scala/xml/ScalaVersionSpecific.scala:33:35 
[error] 33 |  override def newSpecificBuilder: mutable.Builder[Node, NodeSeq] = NodeSeq.newBuilder
[error]    |                                   ^
[error]    |               package scala.runtime does not have a member type $throws
[error] -- Error: /Users/y3536zha/Desktop/scala_flexible/scala_flexible_type_with_test_script/community-build/community-projects/scala-xml/shared/src/main/scala-2.13+/scala/xml/ScalaVersionSpecific.scala:33:15 
[error] 33 |  override def newSpecificBuilder: mutable.Builder[Node, NodeSeq] = NodeSeq.newBuilder
[error]    |               ^
[error]    |     package scala.compiletime does not have a member method erasedValue
[error] -- Error: /Users/y3536zha/Desktop/scala_flexible/scala_flexible_type_with_test_script/community-build/community-projects/scala-xml/shared/src/main/scala-2.13+/scala/xml/ScalaVersionSpecific.scala:34:15 
[error] 34 |  override def empty: NodeSeq = NodeSeq.Empty
[error]    |               ^
[error]    |     package scala.compiletime does not have a member method erasedValue
[error] -- Error: /Users/y3536zha/Desktop/scala_flexible/scala_flexible_type_with_test_script/community-build/community-projects/scala-xml/shared/src/main/scala-2.13+/scala/xml/ScalaVersionSpecific.scala:35:21 
[error] 35 |  def concat(suffix: IterableOnce[Node]): NodeSeq =
[error]    |                     ^
[error]    |               package scala.runtime does not have a member type $throws
[error] -- Error: /Users/y3536zha/Desktop/scala_flexible/scala_flexible_type_with_test_script/community-build/community-projects/scala-xml/shared/src/main/scala-2.13+/scala/xml/ScalaVersionSpecific.scala:35:6 
[error] 35 |  def concat(suffix: IterableOnce[Node]): NodeSeq =
[error]    |      ^
[error]    |     package scala.compiletime does not have a member method erasedValue
[error] error while loading Predef,
[error] ZipFile invalid LOC header (bad signature)
[error] -- Error: /Users/y3536zha/Desktop/scala_flexible/scala_flexible_type_with_test_script/community-build/community-projects/scala-xml/shared/src/main/scala-2.13+/scala/xml/ScalaVersionSpecific.scala:37:32 
[error] 37 |  @inline final def ++ (suffix: Seq[Node]): NodeSeq = concat(suffix)
[error]    |                                ^
[error]    |               package scala.runtime does not have a member type $throws
[error] -- Error: /Users/y3536zha/Desktop/scala_flexible/scala_flexible_type_with_test_script/community-build/community-projects/scala-xml/shared/src/main/scala-2.13+/scala/xml/ScalaVersionSpecific.scala:37:20 
[error] 37 |  @inline final def ++ (suffix: Seq[Node]): NodeSeq = concat(suffix)
[error]    |                    ^
[error]    |     package scala.compiletime does not have a member method erasedValue
[error] -- Error: /Users/y3536zha/Desktop/scala_flexible/scala_flexible_type_with_test_script/community-build/community-projects/scala-xml/shared/src/main/scala-2.13+/scala/xml/ScalaVersionSpecific.scala:38:6 
[error] 38 |  def appended(base: Node): NodeSeq =
[error]    |      ^
[error]    |     package scala.compiletime does not have a member method erasedValue
[error] -- Error: /Users/y3536zha/Desktop/scala_flexible/scala_flexible_type_with_test_script/community-build/community-projects/scala-xml/shared/src/main/scala-2.13+/scala/xml/ScalaVersionSpecific.scala:40:26 
[error] 40 |  def appendedAll(suffix: IterableOnce[Node]): NodeSeq =
[error]    |                          ^
[error]    |               package scala.runtime does not have a member type $throws
[error] -- Error: /Users/y3536zha/Desktop/scala_flexible/scala_flexible_type_with_test_script/community-build/community-projects/scala-xml/shared/src/main/scala-2.13+/scala/xml/ScalaVersionSpecific.scala:40:6 
[error] 40 |  def appendedAll(suffix: IterableOnce[Node]): NodeSeq =
[error]    |      ^
[error]    |     package scala.compiletime does not have a member method erasedValue
[error] -- Error: /Users/y3536zha/Desktop/scala_flexible/scala_flexible_type_with_test_script/community-build/community-projects/scala-xml/shared/src/main/scala-2.13+/scala/xml/ScalaVersionSpecific.scala:42:6 
[error] 42 |  def prepended(base: Node): NodeSeq =
[error]    |      ^
[error]    |     package scala.compiletime does not have a member method erasedValue
[error] -- Error: /Users/y3536zha/Desktop/scala_flexible/scala_flexible_type_with_test_script/community-build/community-projects/scala-xml/shared/src/main/scala-2.13+/scala/xml/ScalaVersionSpecific.scala:44:27 
[error] 44 |  def prependedAll(prefix: IterableOnce[Node]): NodeSeq =
[error]    |                           ^
[error]    |               package scala.runtime does not have a member type $throws
[error] -- Error: /Users/y3536zha/Desktop/scala_flexible/scala_flexible_type_with_test_script/community-build/community-projects/scala-xml/shared/src/main/scala-2.13+/scala/xml/ScalaVersionSpecific.scala:44:6 
[error] 44 |  def prependedAll(prefix: IterableOnce[Node]): NodeSeq =
[error]    |      ^
[error]    |     package scala.compiletime does not have a member method erasedValue
[error] -- Error: /Users/y3536zha/Desktop/scala_flexible/scala_flexible_type_with_test_script/community-build/community-projects/scala-xml/shared/src/main/scala-2.13+/scala/xml/ScalaVersionSpecific.scala:46:18 
[error] 46 |  def map(f: Node => Node): NodeSeq =
[error]    |                  ^
[error]    |               package scala.runtime does not have a member type $throws
[error] -- Error: /Users/y3536zha/Desktop/scala_flexible/scala_flexible_type_with_test_script/community-build/community-projects/scala-xml/shared/src/main/scala-2.13+/scala/xml/ScalaVersionSpecific.scala:46:6 
[error] 46 |  def map(f: Node => Node): NodeSeq =
[error]    |      ^
[error]    |     package scala.compiletime does not have a member method erasedValue
[error] -- Error: /Users/y3536zha/Desktop/scala_flexible/scala_flexible_type_with_test_script/community-build/community-projects/scala-xml/shared/src/main/scala-2.13+/scala/xml/ScalaVersionSpecific.scala:48:25 
[error] 48 |  def flatMap(f: Node => IterableOnce[Node]): NodeSeq =
[error]    |                         ^
[error]    |               package scala.runtime does not have a member type $throws
[error] -- Error: /Users/y3536zha/Desktop/scala_flexible/scala_flexible_type_with_test_script/community-build/community-projects/scala-xml/shared/src/main/scala-2.13+/scala/xml/ScalaVersionSpecific.scala:48:22 
[error] 48 |  def flatMap(f: Node => IterableOnce[Node]): NodeSeq =
[error]    |                      ^
[error]    |               package scala.runtime does not have a member type $throws
[error] -- Error: /Users/y3536zha/Desktop/scala_flexible/scala_flexible_type_with_test_script/community-build/community-projects/scala-xml/shared/src/main/scala-2.13+/scala/xml/ScalaVersionSpecific.scala:48:6 
[error] 48 |  def flatMap(f: Node => IterableOnce[Node]): NodeSeq =
[error]    |      ^
[error]    |     package scala.compiletime does not have a member method erasedValue
[error] -- Error: /Users/y3536zha/Desktop/scala_flexible/scala_flexible_type_with_test_script/community-build/community-projects/scala-xml/shared/src/main/scala-2.13+/scala/xml/ScalaVersionSpecific.scala:52:52 
[error] 52 |private[xml] trait ScalaVersionSpecificNodeBuffer { self: NodeBuffer =>
[error]    |                                                    ^
[error]    |     package scala.compiletime does not have a member method erasedValue
[error] -- Error: /Users/y3536zha/Desktop/scala_flexible/scala_flexible_type_with_test_script/community-build/community-projects/scala-xml/shared/src/main/scala/scala/xml/NodeBuffer.scala:26:25 
[error] 26 |class NodeBuffer extends scala.collection.mutable.ArrayBuffer[Node] with ScalaVersionSpecificNodeBuffer {
[error]    |                         ^
[error]    |               package scala.runtime does not have a member type $throws
[error] -- Error: /Users/y3536zha/Desktop/scala_flexible/scala_flexible_type_with_test_script/community-build/community-projects/scala-xml/shared/src/main/scala-2.13+/scala/xml/ScalaVersionSpecific.scala:53:15 
[error] 53 |  override def className: String = "NodeBuffer"
[error]    |               ^
[error]    |     package scala.compiletime does not have a member method erasedValue
[error] -- Error: /Users/y3536zha/Desktop/scala_flexible/scala_flexible_type_with_test_script/community-build/community-projects/scala-xml/shared/src/main/scala/scala/xml/Atom.scala:25:10 
[error] 25 |class Atom[+A](val data: A) extends SpecialNode with Serializable {
[error]    |          ^
[error]    |     package scala.compiletime does not have a member method erasedValue
[error] -- Error: /Users/y3536zha/Desktop/scala_flexible/scala_flexible_type_with_test_script/community-build/community-projects/scala-xml/shared/src/main/scala/scala/xml/Atom.scala:25:36 
[error] 25 |class Atom[+A](val data: A) extends SpecialNode with Serializable {
[error]    |                                    ^
[error]    |      package scala.compiletime does not have a member method summonFrom
[error] -- Error: /Users/y3536zha/Desktop/scala_flexible/scala_flexible_type_with_test_script/community-build/community-projects/scala-xml/shared/src/main/scala/scala/xml/Atom.scala:26:11 
[error] 26 |  if (data == null)
[error]    |           ^
[error]    |      package scala.compiletime does not have a member method summonFrom
[error] -- Error: /Users/y3536zha/Desktop/scala_flexible/scala_flexible_type_with_test_script/community-build/community-projects/scala-xml/shared/src/main/scala/scala/xml/Atom.scala:27:59 
[error] 27 |    throw new IllegalArgumentException("cannot construct " + getClass.getSimpleName + " with null")
[error]    |                                                           ^
[error]    |      package scala.compiletime does not have a member method summonFrom
[error] -- Error: /Users/y3536zha/Desktop/scala_flexible/scala_flexible_type_with_test_script/community-build/community-projects/scala-xml/shared/src/main/scala/scala/xml/Atom.scala:27:84 
[error] 27 |    throw new IllegalArgumentException("cannot construct " + getClass.getSimpleName + " with null")
[error]    |                                                                                    ^
[error]    |      package scala.compiletime does not have a member method summonFrom
[error] -- Error: /Users/y3536zha/Desktop/scala_flexible/scala_flexible_type_with_test_script/community-build/community-projects/scala-xml/shared/src/main/scala/scala/xml/Atom.scala:29:43 
[error] 29 |  override protected def basisForHashCode: Seq[Any] = Seq(data)
[error]    |                                           ^
[error]    |               package scala.runtime does not have a member type $throws
[error] -- Error: /Users/y3536zha/Desktop/scala_flexible/scala_flexible_type_with_test_script/community-build/community-projects/scala-xml/shared/src/main/scala/scala/xml/Atom.scala:29:25 
[error] 29 |  override protected def basisForHashCode: Seq[Any] = Seq(data)
[error]    |                         ^
[error]    |     package scala.compiletime does not have a member method erasedValue
[error] -- Error: /Users/y3536zha/Desktop/scala_flexible/scala_flexible_type_with_test_script/community-build/community-projects/scala-xml/shared/src/main/scala/scala/xml/Atom.scala:31:15 
[error] 31 |  override def strict_==(other: Equality) = other match {
[error]    |               ^
[error]    |     package scala.compiletime does not have a member method erasedValue
[error] -- Error: /Users/y3536zha/Desktop/scala_flexible/scala_flexible_type_with_test_script/community-build/community-projects/scala-xml/shared/src/main/scala/scala/xml/Atom.scala:36:15 
[error] 36 |  override def canEqual(other: Any) = other match {
[error]    |               ^
[error]    |     package scala.compiletime does not have a member method erasedValue
[error] -- Error: /Users/y3536zha/Desktop/scala_flexible/scala_flexible_type_with_test_script/community-build/community-projects/scala-xml/shared/src/main/scala/scala/xml/Atom.scala:41:21 
[error] 41 |  final override def doCollectNamespaces = false
[error]    |                     ^
[error]    |     package scala.compiletime does not have a member method erasedValue
[error] -- Error: /Users/y3536zha/Desktop/scala_flexible/scala_flexible_type_with_test_script/community-build/community-projects/scala-xml/shared/src/main/scala/scala/xml/Atom.scala:42:21 
[error] 42 |  final override def doTransform = false
[error]    |                     ^
[error]    |     package scala.compiletime does not have a member method erasedValue
[error] -- Error: /Users/y3536zha/Desktop/scala_flexible/scala_flexible_type_with_test_script/community-build/community-projects/scala-xml/shared/src/main/scala/scala/xml/Atom.scala:44:6 
[error] 44 |  def label = "#PCDATA"
[error]    |      ^
[error]    |     package scala.compiletime does not have a member method erasedValue
[error] -- Error: /Users/y3536zha/Desktop/scala_flexible/scala_flexible_type_with_test_script/community-build/community-projects/scala-xml/shared/src/main/scala/scala/xml/Atom.scala:50:6 
[error] 50 |  def buildString(sb: StringBuilder): StringBuilder =
[error]    |      ^
[error]    |     package scala.compiletime does not have a member method erasedValue
[error] -- Error: /Users/y3536zha/Desktop/scala_flexible/scala_flexible_type_with_test_script/community-build/community-projects/scala-xml/shared/src/main/scala/scala/xml/Atom.scala:53:15 
[error] 53 |  override def text: String = data.toString
[error]    |               ^
[error]    |     package scala.compiletime does not have a member method erasedValue
[error] -- Error: /Users/y3536zha/Desktop/scala_flexible/scala_flexible_type_with_test_script/community-build/community-projects/scala-xml/shared/src/main/scala/scala/xml/Attribute.scala:24:0 
[error] 24 |object Attribute {
[error]    |^
[error]    |package scala.compiletime does not have a member method summonFrom
[error] -- Error: /Users/y3536zha/Desktop/scala_flexible/scala_flexible_type_with_test_script/community-build/community-projects/scala-xml/shared/src/main/scala/scala/xml/Attribute.scala:25:2 
[error] 25 |  def unapply(x: Attribute) = x match {
[error]    |  ^
[error]    |  package scala.compiletime does not have a member method erasedValue
[error] -- Error: /Users/y3536zha/Desktop/scala_flexible/scala_flexible_type_with_test_script/community-build/community-projects/scala-xml/shared/src/main/scala/scala/xml/Attribute.scala:24:7 
[error] 24 |object Attribute {
[error]    |       ^
[error]    |      package scala.compiletime does not have a member method summonFrom
[error] -- Error: /Users/y3536zha/Desktop/scala_flexible/scala_flexible_type_with_test_script/community-build/community-projects/scala-xml/shared/src/main/scala/scala/xml/MetaData.scala:84:10 
[error] 84 |  extends AbstractIterable[MetaData]
[error]    |          ^
[error]    |          package scala.runtime does not have a member type $throws
[error] -- Error: /Users/y3536zha/Desktop/scala_flexible/scala_flexible_type_with_test_script/community-build/community-projects/scala-xml/shared/src/main/scala/scala/xml/MetaData.scala:85:7 
[error] 85 |  with Iterable[MetaData]
[error]    |       ^
[error]    |       package scala.runtime does not have a member type $throws
[error] -- Error: /Users/y3536zha/Desktop/scala_flexible/scala_flexible_type_with_test_script/community-build/community-projects/scala-xml/shared/src/main/scala/scala/xml/PrefixedAttribute.scala:29:13 
[error] 29 |  val value: Seq[Node],
[error]    |             ^
[error]    |             package scala.runtime does not have a member type $throws
[error] -- Error: /Users/y3536zha/Desktop/scala_flexible/scala_flexible_type_with_test_script/community-build/community-projects/scala-xml/shared/src/main/scala/scala/xml/PrefixedAttribute.scala:67:42 
[error] 67 |  def unapply(x: PrefixedAttribute) = Some((x.pre, x.key, x.value, x.next))
[error]    |                                          ^
[error]    |      package scala.compiletime does not have a member method summonFrom
[error] -- [E107] Syntax Error: /Users/y3536zha/Desktop/scala_flexible/scala_flexible_type_with_test_script/community-build/community-projects/scala-xml/shared/src/main/scala/scala/xml/Attribute.scala:26:26 
[error] 26 |    case PrefixedAttribute(_, key, value, next) => Some((key, value, next))
[error]    |         ^^^^^^^^^^^^^^^^^^^^^^^^^^^^^^^^^^^^^^
[error]    |Wrong number of argument patterns for scala.xml.PrefixedAttribute; expected: ()
[error]    |
[error]    | longer explanation available when compiling with `-explain`
[error] -- Error: /Users/y3536zha/Desktop/scala_flexible/scala_flexible_type_with_test_script/community-build/community-projects/scala-xml/shared/src/main/scala/scala/xml/Attribute.scala:26:55 
[error] 26 |    case PrefixedAttribute(_, key, value, next) => Some((key, value, next))
[error]    |                                                       ^
[error]    |      package scala.compiletime does not have a member method summonFrom
[error] -- Error: /Users/y3536zha/Desktop/scala_flexible/scala_flexible_type_with_test_script/community-build/community-projects/scala-xml/shared/src/main/scala/scala/xml/UnprefixedAttribute.scala:25:13 
[error] 25 |  val value: Seq[Node],
[error]    |             ^
[error]    |             package scala.runtime does not have a member type $throws
[error] -- Error: /Users/y3536zha/Desktop/scala_flexible/scala_flexible_type_with_test_script/community-build/community-projects/scala-xml/shared/src/main/scala/scala/xml/UnprefixedAttribute.scala:65:44 
[error] 65 |  def unapply(x: UnprefixedAttribute) = Some((x.key, x.value, x.next))
[error]    |                                            ^
[error]    |      package scala.compiletime does not have a member method summonFrom
[error] -- [E107] Syntax Error: /Users/y3536zha/Desktop/scala_flexible/scala_flexible_type_with_test_script/community-build/community-projects/scala-xml/shared/src/main/scala/scala/xml/Attribute.scala:27:28 
[error] 27 |    case UnprefixedAttribute(key, value, next)  => Some((key, value, next))
[error]    |         ^^^^^^^^^^^^^^^^^^^^^^^^^^^^^^^^^^^^^
[error]    |Wrong number of argument patterns for scala.xml.UnprefixedAttribute; expected: ()
[error]    |
[error]    | longer explanation available when compiling with `-explain`
[error] -- Error: /Users/y3536zha/Desktop/scala_flexible/scala_flexible_type_with_test_script/community-build/community-projects/scala-xml/shared/src/main/scala/scala/xml/Attribute.scala:27:55 
[error] 27 |    case UnprefixedAttribute(key, value, next)  => Some((key, value, next))
[error]    |                                                       ^
[error]    |      package scala.compiletime does not have a member method summonFrom
[error] -- Error: /Users/y3536zha/Desktop/scala_flexible/scala_flexible_type_with_test_script/community-build/community-projects/scala-xml/shared/src/main/scala/scala/xml/Attribute.scala:25:6 
[error] 25 |  def unapply(x: Attribute) = x match {
[error]    |      ^
[error]    |     package scala.compiletime does not have a member method erasedValue
[error] -- Error: /Users/y3536zha/Desktop/scala_flexible/scala_flexible_type_with_test_script/community-build/community-projects/scala-xml/shared/src/main/scala/scala/xml/Attribute.scala:32:32 
[error] 32 |  def apply(key: String, value: Seq[Node], next: MetaData): Attribute =
[error]    |                                ^
[error]    |               package scala.runtime does not have a member type $throws
[error] -- Error: /Users/y3536zha/Desktop/scala_flexible/scala_flexible_type_with_test_script/community-build/community-projects/scala-xml/shared/src/main/scala/scala/xml/Attribute.scala:32:6 
[error] 32 |  def apply(key: String, value: Seq[Node], next: MetaData): Attribute =
[error]    |      ^
[error]    |     package scala.compiletime does not have a member method erasedValue
[error] -- Error: /Users/y3536zha/Desktop/scala_flexible/scala_flexible_type_with_test_script/community-build/community-projects/scala-xml/shared/src/main/scala/scala/xml/Attribute.scala:35:6 
[error] 35 |  def apply(pre: String, key: String, value: String, next: MetaData): Attribute =
[error]    |      ^
[error]    |     package scala.compiletime does not have a member method erasedValue
[error] -- Error: /Users/y3536zha/Desktop/scala_flexible/scala_flexible_type_with_test_script/community-build/community-projects/scala-xml/shared/src/main/scala/scala/xml/Attribute.scala:39:45 
[error] 39 |  def apply(pre: String, key: String, value: Seq[Node], next: MetaData): Attribute =
[error]    |                                             ^
[error]    |               package scala.runtime does not have a member type $throws
[error] -- Error: /Users/y3536zha/Desktop/scala_flexible/scala_flexible_type_with_test_script/community-build/community-projects/scala-xml/shared/src/main/scala/scala/xml/Attribute.scala:39:6 
[error] 39 |  def apply(pre: String, key: String, value: Seq[Node], next: MetaData): Attribute =
[error]    |      ^
[error]    |     package scala.compiletime does not have a member method erasedValue
[error] error while loading Child,
[error] ZipFile invalid LOC header (bad signature)
[error] -- Error: /Users/y3536zha/Desktop/scala_flexible/scala_flexible_type_with_test_script/community-build/community-projects/scala-xml/shared/src/main/scala/scala/xml/Attribute.scala:43:17 
[error] 43 |  def apply(pre: Option[String], key: String, value: Seq[Node], next: MetaData): Attribute =
[error]    |                 ^
[error]    |               package scala.runtime does not have a member type $throws
[error] -- Error: /Users/y3536zha/Desktop/scala_flexible/scala_flexible_type_with_test_script/community-build/community-projects/scala-xml/shared/src/main/scala/scala/xml/Attribute.scala:43:53 
[error] 43 |  def apply(pre: Option[String], key: String, value: Seq[Node], next: MetaData): Attribute =
[error]    |                                                     ^
[error]    |               package scala.runtime does not have a member type $throws
[error] -- Error: /Users/y3536zha/Desktop/scala_flexible/scala_flexible_type_with_test_script/community-build/community-projects/scala-xml/shared/src/main/scala/scala/xml/Attribute.scala:43:6 
[error] 43 |  def apply(pre: Option[String], key: String, value: Seq[Node], next: MetaData): Attribute =
[error]    |      ^
[error]    |     package scala.compiletime does not have a member method erasedValue
[error] -- Error: /Users/y3536zha/Desktop/scala_flexible/scala_flexible_type_with_test_script/community-build/community-projects/scala-xml/shared/src/main/scala/scala/xml/Attribute.scala:56:33 
[error] 56 |abstract trait Attribute extends MetaData {
[error]    |                                 ^
[error]    |     package scala.compiletime does not have a member method erasedValue
[error] -- Error: /Users/y3536zha/Desktop/scala_flexible/scala_flexible_type_with_test_script/community-build/community-projects/scala-xml/shared/src/main/scala/scala/xml/Attribute.scala:57:6 
[error] 57 |  def pre: String // will be null if unprefixed
[error]    |      ^
[error]    |     package scala.compiletime does not have a member method erasedValue
[error] -- Error: /Users/y3536zha/Desktop/scala_flexible/scala_flexible_type_with_test_script/community-build/community-projects/scala-xml/shared/src/main/scala/scala/xml/Attribute.scala:59:13 
[error] 59 |  val value: Seq[Node]
[error]    |             ^
[error]    |             package scala.runtime does not have a member type $throws
[error] -- Error: /Users/y3536zha/Desktop/scala_flexible/scala_flexible_type_with_test_script/community-build/community-projects/scala-xml/shared/src/main/scala/scala/xml/Attribute.scala:62:26 
[error] 62 |  def apply(key: String): Seq[Node]
[error]    |                          ^
[error]    |               package scala.runtime does not have a member type $throws
[error] -- Error: /Users/y3536zha/Desktop/scala_flexible/scala_flexible_type_with_test_script/community-build/community-projects/scala-xml/shared/src/main/scala/scala/xml/Attribute.scala:62:6 
[error] 62 |  def apply(key: String): Seq[Node]
[error]    |      ^
[error]    |     package scala.compiletime does not have a member method erasedValue
[error] -- Error: /Users/y3536zha/Desktop/scala_flexible/scala_flexible_type_with_test_script/community-build/community-projects/scala-xml/shared/src/main/scala/scala/xml/Attribute.scala:63:70 
[error] 63 |  def apply(namespace: String, scope: NamespaceBinding, key: String): Seq[Node]
[error]    |                                                                      ^
[error]    |               package scala.runtime does not have a member type $throws
[error] -- Error: /Users/y3536zha/Desktop/scala_flexible/scala_flexible_type_with_test_script/community-build/community-projects/scala-xml/shared/src/main/scala/scala/xml/Attribute.scala:63:6 
[error] 63 |  def apply(namespace: String, scope: NamespaceBinding, key: String): Seq[Node]
[error]    |      ^
[error]    |     package scala.compiletime does not have a member method erasedValue
[error] -- Error: /Users/y3536zha/Desktop/scala_flexible/scala_flexible_type_with_test_script/community-build/community-projects/scala-xml/shared/src/main/scala/scala/xml/Attribute.scala:64:6 
[error] 64 |  def copy(next: MetaData): Attribute
[error]    |      ^
[error]    |     package scala.compiletime does not have a member method erasedValue
[error] -- Error: /Users/y3536zha/Desktop/scala_flexible/scala_flexible_type_with_test_script/community-build/community-projects/scala-xml/shared/src/main/scala/scala/xml/Attribute.scala:66:6 
[error] 66 |  def remove(key: String) =
[error]    |      ^
[error]    |     package scala.compiletime does not have a member method erasedValue
[error] -- Error: /Users/y3536zha/Desktop/scala_flexible/scala_flexible_type_with_test_script/community-build/community-projects/scala-xml/shared/src/main/scala/scala/xml/Attribute.scala:70:6 
[error] 70 |  def remove(namespace: String, scope: NamespaceBinding, key: String) =
[error]    |      ^
[error]    |     package scala.compiletime does not have a member method erasedValue
[error] -- Error: /Users/y3536zha/Desktop/scala_flexible/scala_flexible_type_with_test_script/community-build/community-projects/scala-xml/shared/src/main/scala/scala/xml/Attribute.scala:74:6 
[error] 74 |  def isPrefixed: Boolean = pre != null
[error]    |      ^
[error]    |     package scala.compiletime does not have a member method erasedValue
[error] -- Error: /Users/y3536zha/Desktop/scala_flexible/scala_flexible_type_with_test_script/community-build/community-projects/scala-xml/shared/src/main/scala/scala/xml/Attribute.scala:76:6 
[error] 76 |  def getNamespace(owner: Node): String
[error]    |      ^
[error]    |     package scala.compiletime does not have a member method erasedValue
[error] -- Error: /Users/y3536zha/Desktop/scala_flexible/scala_flexible_type_with_test_script/community-build/community-projects/scala-xml/shared/src/main/scala/scala/xml/Attribute.scala:78:6 
[error] 78 |  def wellformed(scope: NamespaceBinding): Boolean = {
[error]    |      ^
[error]    |     package scala.compiletime does not have a member method erasedValue
[error] -- Error: /Users/y3536zha/Desktop/scala_flexible/scala_flexible_type_with_test_script/community-build/community-projects/scala-xml/shared/src/main/scala/scala/xml/Attribute.scala:84:25 
[error] 84 |  override def iterator: Iterator[MetaData] = {
[error]    |                         ^
[error]    |               package scala.runtime does not have a member type $throws
[error] -- Error: /Users/y3536zha/Desktop/scala_flexible/scala_flexible_type_with_test_script/community-build/community-projects/scala-xml/shared/src/main/scala/scala/xml/Attribute.scala:84:15 
[error] 84 |  override def iterator: Iterator[MetaData] = {
[error]    |               ^
[error]    |     package scala.compiletime does not have a member method erasedValue
[error] -- Error: /Users/y3536zha/Desktop/scala_flexible/scala_flexible_type_with_test_script/community-build/community-projects/scala-xml/shared/src/main/scala/scala/xml/Attribute.scala:89:15 
[error] 89 |  override def size: Int = {
[error]    |               ^
[error]    |     package scala.compiletime does not have a member method erasedValue
[error] -- Error: /Users/y3536zha/Desktop/scala_flexible/scala_flexible_type_with_test_script/community-build/community-projects/scala-xml/shared/src/main/scala/scala/xml/Attribute.scala:97:16 
[error] 97 |  protected def toString1(sb: StringBuilder): Unit = {
[error]    |                ^
[error]    |     package scala.compiletime does not have a member method erasedValue
[error] -- Error: /Users/y3536zha/Desktop/scala_flexible/scala_flexible_type_with_test_script/community-build/community-projects/scala-xml/shared/src/main/scala/scala/xml/MetaData.scala:116:68 
[error] 116 |  final def apply(namespace_uri: String, owner: Node, key: String): Seq[Node] =
[error]     |                                                                    ^
[error]     |             package scala.runtime does not have a member type $throws
[error] -- Error: /Users/y3536zha/Desktop/scala_flexible/scala_flexible_type_with_test_script/community-build/community-projects/scala-xml/shared/src/main/scala/scala/xml/MetaData.scala:127:70 
[error] 127 |  def apply(namespace_uri: String, scp: NamespaceBinding, k: String): Seq[Node]
[error]     |                                                                      ^
[error]     |             package scala.runtime does not have a member type $throws
[error] -- Error: /Users/y3536zha/Desktop/scala_flexible/scala_flexible_type_with_test_script/community-build/community-projects/scala-xml/shared/src/main/scala/scala/xml/MetaData.scala:107:26 
[error] 107 |  def apply(key: String): Seq[Node]
[error]     |                          ^
[error]     |             package scala.runtime does not have a member type $throws
java.lang.NoClassDefFoundError: scala/runtime/Scala3RunTime$ while typechecking /Users/y3536zha/Desktop/scala_flexible/scala_flexible_type_with_test_script/community-build/community-projects/scala-xml/shared/src/main/scala/scala/xml/Document.scala
Exception while compiling /Users/y3536zha/Desktop/scala_flexible/scala_flexible_type_with_test_script/community-build/community-projects/scala-xml/shared/src/main/scala-2.13+/scala/xml/ScalaVersionSpecific.scala, /Users/y3536zha/Desktop/scala_flexible/scala_flexible_type_with_test_script/community-build/community-projects/scala-xml/shared/src/main/scala/scala/xml/Atom.scala, /Users/y3536zha/Desktop/scala_flexible/scala_flexible_type_with_test_script/community-build/community-projects/scala-xml/shared/src/main/scala/scala/xml/Attribute.scala, /Users/y3536zha/Desktop/scala_flexible/scala_flexible_type_with_test_script/community-build/community-projects/scala-xml/shared/src/main/scala/scala/xml/Comment.scala, /Users/y3536zha/Desktop/scala_flexible/scala_flexible_type_with_test_script/community-build/community-projects/scala-xml/shared/src/main/scala/scala/xml/Document.scala, /Users/y3536zha/Desktop/scala_flexible/scala_flexible_type_with_test_script/community-build/community-projects/scala-xml/shared/src/main/scala/scala/xml/Elem.scala, /Users/y3536zha/Desktop/scala_flexible/scala_flexible_type_with_test_script/community-build/community-projects/scala-xml/shared/src/main/scala/scala/xml/EntityRef.scala, /Users/y3536zha/Desktop/scala_flexible/scala_flexible_type_with_test_script/community-build/community-projects/scala-xml/shared/src/main/scala/scala/xml/Equality.scala, /Users/y3536zha/Desktop/scala_flexible/scala_flexible_type_with_test_script/community-build/community-projects/scala-xml/shared/src/main/scala/scala/xml/Group.scala, /Users/y3536zha/Desktop/scala_flexible/scala_flexible_type_with_test_script/community-build/community-projects/scala-xml/shared/src/main/scala/scala/xml/MalformedAttributeException.scala, /Users/y3536zha/Desktop/scala_flexible/scala_flexible_type_with_test_script/community-build/community-projects/scala-xml/shared/src/main/scala/scala/xml/MetaData.scala, /Users/y3536zha/Desktop/scala_flexible/scala_flexible_type_with_test_script/community-build/community-projects/scala-xml/shared/src/main/scala/scala/xml/NamespaceBinding.scala, /Users/y3536zha/Desktop/scala_flexible/scala_flexible_type_with_test_script/community-build/community-projects/scala-xml/shared/src/main/scala/scala/xml/Node.scala, /Users/y3536zha/Desktop/scala_flexible/scala_flexible_type_with_test_script/community-build/community-projects/scala-xml/shared/src/main/scala/scala/xml/NodeBuffer.scala, /Users/y3536zha/Desktop/scala_flexible/scala_flexible_type_with_test_script/community-build/community-projects/scala-xml/shared/src/main/scala/scala/xml/NodeSeq.scala, /Users/y3536zha/Desktop/scala_flexible/scala_flexible_type_with_test_script/community-build/community-projects/scala-xml/shared/src/main/scala/scala/xml/Null.scala, /Users/y3536zha/Desktop/scala_flexible/scala_flexible_type_with_test_script/community-build/community-projects/scala-xml/shared/src/main/scala/scala/xml/PCData.scala, /Users/y3536zha/Desktop/scala_flexible/scala_flexible_type_with_test_script/community-build/community-projects/scala-xml/shared/src/main/scala/scala/xml/PrefixedAttribute.scala, /Users/y3536zha/Desktop/scala_flexible/scala_flexible_type_with_test_script/community-build/community-projects/scala-xml/shared/src/main/scala/scala/xml/PrettyPrinter.scala, /Users/y3536zha/Desktop/scala_flexible/scala_flexible_type_with_test_script/community-build/community-projects/scala-xml/shared/src/main/scala/scala/xml/ProcInstr.scala, /Users/y3536zha/Desktop/scala_flexible/scala_flexible_type_with_test_script/community-build/community-projects/scala-xml/shared/src/main/scala/scala/xml/QNode.scala, /Users/y3536zha/Desktop/scala_flexible/scala_flexible_type_with_test_script/community-build/community-projects/scala-xml/shared/src/main/scala/scala/xml/SpecialNode.scala, /Users/y3536zha/Desktop/scala_flexible/scala_flexible_type_with_test_script/community-build/community-projects/scala-xml/shared/src/main/scala/scala/xml/Text.scala, /Users/y3536zha/Desktop/scala_flexible/scala_flexible_type_with_test_script/community-build/community-projects/scala-xml/shared/src/main/scala/scala/xml/TextBuffer.scala, /Users/y3536zha/Desktop/scala_flexible/scala_flexible_type_with_test_script/community-build/community-projects/scala-xml/shared/src/main/scala/scala/xml/TopScope.scala, /Users/y3536zha/Desktop/scala_flexible/scala_flexible_type_with_test_script/community-build/community-projects/scala-xml/shared/src/main/scala/scala/xml/TypeSymbol.scala, /Users/y3536zha/Desktop/scala_flexible/scala_flexible_type_with_test_script/community-build/community-projects/scala-xml/shared/src/main/scala/scala/xml/Unparsed.scala, /Users/y3536zha/Desktop/scala_flexible/scala_flexible_type_with_test_script/community-build/community-projects/scala-xml/shared/src/main/scala/scala/xml/UnprefixedAttribute.scala, /Users/y3536zha/Desktop/scala_flexible/scala_flexible_type_with_test_script/community-build/community-projects/scala-xml/shared/src/main/scala/scala/xml/Utility.scala, /Users/y3536zha/Desktop/scala_flexible/scala_flexible_type_with_test_script/community-build/community-projects/scala-xml/shared/src/main/scala/scala/xml/XML.scala, /Users/y3536zha/Desktop/scala_flexible/scala_flexible_type_with_test_script/community-build/community-projects/scala-xml/shared/src/main/scala/scala/xml/Xhtml.scala, /Users/y3536zha/Desktop/scala_flexible/scala_flexible_type_with_test_script/community-build/community-projects/scala-xml/shared/src/main/scala/scala/xml/dtd/ContentModel.scala, /Users/y3536zha/Desktop/scala_flexible/scala_flexible_type_with_test_script/community-build/community-projects/scala-xml/shared/src/main/scala/scala/xml/dtd/DTD.scala, /Users/y3536zha/Desktop/scala_flexible/scala_flexible_type_with_test_script/community-build/community-projects/scala-xml/shared/src/main/scala/scala/xml/dtd/Decl.scala, /Users/y3536zha/Desktop/scala_flexible/scala_flexible_type_with_test_script/community-build/community-projects/scala-xml/shared/src/main/scala/scala/xml/dtd/DocType.scala, /Users/y3536zha/Desktop/scala_flexible/scala_flexible_type_with_test_script/community-build/community-projects/scala-xml/shared/src/main/scala/scala/xml/dtd/ExternalID.scala, /Users/y3536zha/Desktop/scala_flexible/scala_flexible_type_with_test_script/community-build/community-projects/scala-xml/shared/src/main/scala/scala/xml/dtd/Tokens.scala, /Users/y3536zha/Desktop/scala_flexible/scala_flexible_type_with_test_script/community-build/community-projects/scala-xml/shared/src/main/scala/scala/xml/dtd/ValidationException.scala, /Users/y3536zha/Desktop/scala_flexible/scala_flexible_type_with_test_script/community-build/community-projects/scala-xml/shared/src/main/scala/scala/xml/dtd/impl/Base.scala, /Users/y3536zha/Desktop/scala_flexible/scala_flexible_type_with_test_script/community-build/community-projects/scala-xml/shared/src/main/scala/scala/xml/dtd/impl/BaseBerrySethi.scala, /Users/y3536zha/Desktop/scala_flexible/scala_flexible_type_with_test_script/community-build/community-projects/scala-xml/shared/src/main/scala/scala/xml/dtd/impl/DetWordAutom.scala, /Users/y3536zha/Desktop/scala_flexible/scala_flexible_type_with_test_script/community-build/community-projects/scala-xml/shared/src/main/scala/scala/xml/dtd/impl/Inclusion.scala, /Users/y3536zha/Desktop/scala_flexible/scala_flexible_type_with_test_script/community-build/community-projects/scala-xml/shared/src/main/scala/scala/xml/dtd/impl/NondetWordAutom.scala, /Users/y3536zha/Desktop/scala_flexible/scala_flexible_type_with_test_script/community-build/community-projects/scala-xml/shared/src/main/scala/scala/xml/dtd/impl/SubsetConstruction.scala, /Users/y3536zha/Desktop/scala_flexible/scala_flexible_type_with_test_script/community-build/community-projects/scala-xml/shared/src/main/scala/scala/xml/dtd/impl/SyntaxError.scala, /Users/y3536zha/Desktop/scala_flexible/scala_flexible_type_with_test_script/community-build/community-projects/scala-xml/shared/src/main/scala/scala/xml/dtd/impl/WordBerrySethi.scala, /Users/y3536zha/Desktop/scala_flexible/scala_flexible_type_with_test_script/community-build/community-projects/scala-xml/shared/src/main/scala/scala/xml/dtd/impl/WordExp.scala, /Users/y3536zha/Desktop/scala_flexible/scala_flexible_type_with_test_script/community-build/community-projects/scala-xml/shared/src/main/scala/scala/xml/factory/NodeFactory.scala, /Users/y3536zha/Desktop/scala_flexible/scala_flexible_type_with_test_script/community-build/community-projects/scala-xml/shared/src/main/scala/scala/xml/factory/XMLLoader.scala, /Users/y3536zha/Desktop/scala_flexible/scala_flexible_type_with_test_script/community-build/community-projects/scala-xml/shared/src/main/scala/scala/xml/include/CircularIncludeException.scala, /Users/y3536zha/Desktop/scala_flexible/scala_flexible_type_with_test_script/community-build/community-projects/scala-xml/shared/src/main/scala/scala/xml/include/UnavailableResourceException.scala, /Users/y3536zha/Desktop/scala_flexible/scala_flexible_type_with_test_script/community-build/community-projects/scala-xml/shared/src/main/scala/scala/xml/include/XIncludeException.scala, /Users/y3536zha/Desktop/scala_flexible/scala_flexible_type_with_test_script/community-build/community-projects/scala-xml/shared/src/main/scala/scala/xml/include/sax/EncodingHeuristics.scala, /Users/y3536zha/Desktop/scala_flexible/scala_flexible_type_with_test_script/community-build/community-projects/scala-xml/shared/src/main/scala/scala/xml/include/sax/XIncludeFilter.scala, /Users/y3536zha/Desktop/scala_flexible/scala_flexible_type_with_test_script/community-build/community-projects/scala-xml/shared/src/main/scala/scala/xml/include/sax/XIncluder.scala, /Users/y3536zha/Desktop/scala_flexible/scala_flexible_type_with_test_script/community-build/community-projects/scala-xml/shared/src/main/scala/scala/xml/package.scala, /Users/y3536zha/Desktop/scala_flexible/scala_flexible_type_with_test_script/community-build/community-projects/scala-xml/shared/src/main/scala/scala/xml/parsing/ConstructingHandler.scala, /Users/y3536zha/Desktop/scala_flexible/scala_flexible_type_with_test_script/community-build/community-projects/scala-xml/shared/src/main/scala/scala/xml/parsing/ConstructingParser.scala, /Users/y3536zha/Desktop/scala_flexible/scala_flexible_type_with_test_script/community-build/community-projects/scala-xml/shared/src/main/scala/scala/xml/parsing/DefaultMarkupHandler.scala, /Users/y3536zha/Desktop/scala_flexible/scala_flexible_type_with_test_script/community-build/community-projects/scala-xml/shared/src/main/scala/scala/xml/parsing/ExternalSources.scala, /Users/y3536zha/Desktop/scala_flexible/scala_flexible_type_with_test_script/community-build/community-projects/scala-xml/shared/src/main/scala/scala/xml/parsing/FactoryAdapter.scala, /Users/y3536zha/Desktop/scala_flexible/scala_flexible_type_with_test_script/community-build/community-projects/scala-xml/shared/src/main/scala/scala/xml/parsing/FatalError.scala, /Users/y3536zha/Desktop/scala_flexible/scala_flexible_type_with_test_script/community-build/community-projects/scala-xml/shared/src/main/scala/scala/xml/parsing/MarkupHandler.scala, /Users/y3536zha/Desktop/scala_flexible/scala_flexible_type_with_test_script/community-build/community-projects/scala-xml/shared/src/main/scala/scala/xml/parsing/MarkupParser.scala, /Users/y3536zha/Desktop/scala_flexible/scala_flexible_type_with_test_script/community-build/community-projects/scala-xml/shared/src/main/scala/scala/xml/parsing/MarkupParserCommon.scala, /Users/y3536zha/Desktop/scala_flexible/scala_flexible_type_with_test_script/community-build/community-projects/scala-xml/shared/src/main/scala/scala/xml/parsing/NoBindingFactoryAdapter.scala, /Users/y3536zha/Desktop/scala_flexible/scala_flexible_type_with_test_script/community-build/community-projects/scala-xml/shared/src/main/scala/scala/xml/parsing/TokenTests.scala, /Users/y3536zha/Desktop/scala_flexible/scala_flexible_type_with_test_script/community-build/community-projects/scala-xml/shared/src/main/scala/scala/xml/parsing/XhtmlEntities.scala, /Users/y3536zha/Desktop/scala_flexible/scala_flexible_type_with_test_script/community-build/community-projects/scala-xml/shared/src/main/scala/scala/xml/parsing/XhtmlParser.scala, /Users/y3536zha/Desktop/scala_flexible/scala_flexible_type_with_test_script/community-build/community-projects/scala-xml/shared/src/main/scala/scala/xml/transform/BasicTransformer.scala, /Users/y3536zha/Desktop/scala_flexible/scala_flexible_type_with_test_script/community-build/community-projects/scala-xml/shared/src/main/scala/scala/xml/transform/NestingTransformer.scala, /Users/y3536zha/Desktop/scala_flexible/scala_flexible_type_with_test_script/community-build/community-projects/scala-xml/shared/src/main/scala/scala/xml/transform/RewriteRule.scala, /Users/y3536zha/Desktop/scala_flexible/scala_flexible_type_with_test_script/community-build/community-projects/scala-xml/shared/src/main/scala/scala/xml/transform/RuleTransformer.scala
[error] ## Exception when compiling 73 sources to /Users/y3536zha/Desktop/scala_flexible/scala_flexible_type_with_test_script/community-build/community-projects/scala-xml/jvm/target/scala-3.3.1-RC1-bin-SNAPSHOT/classes
[error] java.lang.NoClassDefFoundError: scala/runtime/Scala3RunTime$
[error] dotty.tools.dotc.core.Symbols$Symbol.asTerm(Symbols.scala:169)
[error] dotty.tools.dotc.ast.tpd$.New(tpd.scala:522)
[error] dotty.tools.dotc.core.Annotations$Annotation$Child$.makeChildLater$1(Annotations.scala:231)
[error] dotty.tools.dotc.core.Annotations$Annotation$Child$.later$$anonfun$1(Annotations.scala:234)
[error] dotty.tools.dotc.core.Annotations$LazyAnnotation.tree(Annotations.scala:140)
[error] dotty.tools.dotc.core.Annotations$Annotation$Child$.unapply(Annotations.scala:242)
[error] dotty.tools.dotc.typer.Namer.insertInto$1(Namer.scala:477)
[error] dotty.tools.dotc.typer.Namer.addChild(Namer.scala:488)
[error] dotty.tools.dotc.typer.Namer$Completer.register$1(Namer.scala:903)
[error] dotty.tools.dotc.typer.Namer$Completer.registerIfChild$$anonfun$1(Namer.scala:912)
[error] scala.runtime.function.JProcedure1.apply(JProcedure1.java:15)
[error] scala.runtime.function.JProcedure1.apply(JProcedure1.java:10)
[error] scala.collection.immutable.List.foreach(List.scala:333)
[error] dotty.tools.dotc.typer.Namer$Completer.registerIfChild(Namer.scala:912)
[error] dotty.tools.dotc.typer.Namer$Completer.complete(Namer.scala:815)
[error] dotty.tools.dotc.core.SymDenotations$SymDenotation.completeFrom(SymDenotations.scala:174)
[error] dotty.tools.dotc.core.Denotations$Denotation.completeInfo$1(Denotations.scala:187)
[error] dotty.tools.dotc.core.Denotations$Denotation.info(Denotations.scala:189)
[error] dotty.tools.dotc.core.Types$NamedType.info(Types.scala:2324)
[error] dotty.tools.dotc.core.Types$Type.isRef(Types.scala:194)
[error] dotty.tools.dotc.typer.Checking$.preCheckKind(Checking.scala:173)
[error] dotty.tools.dotc.typer.Checking$.$anonfun$8(Checking.scala:179)
[error] dotty.tools.dotc.core.Decorators$.zipWithConserve(Decorators.scala:155)
[error] dotty.tools.dotc.typer.Checking$.preCheckKinds(Checking.scala:179)
[error] dotty.tools.dotc.typer.Typer.typedAppliedTypeTree(Typer.scala:2199)
[error] dotty.tools.dotc.typer.Typer.typedUnnamed$1(Typer.scala:3061)
[error] dotty.tools.dotc.typer.Typer.typedUnadapted(Typer.scala:3098)
[error] dotty.tools.dotc.typer.Typer.typed(Typer.scala:3170)
[error] dotty.tools.dotc.typer.Typer.typed(Typer.scala:3174)
[error] dotty.tools.dotc.typer.Typer.typedType(Typer.scala:3289)
[error] dotty.tools.dotc.typer.Namer.typedAheadType$$anonfun$1(Namer.scala:1642)
[error] dotty.tools.dotc.typer.Namer.typedAhead(Namer.scala:1635)
[error] dotty.tools.dotc.typer.Namer.typedAheadType(Namer.scala:1642)
[error] dotty.tools.dotc.typer.Namer.valOrDefDefSig(Namer.scala:1730)
[error] dotty.tools.dotc.typer.Namer.defDefSig(Namer.scala:1781)
[error] dotty.tools.dotc.typer.Namer$Completer.typeSig(Namer.scala:791)
[error] dotty.tools.dotc.typer.Namer$Completer.completeInCreationContext(Namer.scala:926)
[error] dotty.tools.dotc.typer.Namer$Completer.complete(Namer.scala:814)
[error] dotty.tools.dotc.core.SymDenotations$SymDenotation.completeFrom(SymDenotations.scala:174)
[error] dotty.tools.dotc.core.Denotations$Denotation.completeInfo$1(Denotations.scala:187)
[error] dotty.tools.dotc.core.Denotations$Denotation.info(Denotations.scala:189)
[error] dotty.tools.dotc.core.SymDenotations$SymDenotation.ensureCompleted(SymDenotations.scala:393)
[error] dotty.tools.dotc.typer.Typer.retrieveSym(Typer.scala:2976)
[error] dotty.tools.dotc.typer.Typer.typedNamed$1(Typer.scala:3001)
[error] dotty.tools.dotc.typer.Typer.typedUnadapted(Typer.scala:3097)
[error] dotty.tools.dotc.typer.Typer.typed(Typer.scala:3170)
[error] dotty.tools.dotc.typer.Typer.typed(Typer.scala:3174)
[error] dotty.tools.dotc.typer.Typer.traverse$1(Typer.scala:3196)
[error] dotty.tools.dotc.typer.Typer.typedStats(Typer.scala:3242)
[error] dotty.tools.dotc.typer.Typer.typedClassDef(Typer.scala:2656)
[error] dotty.tools.dotc.typer.Typer.typedTypeOrClassDef$1(Typer.scala:3023)
[error] dotty.tools.dotc.typer.Typer.typedNamed$1(Typer.scala:3027)
[error] dotty.tools.dotc.typer.Typer.typedUnadapted(Typer.scala:3097)
[error] dotty.tools.dotc.typer.Typer.typed(Typer.scala:3170)
[error] dotty.tools.dotc.typer.Typer.typed(Typer.scala:3174)
[error] dotty.tools.dotc.typer.Typer.traverse$1(Typer.scala:3196)
[error] dotty.tools.dotc.typer.Typer.typedStats(Typer.scala:3242)
[error] dotty.tools.dotc.typer.Typer.typedPackageDef(Typer.scala:2799)
[error] dotty.tools.dotc.typer.Typer.typedUnnamed$1(Typer.scala:3068)
[error] dotty.tools.dotc.typer.Typer.typedUnadapted(Typer.scala:3098)
[error] dotty.tools.dotc.typer.Typer.typed(Typer.scala:3170)
[error] dotty.tools.dotc.typer.Typer.typed(Typer.scala:3174)
[error] dotty.tools.dotc.typer.Typer.traverse$1(Typer.scala:3223)
[error] dotty.tools.dotc.typer.Typer.typedStats(Typer.scala:3242)
[error] dotty.tools.dotc.typer.Typer.typedPackageDef(Typer.scala:2799)
[error] dotty.tools.dotc.typer.Typer.typedUnnamed$1(Typer.scala:3068)
[error] dotty.tools.dotc.typer.Typer.typedUnadapted(Typer.scala:3098)
[error] dotty.tools.dotc.typer.Typer.typed(Typer.scala:3170)
[error] dotty.tools.dotc.typer.Typer.typed(Typer.scala:3174)
[error] dotty.tools.dotc.typer.Typer.typedExpr(Typer.scala:3286)
[error] dotty.tools.dotc.typer.TyperPhase.typeCheck$$anonfun$1(TyperPhase.scala:44)
[error] dotty.tools.dotc.typer.TyperPhase.typeCheck$$anonfun$adapted$1(TyperPhase.scala:54)
[error] scala.Function0.apply$mcV$sp(Function0.scala:42)
[error] dotty.tools.dotc.core.Phases$Phase.monitor(Phases.scala:437)
[error] dotty.tools.dotc.typer.TyperPhase.typeCheck(TyperPhase.scala:54)
[error] dotty.tools.dotc.typer.TyperPhase.runOn$$anonfun$3(TyperPhase.scala:88)
[error] scala.runtime.function.JProcedure1.apply(JProcedure1.java:15)
[error] scala.runtime.function.JProcedure1.apply(JProcedure1.java:10)
[error] scala.collection.immutable.List.foreach(List.scala:333)
[error] dotty.tools.dotc.typer.TyperPhase.runOn(TyperPhase.scala:88)
[error] dotty.tools.dotc.Run.runPhases$1$$anonfun$1(Run.scala:246)
[error] scala.runtime.function.JProcedure1.apply(JProcedure1.java:15)
[error] scala.runtime.function.JProcedure1.apply(JProcedure1.java:10)
[error] scala.collection.ArrayOps$.foreach$extension(ArrayOps.scala:1321)
[error] dotty.tools.dotc.Run.runPhases$1(Run.scala:262)
[error] dotty.tools.dotc.Run.compileUnits$$anonfun$1(Run.scala:270)
[error] dotty.tools.dotc.Run.compileUnits$$anonfun$adapted$1(Run.scala:279)
[error] dotty.tools.dotc.util.Stats$.maybeMonitored(Stats.scala:67)
[error] dotty.tools.dotc.Run.compileUnits(Run.scala:279)
[error] dotty.tools.dotc.Run.compileSources(Run.scala:194)
[error] dotty.tools.dotc.Run.compile(Run.scala:179)
[error] dotty.tools.dotc.Driver.doCompile(Driver.scala:37)
[error] dotty.tools.xsbt.CompilerBridgeDriver.run(CompilerBridgeDriver.java:88)
[error] dotty.tools.xsbt.CompilerBridge.run(CompilerBridge.java:22)
[error] sbt.internal.inc.AnalyzingCompiler.compile(AnalyzingCompiler.scala:91)
[error] sbt.internal.inc.MixedAnalyzingCompiler.$anonfun$compile$7(MixedAnalyzingCompiler.scala:193)
[error] scala.runtime.java8.JFunction0$mcV$sp.apply(JFunction0$mcV$sp.java:23)
[error] sbt.internal.inc.MixedAnalyzingCompiler.timed(MixedAnalyzingCompiler.scala:248)
[error] sbt.internal.inc.MixedAnalyzingCompiler.$anonfun$compile$4(MixedAnalyzingCompiler.scala:183)
[error] sbt.internal.inc.MixedAnalyzingCompiler.$anonfun$compile$4$adapted(MixedAnalyzingCompiler.scala:163)
[error] sbt.internal.inc.JarUtils$.withPreviousJar(JarUtils.scala:239)
[error] sbt.internal.inc.MixedAnalyzingCompiler.compileScala$1(MixedAnalyzingCompiler.scala:163)
[error] sbt.internal.inc.MixedAnalyzingCompiler.compile(MixedAnalyzingCompiler.scala:211)
[error] sbt.internal.inc.IncrementalCompilerImpl.$anonfun$compileInternal$1(IncrementalCompilerImpl.scala:534)
[error] sbt.internal.inc.IncrementalCompilerImpl.$anonfun$compileInternal$1$adapted(IncrementalCompilerImpl.scala:534)
[error] sbt.internal.inc.Incremental$.$anonfun$apply$5(Incremental.scala:179)
[error] sbt.internal.inc.Incremental$.$anonfun$apply$5$adapted(Incremental.scala:177)
[error] sbt.internal.inc.Incremental$$anon$2.run(Incremental.scala:463)
[error] sbt.internal.inc.IncrementalCommon$CycleState.next(IncrementalCommon.scala:116)
[error] sbt.internal.inc.IncrementalCommon$$anon$1.next(IncrementalCommon.scala:56)
[error] sbt.internal.inc.IncrementalCommon$$anon$1.next(IncrementalCommon.scala:52)
[error] sbt.internal.inc.IncrementalCommon.cycle(IncrementalCommon.scala:263)
[error] sbt.internal.inc.Incremental$.$anonfun$incrementalCompile$8(Incremental.scala:418)
[error] sbt.internal.inc.Incremental$.withClassfileManager(Incremental.scala:506)
[error] sbt.internal.inc.Incremental$.incrementalCompile(Incremental.scala:405)
[error] sbt.internal.inc.Incremental$.apply(Incremental.scala:171)
[error] sbt.internal.inc.IncrementalCompilerImpl.compileInternal(IncrementalCompilerImpl.scala:534)
[error] sbt.internal.inc.IncrementalCompilerImpl.$anonfun$compileIncrementally$1(IncrementalCompilerImpl.scala:488)
[error] sbt.internal.inc.IncrementalCompilerImpl.handleCompilationError(IncrementalCompilerImpl.scala:332)
[error] sbt.internal.inc.IncrementalCompilerImpl.compileIncrementally(IncrementalCompilerImpl.scala:425)
[error] sbt.internal.inc.IncrementalCompilerImpl.compile(IncrementalCompilerImpl.scala:137)
[error] sbt.Defaults$.compileIncrementalTaskImpl(Defaults.scala:2363)
[error] sbt.Defaults$.$anonfun$compileIncrementalTask$2(Defaults.scala:2313)
[error] sbt.internal.server.BspCompileTask$.$anonfun$compute$1(BspCompileTask.scala:30)
[error] sbt.internal.io.Retry$.apply(Retry.scala:46)
[error] sbt.internal.io.Retry$.apply(Retry.scala:28)
[error] sbt.internal.io.Retry$.apply(Retry.scala:23)
[error] sbt.internal.server.BspCompileTask$.compute(BspCompileTask.scala:30)
[error] sbt.Defaults$.$anonfun$compileIncrementalTask$1(Defaults.scala:2311)
[error] scala.Function1.$anonfun$compose$1(Function1.scala:49)
[error] sbt.internal.util.$tilde$greater.$anonfun$$u2219$1(TypeFunctions.scala:62)
[error] sbt.std.Transform$$anon$4.work(Transform.scala:68)
[error] sbt.Execute.$anonfun$submit$2(Execute.scala:282)
[error] sbt.internal.util.ErrorHandling$.wideConvert(ErrorHandling.scala:23)
[error] sbt.Execute.work(Execute.scala:291)
[error] sbt.Execute.$anonfun$submit$1(Execute.scala:282)
[error] sbt.ConcurrentRestrictions$$anon$4.$anonfun$submitValid$1(ConcurrentRestrictions.scala:265)
[error] sbt.CompletionService$$anon$2.call(CompletionService.scala:64)
[error] java.base/java.util.concurrent.FutureTask.run(Unknown Source)
[error] java.base/java.util.concurrent.Executors$RunnableAdapter.call(Unknown Source)
[error] java.base/java.util.concurrent.FutureTask.run(Unknown Source)
[error] java.base/java.util.concurrent.ThreadPoolExecutor.runWorker(Unknown Source)
[error] java.base/java.util.concurrent.ThreadPoolExecutor$Worker.run(Unknown Source)
[error] java.base/java.lang.Thread.run(Unknown Source)
[error]            
[error] java.lang.NoClassDefFoundError: scala/runtime/Scala3RunTime$
[error] 	at dotty.tools.dotc.core.Symbols$Symbol.asTerm(Symbols.scala:169)
[error] 	at dotty.tools.dotc.ast.tpd$.New(tpd.scala:522)
[error] 	at dotty.tools.dotc.core.Annotations$Annotation$Child$.makeChildLater$1(Annotations.scala:231)
[error] 	at dotty.tools.dotc.core.Annotations$Annotation$Child$.later$$anonfun$1(Annotations.scala:234)
[error] 	at dotty.tools.dotc.core.Annotations$LazyAnnotation.tree(Annotations.scala:140)
[error] 	at dotty.tools.dotc.core.Annotations$Annotation$Child$.unapply(Annotations.scala:242)
[error] 	at dotty.tools.dotc.typer.Namer.insertInto$1(Namer.scala:477)
[error] 	at dotty.tools.dotc.typer.Namer.addChild(Namer.scala:488)
[error] 	at dotty.tools.dotc.typer.Namer$Completer.register$1(Namer.scala:903)
[error] 	at dotty.tools.dotc.typer.Namer$Completer.registerIfChild$$anonfun$1(Namer.scala:912)
[error] 	at scala.runtime.function.JProcedure1.apply(JProcedure1.java:15)
[error] 	at scala.runtime.function.JProcedure1.apply(JProcedure1.java:10)
[error] 	at scala.collection.immutable.List.foreach(List.scala:333)
[error] 	at dotty.tools.dotc.typer.Namer$Completer.registerIfChild(Namer.scala:912)
[error] 	at dotty.tools.dotc.typer.Namer$Completer.complete(Namer.scala:815)
[error] 	at dotty.tools.dotc.core.SymDenotations$SymDenotation.completeFrom(SymDenotations.scala:174)
[error] 	at dotty.tools.dotc.core.Denotations$Denotation.completeInfo$1(Denotations.scala:187)
[error] 	at dotty.tools.dotc.core.Denotations$Denotation.info(Denotations.scala:189)
[error] 	at dotty.tools.dotc.core.Types$NamedType.info(Types.scala:2324)
[error] 	at dotty.tools.dotc.core.Types$Type.isRef(Types.scala:194)
[error] 	at dotty.tools.dotc.typer.Checking$.preCheckKind(Checking.scala:173)
[error] 	at dotty.tools.dotc.typer.Checking$.$anonfun$8(Checking.scala:179)
[error] 	at dotty.tools.dotc.core.Decorators$.zipWithConserve(Decorators.scala:155)
[error] 	at dotty.tools.dotc.typer.Checking$.preCheckKinds(Checking.scala:179)
[error] 	at dotty.tools.dotc.typer.Typer.typedAppliedTypeTree(Typer.scala:2199)
[error] 	at dotty.tools.dotc.typer.Typer.typedUnnamed$1(Typer.scala:3061)
[error] 	at dotty.tools.dotc.typer.Typer.typedUnadapted(Typer.scala:3098)
[error] 	at dotty.tools.dotc.typer.Typer.typed(Typer.scala:3170)
[error] 	at dotty.tools.dotc.typer.Typer.typed(Typer.scala:3174)
[error] 	at dotty.tools.dotc.typer.Typer.typedType(Typer.scala:3289)
[error] 	at dotty.tools.dotc.typer.Namer.typedAheadType$$anonfun$1(Namer.scala:1642)
[error] 	at dotty.tools.dotc.typer.Namer.typedAhead(Namer.scala:1635)
[error] 	at dotty.tools.dotc.typer.Namer.typedAheadType(Namer.scala:1642)
[error] 	at dotty.tools.dotc.typer.Namer.valOrDefDefSig(Namer.scala:1730)
[error] 	at dotty.tools.dotc.typer.Namer.defDefSig(Namer.scala:1781)
[error] 	at dotty.tools.dotc.typer.Namer$Completer.typeSig(Namer.scala:791)
[error] 	at dotty.tools.dotc.typer.Namer$Completer.completeInCreationContext(Namer.scala:926)
[error] 	at dotty.tools.dotc.typer.Namer$Completer.complete(Namer.scala:814)
[error] 	at dotty.tools.dotc.core.SymDenotations$SymDenotation.completeFrom(SymDenotations.scala:174)
[error] 	at dotty.tools.dotc.core.Denotations$Denotation.completeInfo$1(Denotations.scala:187)
[error] 	at dotty.tools.dotc.core.Denotations$Denotation.info(Denotations.scala:189)
[error] 	at dotty.tools.dotc.core.SymDenotations$SymDenotation.ensureCompleted(SymDenotations.scala:393)
[error] 	at dotty.tools.dotc.typer.Typer.retrieveSym(Typer.scala:2976)
[error] 	at dotty.tools.dotc.typer.Typer.typedNamed$1(Typer.scala:3001)
[error] 	at dotty.tools.dotc.typer.Typer.typedUnadapted(Typer.scala:3097)
[error] 	at dotty.tools.dotc.typer.Typer.typed(Typer.scala:3170)
[error] 	at dotty.tools.dotc.typer.Typer.typed(Typer.scala:3174)
[error] 	at dotty.tools.dotc.typer.Typer.traverse$1(Typer.scala:3196)
[error] 	at dotty.tools.dotc.typer.Typer.typedStats(Typer.scala:3242)
[error] 	at dotty.tools.dotc.typer.Typer.typedClassDef(Typer.scala:2656)
[error] 	at dotty.tools.dotc.typer.Typer.typedTypeOrClassDef$1(Typer.scala:3023)
[error] 	at dotty.tools.dotc.typer.Typer.typedNamed$1(Typer.scala:3027)
[error] 	at dotty.tools.dotc.typer.Typer.typedUnadapted(Typer.scala:3097)
[error] 	at dotty.tools.dotc.typer.Typer.typed(Typer.scala:3170)
[error] 	at dotty.tools.dotc.typer.Typer.typed(Typer.scala:3174)
[error] 	at dotty.tools.dotc.typer.Typer.traverse$1(Typer.scala:3196)
[error] 	at dotty.tools.dotc.typer.Typer.typedStats(Typer.scala:3242)
[error] 	at dotty.tools.dotc.typer.Typer.typedPackageDef(Typer.scala:2799)
[error] 	at dotty.tools.dotc.typer.Typer.typedUnnamed$1(Typer.scala:3068)
[error] 	at dotty.tools.dotc.typer.Typer.typedUnadapted(Typer.scala:3098)
[error] 	at dotty.tools.dotc.typer.Typer.typed(Typer.scala:3170)
[error] 	at dotty.tools.dotc.typer.Typer.typed(Typer.scala:3174)
[error] 	at dotty.tools.dotc.typer.Typer.traverse$1(Typer.scala:3223)
[error] 	at dotty.tools.dotc.typer.Typer.typedStats(Typer.scala:3242)
[error] 	at dotty.tools.dotc.typer.Typer.typedPackageDef(Typer.scala:2799)
[error] 	at dotty.tools.dotc.typer.Typer.typedUnnamed$1(Typer.scala:3068)
[error] 	at dotty.tools.dotc.typer.Typer.typedUnadapted(Typer.scala:3098)
[error] 	at dotty.tools.dotc.typer.Typer.typed(Typer.scala:3170)
[error] 	at dotty.tools.dotc.typer.Typer.typed(Typer.scala:3174)
[error] 	at dotty.tools.dotc.typer.Typer.typedExpr(Typer.scala:3286)
[error] 	at dotty.tools.dotc.typer.TyperPhase.typeCheck$$anonfun$1(TyperPhase.scala:44)
[error] 	at dotty.tools.dotc.typer.TyperPhase.typeCheck$$anonfun$adapted$1(TyperPhase.scala:54)
[error] 	at scala.Function0.apply$mcV$sp(Function0.scala:42)
[error] 	at dotty.tools.dotc.core.Phases$Phase.monitor(Phases.scala:437)
[error] 	at dotty.tools.dotc.typer.TyperPhase.typeCheck(TyperPhase.scala:54)
[error] 	at dotty.tools.dotc.typer.TyperPhase.runOn$$anonfun$3(TyperPhase.scala:88)
[error] 	at scala.runtime.function.JProcedure1.apply(JProcedure1.java:15)
[error] 	at scala.runtime.function.JProcedure1.apply(JProcedure1.java:10)
[error] 	at scala.collection.immutable.List.foreach(List.scala:333)
[error] 	at dotty.tools.dotc.typer.TyperPhase.runOn(TyperPhase.scala:88)
[error] 	at dotty.tools.dotc.Run.runPhases$1$$anonfun$1(Run.scala:246)
[error] 	at scala.runtime.function.JProcedure1.apply(JProcedure1.java:15)
[error] 	at scala.runtime.function.JProcedure1.apply(JProcedure1.java:10)
[error] 	at scala.collection.ArrayOps$.foreach$extension(ArrayOps.scala:1321)
[error] 	at dotty.tools.dotc.Run.runPhases$1(Run.scala:262)
[error] 	at dotty.tools.dotc.Run.compileUnits$$anonfun$1(Run.scala:270)
[error] 	at dotty.tools.dotc.Run.compileUnits$$anonfun$adapted$1(Run.scala:279)
[error] 	at dotty.tools.dotc.util.Stats$.maybeMonitored(Stats.scala:67)
[error] 	at dotty.tools.dotc.Run.compileUnits(Run.scala:279)
[error] 	at dotty.tools.dotc.Run.compileSources(Run.scala:194)
[error] 	at dotty.tools.dotc.Run.compile(Run.scala:179)
[error] 	at dotty.tools.dotc.Driver.doCompile(Driver.scala:37)
[error] 	at dotty.tools.xsbt.CompilerBridgeDriver.run(CompilerBridgeDriver.java:88)
[error] 	at dotty.tools.xsbt.CompilerBridge.run(CompilerBridge.java:22)
[error] 	at sbt.internal.inc.AnalyzingCompiler.compile(AnalyzingCompiler.scala:91)
[error] 	at sbt.internal.inc.MixedAnalyzingCompiler.$anonfun$compile$7(MixedAnalyzingCompiler.scala:193)
[error] 	at scala.runtime.java8.JFunction0$mcV$sp.apply(JFunction0$mcV$sp.java:23)
[error] 	at sbt.internal.inc.MixedAnalyzingCompiler.timed(MixedAnalyzingCompiler.scala:248)
[error] 	at sbt.internal.inc.MixedAnalyzingCompiler.$anonfun$compile$4(MixedAnalyzingCompiler.scala:183)
[error] 	at sbt.internal.inc.MixedAnalyzingCompiler.$anonfun$compile$4$adapted(MixedAnalyzingCompiler.scala:163)
[error] 	at sbt.internal.inc.JarUtils$.withPreviousJar(JarUtils.scala:239)
[error] 	at sbt.internal.inc.MixedAnalyzingCompiler.compileScala$1(MixedAnalyzingCompiler.scala:163)
[error] 	at sbt.internal.inc.MixedAnalyzingCompiler.compile(MixedAnalyzingCompiler.scala:211)
[error] 	at sbt.internal.inc.IncrementalCompilerImpl.$anonfun$compileInternal$1(IncrementalCompilerImpl.scala:534)
[error] 	at sbt.internal.inc.IncrementalCompilerImpl.$anonfun$compileInternal$1$adapted(IncrementalCompilerImpl.scala:534)
[error] 	at sbt.internal.inc.Incremental$.$anonfun$apply$5(Incremental.scala:179)
[error] 	at sbt.internal.inc.Incremental$.$anonfun$apply$5$adapted(Incremental.scala:177)
[error] 	at sbt.internal.inc.Incremental$$anon$2.run(Incremental.scala:463)
[error] 	at sbt.internal.inc.IncrementalCommon$CycleState.next(IncrementalCommon.scala:116)
[error] 	at sbt.internal.inc.IncrementalCommon$$anon$1.next(IncrementalCommon.scala:56)
[error] 	at sbt.internal.inc.IncrementalCommon$$anon$1.next(IncrementalCommon.scala:52)
[error] 	at sbt.internal.inc.IncrementalCommon.cycle(IncrementalCommon.scala:263)
[error] 	at sbt.internal.inc.Incremental$.$anonfun$incrementalCompile$8(Incremental.scala:418)
[error] 	at sbt.internal.inc.Incremental$.withClassfileManager(Incremental.scala:506)
[error] 	at sbt.internal.inc.Incremental$.incrementalCompile(Incremental.scala:405)
[error] 	at sbt.internal.inc.Incremental$.apply(Incremental.scala:171)
[error] 	at sbt.internal.inc.IncrementalCompilerImpl.compileInternal(IncrementalCompilerImpl.scala:534)
[error] 	at sbt.internal.inc.IncrementalCompilerImpl.$anonfun$compileIncrementally$1(IncrementalCompilerImpl.scala:488)
[error] 	at sbt.internal.inc.IncrementalCompilerImpl.handleCompilationError(IncrementalCompilerImpl.scala:332)
[error] 	at sbt.internal.inc.IncrementalCompilerImpl.compileIncrementally(IncrementalCompilerImpl.scala:425)
[error] 	at sbt.internal.inc.IncrementalCompilerImpl.compile(IncrementalCompilerImpl.scala:137)
[error] 	at sbt.Defaults$.compileIncrementalTaskImpl(Defaults.scala:2363)
[error] 	at sbt.Defaults$.$anonfun$compileIncrementalTask$2(Defaults.scala:2313)
[error] 	at sbt.internal.server.BspCompileTask$.$anonfun$compute$1(BspCompileTask.scala:30)
[error] 	at sbt.internal.io.Retry$.apply(Retry.scala:46)
[error] 	at sbt.internal.io.Retry$.apply(Retry.scala:28)
[error] 	at sbt.internal.io.Retry$.apply(Retry.scala:23)
[error] 	at sbt.internal.server.BspCompileTask$.compute(BspCompileTask.scala:30)
[error] 	at sbt.Defaults$.$anonfun$compileIncrementalTask$1(Defaults.scala:2311)
[error] 	at scala.Function1.$anonfun$compose$1(Function1.scala:49)
[error] 	at sbt.internal.util.$tilde$greater.$anonfun$$u2219$1(TypeFunctions.scala:62)
[error] 	at sbt.std.Transform$$anon$4.work(Transform.scala:68)
[error] 	at sbt.Execute.$anonfun$submit$2(Execute.scala:282)
[error] 	at sbt.internal.util.ErrorHandling$.wideConvert(ErrorHandling.scala:23)
[error] 	at sbt.Execute.work(Execute.scala:291)
[error] 	at sbt.Execute.$anonfun$submit$1(Execute.scala:282)
[error] 	at sbt.ConcurrentRestrictions$$anon$4.$anonfun$submitValid$1(ConcurrentRestrictions.scala:265)
[error] 	at sbt.CompletionService$$anon$2.call(CompletionService.scala:64)
[error] 	at java.base/java.util.concurrent.FutureTask.run(Unknown Source)
[error] 	at java.base/java.util.concurrent.Executors$RunnableAdapter.call(Unknown Source)
[error] 	at java.base/java.util.concurrent.FutureTask.run(Unknown Source)
[error] 	at java.base/java.util.concurrent.ThreadPoolExecutor.runWorker(Unknown Source)
[error] 	at java.base/java.util.concurrent.ThreadPoolExecutor$Worker.run(Unknown Source)
[error] 	at java.base/java.lang.Thread.run(Unknown Source)
[error] Caused by: java.lang.ClassNotFoundException: scala.runtime.Scala3RunTime$
[error] 	at java.base/java.net.URLClassLoader.findClass(Unknown Source)
[error] 	at java.base/java.lang.ClassLoader.loadClass(Unknown Source)
[error] 	at java.base/java.lang.ClassLoader.loadClass(Unknown Source)
[error] 	at dotty.tools.dotc.core.Symbols$Symbol.asTerm(Symbols.scala:169)
[error] 	at dotty.tools.dotc.ast.tpd$.New(tpd.scala:522)
[error] 	at dotty.tools.dotc.core.Annotations$Annotation$Child$.makeChildLater$1(Annotations.scala:231)
[error] 	at dotty.tools.dotc.core.Annotations$Annotation$Child$.later$$anonfun$1(Annotations.scala:234)
[error] 	at dotty.tools.dotc.core.Annotations$LazyAnnotation.tree(Annotations.scala:140)
[error] 	at dotty.tools.dotc.core.Annotations$Annotation$Child$.unapply(Annotations.scala:242)
[error] 	at dotty.tools.dotc.typer.Namer.insertInto$1(Namer.scala:477)
[error] 	at dotty.tools.dotc.typer.Namer.addChild(Namer.scala:488)
[error] 	at dotty.tools.dotc.typer.Namer$Completer.register$1(Namer.scala:903)
[error] 	at dotty.tools.dotc.typer.Namer$Completer.registerIfChild$$anonfun$1(Namer.scala:912)
[error] 	at scala.runtime.function.JProcedure1.apply(JProcedure1.java:15)
[error] 	at scala.runtime.function.JProcedure1.apply(JProcedure1.java:10)
[error] 	at scala.collection.immutable.List.foreach(List.scala:333)
[error] 	at dotty.tools.dotc.typer.Namer$Completer.registerIfChild(Namer.scala:912)
[error] 	at dotty.tools.dotc.typer.Namer$Completer.complete(Namer.scala:815)
[error] 	at dotty.tools.dotc.core.SymDenotations$SymDenotation.completeFrom(SymDenotations.scala:174)
[error] 	at dotty.tools.dotc.core.Denotations$Denotation.completeInfo$1(Denotations.scala:187)
[error] 	at dotty.tools.dotc.core.Denotations$Denotation.info(Denotations.scala:189)
[error] 	at dotty.tools.dotc.core.Types$NamedType.info(Types.scala:2324)
[error] 	at dotty.tools.dotc.core.Types$Type.isRef(Types.scala:194)
[error] 	at dotty.tools.dotc.typer.Checking$.preCheckKind(Checking.scala:173)
[error] 	at dotty.tools.dotc.typer.Checking$.$anonfun$8(Checking.scala:179)
[error] 	at dotty.tools.dotc.core.Decorators$.zipWithConserve(Decorators.scala:155)
[error] 	at dotty.tools.dotc.typer.Checking$.preCheckKinds(Checking.scala:179)
[error] 	at dotty.tools.dotc.typer.Typer.typedAppliedTypeTree(Typer.scala:2199)
[error] 	at dotty.tools.dotc.typer.Typer.typedUnnamed$1(Typer.scala:3061)
[error] 	at dotty.tools.dotc.typer.Typer.typedUnadapted(Typer.scala:3098)
[error] 	at dotty.tools.dotc.typer.Typer.typed(Typer.scala:3170)
[error] 	at dotty.tools.dotc.typer.Typer.typed(Typer.scala:3174)
[error] 	at dotty.tools.dotc.typer.Typer.typedType(Typer.scala:3289)
[error] 	at dotty.tools.dotc.typer.Namer.typedAheadType$$anonfun$1(Namer.scala:1642)
[error] 	at dotty.tools.dotc.typer.Namer.typedAhead(Namer.scala:1635)
[error] 	at dotty.tools.dotc.typer.Namer.typedAheadType(Namer.scala:1642)
[error] 	at dotty.tools.dotc.typer.Namer.valOrDefDefSig(Namer.scala:1730)
[error] 	at dotty.tools.dotc.typer.Namer.defDefSig(Namer.scala:1781)
[error] 	at dotty.tools.dotc.typer.Namer$Completer.typeSig(Namer.scala:791)
[error] 	at dotty.tools.dotc.typer.Namer$Completer.completeInCreationContext(Namer.scala:926)
[error] 	at dotty.tools.dotc.typer.Namer$Completer.complete(Namer.scala:814)
[error] 	at dotty.tools.dotc.core.SymDenotations$SymDenotation.completeFrom(SymDenotations.scala:174)
[error] 	at dotty.tools.dotc.core.Denotations$Denotation.completeInfo$1(Denotations.scala:187)
[error] 	at dotty.tools.dotc.core.Denotations$Denotation.info(Denotations.scala:189)
[error] 	at dotty.tools.dotc.core.SymDenotations$SymDenotation.ensureCompleted(SymDenotations.scala:393)
[error] 	at dotty.tools.dotc.typer.Typer.retrieveSym(Typer.scala:2976)
[error] 	at dotty.tools.dotc.typer.Typer.typedNamed$1(Typer.scala:3001)
[error] 	at dotty.tools.dotc.typer.Typer.typedUnadapted(Typer.scala:3097)
[error] 	at dotty.tools.dotc.typer.Typer.typed(Typer.scala:3170)
[error] 	at dotty.tools.dotc.typer.Typer.typed(Typer.scala:3174)
[error] 	at dotty.tools.dotc.typer.Typer.traverse$1(Typer.scala:3196)
[error] 	at dotty.tools.dotc.typer.Typer.typedStats(Typer.scala:3242)
[error] 	at dotty.tools.dotc.typer.Typer.typedClassDef(Typer.scala:2656)
[error] 	at dotty.tools.dotc.typer.Typer.typedTypeOrClassDef$1(Typer.scala:3023)
[error] 	at dotty.tools.dotc.typer.Typer.typedNamed$1(Typer.scala:3027)
[error] 	at dotty.tools.dotc.typer.Typer.typedUnadapted(Typer.scala:3097)
[error] 	at dotty.tools.dotc.typer.Typer.typed(Typer.scala:3170)
[error] 	at dotty.tools.dotc.typer.Typer.typed(Typer.scala:3174)
[error] 	at dotty.tools.dotc.typer.Typer.traverse$1(Typer.scala:3196)
[error] 	at dotty.tools.dotc.typer.Typer.typedStats(Typer.scala:3242)
[error] 	at dotty.tools.dotc.typer.Typer.typedPackageDef(Typer.scala:2799)
[error] 	at dotty.tools.dotc.typer.Typer.typedUnnamed$1(Typer.scala:3068)
[error] 	at dotty.tools.dotc.typer.Typer.typedUnadapted(Typer.scala:3098)
[error] 	at dotty.tools.dotc.typer.Typer.typed(Typer.scala:3170)
[error] 	at dotty.tools.dotc.typer.Typer.typed(Typer.scala:3174)
[error] 	at dotty.tools.dotc.typer.Typer.traverse$1(Typer.scala:3223)
[error] 	at dotty.tools.dotc.typer.Typer.typedStats(Typer.scala:3242)
[error] 	at dotty.tools.dotc.typer.Typer.typedPackageDef(Typer.scala:2799)
[error] 	at dotty.tools.dotc.typer.Typer.typedUnnamed$1(Typer.scala:3068)
[error] 	at dotty.tools.dotc.typer.Typer.typedUnadapted(Typer.scala:3098)
[error] 	at dotty.tools.dotc.typer.Typer.typed(Typer.scala:3170)
[error] 	at dotty.tools.dotc.typer.Typer.typed(Typer.scala:3174)
[error] 	at dotty.tools.dotc.typer.Typer.typedExpr(Typer.scala:3286)
[error] 	at dotty.tools.dotc.typer.TyperPhase.typeCheck$$anonfun$1(TyperPhase.scala:44)
[error] 	at dotty.tools.dotc.typer.TyperPhase.typeCheck$$anonfun$adapted$1(TyperPhase.scala:54)
[error] 	at scala.Function0.apply$mcV$sp(Function0.scala:42)
[error] 	at dotty.tools.dotc.core.Phases$Phase.monitor(Phases.scala:437)
[error] 	at dotty.tools.dotc.typer.TyperPhase.typeCheck(TyperPhase.scala:54)
[error] 	at dotty.tools.dotc.typer.TyperPhase.runOn$$anonfun$3(TyperPhase.scala:88)
[error] 	at scala.runtime.function.JProcedure1.apply(JProcedure1.java:15)
[error] 	at scala.runtime.function.JProcedure1.apply(JProcedure1.java:10)
[error] 	at scala.collection.immutable.List.foreach(List.scala:333)
[error] 	at dotty.tools.dotc.typer.TyperPhase.runOn(TyperPhase.scala:88)
[error] 	at dotty.tools.dotc.Run.runPhases$1$$anonfun$1(Run.scala:246)
[error] 	at scala.runtime.function.JProcedure1.apply(JProcedure1.java:15)
[error] 	at scala.runtime.function.JProcedure1.apply(JProcedure1.java:10)
[error] 	at scala.collection.ArrayOps$.foreach$extension(ArrayOps.scala:1321)
[error] 	at dotty.tools.dotc.Run.runPhases$1(Run.scala:262)
[error] 	at dotty.tools.dotc.Run.compileUnits$$anonfun$1(Run.scala:270)
[error] 	at dotty.tools.dotc.Run.compileUnits$$anonfun$adapted$1(Run.scala:279)
[error] 	at dotty.tools.dotc.util.Stats$.maybeMonitored(Stats.scala:67)
[error] 	at dotty.tools.dotc.Run.compileUnits(Run.scala:279)
[error] 	at dotty.tools.dotc.Run.compileSources(Run.scala:194)
[error] 	at dotty.tools.dotc.Run.compile(Run.scala:179)
[error] 	at dotty.tools.dotc.Driver.doCompile(Driver.scala:37)
[error] 	at dotty.tools.xsbt.CompilerBridgeDriver.run(CompilerBridgeDriver.java:88)
[error] 	at dotty.tools.xsbt.CompilerBridge.run(CompilerBridge.java:22)
[error] 	at sbt.internal.inc.AnalyzingCompiler.compile(AnalyzingCompiler.scala:91)
[error] 	at sbt.internal.inc.MixedAnalyzingCompiler.$anonfun$compile$7(MixedAnalyzingCompiler.scala:193)
[error] 	at scala.runtime.java8.JFunction0$mcV$sp.apply(JFunction0$mcV$sp.java:23)
[error] 	at sbt.internal.inc.MixedAnalyzingCompiler.timed(MixedAnalyzingCompiler.scala:248)
[error] 	at sbt.internal.inc.MixedAnalyzingCompiler.$anonfun$compile$4(MixedAnalyzingCompiler.scala:183)
[error] 	at sbt.internal.inc.MixedAnalyzingCompiler.$anonfun$compile$4$adapted(MixedAnalyzingCompiler.scala:163)
[error] 	at sbt.internal.inc.JarUtils$.withPreviousJar(JarUtils.scala:239)
[error] 	at sbt.internal.inc.MixedAnalyzingCompiler.compileScala$1(MixedAnalyzingCompiler.scala:163)
[error] 	at sbt.internal.inc.MixedAnalyzingCompiler.compile(MixedAnalyzingCompiler.scala:211)
[error] 	at sbt.internal.inc.IncrementalCompilerImpl.$anonfun$compileInternal$1(IncrementalCompilerImpl.scala:534)
[error] 	at sbt.internal.inc.IncrementalCompilerImpl.$anonfun$compileInternal$1$adapted(IncrementalCompilerImpl.scala:534)
[error] 	at sbt.internal.inc.Incremental$.$anonfun$apply$5(Incremental.scala:179)
[error] 	at sbt.internal.inc.Incremental$.$anonfun$apply$5$adapted(Incremental.scala:177)
[error] 	at sbt.internal.inc.Incremental$$anon$2.run(Incremental.scala:463)
[error] 	at sbt.internal.inc.IncrementalCommon$CycleState.next(IncrementalCommon.scala:116)
[error] 	at sbt.internal.inc.IncrementalCommon$$anon$1.next(IncrementalCommon.scala:56)
[error] 	at sbt.internal.inc.IncrementalCommon$$anon$1.next(IncrementalCommon.scala:52)
[error] 	at sbt.internal.inc.IncrementalCommon.cycle(IncrementalCommon.scala:263)
[error] 	at sbt.internal.inc.Incremental$.$anonfun$incrementalCompile$8(Incremental.scala:418)
[error] 	at sbt.internal.inc.Incremental$.withClassfileManager(Incremental.scala:506)
[error] 	at sbt.internal.inc.Incremental$.incrementalCompile(Incremental.scala:405)
[error] 	at sbt.internal.inc.Incremental$.apply(Incremental.scala:171)
[error] 	at sbt.internal.inc.IncrementalCompilerImpl.compileInternal(IncrementalCompilerImpl.scala:534)
[error] 	at sbt.internal.inc.IncrementalCompilerImpl.$anonfun$compileIncrementally$1(IncrementalCompilerImpl.scala:488)
[error] 	at sbt.internal.inc.IncrementalCompilerImpl.handleCompilationError(IncrementalCompilerImpl.scala:332)
[error] 	at sbt.internal.inc.IncrementalCompilerImpl.compileIncrementally(IncrementalCompilerImpl.scala:425)
[error] 	at sbt.internal.inc.IncrementalCompilerImpl.compile(IncrementalCompilerImpl.scala:137)
[error] 	at sbt.Defaults$.compileIncrementalTaskImpl(Defaults.scala:2363)
[error] 	at sbt.Defaults$.$anonfun$compileIncrementalTask$2(Defaults.scala:2313)
[error] 	at sbt.internal.server.BspCompileTask$.$anonfun$compute$1(BspCompileTask.scala:30)
[error] 	at sbt.internal.io.Retry$.apply(Retry.scala:46)
[error] 	at sbt.internal.io.Retry$.apply(Retry.scala:28)
[error] 	at sbt.internal.io.Retry$.apply(Retry.scala:23)
[error] 	at sbt.internal.server.BspCompileTask$.compute(BspCompileTask.scala:30)
[error] 	at sbt.Defaults$.$anonfun$compileIncrementalTask$1(Defaults.scala:2311)
[error] 	at scala.Function1.$anonfun$compose$1(Function1.scala:49)
[error] 	at sbt.internal.util.$tilde$greater.$anonfun$$u2219$1(TypeFunctions.scala:62)
[error] 	at sbt.std.Transform$$anon$4.work(Transform.scala:68)
[error] 	at sbt.Execute.$anonfun$submit$2(Execute.scala:282)
[error] 	at sbt.internal.util.ErrorHandling$.wideConvert(ErrorHandling.scala:23)
[error] 	at sbt.Execute.work(Execute.scala:291)
[error] 	at sbt.Execute.$anonfun$submit$1(Execute.scala:282)
[error] 	at sbt.ConcurrentRestrictions$$anon$4.$anonfun$submitValid$1(ConcurrentRestrictions.scala:265)
[error] 	at sbt.CompletionService$$anon$2.call(CompletionService.scala:64)
[error] 	at java.base/java.util.concurrent.FutureTask.run(Unknown Source)
[error] 	at java.base/java.util.concurrent.Executors$RunnableAdapter.call(Unknown Source)
[error] 	at java.base/java.util.concurrent.FutureTask.run(Unknown Source)
[error] 	at java.base/java.util.concurrent.ThreadPoolExecutor.runWorker(Unknown Source)
[error] 	at java.base/java.util.concurrent.ThreadPoolExecutor$Worker.run(Unknown Source)
[error] 	at java.base/java.lang.Thread.run(Unknown Source)
[error] (xml / Compile / compileIncremental) java.lang.NoClassDefFoundError: scala/runtime/Scala3RunTime$
[error] Total time: 17 s, completed Jun 14, 2023, 12:17:05 AM
[error] Test dotty.communitybuild.CommunityBuildTestA.scissSerial failed: java.lang.RuntimeException: Publish command exited with code 1 for project scala-xml. Project details:
[error] SbtCommunityProject(scala-xml,xml/test,List(),List(),dotty.communitybuild.SbtCommunityProject$$$Lambda$50/1522452524@7f54a010,xml/publishLocal,xml/doc,List(-Xcheck-macros, -Ysafe-init, -Yexplicit-nulls, -Yflexible-types),false), took 58.863 sec
[error]     at dotty.communitybuild.CommunityProject.publish(projects.scala:64)
[error]     at dotty.communitybuild.CommunityProject.publish$(projects.scala:35)
[error]     at dotty.communitybuild.SbtCommunityProject.publish(projects.scala:104)
[error]     at dotty.communitybuild.CommunityProject.publishDependencies$$anonfun$1(projects.scala:52)
[error]     at scala.runtime.function.JProcedure1.apply(JProcedure1.java:15)
[error]     at scala.runtime.function.JProcedure1.apply(JProcedure1.java:10)
[error]     at scala.collection.immutable.List.foreach(List.scala:333)
[error]     at dotty.communitybuild.CommunityProject.publishDependencies(projects.scala:52)
[error]     at dotty.communitybuild.CommunityProject.publishDependencies$(projects.scala:35)
[error]     at dotty.communitybuild.SbtCommunityProject.publishDependencies(projects.scala:104)
[error]     at dotty.communitybuild.CommunityProject.publish(projects.scala:58)
[error]     at dotty.communitybuild.CommunityProject.publish$(projects.scala:35)
[error]     at dotty.communitybuild.SbtCommunityProject.publish(projects.scala:104)
[error]     at dotty.communitybuild.CommunityBuildRunner$.run$$anonfun$1(CommunityBuildRunner.scala:24)
[error]     at scala.runtime.function.JProcedure1.apply(JProcedure1.java:15)
[error]     at scala.runtime.function.JProcedure1.apply(JProcedure1.java:10)
[error]     at scala.collection.immutable.List.foreach(List.scala:333)
[error]     at dotty.communitybuild.CommunityBuildRunner$.run(CommunityBuildRunner.scala:24)
[error]     at dotty.communitybuild.CommunityBuildTestA.scissSerial(CommunityBuildTest.scala:29)
[error]     at jdk.internal.reflect.NativeMethodAccessorImpl.invoke0(Native Method)
[error]     at jdk.internal.reflect.NativeMethodAccessorImpl.invoke(Unknown Source)
[error]     at jdk.internal.reflect.DelegatingMethodAccessorImpl.invoke(Unknown Source)
[error]     at java.lang.reflect.Method.invoke(Unknown Source)
[error]     ...
[info] Test run dotty.communitybuild.CommunityBuildTestA finished: 2 failed, 0 ignored, 2 total, 111.045s
********************************************************************************
Failed projects:
 - dotty.communitybuild.CommunityBuildTestA.scissSerialscissSerialscissSerial
 - dotty.communitybuild.CommunityBuildTestA.scissSerial
********************************************************************************
[info] Test run dotty.communitybuild.CommunityBuildTestC started
[info] Test run dotty.communitybuild.CommunityBuildTestC finished: 0 failed, 0 ignored, 0 total, 0.0s
[info] Test run dotty.communitybuild.CommunityBuildTestB started
[info] Test run dotty.communitybuild.CommunityBuildTestB finished: 0 failed, 0 ignored, 0 total, 0.0s
[error] Failed: Total 2, Failed 2, Errors 0, Passed 0
[error] Failed tests:
[error] 	dotty.communitybuild.CommunityBuildTestA
[error] (community-build / Test / testOnly) sbt.TestsFailedException: Tests unsuccessful
[error] Total time: 187 s (03:07), completed Jun 14, 2023, 12:17:06 AM
